#
# A fatal error has been detected by the Java Runtime Environment:
#
#  SIGSEGV (0xb) at pc=0xb6649e48, pid=10942, tid=10966
#
# JRE version: OpenJDK Runtime Environment (9.0) (build 9-internal+0-2016-04-14-195526.buildd.src)
# Java VM: OpenJDK Server VM (9-internal+0-2016-04-14-195526.buildd.src, mixed mode, tiered, g1 gc, linux-x86)
# Problematic frame:
# C  [libjava.so+0x18e48]  JNU_GetEnv+0x18
#
# Core dump will be written. Default location: Core dumps may be processed with "/usr/share/apport/apport %p %s %c %d %P" (or dumping to /home/lab2-pc13/Ruturaj_Sawant/swing/core.10942)
#
# If you would like to submit a bug report, please visit:
#   http://bugreport.java.com/bugreport/crash.jsp
# The crash happened outside the Java Virtual Machine in native code.
# See problematic frame for where to report the bug.
#

---------------  S U M M A R Y ------------

Command Line: FirstSwingExample

Host: Intel(R) Core(TM)2 Duo CPU     E7500  @ 2.93GHz, 2 cores, 1G, Ubuntu 16.04.5 LTS
Time: Tue Aug 28 11:58:19 2018 IST elapsed time: 0 seconds (0d 0h 0m 0s)

---------------  T H R E A D  ---------------

Current thread (0xa6fc6800):  JavaThread "AWT-EventQueue-0" [_thread_in_native, id=10966, stack(0x82e5e000,0x82eaf000)]

Stack: [0x82e5e000,0x82eaf000],  sp=0x82eabe5c,  free space=311k
Native frames: (J=compiled Java code, j=interpreted, Vv=VM code, C=native code)
C  [libjava.so+0x18e48]  JNU_GetEnv+0x18
C  [libfontmanager.so+0x2faf5]
C  [libfreetype.so.6+0xf4dc]  FT_Stream_Seek+0x1c

Java frames: (J=compiled Java code, j=interpreted, Vv=VM code)
j  sun.font.FreetypeFontScaler.initNativeScaler(Lsun/font/Font2D;IIZI)J+0 java.desktop@9-internal
j  sun.font.FreetypeFontScaler.<init>(Lsun/font/Font2D;IZI)V+26 java.desktop@9-internal
v  ~StubRoutines::call_stub
j  sun.reflect.NativeConstructorAccessorImpl.newInstance0(Ljava/lang/reflect/Constructor;[Ljava/lang/Object;)Ljava/lang/Object;+0 java.base@9-internal
j  sun.reflect.NativeConstructorAccessorImpl.newInstance([Ljava/lang/Object;)Ljava/lang/Object;+85 java.base@9-internal
j  sun.reflect.DelegatingConstructorAccessorImpl.newInstance([Ljava/lang/Object;)Ljava/lang/Object;+5 java.base@9-internal
j  java.lang.reflect.Constructor.newInstance([Ljava/lang/Object;)Ljava/lang/Object;+65 java.base@9-internal
j  sun.font.FontScaler.getScaler(Lsun/font/Font2D;IZI)Lsun/font/FontScaler;+39 java.desktop@9-internal
j  sun.font.TrueTypeFont.getScaler()Lsun/font/FontScaler;+21 java.desktop@9-internal
j  sun.font.FileFontStrike.<init>(Lsun/font/FileFont;Lsun/font/FontStrikeDesc;)V+204 java.desktop@9-internal
j  sun.font.FileFont.createStrike(Lsun/font/FontStrikeDesc;)Lsun/font/FontStrike;+18 java.desktop@9-internal
j  sun.font.Font2D.getStrike(Lsun/font/FontStrikeDesc;Z)Lsun/font/FontStrike;+92 java.desktop@9-internal
j  sun.font.Font2D.getStrike(Lsun/font/FontStrikeDesc;)Lsun/font/FontStrike;+3 java.desktop@9-internal
j  sun.font.CompositeStrike.getStrikeForSlot(I)Lsun/font/PhysicalStrike;+23 java.desktop@9-internal
j  sun.font.CompositeStrike.getFontMetrics()Lsun/font/StrikeMetrics;+31 java.desktop@9-internal
j  sun.font.FontDesignMetrics.initMatrixAndMetrics()V+28 java.desktop@9-internal
j  sun.font.FontDesignMetrics.<init>(Ljava/awt/Font;Ljava/awt/font/FontRenderContext;)V+62 java.desktop@9-internal
j  sun.font.FontDesignMetrics.getMetrics(Ljava/awt/Font;Ljava/awt/font/FontRenderContext;)Lsun/font/FontDesignMetrics;+128 java.desktop@9-internal
j  sun.swing.SwingUtilities2.getFontMetrics(Ljavax/swing/JComponent;Ljava/awt/Font;)Ljava/awt/FontMetrics;+15 java.desktop@9-internal
j  javax.swing.JComponent.getFontMetrics(Ljava/awt/Font;)Ljava/awt/FontMetrics;+2 java.desktop@9-internal
j  sun.swing.SwingUtilities2.getFontMetrics(Ljavax/swing/JComponent;Ljava/awt/Graphics;Ljava/awt/Font;)Ljava/awt/FontMetrics;+6 java.desktop@9-internal
j  sun.swing.SwingUtilities2.getFontMetrics(Ljavax/swing/JComponent;Ljava/awt/Graphics;)Ljava/awt/FontMetrics;+6 java.desktop@9-internal
j  javax.swing.plaf.basic.BasicButtonUI.paint(Ljava/awt/Graphics;Ljavax/swing/JComponent;)V+15 java.desktop@9-internal
j  javax.swing.plaf.metal.MetalButtonUI.update(Ljava/awt/Graphics;Ljavax/swing/JComponent;)V+86 java.desktop@9-internal
j  javax.swing.JComponent.paintComponent(Ljava/awt/Graphics;)V+26 java.desktop@9-internal
j  javax.swing.JComponent.paint(Ljava/awt/Graphics;)V+286 java.desktop@9-internal
j  javax.swing.JComponent.paintChildren(Ljava/awt/Graphics;)V+501 java.desktop@9-internal
j  javax.swing.JComponent.paint(Ljava/awt/Graphics;)V+318 java.desktop@9-internal
j  javax.swing.JComponent.paintChildren(Ljava/awt/Graphics;)V+501 java.desktop@9-internal
j  javax.swing.JComponent.paint(Ljava/awt/Graphics;)V+318 java.desktop@9-internal
j  javax.swing.JLayeredPane.paint(Ljava/awt/Graphics;)V+73 java.desktop@9-internal
j  javax.swing.JComponent.paintChildren(Ljava/awt/Graphics;)V+501 java.desktop@9-internal
j  javax.swing.JComponent.paintToOffscreen(Ljava/awt/Graphics;IIIIII)V+72 java.desktop@9-internal
j  javax.swing.BufferStrategyPaintManager.paint(Ljavax/swing/JComponent;Ljavax/swing/JComponent;Ljava/awt/Graphics;IIII)Z+164 java.desktop@9-internal
j  javax.swing.RepaintManager.paint(Ljavax/swing/JComponent;Ljavax/swing/JComponent;Ljava/awt/Graphics;IIII)V+51 java.desktop@9-internal
j  javax.swing.JComponent.paint(Ljava/awt/Graphics;)V+221 java.desktop@9-internal
j  java.awt.GraphicsCallback$PaintCallback.run(Ljava/awt/Component;Ljava/awt/Graphics;)V+2 java.desktop@9-internal
j  sun.awt.SunGraphicsCallback.runOneComponent(Ljava/awt/Component;Ljava/awt/Rectangle;Ljava/awt/Graphics;Ljava/awt/Shape;I)V+155 java.desktop@9-internal
j  sun.awt.SunGraphicsCallback.runComponents([Ljava/awt/Component;Ljava/awt/Graphics;I)V+157 java.desktop@9-internal
j  java.awt.Container.paint(Ljava/awt/Graphics;)V+58 java.desktop@9-internal
j  java.awt.Window.paint(Ljava/awt/Graphics;)V+68 java.desktop@9-internal
j  javax.swing.RepaintManager$4.run()Ljava/lang/Void;+142 java.desktop@9-internal
j  javax.swing.RepaintManager$4.run()Ljava/lang/Object;+1 java.desktop@9-internal
v  ~StubRoutines::call_stub
j  java.security.AccessController.doPrivileged(Ljava/security/PrivilegedAction;Ljava/security/AccessControlContext;)Ljava/lang/Object;+0 java.base@9-internal
j  java.security.ProtectionDomain$JavaSecurityAccessImpl.doIntersectionPrivilege(Ljava/security/PrivilegedAction;Ljava/security/AccessControlContext;Ljava/security/AccessControlContext;)Ljava/lang/Object;+18 java.base@9-internal
j  javax.swing.RepaintManager.paintDirtyRegions(Ljava/util/Map;)V+154 java.desktop@9-internal
j  javax.swing.RepaintManager.paintDirtyRegions()V+46 java.desktop@9-internal
j  javax.swing.RepaintManager.prePaintDirtyRegions()V+73 java.desktop@9-internal
j  javax.swing.RepaintManager.access$1200(Ljavax/swing/RepaintManager;)V+1 java.desktop@9-internal
j  javax.swing.RepaintManager$ProcessingRunnable.run()V+37 java.desktop@9-internal
j  java.awt.event.InvocationEvent.dispatch()V+47 java.desktop@9-internal
j  java.awt.EventQueue.dispatchEventImpl(Ljava/awt/AWTEvent;Ljava/lang/Object;)V+21 java.desktop@9-internal
j  java.awt.EventQueue.access$500(Ljava/awt/EventQueue;Ljava/awt/AWTEvent;Ljava/lang/Object;)V+3 java.desktop@9-internal
j  java.awt.EventQueue$3.run()Ljava/lang/Void;+32 java.desktop@9-internal
j  java.awt.EventQueue$3.run()Ljava/lang/Object;+1 java.desktop@9-internal
v  ~StubRoutines::call_stub
j  java.security.AccessController.doPrivileged(Ljava/security/PrivilegedAction;Ljava/security/AccessControlContext;)Ljava/lang/Object;+0 java.base@9-internal
j  java.security.ProtectionDomain$JavaSecurityAccessImpl.doIntersectionPrivilege(Ljava/security/PrivilegedAction;Ljava/security/AccessControlContext;Ljava/security/AccessControlContext;)Ljava/lang/Object;+18 java.base@9-internal
j  java.awt.EventQueue.dispatchEvent(Ljava/awt/AWTEvent;)V+46 java.desktop@9-internal
j  java.awt.EventDispatchThread.pumpOneEventForFilters(I)V+183 java.desktop@9-internal
j  java.awt.EventDispatchThread.pumpEventsForFilter(ILjava/awt/Conditional;Ljava/awt/EventFilter;)V+35 java.desktop@9-internal
j  java.awt.EventDispatchThread.pumpEventsForHierarchy(ILjava/awt/Conditional;Ljava/awt/Component;)V+11 java.desktop@9-internal
j  java.awt.EventDispatchThread.pumpEvents(ILjava/awt/Conditional;)V+4 java.desktop@9-internal
j  java.awt.EventDispatchThread.pumpEvents(Ljava/awt/Conditional;)V+3 java.desktop@9-internal
j  java.awt.EventDispatchThread.run()V+9 java.desktop@9-internal
v  ~StubRoutines::call_stub

siginfo: si_signo: 11 (SIGSEGV), si_code: 1 (SEGV_MAPERR), si_addr: 0x00000000

Register to memory mapping:

EAX=0x00000000 is an unknown value
EBX=0x83577000: <offset 0x000c4000> in /usr/lib/jvm/java-9-openjdk-i386/lib/i386/libfontmanager.so at 0x834b3000
ECX=0x00010002 is an unknown value
EDX=0x00000000 is an unknown value
ESP=0x82eabe5c is pointing into the stack for thread: 0xa6fc6800
EBP=0x82eabe78 is pointing into the stack for thread: 0xa6fc6800
ESI=0x00000000 is an unknown value
EDI=0x00000000 is an unknown value


Registers:
EAX=0x00000000, EBX=0x83577000, ECX=0x00010002, EDX=0x00000000
ESP=0x82eabe5c, EBP=0x82eabe78, ESI=0x00000000, EDI=0x00000000
EIP=0xb6649e48, EFLAGS=0x00010246, CR2=0x0000000000000000

Top of Stack: (sp=0x82eabe5c)
0x82eabe5c:   00000000 82eabea8 b7799010 83479cdb
0x82eabe6c:   71d13200 00000000 8393c4a0 82eabea8
0x82eabe7c:   834e2af5 00000000 00010002 b77537ac
0x82eabe8c:   0962901c b77a8000 8393c750 834110b9
0x82eabe9c:   09628f80 00000000 00000000 09629848
0x82eabeac:   834124dc 09628f80 00000000 00000000
0x82eabebc:   00000000 b7753000 834b2000 09628f80
0x82eabecc:   834262b8 09628f80 00000000 00000001 

Instructions: (pc=0xb6649e48)
0xb6649e28:   ff eb f3 90 8d 74 26 00 55 89 e5 83 ec 1c 8b 45
0xb6649e38:   08 65 8b 15 14 00 00 00 89 55 f4 31 d2 8b 4d 0c
0xb6649e48:   8b 10 51 8d 4d f0 51 50 ff 52 18 8b 45 f0 8b 4d
0xb6649e58:   f4 65 33 0d 14 00 00 00 75 02 c9 c3 e8 c7 5b 00 


---------------  P R O C E S S  ---------------

Java Threads: ( => current thread )
  0xb650b000 JavaThread "DestroyJavaVM" [_thread_blocked, id=10943, stack(0xb6662000,0xb66b3000)]
=>0xa6fc6800 JavaThread "AWT-EventQueue-0" [_thread_in_native, id=10966, stack(0x82e5e000,0x82eaf000)]
  0x8300b000 JavaThread "AWT-Shutdown" [_thread_blocked, id=10965, stack(0x82eaf000,0x82f00000)]
  0x8398a800 JavaThread "AWT-XAWT" daemon [_thread_in_native, id=10964, stack(0x83223000,0x83274000)]
  0x83946400 JavaThread "Java2D Disposer" daemon [_thread_blocked, id=10963, stack(0x83287000,0x832d8000)]
  0x85ce7400 JavaThread "Service Thread" daemon [_thread_blocked, id=10961, stack(0x838af000,0x83900000)]
  0x85c48800 JavaThread "Common-Cleaner" daemon [_thread_blocked, id=10960, stack(0x83a15000,0x83a66000)]
  0x85c3ec00 JavaThread "Sweeper thread" daemon [_thread_blocked, id=10959, stack(0x85667000,0x856b8000)]
  0x85c3d400 JavaThread "C1 CompilerThread2" daemon [_thread_blocked, id=10958, stack(0x856b8000,0x85739000)]
  0x85c3bc00 JavaThread "C2 CompilerThread1" daemon [_thread_blocked, id=10957, stack(0x85739000,0x857ba000)]
  0x85c3a800 JavaThread "C2 CompilerThread0" daemon [_thread_blocked, id=10956, stack(0x857ba000,0x8583b000)]
  0x85c39000 JavaThread "Signal Dispatcher" daemon [_thread_blocked, id=10955, stack(0x8583b000,0x8588c000)]
  0x85c37800 JavaThread "Surrogate Locker Thread (Concurrent GC)" daemon [_thread_blocked, id=10954, stack(0x8588c000,0x858dd000)]
  0x85c24c00 JavaThread "Finalizer" daemon [_thread_blocked, id=10953, stack(0x85add000,0x85b2e000)]
  0x85c23400 JavaThread "Reference Handler" daemon [_thread_blocked, id=10952, stack(0x85b2e000,0x85b7f000)]

Other Threads:
  0x85c1e800 VMThread [stack: 0x85b7f000,0x85c00000] [id=10951]
  0x85ce8800 WatcherThread [stack: 0x8382e000,0x838af000] [id=10962]

Threads with active compile tasks:

VM state:not at safepoint (normal execution)

VM Mutex/Monitor currently owned by a thread: None

Heap:
 garbage-first heap   total 32768K, used 3228K [0x87400000, 0x87500080, 0xa6a00000)
  region size 1024K, 4 young (4096K), 1 survivors (1024K)
 Metaspace       used 7025K, capacity 7400K, committed 7448K, reserved 7472K

Heap Regions: E=young(eden), S=young(survivor), O=old, HS=humongous(starts), HC=humongous(continues), CS=collection set, F=free, A=archive, TS=gc time stamp, AC=allocation context, TAMS=top-at-mark-start (previous, next)
|   0|0x87400000, 0x87427000, 0x87500000| 15%| O|  |TS  1|AC  0|TAMS 0x87400000, 0x87400000|
|   1|0x87500000, 0x87500000, 0x87600000|  0%| F|  |TS  0|AC  0|TAMS 0x87500000, 0x87500000|
|   2|0x87600000, 0x87600000, 0x87700000|  0%| F|  |TS  0|AC  0|TAMS 0x87600000, 0x87600000|
|   3|0x87700000, 0x87700000, 0x87800000|  0%| F|  |TS  0|AC  0|TAMS 0x87700000, 0x87700000|
|   4|0x87800000, 0x87800000, 0x87900000|  0%| F|  |TS  0|AC  0|TAMS 0x87800000, 0x87800000|
|   5|0x87900000, 0x87900000, 0x87a00000|  0%| F|  |TS  0|AC  0|TAMS 0x87900000, 0x87900000|
|   6|0x87a00000, 0x87a00000, 0x87b00000|  0%| F|  |TS  0|AC  0|TAMS 0x87a00000, 0x87a00000|
|   7|0x87b00000, 0x87b00000, 0x87c00000|  0%| F|  |TS  0|AC  0|TAMS 0x87b00000, 0x87b00000|
|   8|0x87c00000, 0x87c00000, 0x87d00000|  0%| F|  |TS  0|AC  0|TAMS 0x87c00000, 0x87c00000|
|   9|0x87d00000, 0x87d00000, 0x87e00000|  0%| F|  |TS  0|AC  0|TAMS 0x87d00000, 0x87d00000|
|  10|0x87e00000, 0x87e00000, 0x87f00000|  0%| F|  |TS  0|AC  0|TAMS 0x87e00000, 0x87e00000|
|  11|0x87f00000, 0x87f00000, 0x88000000|  0%| F|  |TS  0|AC  0|TAMS 0x87f00000, 0x87f00000|
|  12|0x88000000, 0x88000000, 0x88100000|  0%| F|  |TS  0|AC  0|TAMS 0x88000000, 0x88000000|
|  13|0x88100000, 0x88100000, 0x88200000|  0%| F|  |TS  0|AC  0|TAMS 0x88100000, 0x88100000|
|  14|0x88200000, 0x88200000, 0x88300000|  0%| F|  |TS  0|AC  0|TAMS 0x88200000, 0x88200000|
|  15|0x88300000, 0x88300000, 0x88400000|  0%| F|  |TS  0|AC  0|TAMS 0x88300000, 0x88300000|
|  16|0x88400000, 0x88400000, 0x88500000|  0%| F|  |TS  0|AC  0|TAMS 0x88400000, 0x88400000|
|  17|0x88500000, 0x88500000, 0x88600000|  0%| F|  |TS  0|AC  0|TAMS 0x88500000, 0x88500000|
|  18|0x88600000, 0x88600000, 0x88700000|  0%| F|  |TS  0|AC  0|TAMS 0x88600000, 0x88600000|
|  19|0x88700000, 0x88700000, 0x88800000|  0%| F|  |TS  0|AC  0|TAMS 0x88700000, 0x88700000|
|  20|0x88800000, 0x88800000, 0x88900000|  0%| F|  |TS  0|AC  0|TAMS 0x88800000, 0x88800000|
|  21|0x88900000, 0x88900000, 0x88a00000|  0%| F|  |TS  0|AC  0|TAMS 0x88900000, 0x88900000|
|  22|0x88a00000, 0x88a00000, 0x88b00000|  0%| F|  |TS  0|AC  0|TAMS 0x88a00000, 0x88a00000|
|  23|0x88b00000, 0x88b00000, 0x88c00000|  0%| F|  |TS  0|AC  0|TAMS 0x88b00000, 0x88b00000|
|  24|0x88c00000, 0x88c00000, 0x88d00000|  0%| F|  |TS  0|AC  0|TAMS 0x88c00000, 0x88c00000|
|  25|0x88d00000, 0x88d00000, 0x88e00000|  0%| F|  |TS  0|AC  0|TAMS 0x88d00000, 0x88d00000|
|  26|0x88e00000, 0x88e00000, 0x88f00000|  0%| F|  |TS  0|AC  0|TAMS 0x88e00000, 0x88e00000|
|  27|0x88f00000, 0x88f00000, 0x89000000|  0%| F|  |TS  0|AC  0|TAMS 0x88f00000, 0x88f00000|
|  28|0x89000000, 0x89100000, 0x89100000|100%| S|CS|TS  1|AC  0|TAMS 0x89000000, 0x89000000|
|  29|0x89100000, 0x8918af00, 0x89200000| 54%| E|  |TS  0|AC  0|TAMS 0x89100000, 0x89100000|
|  30|0x89200000, 0x89300000, 0x89300000|100%| E|CS|TS  0|AC  0|TAMS 0x89200000, 0x89200000|
|  31|0x89300000, 0x89400000, 0x89400000|100%| E|CS|TS  0|AC  0|TAMS 0x89300000, 0x89300000|

Card table byte_map: [0x87305000,0x87400000] byte_map_base: 0x86ecb000

Marking Bits (Prev, Next): (CMBitMap*) 0xb6543a7c, (CMBitMap*) 0xb6543aa8
 Prev Bits: [0x86a32000, 0x8720a000)
 Next Bits: [0x8625a000, 0x86a32000)

Polling page: 0xb7760000

CodeHeap 'non-nmethods': size=5412Kb used=754Kb max_used=765Kb free=4657Kb
 bounds [0xa7317000, 0xa7557000, 0xa7860000]
CodeHeap 'profiled nmethods': size=120172Kb used=665Kb max_used=665Kb free=119506Kb
 bounds [0xa7860000, 0xa7aa0000, 0xaedbb000]
CodeHeap 'non-profiled nmethods': size=120176Kb used=121Kb max_used=121Kb free=120054Kb
 bounds [0xaedbb000, 0xaeffb000, 0xb6317000]
 total_blobs=892 nmethods=499 adapters=188
 compilation: enabled

Compilation events (10 events):
Event: 0.607 Thread 0x85c3d400  492       3       java.lang.invoke.LambdaForm$MH/4861606::linkToTargetMethod (10 bytes)
Event: 0.607 Thread 0x85c3d400 nmethod 492 0xa7904688 code [0xa79047c0, 0xa7904a98]
Event: 0.607 Thread 0x85c3d400  493       3       java.lang.invoke.LambdaForm$DMH/13115676::invokeStatic_LI_L (15 bytes)
Event: 0.607 Thread 0x85c3d400 nmethod 493 0xa7904b88 code [0xa7904cc0, 0xa7904fb8]
Event: 0.607 Thread 0x85c3d400  494       3       jdk.internal.org.objectweb.asm.Frame::pop (53 bytes)
Event: 0.607 Thread 0x85c3d400 nmethod 494 0xa7905108 code [0xa79052c0, 0xa7905828]
Event: 0.608 Thread 0x85c3a800 nmethod 482 0xaedd8388 code [0xaedd84c0, 0xaedd8c1c]
Event: 0.609 Thread 0x85c3bc00 nmethod 491 0xaedd8f88 code [0xaedd90a0, 0xaedd93f0]
Event: 0.612 Thread 0x85c3d400  497       3       java.nio.Buffer::nextGetIndex (31 bytes)
Event: 0.612 Thread 0x85c3d400 nmethod 497 0xa7905c08 code [0xa7905d20, 0xa7905e8c]

GC Heap History (2 events):
Event: 0.318 GC heap before
{Heap before GC invocations=0 (full 0):
 garbage-first heap   total 32768K, used 3072K [0x87400000, 0x87500080, 0xa6a00000)
  region size 1024K, 3 young (3072K), 0 survivors (0K)
 Metaspace       used 5125K, capacity 5297K, committed 5400K, reserved 5424K
}
Event: 0.324 GC heap after
{Heap after GC invocations=1 (full 0):
 garbage-first heap   total 32768K, used 1180K [0x87400000, 0x87500080, 0xa6a00000)
  region size 1024K, 1 young (1024K), 1 survivors (1024K)
 Metaspace       used 5125K, capacity 5297K, committed 5400K, reserved 5424K
}

Deoptimization events (10 events):
Event: 0.088 Thread 0xb650b000 Uncommon trap: reason=unstable_if action=reinterpret pc=0xaedbc924 method=java.lang.String.hashCode()I @ 12
Event: 0.184 Thread 0xb650b000 Uncommon trap: reason=bimorphic action=maybe_recompile pc=0xaedc328c method=java.util.Collections$UnmodifiableCollection$1.next()Ljava/lang/Object; @ 4
Event: 0.184 Thread 0xb650b000 Uncommon trap: reason=bimorphic action=maybe_recompile pc=0xaedc328c method=java.util.Collections$UnmodifiableCollection$1.next()Ljava/lang/Object; @ 4
Event: 0.184 Thread 0xb650b000 Uncommon trap: reason=bimorphic action=maybe_recompile pc=0xaedc328c method=java.util.Collections$UnmodifiableCollection$1.next()Ljava/lang/Object; @ 4
Event: 0.187 Thread 0xb650b000 Uncommon trap: reason=bimorphic action=maybe_recompile pc=0xaedc328c method=java.util.Collections$UnmodifiableCollection$1.next()Ljava/lang/Object; @ 4
Event: 0.302 Thread 0xb650b000 Uncommon trap: reason=class_check action=maybe_recompile pc=0xaedc1780 method=java.util.HashMap.putVal(ILjava/lang/Object;Ljava/lang/Object;ZZ)Ljava/lang/Object; @ 91
Event: 0.380 Thread 0xb650b000 Uncommon trap: reason=unstable_if action=reinterpret pc=0xaedc1754 method=java.util.HashMap.putVal(ILjava/lang/Object;Ljava/lang/Object;ZZ)Ljava/lang/Object; @ 181
Event: 0.391 Thread 0xb650b000 Uncommon trap: reason=unstable_if action=reinterpret pc=0xaedc3a34 method=java.util.HashMap.hash(Ljava/lang/Object;)I @ 1
Event: 0.404 Thread 0xb650b000 Uncommon trap: reason=unstable_if action=reinterpret pc=0xaedc3f60 method=java.util.HashMap.hash(Ljava/lang/Object;)I @ 1
Event: 0.420 Thread 0xb650b000 Uncommon trap: reason=unstable_fused_if action=reinterpret pc=0xaedcbcb4 method=jdk.internal.org.objectweb.asm.ByteVector.putUTF8(Ljava/lang/String;)Ljdk/internal/org/objectweb/asm/ByteVector; @ 91

Classes redefined (0 events):
No events

Internal exceptions (7 events):
Event: 0.216 Thread 0xb650b000 Exception <a 'java/lang/ClassNotFoundException': sun/awt/resources/awtProvider> (0x89100970) thrown at [/build/openjdk-9-GMfJKp/openjdk-9-9~b114/src/hotspot/src/share/vm/classfile/systemDictionary.cpp, line 224]
Event: 0.233 Thread 0xb650b000 Exception <a 'java/io/FileNotFoundException'> (0x8913bb90) thrown at [/build/openjdk-9-GMfJKp/openjdk-9-9~b114/src/hotspot/src/share/vm/prims/jni.cpp, line 605]
Event: 0.234 Thread 0xb650b000 Exception <a 'java/io/FileNotFoundException'> (0x89143340) thrown at [/build/openjdk-9-GMfJKp/openjdk-9-9~b114/src/hotspot/src/share/vm/prims/jni.cpp, line 605]
Event: 0.382 Thread 0xb650b000 Exception <a 'java/lang/ClassNotFoundException': com/sun/swing/internal/plaf/metal/resources/metalProvider> (0x8922b858) thrown at [/build/openjdk-9-GMfJKp/openjdk-9-9~b114/src/hotspot/src/share/vm/classfile/systemDictionary.cpp, line 224]
Event: 0.383 Thread 0xb650b000 Exception <a 'java/lang/ClassNotFoundException': com/sun/swing/internal/plaf/basic/resources/basicProvider> (0x8922e9f0) thrown at [/build/openjdk-9-GMfJKp/openjdk-9-9~b114/src/hotspot/src/share/vm/classfile/systemDictionary.cpp, line 224]
Event: 0.391 Thread 0xb650b000 Implicit null exception at 0xaedc39bd to 0xaedc3a2a
Event: 0.404 Thread 0xb650b000 Implicit null exception at 0xaedc3f0b to 0xaedc3f50

Events (10 events):
Event: 0.613 loading class sun/nio/cs/UTF_16$Decoder
Event: 0.614 loading class sun/nio/cs/UnicodeDecoder
Event: 0.614 loading class sun/nio/cs/UnicodeDecoder done
Event: 0.614 loading class sun/nio/cs/UTF_16$Decoder done
Event: 0.614 loading class sun/font/FileFontStrike
Event: 0.615 loading class sun/font/FileFontStrike done
Event: 0.615 loading class sun/font/FontScaler
Event: 0.615 loading class sun/font/FontScaler done
Event: 0.615 loading class sun/font/FreetypeFontScaler
Event: 0.615 loading class sun/font/FreetypeFontScaler done


Dynamic libraries:
08048000-08049000 r-xp 00000000 08:05 6427315    /usr/lib/jvm/java-9-openjdk-i386/bin/java
08049000-0804a000 r--p 00000000 08:05 6427315    /usr/lib/jvm/java-9-openjdk-i386/bin/java
0804a000-0804b000 rw-p 00001000 08:05 6427315    /usr/lib/jvm/java-9-openjdk-i386/bin/java
094fc000-09642000 rw-p 00000000 00:00 0          [heap]
82e5e000-82e62000 ---p 00000000 00:00 0 
82e62000-82eaf000 rw-p 00000000 00:00 0 
82eaf000-82eb3000 ---p 00000000 00:00 0 
82eb3000-83000000 rw-p 00000000 00:00 0 
83000000-83077000 rw-p 00000000 00:00 0 
83077000-83100000 ---p 00000000 00:00 0 
83123000-83223000 rw-p 00000000 00:00 0 
83223000-83227000 ---p 00000000 00:00 0 
83227000-83274000 rw-p 00000000 00:00 0 
83274000-83279000 r-xp 00000000 08:05 6428273    /usr/lib/i386-linux-gnu/libXfixes.so.3.1.0
83279000-8327a000 r--p 00004000 08:05 6428273    /usr/lib/i386-linux-gnu/libXfixes.so.3.1.0
8327a000-8327b000 rw-p 00005000 08:05 6428273    /usr/lib/i386-linux-gnu/libXfixes.so.3.1.0
8327b000-83285000 r-xp 00000000 08:05 6422586    /usr/lib/i386-linux-gnu/libXcursor.so.1.0.2
83285000-83286000 r--p 00009000 08:05 6422586    /usr/lib/i386-linux-gnu/libXcursor.so.1.0.2
83286000-83287000 rw-p 0000a000 08:05 6422586    /usr/lib/i386-linux-gnu/libXcursor.so.1.0.2
83287000-8328b000 ---p 00000000 00:00 0 
8328b000-833d8000 rw-p 00000000 00:00 0 
833d8000-83401000 r-xp 00000000 08:05 2753820    /lib/i386-linux-gnu/libpng12.so.0.54.0
83401000-83402000 r--p 00028000 08:05 2753820    /lib/i386-linux-gnu/libpng12.so.0.54.0
83402000-83403000 rw-p 00029000 08:05 2753820    /lib/i386-linux-gnu/libpng12.so.0.54.0
83403000-834ae000 r-xp 00000000 08:05 6422626    /usr/lib/i386-linux-gnu/libfreetype.so.6.12.1
834ae000-834b2000 r--p 000aa000 08:05 6422626    /usr/lib/i386-linux-gnu/libfreetype.so.6.12.1
834b2000-834b3000 rw-p 000ae000 08:05 6422626    /usr/lib/i386-linux-gnu/libfreetype.so.6.12.1
834b3000-83575000 r-xp 00000000 08:05 6427355    /usr/lib/jvm/java-9-openjdk-i386/lib/i386/libfontmanager.so
83575000-83577000 r--p 000c1000 08:05 6427355    /usr/lib/jvm/java-9-openjdk-i386/lib/i386/libfontmanager.so
83577000-83578000 rw-p 000c3000 08:05 6427355    /usr/lib/jvm/java-9-openjdk-i386/lib/i386/libfontmanager.so
83578000-8359c000 r-xp 00000000 08:05 6429629    /usr/lib/i386-linux-gnu/libxcb.so.1.1.0
8359c000-8359d000 r--p 00023000 08:05 6429629    /usr/lib/i386-linux-gnu/libxcb.so.1.1.0
8359d000-8359e000 rw-p 00024000 08:05 6429629    /usr/lib/i386-linux-gnu/libxcb.so.1.1.0
8359e000-835af000 r-xp 00000000 08:05 6428279    /usr/lib/i386-linux-gnu/libXi.so.6.1.0
835af000-835b0000 r--p 00010000 08:05 6428279    /usr/lib/i386-linux-gnu/libXi.so.6.1.0
835b0000-835b1000 rw-p 00011000 08:05 6428279    /usr/lib/i386-linux-gnu/libXi.so.6.1.0
835b1000-836f7000 r-xp 00000000 08:05 6428254    /usr/lib/i386-linux-gnu/libX11.so.6.3.0
836f7000-836f8000 ---p 00146000 08:05 6428254    /usr/lib/i386-linux-gnu/libX11.so.6.3.0
836f8000-836f9000 r--p 00146000 08:05 6428254    /usr/lib/i386-linux-gnu/libX11.so.6.3.0
836f9000-836fb000 rw-p 00147000 08:05 6428254    /usr/lib/i386-linux-gnu/libX11.so.6.3.0
836fb000-836fc000 rw-p 00000000 00:00 0 
83714000-83768000 r-xp 00000000 08:05 6428924    /usr/lib/jvm/java-9-openjdk-i386/lib/i386/libawt_xawt.so
83768000-83769000 r--p 00053000 08:05 6428924    /usr/lib/jvm/java-9-openjdk-i386/lib/i386/libawt_xawt.so
83769000-8376b000 rw-p 00054000 08:05 6428924    /usr/lib/jvm/java-9-openjdk-i386/lib/i386/libawt_xawt.so
8376b000-8376c000 rw-p 00000000 00:00 0 
8376c000-83802000 r-xp 00000000 08:05 6427354    /usr/lib/jvm/java-9-openjdk-i386/lib/i386/libawt.so
83802000-83803000 r--p 00095000 08:05 6427354    /usr/lib/jvm/java-9-openjdk-i386/lib/i386/libawt.so
83803000-8380a000 rw-p 00096000 08:05 6427354    /usr/lib/jvm/java-9-openjdk-i386/lib/i386/libawt.so
8380a000-8382e000 rw-p 00000000 00:00 0 
8382e000-8382f000 ---p 00000000 00:00 0 
8382f000-838af000 rw-p 00000000 00:00 0 
838af000-838b3000 ---p 00000000 00:00 0 
838b3000-83900000 rw-p 00000000 00:00 0 
83900000-839f7000 rw-p 00000000 00:00 0 
839f7000-83a00000 ---p 00000000 00:00 0 
83a00000-83a13000 r-xp 00000000 08:05 6428271    /usr/lib/i386-linux-gnu/libXext.so.6.4.0
83a13000-83a14000 r--p 00012000 08:05 6428271    /usr/lib/i386-linux-gnu/libXext.so.6.4.0
83a14000-83a15000 rw-p 00013000 08:05 6428271    /usr/lib/i386-linux-gnu/libXext.so.6.4.0
83a15000-83a19000 ---p 00000000 00:00 0 
83a19000-85667000 rw-p 00000000 00:00 0 
85667000-8566b000 ---p 00000000 00:00 0 
8566b000-856b8000 rw-p 00000000 00:00 0 
856b8000-856bc000 ---p 00000000 00:00 0 
856bc000-85739000 rw-p 00000000 00:00 0 
85739000-8573d000 ---p 00000000 00:00 0 
8573d000-857ba000 rw-p 00000000 00:00 0 
857ba000-857be000 ---p 00000000 00:00 0 
857be000-8583b000 rw-p 00000000 00:00 0 
8583b000-8583f000 ---p 00000000 00:00 0 
8583f000-8588c000 rw-p 00000000 00:00 0 
8588c000-85890000 ---p 00000000 00:00 0 
85890000-858dd000 rw-p 00000000 00:00 0 
858dd000-85add000 r--p 00000000 08:05 6423597    /usr/lib/locale/locale-archive
85add000-85ae1000 ---p 00000000 00:00 0 
85ae1000-85b2e000 rw-p 00000000 00:00 0 
85b2e000-85b32000 ---p 00000000 00:00 0 
85b32000-85b7f000 rw-p 00000000 00:00 0 
85b7f000-85b80000 ---p 00000000 00:00 0 
85b80000-85c00000 rw-p 00000000 00:00 0 
85c00000-85d00000 rw-p 00000000 00:00 0 
85d05000-85d0a000 r-xp 00000000 08:05 6428269    /usr/lib/i386-linux-gnu/libXdmcp.so.6.0.0
85d0a000-85d0b000 r--p 00004000 08:05 6428269    /usr/lib/i386-linux-gnu/libXdmcp.so.6.0.0
85d0b000-85d0c000 rw-p 00005000 08:05 6428269    /usr/lib/i386-linux-gnu/libXdmcp.so.6.0.0
85d0c000-86152000 rw-p 00000000 00:00 0 
86152000-86158000 ---p 00000000 00:00 0 
86158000-86159000 ---p 00000000 00:00 0 
86159000-861d9000 rw-p 00000000 00:00 0 
861d9000-861da000 ---p 00000000 00:00 0 
861da000-862da000 rw-p 00000000 00:00 0 
862da000-86a32000 ---p 00000000 00:00 0 
86a32000-86ab2000 rw-p 00000000 00:00 0 
86ab2000-8720a000 ---p 00000000 00:00 0 
8720a000-8721a000 rw-p 00000000 00:00 0 
8721a000-87305000 ---p 00000000 00:00 0 
87305000-87315000 rw-p 00000000 00:00 0 
87315000-87400000 ---p 00000000 00:00 0 
87400000-89400000 rw-p 00000000 00:00 0 
89400000-a6a00000 ---p 00000000 00:00 0 
a6a04000-a6a06000 r-xp 00000000 08:05 6428258    /usr/lib/i386-linux-gnu/libXau.so.6.0.0
a6a06000-a6a07000 r--p 00001000 08:05 6428258    /usr/lib/i386-linux-gnu/libXau.so.6.0.0
a6a07000-a6a08000 rw-p 00002000 08:05 6428258    /usr/lib/i386-linux-gnu/libXau.so.6.0.0
a6a08000-a6b03000 ---p 00000000 00:00 0 
a6b03000-a6b13000 rw-p 00000000 00:00 0 
a6b13000-a6bfe000 ---p 00000000 00:00 0 
a6bfe000-a6bff000 ---p 00000000 00:00 0 
a6bff000-a6c7f000 rw-p 00000000 00:00 0 
a6c7f000-a6c80000 ---p 00000000 00:00 0 
a6c80000-a6d00000 rw-p 00000000 00:00 0 
a6d00000-a6d21000 rw-p 00000000 00:00 0 
a6d21000-a6e00000 ---p 00000000 00:00 0 
a6e01000-a6e0b000 r-xp 00000000 08:05 6428291    /usr/lib/i386-linux-gnu/libXrender.so.1.3.0
a6e0b000-a6e0c000 r--p 00009000 08:05 6428291    /usr/lib/i386-linux-gnu/libXrender.so.1.3.0
a6e0c000-a6e0d000 rw-p 0000a000 08:05 6428291    /usr/lib/i386-linux-gnu/libXrender.so.1.3.0
a6e0d000-a6e22000 r-xp 00000000 08:05 6427391    /usr/lib/jvm/java-9-openjdk-i386/lib/i386/libnet.so
a6e22000-a6e23000 r--p 00014000 08:05 6427391    /usr/lib/jvm/java-9-openjdk-i386/lib/i386/libnet.so
a6e23000-a6e24000 rw-p 00015000 08:05 6427391    /usr/lib/jvm/java-9-openjdk-i386/lib/i386/libnet.so
a6e24000-a6e7f000 rw-p 00000000 00:00 0 
a6e7f000-a6e80000 ---p 00000000 00:00 0 
a6e80000-a6f00000 rw-p 00000000 00:00 0 
a6f00000-a6ffa000 rw-p 00000000 00:00 0 
a6ffa000-a7000000 ---p 00000000 00:00 0 
a7001000-a7012000 r-xp 00000000 08:05 6428936    /usr/lib/jvm/java-9-openjdk-i386/lib/i386/libnio.so
a7012000-a7013000 r--p 00010000 08:05 6428936    /usr/lib/jvm/java-9-openjdk-i386/lib/i386/libnio.so
a7013000-a7014000 rw-p 00011000 08:05 6428936    /usr/lib/jvm/java-9-openjdk-i386/lib/i386/libnio.so
a7014000-a7034000 rw-p 00000000 00:00 0 
a7034000-a7035000 ---p 00000000 00:00 0 
a7035000-a70b5000 rw-p 00000000 00:00 0 
a70b5000-a70b6000 ---p 00000000 00:00 0 
a70b6000-a713b000 rw-p 00000000 00:00 0 
a713b000-a7221000 ---p 00000000 00:00 0 
a7221000-a7226000 rw-p 00000000 00:00 0 
a7226000-a730c000 ---p 00000000 00:00 0 
a730c000-a7311000 rw-p 00000000 00:00 0 
a7311000-a7317000 ---p 00000000 00:00 0 
a7317000-a7557000 rwxp 00000000 00:00 0 
a7557000-a7860000 ---p 00000000 00:00 0 
a7860000-a7aa0000 rwxp 00000000 00:00 0 
a7aa0000-aedbb000 ---p 00000000 00:00 0 
aedbb000-aeffb000 rwxp 00000000 00:00 0 
aeffb000-b6317000 ---p 00000000 00:00 0 
b6317000-b64d2000 r--s 00000000 08:05 6427321    /usr/lib/jvm/java-9-openjdk-i386/lib/modules
b64d2000-b64dd000 r-xp 00000000 08:05 2752609    /lib/i386-linux-gnu/libnss_files-2.23.so
b64dd000-b64de000 r--p 0000a000 08:05 2752609    /lib/i386-linux-gnu/libnss_files-2.23.so
b64de000-b64df000 rw-p 0000b000 08:05 2752609    /lib/i386-linux-gnu/libnss_files-2.23.so
b64df000-b64e5000 rw-p 00000000 00:00 0 
b64e5000-b64fc000 r-xp 00000000 08:05 2752527    /lib/i386-linux-gnu/libnsl-2.23.so
b64fc000-b64fd000 r--p 00016000 08:05 2752527    /lib/i386-linux-gnu/libnsl-2.23.so
b64fd000-b64fe000 rw-p 00017000 08:05 2752527    /lib/i386-linux-gnu/libnsl-2.23.so
b64fe000-b6500000 rw-p 00000000 00:00 0 
b6500000-b6600000 rw-p 00000000 00:00 0 
b6602000-b660d000 r-xp 00000000 08:05 2753818    /lib/i386-linux-gnu/libnss_nis-2.23.so
b660d000-b660e000 r--p 0000a000 08:05 2753818    /lib/i386-linux-gnu/libnss_nis-2.23.so
b660e000-b660f000 rw-p 0000b000 08:05 2753818    /lib/i386-linux-gnu/libnss_nis-2.23.so
b660f000-b6617000 r-xp 00000000 08:05 2752604    /lib/i386-linux-gnu/libnss_compat-2.23.so
b6617000-b6618000 r--p 00007000 08:05 2752604    /lib/i386-linux-gnu/libnss_compat-2.23.so
b6618000-b6619000 rw-p 00008000 08:05 2752604    /lib/i386-linux-gnu/libnss_compat-2.23.so
b6619000-b661e000 r-xp 00000000 08:05 6428297    /usr/lib/i386-linux-gnu/libXtst.so.6.1.0
b661e000-b661f000 r--p 00004000 08:05 6428297    /usr/lib/i386-linux-gnu/libXtst.so.6.1.0
b661f000-b6620000 rw-p 00005000 08:05 6428297    /usr/lib/i386-linux-gnu/libXtst.so.6.1.0
b6620000-b6621000 r--p 002cf000 08:05 6423597    /usr/lib/locale/locale-archive
b6621000-b6626000 r-xp 00000000 08:05 6428689    /usr/lib/jvm/java-9-openjdk-i386/lib/i386/libjimage.so
b6626000-b6627000 r--p 00004000 08:05 6428689    /usr/lib/jvm/java-9-openjdk-i386/lib/i386/libjimage.so
b6627000-b6628000 rw-p 00005000 08:05 6428689    /usr/lib/jvm/java-9-openjdk-i386/lib/i386/libjimage.so
b6628000-b662f000 r-xp 00000000 08:05 6428508    /usr/lib/jvm/java-9-openjdk-i386/lib/i386/libzip.so
b662f000-b6630000 r--p 00006000 08:05 6428508    /usr/lib/jvm/java-9-openjdk-i386/lib/i386/libzip.so
b6630000-b6631000 rw-p 00007000 08:05 6428508    /usr/lib/jvm/java-9-openjdk-i386/lib/i386/libzip.so
b6631000-b6657000 r-xp 00000000 08:05 6427328    /usr/lib/jvm/java-9-openjdk-i386/lib/i386/libjava.so
b6657000-b6658000 r--p 00025000 08:05 6427328    /usr/lib/jvm/java-9-openjdk-i386/lib/i386/libjava.so
b6658000-b6659000 rw-p 00026000 08:05 6427328    /usr/lib/jvm/java-9-openjdk-i386/lib/i386/libjava.so
b6659000-b6660000 r-xp 00000000 08:05 2753865    /lib/i386-linux-gnu/librt-2.23.so
b6660000-b6661000 r--p 00006000 08:05 2753865    /lib/i386-linux-gnu/librt-2.23.so
b6661000-b6662000 rw-p 00007000 08:05 2753865    /lib/i386-linux-gnu/librt-2.23.so
b6662000-b6666000 ---p 00000000 00:00 0 
b6666000-b66b3000 rw-p 00000000 00:00 0 
b66b3000-b66cf000 r-xp 00000000 08:05 2753886    /lib/i386-linux-gnu/libgcc_s.so.1
b66cf000-b66d0000 rw-p 0001b000 08:05 2753886    /lib/i386-linux-gnu/libgcc_s.so.1
b66d0000-b6723000 r-xp 00000000 08:05 2752517    /lib/i386-linux-gnu/libm-2.23.so
b6723000-b6724000 r--p 00052000 08:05 2752517    /lib/i386-linux-gnu/libm-2.23.so
b6724000-b6725000 rw-p 00053000 08:05 2752517    /lib/i386-linux-gnu/libm-2.23.so
b6725000-b6892000 r-xp 00000000 08:05 6424568    /usr/lib/i386-linux-gnu/libstdc++.so.6.0.21
b6892000-b6893000 ---p 0016d000 08:05 6424568    /usr/lib/i386-linux-gnu/libstdc++.so.6.0.21
b6893000-b6898000 r--p 0016d000 08:05 6424568    /usr/lib/i386-linux-gnu/libstdc++.so.6.0.21
b6898000-b6899000 rw-p 00172000 08:05 6424568    /usr/lib/i386-linux-gnu/libstdc++.so.6.0.21
b6899000-b689c000 rw-p 00000000 00:00 0 
b689c000-b74c8000 r-xp 00000000 08:05 6428404    /usr/lib/jvm/java-9-openjdk-i386/lib/i386/server/libjvm.so
b74c8000-b751d000 r--p 00c2b000 08:05 6428404    /usr/lib/jvm/java-9-openjdk-i386/lib/i386/server/libjvm.so
b751d000-b753b000 rw-p 00c80000 08:05 6428404    /usr/lib/jvm/java-9-openjdk-i386/lib/i386/server/libjvm.so
b753b000-b7563000 rw-p 00000000 00:00 0 
b7563000-b757c000 r-xp 00000000 08:05 2752537    /lib/i386-linux-gnu/libpthread-2.23.so
b757c000-b757d000 r--p 00018000 08:05 2752537    /lib/i386-linux-gnu/libpthread-2.23.so
b757d000-b757e000 rw-p 00019000 08:05 2752537    /lib/i386-linux-gnu/libpthread-2.23.so
b757e000-b7581000 rw-p 00000000 00:00 0 
b7581000-b7584000 r-xp 00000000 08:05 2752598    /lib/i386-linux-gnu/libdl-2.23.so
b7584000-b7585000 r--p 00002000 08:05 2752598    /lib/i386-linux-gnu/libdl-2.23.so
b7585000-b7586000 rw-p 00003000 08:05 2752598    /lib/i386-linux-gnu/libdl-2.23.so
b7586000-b759f000 r-xp 00000000 08:05 2753910    /lib/i386-linux-gnu/libz.so.1.2.8
b759f000-b75a0000 r--p 00018000 08:05 2753910    /lib/i386-linux-gnu/libz.so.1.2.8
b75a0000-b75a1000 rw-p 00019000 08:05 2753910    /lib/i386-linux-gnu/libz.so.1.2.8
b75a1000-b7751000 r-xp 00000000 08:05 2752596    /lib/i386-linux-gnu/libc-2.23.so
b7751000-b7753000 r--p 001af000 08:05 2752596    /lib/i386-linux-gnu/libc-2.23.so
b7753000-b7754000 rw-p 001b1000 08:05 2752596    /lib/i386-linux-gnu/libc-2.23.so
b7754000-b7757000 rw-p 00000000 00:00 0 
b7757000-b775f000 rw-s 00000000 08:05 7212297    /tmp/hsperfdata_lab2-pc13/10942
b775f000-b7760000 rw-p 00000000 00:00 0 
b7760000-b7761000 r--p 00000000 00:00 0 
b7761000-b776c000 r-xp 00000000 08:05 6427330    /usr/lib/jvm/java-9-openjdk-i386/lib/i386/libverify.so
b776c000-b776d000 ---p 0000b000 08:05 6427330    /usr/lib/jvm/java-9-openjdk-i386/lib/i386/libverify.so
b776d000-b776e000 r--p 0000b000 08:05 6427330    /usr/lib/jvm/java-9-openjdk-i386/lib/i386/libverify.so
b776e000-b776f000 rw-p 0000c000 08:05 6427330    /usr/lib/jvm/java-9-openjdk-i386/lib/i386/libverify.so
b776f000-b777d000 r-xp 00000000 08:05 6428908    /usr/lib/jvm/java-9-openjdk-i386/lib/i386/jli/libjli.so
b777d000-b777e000 r--p 0000d000 08:05 6428908    /usr/lib/jvm/java-9-openjdk-i386/lib/i386/jli/libjli.so
b777e000-b777f000 rw-p 0000e000 08:05 6428908    /usr/lib/jvm/java-9-openjdk-i386/lib/i386/jli/libjli.so
b777f000-b7780000 rw-p 00000000 00:00 0 
b7780000-b7783000 r--p 00000000 00:00 0          [vvar]
b7783000-b7784000 r-xp 00000000 00:00 0          [vdso]
b7784000-b77a7000 r-xp 00000000 08:05 2752530    /lib/i386-linux-gnu/ld-2.23.so
b77a7000-b77a8000 r--p 00022000 08:05 2752530    /lib/i386-linux-gnu/ld-2.23.so
b77a8000-b77a9000 rw-p 00023000 08:05 2752530    /lib/i386-linux-gnu/ld-2.23.so
bfb3a000-bfb5b000 rw-p 00000000 00:00 0          [stack]

VM Arguments:
java_command: FirstSwingExample
java_class_path (initial): .
Launcher Type: SUN_STANDARD

Environment Variables:
PATH=/home/lab2-pc13/bin:/home/lab2-pc13/.local/bin:/usr/local/sbin:/usr/local/bin:/usr/sbin:/usr/bin:/sbin:/bin:/usr/games:/usr/local/games:/snap/bin
SHELL=/bin/bash
DISPLAY=:0

Signal Handlers:
SIGSEGV: [libjvm.so+0x9e08a0], sa_mask[0]=11111111011111111101111111111110, sa_flags=SA_RESTART|SA_SIGINFO
SIGBUS: [libjvm.so+0x9e08a0], sa_mask[0]=11111111011111111101111111111110, sa_flags=SA_RESTART|SA_SIGINFO
SIGFPE: [libjvm.so+0x9e08a0], sa_mask[0]=11111111011111111101111111111110, sa_flags=SA_RESTART|SA_SIGINFO
SIGPIPE: [libjvm.so+0x832630], sa_mask[0]=11111111011111111101111111111110, sa_flags=SA_RESTART|SA_SIGINFO
SIGXFSZ: [libjvm.so+0x832630], sa_mask[0]=11111111011111111101111111111110, sa_flags=SA_RESTART|SA_SIGINFO
SIGILL: [libjvm.so+0x9e08a0], sa_mask[0]=11111111011111111101111111111110, sa_flags=SA_RESTART|SA_SIGINFO
SIGUSR2: [libjvm.so+0x832460], sa_mask[0]=00000000000000000000000000000000, sa_flags=SA_RESTART|SA_SIGINFO
SIGHUP: [libjvm.so+0x8328a0], sa_mask[0]=11111111011111111101111111111110, sa_flags=SA_RESTART|SA_SIGINFO
SIGINT: [libjvm.so+0x8328a0], sa_mask[0]=11111111011111111101111111111110, sa_flags=SA_RESTART|SA_SIGINFO
SIGTERM: [libjvm.so+0x8328a0], sa_mask[0]=11111111011111111101111111111110, sa_flags=SA_RESTART|SA_SIGINFO
SIGQUIT: [libjvm.so+0x8328a0], sa_mask[0]=11111111011111111101111111111110, sa_flags=SA_RESTART|SA_SIGINFO


---------------  S Y S T E M  ---------------

OS:DISTRIB_ID=Ubuntu
DISTRIB_RELEASE=16.04
DISTRIB_CODENAME=xenial
DISTRIB_DESCRIPTION="Ubuntu 16.04.5 LTS"
uname:Linux 4.4.0-134-generic #160-Ubuntu SMP Wed Aug 15 14:57:38 UTC 2018 i686
libc:glibc 2.23 NPTL 2.23 
rlimit: STACK 8192k, CORE 0k, NPROC 15713, NOFILE 1048576, AS infinity
load average:0.62 0.64 0.70

/proc/meminfo:
MemTotal:        2050844 kB
MemFree:          146452 kB
MemAvailable:     794128 kB
Buffers:          112128 kB
Cached:           974356 kB
SwapCached:           32 kB
Active:          1036520 kB
Inactive:         749592 kB
Active(anon):     596308 kB
Inactive(anon):   371324 kB
Active(file):     440212 kB
Inactive(file):   378268 kB
Unevictable:          48 kB
Mlocked:              48 kB
HighTotal:       1172848 kB
HighFree:          45812 kB
LowTotal:         877996 kB
LowFree:          100640 kB
SwapTotal:       2083836 kB
SwapFree:        2082240 kB
Dirty:               424 kB
Writeback:             0 kB
AnonPages:        699820 kB
Mapped:           319892 kB
Shmem:            268004 kB
Slab:              82732 kB
SReclaimable:      65976 kB
SUnreclaim:        16756 kB
KernelStack:        4064 kB
PageTables:        10912 kB
NFS_Unstable:          0 kB
Bounce:                0 kB
WritebackTmp:          0 kB
CommitLimit:     3109256 kB
Committed_AS:    4789048 kB
VmallocTotal:     122880 kB
VmallocUsed:           0 kB
VmallocChunk:          0 kB
AnonHugePages:         0 kB
CmaTotal:              0 kB
CmaFree:               0 kB
HugePages_Total:       0
HugePages_Free:        0
HugePages_Rsvd:        0
HugePages_Surp:        0
Hugepagesize:       2048 kB
DirectMap4k:       43000 kB
DirectMap2M:      870400 kB


CPU:total 2 (2 cores per cpu, 1 threads per core) family 6 model 23 stepping 10, cmov, cx8, fxsr, mmx, sse, sse2, sse3, ssse3, sse4.1, tsc

CPU Model and flags from /proc/cpuinfo:
model name	: Intel(R) Core(TM)2 Duo CPU     E7500  @ 2.93GHz
flags		: fpu vme de pse tsc msr pae mce cx8 apic sep mtrr pge mca cmov pat pse36 clflush dts acpi mmx fxsr sse sse2 ss ht tm pbe nx lm constant_tsc arch_perfmon pebs bts aperfmperf pni dtes64 monitor ds_cpl vmx est tm2 ssse3 cx16 xtpr pdcm sse4_1 xsave lahf_lm tpr_shadow vnmi flexpriority dtherm

Memory: 4k page, physical 2050844k(146452k free), swap 2083836k(2082240k free)

vm_info: OpenJDK Server VM (9-internal+0-2016-04-14-195526.buildd.src) for linux-x86 JRE (9-internal+0-2016-04-14-195526.buildd.src), built on Apr 14 2016 20:15:09 by "buildd" with gcc 5.3.1 20160413

END.
