#
# A fatal error has been detected by the Java Runtime Environment:
#
#  SIGSEGV (0xb) at pc=0xb65cde48, pid=15956, tid=15980
#
# JRE version: OpenJDK Runtime Environment (9.0) (build 9-internal+0-2016-04-14-195526.buildd.src)
# Java VM: OpenJDK Server VM (9-internal+0-2016-04-14-195526.buildd.src, mixed mode, tiered, g1 gc, linux-x86)
# Problematic frame:
# C  [libjava.so+0x18e48]  JNU_GetEnv+0x18
#
# Core dump will be written. Default location: Core dumps may be processed with "/usr/share/apport/apport %p %s %c %d %P" (or dumping to /home/lab2-pc13/Ruturaj_Sawant/swing/core.15956)
#
# If you would like to submit a bug report, please visit:
#   http://bugreport.java.com/bugreport/crash.jsp
# The crash happened outside the Java Virtual Machine in native code.
# See problematic frame for where to report the bug.
#

---------------  S U M M A R Y ------------

Command Line: Simple

Host: Intel(R) Core(TM)2 Duo CPU     E7500  @ 2.93GHz, 2 cores, 1G, Ubuntu 16.04.5 LTS
Time: Tue Aug 28 12:06:28 2018 IST elapsed time: 0 seconds (0d 0h 0m 0s)

---------------  T H R E A D  ---------------

Current thread (0x8312cc00):  JavaThread "AWT-EventQueue-0" [_thread_in_native, id=15980, stack(0x82e01000,0x82e52000)]

Stack: [0x82e01000,0x82e52000],  sp=0x82e4ee5c,  free space=311k
Native frames: (J=compiled Java code, j=interpreted, Vv=VM code, C=native code)
C  [libjava.so+0x18e48]  JNU_GetEnv+0x18
C  [libfontmanager.so+0x2faf5]
C  [libfreetype.so.6+0xf4dc]  FT_Stream_Seek+0x1c

Java frames: (J=compiled Java code, j=interpreted, Vv=VM code)
j  sun.font.FreetypeFontScaler.initNativeScaler(Lsun/font/Font2D;IIZI)J+0 java.desktop@9-internal
j  sun.font.FreetypeFontScaler.<init>(Lsun/font/Font2D;IZI)V+26 java.desktop@9-internal
v  ~StubRoutines::call_stub
j  sun.reflect.NativeConstructorAccessorImpl.newInstance0(Ljava/lang/reflect/Constructor;[Ljava/lang/Object;)Ljava/lang/Object;+0 java.base@9-internal
j  sun.reflect.NativeConstructorAccessorImpl.newInstance([Ljava/lang/Object;)Ljava/lang/Object;+85 java.base@9-internal
j  sun.reflect.DelegatingConstructorAccessorImpl.newInstance([Ljava/lang/Object;)Ljava/lang/Object;+5 java.base@9-internal
j  java.lang.reflect.Constructor.newInstance([Ljava/lang/Object;)Ljava/lang/Object;+65 java.base@9-internal
j  sun.font.FontScaler.getScaler(Lsun/font/Font2D;IZI)Lsun/font/FontScaler;+39 java.desktop@9-internal
j  sun.font.TrueTypeFont.getScaler()Lsun/font/FontScaler;+21 java.desktop@9-internal
j  sun.font.FileFontStrike.<init>(Lsun/font/FileFont;Lsun/font/FontStrikeDesc;)V+204 java.desktop@9-internal
j  sun.font.FileFont.createStrike(Lsun/font/FontStrikeDesc;)Lsun/font/FontStrike;+18 java.desktop@9-internal
j  sun.font.Font2D.getStrike(Lsun/font/FontStrikeDesc;Z)Lsun/font/FontStrike;+92 java.desktop@9-internal
j  sun.font.Font2D.getStrike(Lsun/font/FontStrikeDesc;)Lsun/font/FontStrike;+3 java.desktop@9-internal
j  sun.font.CompositeStrike.getStrikeForSlot(I)Lsun/font/PhysicalStrike;+23 java.desktop@9-internal
j  sun.font.CompositeStrike.getFontMetrics()Lsun/font/StrikeMetrics;+31 java.desktop@9-internal
j  sun.font.FontDesignMetrics.initMatrixAndMetrics()V+28 java.desktop@9-internal
j  sun.font.FontDesignMetrics.<init>(Ljava/awt/Font;Ljava/awt/font/FontRenderContext;)V+62 java.desktop@9-internal
j  sun.font.FontDesignMetrics.getMetrics(Ljava/awt/Font;Ljava/awt/font/FontRenderContext;)Lsun/font/FontDesignMetrics;+128 java.desktop@9-internal
j  sun.swing.SwingUtilities2.getFontMetrics(Ljavax/swing/JComponent;Ljava/awt/Font;)Ljava/awt/FontMetrics;+15 java.desktop@9-internal
j  javax.swing.JComponent.getFontMetrics(Ljava/awt/Font;)Ljava/awt/FontMetrics;+2 java.desktop@9-internal
j  sun.swing.SwingUtilities2.getFontMetrics(Ljavax/swing/JComponent;Ljava/awt/Graphics;Ljava/awt/Font;)Ljava/awt/FontMetrics;+6 java.desktop@9-internal
j  sun.swing.SwingUtilities2.getFontMetrics(Ljavax/swing/JComponent;Ljava/awt/Graphics;)Ljava/awt/FontMetrics;+6 java.desktop@9-internal
j  javax.swing.plaf.basic.BasicButtonUI.paint(Ljava/awt/Graphics;Ljavax/swing/JComponent;)V+15 java.desktop@9-internal
j  javax.swing.plaf.metal.MetalButtonUI.update(Ljava/awt/Graphics;Ljavax/swing/JComponent;)V+86 java.desktop@9-internal
j  javax.swing.JComponent.paintComponent(Ljava/awt/Graphics;)V+26 java.desktop@9-internal
j  javax.swing.JComponent.paint(Ljava/awt/Graphics;)V+286 java.desktop@9-internal
j  javax.swing.JComponent.paintChildren(Ljava/awt/Graphics;)V+501 java.desktop@9-internal
j  javax.swing.JComponent.paint(Ljava/awt/Graphics;)V+318 java.desktop@9-internal
j  javax.swing.JComponent.paintChildren(Ljava/awt/Graphics;)V+501 java.desktop@9-internal
j  javax.swing.JComponent.paint(Ljava/awt/Graphics;)V+318 java.desktop@9-internal
j  javax.swing.JLayeredPane.paint(Ljava/awt/Graphics;)V+73 java.desktop@9-internal
j  javax.swing.JComponent.paintChildren(Ljava/awt/Graphics;)V+501 java.desktop@9-internal
j  javax.swing.JComponent.paintToOffscreen(Ljava/awt/Graphics;IIIIII)V+72 java.desktop@9-internal
j  javax.swing.BufferStrategyPaintManager.paint(Ljavax/swing/JComponent;Ljavax/swing/JComponent;Ljava/awt/Graphics;IIII)Z+164 java.desktop@9-internal
j  javax.swing.RepaintManager.paint(Ljavax/swing/JComponent;Ljavax/swing/JComponent;Ljava/awt/Graphics;IIII)V+51 java.desktop@9-internal
j  javax.swing.JComponent.paint(Ljava/awt/Graphics;)V+221 java.desktop@9-internal
j  java.awt.GraphicsCallback$PaintCallback.run(Ljava/awt/Component;Ljava/awt/Graphics;)V+2 java.desktop@9-internal
j  sun.awt.SunGraphicsCallback.runOneComponent(Ljava/awt/Component;Ljava/awt/Rectangle;Ljava/awt/Graphics;Ljava/awt/Shape;I)V+155 java.desktop@9-internal
j  sun.awt.SunGraphicsCallback.runComponents([Ljava/awt/Component;Ljava/awt/Graphics;I)V+157 java.desktop@9-internal
j  java.awt.Container.paint(Ljava/awt/Graphics;)V+58 java.desktop@9-internal
j  java.awt.Window.paint(Ljava/awt/Graphics;)V+68 java.desktop@9-internal
j  javax.swing.RepaintManager$4.run()Ljava/lang/Void;+142 java.desktop@9-internal
j  javax.swing.RepaintManager$4.run()Ljava/lang/Object;+1 java.desktop@9-internal
v  ~StubRoutines::call_stub
j  java.security.AccessController.doPrivileged(Ljava/security/PrivilegedAction;Ljava/security/AccessControlContext;)Ljava/lang/Object;+0 java.base@9-internal
j  java.security.ProtectionDomain$JavaSecurityAccessImpl.doIntersectionPrivilege(Ljava/security/PrivilegedAction;Ljava/security/AccessControlContext;Ljava/security/AccessControlContext;)Ljava/lang/Object;+18 java.base@9-internal
j  javax.swing.RepaintManager.paintDirtyRegions(Ljava/util/Map;)V+154 java.desktop@9-internal
j  javax.swing.RepaintManager.paintDirtyRegions()V+46 java.desktop@9-internal
j  javax.swing.RepaintManager.prePaintDirtyRegions()V+73 java.desktop@9-internal
j  javax.swing.RepaintManager.access$1200(Ljavax/swing/RepaintManager;)V+1 java.desktop@9-internal
j  javax.swing.RepaintManager$ProcessingRunnable.run()V+37 java.desktop@9-internal
j  java.awt.event.InvocationEvent.dispatch()V+47 java.desktop@9-internal
j  java.awt.EventQueue.dispatchEventImpl(Ljava/awt/AWTEvent;Ljava/lang/Object;)V+21 java.desktop@9-internal
j  java.awt.EventQueue.access$500(Ljava/awt/EventQueue;Ljava/awt/AWTEvent;Ljava/lang/Object;)V+3 java.desktop@9-internal
j  java.awt.EventQueue$3.run()Ljava/lang/Void;+32 java.desktop@9-internal
j  java.awt.EventQueue$3.run()Ljava/lang/Object;+1 java.desktop@9-internal
v  ~StubRoutines::call_stub
j  java.security.AccessController.doPrivileged(Ljava/security/PrivilegedAction;Ljava/security/AccessControlContext;)Ljava/lang/Object;+0 java.base@9-internal
j  java.security.ProtectionDomain$JavaSecurityAccessImpl.doIntersectionPrivilege(Ljava/security/PrivilegedAction;Ljava/security/AccessControlContext;Ljava/security/AccessControlContext;)Ljava/lang/Object;+18 java.base@9-internal
j  java.awt.EventQueue.dispatchEvent(Ljava/awt/AWTEvent;)V+46 java.desktop@9-internal
j  java.awt.EventDispatchThread.pumpOneEventForFilters(I)V+183 java.desktop@9-internal
j  java.awt.EventDispatchThread.pumpEventsForFilter(ILjava/awt/Conditional;Ljava/awt/EventFilter;)V+35 java.desktop@9-internal
j  java.awt.EventDispatchThread.pumpEventsForHierarchy(ILjava/awt/Conditional;Ljava/awt/Component;)V+11 java.desktop@9-internal
j  java.awt.EventDispatchThread.pumpEvents(ILjava/awt/Conditional;)V+4 java.desktop@9-internal
j  java.awt.EventDispatchThread.pumpEvents(Ljava/awt/Conditional;)V+3 java.desktop@9-internal
j  java.awt.EventDispatchThread.run()V+9 java.desktop@9-internal
v  ~StubRoutines::call_stub

siginfo: si_signo: 11 (SIGSEGV), si_code: 1 (SEGV_MAPERR), si_addr: 0x00000000

Register to memory mapping:

EAX=0x00000000 is an unknown value
EBX=0x834f3000: <offset 0x000c4000> in /usr/lib/jvm/java-9-openjdk-i386/lib/i386/libfontmanager.so at 0x8342f000
ECX=0x00010002 is an unknown value
EDX=0x00000000 is an unknown value
ESP=0x82e4ee5c is pointing into the stack for thread: 0x8312cc00
EBP=0x82e4ee78 is pointing into the stack for thread: 0x8312cc00
ESI=0x00000000 is an unknown value
EDI=0x00000000 is an unknown value


Registers:
EAX=0x00000000, EBX=0x834f3000, ECX=0x00010002, EDX=0x00000000
ESP=0x82e4ee5c, EBP=0x82e4ee78, ESI=0x00000000, EDI=0x00000000
EIP=0xb65cde48, EFLAGS=0x00010246, CR2=0x0000000000000000

Top of Stack: (sp=0x82e4ee5c)
0x82e4ee5c:   00000000 82e4eea8 b771e010 833f5cdb
0x82e4ee6c:   86c47600 00000000 838dc298 82e4eea8
0x82e4ee7c:   8345eaf5 00000000 00010002 a6b0003c
0x82e4ee8c:   a6bb5edc b772d000 838dc548 8338d0b9
0x82e4ee9c:   a6bb6740 00000000 00000000 a6bb6770
0x82e4eeac:   8338e4dc a6bb6740 00000000 00000000
0x82e4eebc:   00000000 b76d7000 8342e000 a6bb6740
0x82e4eecc:   833a22b8 a6bb6740 00000000 00000001 

Instructions: (pc=0xb65cde48)
0xb65cde28:   ff eb f3 90 8d 74 26 00 55 89 e5 83 ec 1c 8b 45
0xb65cde38:   08 65 8b 15 14 00 00 00 89 55 f4 31 d2 8b 4d 0c
0xb65cde48:   8b 10 51 8d 4d f0 51 50 ff 52 18 8b 45 f0 8b 4d
0xb65cde58:   f4 65 33 0d 14 00 00 00 75 02 c9 c3 e8 c7 5b 00 


---------------  P R O C E S S  ---------------

Java Threads: ( => current thread )
  0xb640b000 JavaThread "DestroyJavaVM" [_thread_blocked, id=15957, stack(0xb65e6000,0xb6637000)]
=>0x8312cc00 JavaThread "AWT-EventQueue-0" [_thread_in_native, id=15980, stack(0x82e01000,0x82e52000)]
  0x8312a400 JavaThread "AWT-Shutdown" [_thread_blocked, id=15979, stack(0x82e52000,0x82ea3000)]
  0x83101800 JavaThread "AWT-XAWT" daemon [_thread_in_native, id=15978, stack(0x830a3000,0x830f4000)]
  0x838e6400 JavaThread "Java2D Disposer" daemon [_thread_blocked, id=15977, stack(0x83203000,0x83254000)]
  0x83829c00 JavaThread "Service Thread" daemon [_thread_blocked, id=15975, stack(0x83915000,0x83966000)]
  0x85b92c00 JavaThread "Common-Cleaner" daemon [_thread_blocked, id=15974, stack(0x83966000,0x839b7000)]
  0x85b89c00 JavaThread "Sweeper thread" daemon [_thread_blocked, id=15973, stack(0x855b8000,0x85609000)]
  0x85b88c00 JavaThread "C1 CompilerThread2" daemon [_thread_blocked, id=15972, stack(0x85609000,0x8568a000)]
  0x85b41c00 JavaThread "C2 CompilerThread1" daemon [_thread_in_native, id=15971, stack(0x8568a000,0x8570b000)]
  0x85b40800 JavaThread "C2 CompilerThread0" daemon [_thread_in_native, id=15970, stack(0x8570b000,0x8578c000)]
  0x85b3f000 JavaThread "Signal Dispatcher" daemon [_thread_blocked, id=15969, stack(0x8578c000,0x857dd000)]
  0x85b3d800 JavaThread "Surrogate Locker Thread (Concurrent GC)" daemon [_thread_blocked, id=15968, stack(0x857dd000,0x8582e000)]
  0x85b24c00 JavaThread "Finalizer" daemon [_thread_blocked, id=15967, stack(0x85a2e000,0x85a7f000)]
  0x85b23400 JavaThread "Reference Handler" daemon [_thread_blocked, id=15966, stack(0xa6c2c000,0xa6c7d000)]

Other Threads:
  0x85b1e400 VMThread [stack: 0x85a7f000,0x85b00000] [id=15965]
  0x8382b000 WatcherThread [stack: 0x8377f000,0x83800000] [id=15976]

Threads with active compile tasks:
C2 CompilerThread1 492       4       java.util.Properties::loadConvert (505 bytes)
C2 CompilerThread0 495       4       java.lang.AbstractStringBuilder::ensureCapacityInternal (39 bytes)

VM state:not at safepoint (normal execution)

VM Mutex/Monitor currently owned by a thread: None

Heap:
 garbage-first heap   total 32768K, used 3227K [0x87400000, 0x87500080, 0xa6a00000)
  region size 1024K, 4 young (4096K), 1 survivors (1024K)
 Metaspace       used 7024K, capacity 7400K, committed 7448K, reserved 7472K

Heap Regions: E=young(eden), S=young(survivor), O=old, HS=humongous(starts), HC=humongous(continues), CS=collection set, F=free, A=archive, TS=gc time stamp, AC=allocation context, TAMS=top-at-mark-start (previous, next)
|   0|0x87400000, 0x87426c00, 0x87500000| 15%| O|  |TS  1|AC  0|TAMS 0x87400000, 0x87400000|
|   1|0x87500000, 0x87500000, 0x87600000|  0%| F|  |TS  0|AC  0|TAMS 0x87500000, 0x87500000|
|   2|0x87600000, 0x87600000, 0x87700000|  0%| F|  |TS  0|AC  0|TAMS 0x87600000, 0x87600000|
|   3|0x87700000, 0x87700000, 0x87800000|  0%| F|  |TS  0|AC  0|TAMS 0x87700000, 0x87700000|
|   4|0x87800000, 0x87800000, 0x87900000|  0%| F|  |TS  0|AC  0|TAMS 0x87800000, 0x87800000|
|   5|0x87900000, 0x87900000, 0x87a00000|  0%| F|  |TS  0|AC  0|TAMS 0x87900000, 0x87900000|
|   6|0x87a00000, 0x87a00000, 0x87b00000|  0%| F|  |TS  0|AC  0|TAMS 0x87a00000, 0x87a00000|
|   7|0x87b00000, 0x87b00000, 0x87c00000|  0%| F|  |TS  0|AC  0|TAMS 0x87b00000, 0x87b00000|
|   8|0x87c00000, 0x87c00000, 0x87d00000|  0%| F|  |TS  0|AC  0|TAMS 0x87c00000, 0x87c00000|
|   9|0x87d00000, 0x87d00000, 0x87e00000|  0%| F|  |TS  0|AC  0|TAMS 0x87d00000, 0x87d00000|
|  10|0x87e00000, 0x87e00000, 0x87f00000|  0%| F|  |TS  0|AC  0|TAMS 0x87e00000, 0x87e00000|
|  11|0x87f00000, 0x87f00000, 0x88000000|  0%| F|  |TS  0|AC  0|TAMS 0x87f00000, 0x87f00000|
|  12|0x88000000, 0x88000000, 0x88100000|  0%| F|  |TS  0|AC  0|TAMS 0x88000000, 0x88000000|
|  13|0x88100000, 0x88100000, 0x88200000|  0%| F|  |TS  0|AC  0|TAMS 0x88100000, 0x88100000|
|  14|0x88200000, 0x88200000, 0x88300000|  0%| F|  |TS  0|AC  0|TAMS 0x88200000, 0x88200000|
|  15|0x88300000, 0x88300000, 0x88400000|  0%| F|  |TS  0|AC  0|TAMS 0x88300000, 0x88300000|
|  16|0x88400000, 0x88400000, 0x88500000|  0%| F|  |TS  0|AC  0|TAMS 0x88400000, 0x88400000|
|  17|0x88500000, 0x88500000, 0x88600000|  0%| F|  |TS  0|AC  0|TAMS 0x88500000, 0x88500000|
|  18|0x88600000, 0x88600000, 0x88700000|  0%| F|  |TS  0|AC  0|TAMS 0x88600000, 0x88600000|
|  19|0x88700000, 0x88700000, 0x88800000|  0%| F|  |TS  0|AC  0|TAMS 0x88700000, 0x88700000|
|  20|0x88800000, 0x88800000, 0x88900000|  0%| F|  |TS  0|AC  0|TAMS 0x88800000, 0x88800000|
|  21|0x88900000, 0x88900000, 0x88a00000|  0%| F|  |TS  0|AC  0|TAMS 0x88900000, 0x88900000|
|  22|0x88a00000, 0x88a00000, 0x88b00000|  0%| F|  |TS  0|AC  0|TAMS 0x88a00000, 0x88a00000|
|  23|0x88b00000, 0x88b00000, 0x88c00000|  0%| F|  |TS  0|AC  0|TAMS 0x88b00000, 0x88b00000|
|  24|0x88c00000, 0x88c00000, 0x88d00000|  0%| F|  |TS  0|AC  0|TAMS 0x88c00000, 0x88c00000|
|  25|0x88d00000, 0x88d00000, 0x88e00000|  0%| F|  |TS  0|AC  0|TAMS 0x88d00000, 0x88d00000|
|  26|0x88e00000, 0x88e00000, 0x88f00000|  0%| F|  |TS  0|AC  0|TAMS 0x88e00000, 0x88e00000|
|  27|0x88f00000, 0x88f00000, 0x89000000|  0%| F|  |TS  0|AC  0|TAMS 0x88f00000, 0x88f00000|
|  28|0x89000000, 0x89100000, 0x89100000|100%| S|CS|TS  1|AC  0|TAMS 0x89000000, 0x89000000|
|  29|0x89100000, 0x891bae48, 0x89200000| 73%| E|  |TS  0|AC  0|TAMS 0x89100000, 0x89100000|
|  30|0x89200000, 0x89300000, 0x89300000|100%| E|CS|TS  0|AC  0|TAMS 0x89200000, 0x89200000|
|  31|0x89300000, 0x89400000, 0x89400000|100%| E|CS|TS  0|AC  0|TAMS 0x89300000, 0x89300000|

Card table byte_map: [0x8720a000,0x87305000] byte_map_base: 0x86dd0000

Marking Bits (Prev, Next): (CMBitMap*) 0xb6443b0c, (CMBitMap*) 0xb6443b38
 Prev Bits: [0x86937000, 0x8710f000)
 Next Bits: [0x8615f000, 0x86937000)

Polling page: 0xb76e5000

CodeHeap 'non-nmethods': size=5412Kb used=754Kb max_used=764Kb free=4657Kb
 bounds [0xa7245000, 0xa7485000, 0xa778e000]
CodeHeap 'profiled nmethods': size=120172Kb used=660Kb max_used=660Kb free=119511Kb
 bounds [0xa778e000, 0xa79ce000, 0xaece9000]
CodeHeap 'non-profiled nmethods': size=120176Kb used=116Kb max_used=116Kb free=120060Kb
 bounds [0xaece9000, 0xaef29000, 0xb6245000]
 total_blobs=892 nmethods=503 adapters=188
 compilation: enabled

Compilation events (10 events):
Event: 0.604 Thread 0x85b88c00  502       3       sun.invoke.util.VerifyAccess::isTypeVisible (49 bytes)
Event: 0.604 Thread 0x85b88c00 nmethod 502 0xa7831f88 code [0xa78320c0, 0xa78324cc]
Event: 0.609 Thread 0x85b88c00  503       3       java.util.Collections$UnmodifiableCollection::size (10 bytes)
Event: 0.609 Thread 0x85b88c00 nmethod 503 0xa7832708 code [0xa7832820, 0xa783298c]
Event: 0.613 Thread 0x85b88c00  504       3       java.nio.HeapByteBuffer::_get (7 bytes)
Event: 0.613 Thread 0x85b88c00 nmethod 504 0xa7832a88 code [0xa7832ba0, 0xa7832ca0]
Event: 0.618 Thread 0x85b88c00  505       3       java.lang.ref.WeakReference::<init> (7 bytes)
Event: 0.619 Thread 0x85b88c00 nmethod 505 0xa7832d88 code [0xa7832ec0, 0xa7833120]
Event: 0.620 Thread 0x85b40800 nmethod 491 0xaed05b08 code [0xaed05c00, 0xaed05ed0]
Event: 0.620 Thread 0x85b40800  495       4       java.lang.AbstractStringBuilder::ensureCapacityInternal (39 bytes)

GC Heap History (2 events):
Event: 0.360 GC heap before
{Heap before GC invocations=0 (full 0):
 garbage-first heap   total 32768K, used 3072K [0x87400000, 0x87500080, 0xa6a00000)
  region size 1024K, 3 young (3072K), 0 survivors (0K)
 Metaspace       used 5142K, capacity 5297K, committed 5400K, reserved 5424K
}
Event: 0.372 GC heap after
{Heap after GC invocations=1 (full 0):
 garbage-first heap   total 32768K, used 1179K [0x87400000, 0x87500080, 0xa6a00000)
  region size 1024K, 1 young (1024K), 1 survivors (1024K)
 Metaspace       used 5142K, capacity 5297K, committed 5400K, reserved 5424K
}

Deoptimization events (7 events):
Event: 0.094 Thread 0xb640b000 Uncommon trap: reason=unstable_if action=reinterpret pc=0xaecea914 method=java.lang.String.hashCode()I @ 12
Event: 0.342 Thread 0xb640b000 Uncommon trap: reason=class_check action=maybe_recompile pc=0xaeceeb7c method=java.util.HashMap.putVal(ILjava/lang/Object;Ljava/lang/Object;ZZ)Ljava/lang/Object; @ 91
Event: 0.426 Thread 0xb640b000 Uncommon trap: reason=unstable_if action=reinterpret pc=0xaeceeb4c method=java.util.HashMap.putVal(ILjava/lang/Object;Ljava/lang/Object;ZZ)Ljava/lang/Object; @ 181
Event: 0.438 Thread 0xb640b000 Uncommon trap: reason=unstable_if action=reinterpret pc=0xaecf07b4 method=java.util.HashMap.hash(Ljava/lang/Object;)I @ 1
Event: 0.438 Thread 0xb640b000 Uncommon trap: reason=unstable_fused_if action=reinterpret pc=0xaecfd5c0 method=java.util.HashMap.resize()[Ljava/util/HashMap$Node; @ 31
Event: 0.445 Thread 0xb640b000 Uncommon trap: reason=unstable_if action=reinterpret pc=0xaecf0c60 method=java.util.HashMap.hash(Ljava/lang/Object;)I @ 1
Event: 0.462 Thread 0xb640b000 Uncommon trap: reason=unstable_fused_if action=reinterpret pc=0xaecfa13c method=jdk.internal.org.objectweb.asm.ByteVector.putUTF8(Ljava/lang/String;)Ljdk/internal/org/objectweb/asm/ByteVector; @ 91

Classes redefined (0 events):
No events

Internal exceptions (7 events):
Event: 0.216 Thread 0xb640b000 Exception <a 'java/lang/ClassNotFoundException': sun/awt/resources/awtProvider> (0x891008f8) thrown at [/build/openjdk-9-GMfJKp/openjdk-9-9~b114/src/hotspot/src/share/vm/classfile/systemDictionary.cpp, line 224]
Event: 0.258 Thread 0xb640b000 Exception <a 'java/io/FileNotFoundException'> (0x8913bac8) thrown at [/build/openjdk-9-GMfJKp/openjdk-9-9~b114/src/hotspot/src/share/vm/prims/jni.cpp, line 605]
Event: 0.260 Thread 0xb640b000 Exception <a 'java/io/FileNotFoundException'> (0x89143308) thrown at [/build/openjdk-9-GMfJKp/openjdk-9-9~b114/src/hotspot/src/share/vm/prims/jni.cpp, line 605]
Event: 0.429 Thread 0xb640b000 Exception <a 'java/lang/ClassNotFoundException': com/sun/swing/internal/plaf/metal/resources/metalProvider> (0x8922b168) thrown at [/build/openjdk-9-GMfJKp/openjdk-9-9~b114/src/hotspot/src/share/vm/classfile/systemDictionary.cpp, line 224]
Event: 0.430 Thread 0xb640b000 Exception <a 'java/lang/ClassNotFoundException': com/sun/swing/internal/plaf/basic/resources/basicProvider> (0x8922e300) thrown at [/build/openjdk-9-GMfJKp/openjdk-9-9~b114/src/hotspot/src/share/vm/classfile/systemDictionary.cpp, line 224]
Event: 0.438 Thread 0xb640b000 Implicit null exception at 0xaecf073d to 0xaecf07aa
Event: 0.444 Thread 0xb640b000 Implicit null exception at 0xaecf0c0b to 0xaecf0c50

Events (10 events):
Event: 0.614 loading class sun/nio/cs/UTF_16$Decoder
Event: 0.614 loading class sun/nio/cs/UnicodeDecoder
Event: 0.614 loading class sun/nio/cs/UnicodeDecoder done
Event: 0.614 loading class sun/nio/cs/UTF_16$Decoder done
Event: 0.619 loading class sun/font/FileFontStrike
Event: 0.620 loading class sun/font/FileFontStrike done
Event: 0.620 loading class sun/font/FontScaler
Event: 0.620 loading class sun/font/FontScaler done
Event: 0.620 loading class sun/font/FreetypeFontScaler
Event: 0.620 loading class sun/font/FreetypeFontScaler done


Dynamic libraries:
08048000-08049000 r-xp 00000000 08:05 6427315    /usr/lib/jvm/java-9-openjdk-i386/bin/java
08049000-0804a000 r--p 00000000 08:05 6427315    /usr/lib/jvm/java-9-openjdk-i386/bin/java
0804a000-0804b000 rw-p 00001000 08:05 6427315    /usr/lib/jvm/java-9-openjdk-i386/bin/java
08734000-08837000 rw-p 00000000 00:00 0          [heap]
82e01000-82e05000 ---p 00000000 00:00 0 
82e05000-82e52000 rw-p 00000000 00:00 0 
82e52000-82e56000 ---p 00000000 00:00 0 
82e56000-82fa3000 rw-p 00000000 00:00 0 
82fa3000-830a3000 rw-p 00000000 00:00 0 
830a3000-830a7000 ---p 00000000 00:00 0 
830a7000-830f4000 rw-p 00000000 00:00 0 
830f4000-830fe000 r-xp 00000000 08:05 6422586    /usr/lib/i386-linux-gnu/libXcursor.so.1.0.2
830fe000-830ff000 r--p 00009000 08:05 6422586    /usr/lib/i386-linux-gnu/libXcursor.so.1.0.2
830ff000-83100000 rw-p 0000a000 08:05 6422586    /usr/lib/i386-linux-gnu/libXcursor.so.1.0.2
83100000-83166000 rw-p 00000000 00:00 0 
83166000-83200000 ---p 00000000 00:00 0 
83203000-83207000 ---p 00000000 00:00 0 
83207000-83354000 rw-p 00000000 00:00 0 
83354000-8337d000 r-xp 00000000 08:05 2753820    /lib/i386-linux-gnu/libpng12.so.0.54.0
8337d000-8337e000 r--p 00028000 08:05 2753820    /lib/i386-linux-gnu/libpng12.so.0.54.0
8337e000-8337f000 rw-p 00029000 08:05 2753820    /lib/i386-linux-gnu/libpng12.so.0.54.0
8337f000-8342a000 r-xp 00000000 08:05 6422626    /usr/lib/i386-linux-gnu/libfreetype.so.6.12.1
8342a000-8342e000 r--p 000aa000 08:05 6422626    /usr/lib/i386-linux-gnu/libfreetype.so.6.12.1
8342e000-8342f000 rw-p 000ae000 08:05 6422626    /usr/lib/i386-linux-gnu/libfreetype.so.6.12.1
8342f000-834f1000 r-xp 00000000 08:05 6427355    /usr/lib/jvm/java-9-openjdk-i386/lib/i386/libfontmanager.so
834f1000-834f3000 r--p 000c1000 08:05 6427355    /usr/lib/jvm/java-9-openjdk-i386/lib/i386/libfontmanager.so
834f3000-834f4000 rw-p 000c3000 08:05 6427355    /usr/lib/jvm/java-9-openjdk-i386/lib/i386/libfontmanager.so
834f4000-83518000 r-xp 00000000 08:05 6429629    /usr/lib/i386-linux-gnu/libxcb.so.1.1.0
83518000-83519000 r--p 00023000 08:05 6429629    /usr/lib/i386-linux-gnu/libxcb.so.1.1.0
83519000-8351a000 rw-p 00024000 08:05 6429629    /usr/lib/i386-linux-gnu/libxcb.so.1.1.0
8351a000-83660000 r-xp 00000000 08:05 6428254    /usr/lib/i386-linux-gnu/libX11.so.6.3.0
83660000-83661000 ---p 00146000 08:05 6428254    /usr/lib/i386-linux-gnu/libX11.so.6.3.0
83661000-83662000 r--p 00146000 08:05 6428254    /usr/lib/i386-linux-gnu/libX11.so.6.3.0
83662000-83664000 rw-p 00147000 08:05 6428254    /usr/lib/i386-linux-gnu/libX11.so.6.3.0
83664000-83665000 rw-p 00000000 00:00 0 
83665000-836b9000 r-xp 00000000 08:05 6428924    /usr/lib/jvm/java-9-openjdk-i386/lib/i386/libawt_xawt.so
836b9000-836ba000 r--p 00053000 08:05 6428924    /usr/lib/jvm/java-9-openjdk-i386/lib/i386/libawt_xawt.so
836ba000-836bc000 rw-p 00054000 08:05 6428924    /usr/lib/jvm/java-9-openjdk-i386/lib/i386/libawt_xawt.so
836bc000-836bd000 rw-p 00000000 00:00 0 
836bd000-83753000 r-xp 00000000 08:05 6427354    /usr/lib/jvm/java-9-openjdk-i386/lib/i386/libawt.so
83753000-83754000 r--p 00095000 08:05 6427354    /usr/lib/jvm/java-9-openjdk-i386/lib/i386/libawt.so
83754000-8375b000 rw-p 00096000 08:05 6427354    /usr/lib/jvm/java-9-openjdk-i386/lib/i386/libawt.so
8375b000-8377f000 rw-p 00000000 00:00 0 
8377f000-83780000 ---p 00000000 00:00 0 
83780000-83800000 rw-p 00000000 00:00 0 
83800000-838f9000 rw-p 00000000 00:00 0 
838f9000-83900000 ---p 00000000 00:00 0 
83900000-83913000 r-xp 00000000 08:05 6428271    /usr/lib/i386-linux-gnu/libXext.so.6.4.0
83913000-83914000 r--p 00012000 08:05 6428271    /usr/lib/i386-linux-gnu/libXext.so.6.4.0
83914000-83915000 rw-p 00013000 08:05 6428271    /usr/lib/i386-linux-gnu/libXext.so.6.4.0
83915000-83919000 ---p 00000000 00:00 0 
83919000-83966000 rw-p 00000000 00:00 0 
83966000-8396a000 ---p 00000000 00:00 0 
8396a000-855b8000 rw-p 00000000 00:00 0 
855b8000-855bc000 ---p 00000000 00:00 0 
855bc000-85609000 rw-p 00000000 00:00 0 
85609000-8560d000 ---p 00000000 00:00 0 
8560d000-8568a000 rw-p 00000000 00:00 0 
8568a000-8568e000 ---p 00000000 00:00 0 
8568e000-8570b000 rw-p 00000000 00:00 0 
8570b000-8570f000 ---p 00000000 00:00 0 
8570f000-8578c000 rw-p 00000000 00:00 0 
8578c000-85790000 ---p 00000000 00:00 0 
85790000-857dd000 rw-p 00000000 00:00 0 
857dd000-857e1000 ---p 00000000 00:00 0 
857e1000-8582e000 rw-p 00000000 00:00 0 
8582e000-85a2e000 r--p 00000000 08:05 6423597    /usr/lib/locale/locale-archive
85a2e000-85a32000 ---p 00000000 00:00 0 
85a32000-85a7f000 rw-p 00000000 00:00 0 
85a7f000-85a80000 ---p 00000000 00:00 0 
85a80000-85b00000 rw-p 00000000 00:00 0 
85b00000-85bfb000 rw-p 00000000 00:00 0 
85bfb000-85c00000 ---p 00000000 00:00 0 
85c03000-85c08000 r-xp 00000000 08:05 6428273    /usr/lib/i386-linux-gnu/libXfixes.so.3.1.0
85c08000-85c09000 r--p 00004000 08:05 6428273    /usr/lib/i386-linux-gnu/libXfixes.so.3.1.0
85c09000-85c0a000 rw-p 00005000 08:05 6428273    /usr/lib/i386-linux-gnu/libXfixes.so.3.1.0
85c0a000-85c0f000 r-xp 00000000 08:05 6428269    /usr/lib/i386-linux-gnu/libXdmcp.so.6.0.0
85c0f000-85c10000 r--p 00004000 08:05 6428269    /usr/lib/i386-linux-gnu/libXdmcp.so.6.0.0
85c10000-85c11000 rw-p 00005000 08:05 6428269    /usr/lib/i386-linux-gnu/libXdmcp.so.6.0.0
85c11000-86057000 rw-p 00000000 00:00 0 
86057000-8605d000 ---p 00000000 00:00 0 
8605d000-8605e000 ---p 00000000 00:00 0 
8605e000-860de000 rw-p 00000000 00:00 0 
860de000-860df000 ---p 00000000 00:00 0 
860df000-861df000 rw-p 00000000 00:00 0 
861df000-86937000 ---p 00000000 00:00 0 
86937000-869b7000 rw-p 00000000 00:00 0 
869b7000-8710f000 ---p 00000000 00:00 0 
8710f000-8711f000 rw-p 00000000 00:00 0 
8711f000-8720a000 ---p 00000000 00:00 0 
8720a000-8721a000 rw-p 00000000 00:00 0 
8721a000-87400000 ---p 00000000 00:00 0 
87400000-89400000 rw-p 00000000 00:00 0 
89400000-a6a00000 ---p 00000000 00:00 0 
a6a05000-a6a15000 rw-p 00000000 00:00 0 
a6a15000-a6b00000 ---p 00000000 00:00 0 
a6b00000-a6bba000 rw-p 00000000 00:00 0 
a6bba000-a6c00000 ---p 00000000 00:00 0 
a6c00000-a6c11000 r-xp 00000000 08:05 6428279    /usr/lib/i386-linux-gnu/libXi.so.6.1.0
a6c11000-a6c12000 r--p 00010000 08:05 6428279    /usr/lib/i386-linux-gnu/libXi.so.6.1.0
a6c12000-a6c13000 rw-p 00011000 08:05 6428279    /usr/lib/i386-linux-gnu/libXi.so.6.1.0
a6c2c000-a6c30000 ---p 00000000 00:00 0 
a6c30000-a6c7d000 rw-p 00000000 00:00 0 
a6c7d000-a6c7e000 ---p 00000000 00:00 0 
a6c7e000-a6cfe000 rw-p 00000000 00:00 0 
a6cfe000-a6cff000 ---p 00000000 00:00 0 
a6cff000-a6d7f000 rw-p 00000000 00:00 0 
a6d7f000-a6d80000 ---p 00000000 00:00 0 
a6d80000-a6e00000 rw-p 00000000 00:00 0 
a6e00000-a6e21000 rw-p 00000000 00:00 0 
a6e21000-a6f00000 ---p 00000000 00:00 0 
a6f02000-a6f04000 r-xp 00000000 08:05 6428258    /usr/lib/i386-linux-gnu/libXau.so.6.0.0
a6f04000-a6f05000 r--p 00001000 08:05 6428258    /usr/lib/i386-linux-gnu/libXau.so.6.0.0
a6f05000-a6f06000 rw-p 00002000 08:05 6428258    /usr/lib/i386-linux-gnu/libXau.so.6.0.0
a6f06000-a6f10000 r-xp 00000000 08:05 6428291    /usr/lib/i386-linux-gnu/libXrender.so.1.3.0
a6f10000-a6f11000 r--p 00009000 08:05 6428291    /usr/lib/i386-linux-gnu/libXrender.so.1.3.0
a6f11000-a6f12000 rw-p 0000a000 08:05 6428291    /usr/lib/i386-linux-gnu/libXrender.so.1.3.0
a6f12000-a6f6d000 rw-p 00000000 00:00 0 
a6f6d000-a6f6e000 ---p 00000000 00:00 0 
a6f6e000-a6fee000 rw-p 00000000 00:00 0 
a6fee000-a6fef000 ---p 00000000 00:00 0 
a6fef000-a7074000 rw-p 00000000 00:00 0 
a7074000-a715a000 ---p 00000000 00:00 0 
a715a000-a715f000 rw-p 00000000 00:00 0 
a715f000-a7245000 ---p 00000000 00:00 0 
a7245000-a7485000 rwxp 00000000 00:00 0 
a7485000-a778e000 ---p 00000000 00:00 0 
a778e000-a79ce000 rwxp 00000000 00:00 0 
a79ce000-aece9000 ---p 00000000 00:00 0 
aece9000-aef29000 rwxp 00000000 00:00 0 
aef29000-b6245000 ---p 00000000 00:00 0 
b6245000-b6400000 r--s 00000000 08:05 6427321    /usr/lib/jvm/java-9-openjdk-i386/lib/modules
b6400000-b6500000 rw-p 00000000 00:00 0 
b6502000-b6517000 r-xp 00000000 08:05 6427391    /usr/lib/jvm/java-9-openjdk-i386/lib/i386/libnet.so
b6517000-b6518000 r--p 00014000 08:05 6427391    /usr/lib/jvm/java-9-openjdk-i386/lib/i386/libnet.so
b6518000-b6519000 rw-p 00015000 08:05 6427391    /usr/lib/jvm/java-9-openjdk-i386/lib/i386/libnet.so
b6519000-b652a000 r-xp 00000000 08:05 6428936    /usr/lib/jvm/java-9-openjdk-i386/lib/i386/libnio.so
b652a000-b652b000 r--p 00010000 08:05 6428936    /usr/lib/jvm/java-9-openjdk-i386/lib/i386/libnio.so
b652b000-b652c000 rw-p 00011000 08:05 6428936    /usr/lib/jvm/java-9-openjdk-i386/lib/i386/libnio.so
b652c000-b6551000 rw-p 00000000 00:00 0 
b6551000-b6557000 ---p 00000000 00:00 0 
b6557000-b6562000 r-xp 00000000 08:05 2752609    /lib/i386-linux-gnu/libnss_files-2.23.so
b6562000-b6563000 r--p 0000a000 08:05 2752609    /lib/i386-linux-gnu/libnss_files-2.23.so
b6563000-b6564000 rw-p 0000b000 08:05 2752609    /lib/i386-linux-gnu/libnss_files-2.23.so
b6564000-b656a000 rw-p 00000000 00:00 0 
b656a000-b6575000 r-xp 00000000 08:05 2753818    /lib/i386-linux-gnu/libnss_nis-2.23.so
b6575000-b6576000 r--p 0000a000 08:05 2753818    /lib/i386-linux-gnu/libnss_nis-2.23.so
b6576000-b6577000 rw-p 0000b000 08:05 2753818    /lib/i386-linux-gnu/libnss_nis-2.23.so
b6577000-b658e000 r-xp 00000000 08:05 2752527    /lib/i386-linux-gnu/libnsl-2.23.so
b658e000-b658f000 r--p 00016000 08:05 2752527    /lib/i386-linux-gnu/libnsl-2.23.so
b658f000-b6590000 rw-p 00017000 08:05 2752527    /lib/i386-linux-gnu/libnsl-2.23.so
b6590000-b6592000 rw-p 00000000 00:00 0 
b6592000-b659a000 r-xp 00000000 08:05 2752604    /lib/i386-linux-gnu/libnss_compat-2.23.so
b659a000-b659b000 r--p 00007000 08:05 2752604    /lib/i386-linux-gnu/libnss_compat-2.23.so
b659b000-b659c000 rw-p 00008000 08:05 2752604    /lib/i386-linux-gnu/libnss_compat-2.23.so
b659e000-b65a3000 r-xp 00000000 08:05 6428297    /usr/lib/i386-linux-gnu/libXtst.so.6.1.0
b65a3000-b65a4000 r--p 00004000 08:05 6428297    /usr/lib/i386-linux-gnu/libXtst.so.6.1.0
b65a4000-b65a5000 rw-p 00005000 08:05 6428297    /usr/lib/i386-linux-gnu/libXtst.so.6.1.0
b65a5000-b65aa000 r-xp 00000000 08:05 6428689    /usr/lib/jvm/java-9-openjdk-i386/lib/i386/libjimage.so
b65aa000-b65ab000 r--p 00004000 08:05 6428689    /usr/lib/jvm/java-9-openjdk-i386/lib/i386/libjimage.so
b65ab000-b65ac000 rw-p 00005000 08:05 6428689    /usr/lib/jvm/java-9-openjdk-i386/lib/i386/libjimage.so
b65ac000-b65b3000 r-xp 00000000 08:05 6428508    /usr/lib/jvm/java-9-openjdk-i386/lib/i386/libzip.so
b65b3000-b65b4000 r--p 00006000 08:05 6428508    /usr/lib/jvm/java-9-openjdk-i386/lib/i386/libzip.so
b65b4000-b65b5000 rw-p 00007000 08:05 6428508    /usr/lib/jvm/java-9-openjdk-i386/lib/i386/libzip.so
b65b5000-b65db000 r-xp 00000000 08:05 6427328    /usr/lib/jvm/java-9-openjdk-i386/lib/i386/libjava.so
b65db000-b65dc000 r--p 00025000 08:05 6427328    /usr/lib/jvm/java-9-openjdk-i386/lib/i386/libjava.so
b65dc000-b65dd000 rw-p 00026000 08:05 6427328    /usr/lib/jvm/java-9-openjdk-i386/lib/i386/libjava.so
b65dd000-b65e4000 r-xp 00000000 08:05 2753865    /lib/i386-linux-gnu/librt-2.23.so
b65e4000-b65e5000 r--p 00006000 08:05 2753865    /lib/i386-linux-gnu/librt-2.23.so
b65e5000-b65e6000 rw-p 00007000 08:05 2753865    /lib/i386-linux-gnu/librt-2.23.so
b65e6000-b65ea000 ---p 00000000 00:00 0 
b65ea000-b6637000 rw-p 00000000 00:00 0 
b6637000-b6653000 r-xp 00000000 08:05 2753886    /lib/i386-linux-gnu/libgcc_s.so.1
b6653000-b6654000 rw-p 0001b000 08:05 2753886    /lib/i386-linux-gnu/libgcc_s.so.1
b6654000-b66a7000 r-xp 00000000 08:05 2752517    /lib/i386-linux-gnu/libm-2.23.so
b66a7000-b66a8000 r--p 00052000 08:05 2752517    /lib/i386-linux-gnu/libm-2.23.so
b66a8000-b66a9000 rw-p 00053000 08:05 2752517    /lib/i386-linux-gnu/libm-2.23.so
b66a9000-b6816000 r-xp 00000000 08:05 6424568    /usr/lib/i386-linux-gnu/libstdc++.so.6.0.21
b6816000-b6817000 ---p 0016d000 08:05 6424568    /usr/lib/i386-linux-gnu/libstdc++.so.6.0.21
b6817000-b681c000 r--p 0016d000 08:05 6424568    /usr/lib/i386-linux-gnu/libstdc++.so.6.0.21
b681c000-b681d000 rw-p 00172000 08:05 6424568    /usr/lib/i386-linux-gnu/libstdc++.so.6.0.21
b681d000-b6820000 rw-p 00000000 00:00 0 
b6820000-b744c000 r-xp 00000000 08:05 6428404    /usr/lib/jvm/java-9-openjdk-i386/lib/i386/server/libjvm.so
b744c000-b74a1000 r--p 00c2b000 08:05 6428404    /usr/lib/jvm/java-9-openjdk-i386/lib/i386/server/libjvm.so
b74a1000-b74bf000 rw-p 00c80000 08:05 6428404    /usr/lib/jvm/java-9-openjdk-i386/lib/i386/server/libjvm.so
b74bf000-b74e7000 rw-p 00000000 00:00 0 
b74e7000-b7500000 r-xp 00000000 08:05 2752537    /lib/i386-linux-gnu/libpthread-2.23.so
b7500000-b7501000 r--p 00018000 08:05 2752537    /lib/i386-linux-gnu/libpthread-2.23.so
b7501000-b7502000 rw-p 00019000 08:05 2752537    /lib/i386-linux-gnu/libpthread-2.23.so
b7502000-b7505000 rw-p 00000000 00:00 0 
b7505000-b7508000 r-xp 00000000 08:05 2752598    /lib/i386-linux-gnu/libdl-2.23.so
b7508000-b7509000 r--p 00002000 08:05 2752598    /lib/i386-linux-gnu/libdl-2.23.so
b7509000-b750a000 rw-p 00003000 08:05 2752598    /lib/i386-linux-gnu/libdl-2.23.so
b750a000-b7523000 r-xp 00000000 08:05 2753910    /lib/i386-linux-gnu/libz.so.1.2.8
b7523000-b7524000 r--p 00018000 08:05 2753910    /lib/i386-linux-gnu/libz.so.1.2.8
b7524000-b7525000 rw-p 00019000 08:05 2753910    /lib/i386-linux-gnu/libz.so.1.2.8
b7525000-b76d5000 r-xp 00000000 08:05 2752596    /lib/i386-linux-gnu/libc-2.23.so
b76d5000-b76d7000 r--p 001af000 08:05 2752596    /lib/i386-linux-gnu/libc-2.23.so
b76d7000-b76d8000 rw-p 001b1000 08:05 2752596    /lib/i386-linux-gnu/libc-2.23.so
b76d8000-b76db000 rw-p 00000000 00:00 0 
b76db000-b76dc000 r--p 002cf000 08:05 6423597    /usr/lib/locale/locale-archive
b76dc000-b76e4000 rw-s 00000000 08:05 7212297    /tmp/hsperfdata_lab2-pc13/15956
b76e4000-b76e5000 rw-p 00000000 00:00 0 
b76e5000-b76e6000 r--p 00000000 00:00 0 
b76e6000-b76f1000 r-xp 00000000 08:05 6427330    /usr/lib/jvm/java-9-openjdk-i386/lib/i386/libverify.so
b76f1000-b76f2000 ---p 0000b000 08:05 6427330    /usr/lib/jvm/java-9-openjdk-i386/lib/i386/libverify.so
b76f2000-b76f3000 r--p 0000b000 08:05 6427330    /usr/lib/jvm/java-9-openjdk-i386/lib/i386/libverify.so
b76f3000-b76f4000 rw-p 0000c000 08:05 6427330    /usr/lib/jvm/java-9-openjdk-i386/lib/i386/libverify.so
b76f4000-b7702000 r-xp 00000000 08:05 6428908    /usr/lib/jvm/java-9-openjdk-i386/lib/i386/jli/libjli.so
b7702000-b7703000 r--p 0000d000 08:05 6428908    /usr/lib/jvm/java-9-openjdk-i386/lib/i386/jli/libjli.so
b7703000-b7704000 rw-p 0000e000 08:05 6428908    /usr/lib/jvm/java-9-openjdk-i386/lib/i386/jli/libjli.so
b7704000-b7705000 rw-p 00000000 00:00 0 
b7705000-b7708000 r--p 00000000 00:00 0          [vvar]
b7708000-b7709000 r-xp 00000000 00:00 0          [vdso]
b7709000-b772c000 r-xp 00000000 08:05 2752530    /lib/i386-linux-gnu/ld-2.23.so
b772c000-b772d000 r--p 00022000 08:05 2752530    /lib/i386-linux-gnu/ld-2.23.so
b772d000-b772e000 rw-p 00023000 08:05 2752530    /lib/i386-linux-gnu/ld-2.23.so
bff25000-bff46000 rw-p 00000000 00:00 0          [stack]

VM Arguments:
java_command: Simple
java_class_path (initial): .
Launcher Type: SUN_STANDARD

Environment Variables:
PATH=/home/lab2-pc13/bin:/home/lab2-pc13/.local/bin:/usr/local/sbin:/usr/local/bin:/usr/sbin:/usr/bin:/sbin:/bin:/usr/games:/usr/local/games:/snap/bin
SHELL=/bin/bash
DISPLAY=:0

Signal Handlers:
SIGSEGV: [libjvm.so+0x9e08a0], sa_mask[0]=11111111011111111101111111111110, sa_flags=SA_RESTART|SA_SIGINFO
SIGBUS: [libjvm.so+0x9e08a0], sa_mask[0]=11111111011111111101111111111110, sa_flags=SA_RESTART|SA_SIGINFO
SIGFPE: [libjvm.so+0x9e08a0], sa_mask[0]=11111111011111111101111111111110, sa_flags=SA_RESTART|SA_SIGINFO
SIGPIPE: [libjvm.so+0x832630], sa_mask[0]=11111111011111111101111111111110, sa_flags=SA_RESTART|SA_SIGINFO
SIGXFSZ: [libjvm.so+0x832630], sa_mask[0]=11111111011111111101111111111110, sa_flags=SA_RESTART|SA_SIGINFO
SIGILL: [libjvm.so+0x9e08a0], sa_mask[0]=11111111011111111101111111111110, sa_flags=SA_RESTART|SA_SIGINFO
SIGUSR2: [libjvm.so+0x832460], sa_mask[0]=00000000000000000000000000000000, sa_flags=SA_RESTART|SA_SIGINFO
SIGHUP: [libjvm.so+0x8328a0], sa_mask[0]=11111111011111111101111111111110, sa_flags=SA_RESTART|SA_SIGINFO
SIGINT: [libjvm.so+0x8328a0], sa_mask[0]=11111111011111111101111111111110, sa_flags=SA_RESTART|SA_SIGINFO
SIGTERM: [libjvm.so+0x8328a0], sa_mask[0]=11111111011111111101111111111110, sa_flags=SA_RESTART|SA_SIGINFO
SIGQUIT: [libjvm.so+0x8328a0], sa_mask[0]=11111111011111111101111111111110, sa_flags=SA_RESTART|SA_SIGINFO


---------------  S Y S T E M  ---------------

OS:DISTRIB_ID=Ubuntu
DISTRIB_RELEASE=16.04
DISTRIB_CODENAME=xenial
DISTRIB_DESCRIPTION="Ubuntu 16.04.5 LTS"
uname:Linux 4.4.0-134-generic #160-Ubuntu SMP Wed Aug 15 14:57:38 UTC 2018 i686
libc:glibc 2.23 NPTL 2.23 
rlimit: STACK 8192k, CORE 0k, NPROC 15713, NOFILE 1048576, AS infinity
load average:1.02 1.33 1.07

/proc/meminfo:
MemTotal:        2050844 kB
MemFree:          309244 kB
MemAvailable:     750080 kB
Buffers:           25416 kB
Cached:           856164 kB
SwapCached:         2408 kB
Active:           801360 kB
Inactive:         824272 kB
Active(anon):     451596 kB
Inactive(anon):   559692 kB
Active(file):     349764 kB
Inactive(file):   264580 kB
Unevictable:          48 kB
Mlocked:              48 kB
HighTotal:       1172848 kB
HighFree:         143484 kB
LowTotal:         877996 kB
LowFree:          165760 kB
SwapTotal:       2083836 kB
SwapFree:        2055340 kB
Dirty:               360 kB
Writeback:             0 kB
AnonPages:        742308 kB
Mapped:           258984 kB
Shmem:            267132 kB
Slab:              78292 kB
SReclaimable:      60568 kB
SUnreclaim:        17724 kB
KernelStack:        4096 kB
PageTables:        11732 kB
NFS_Unstable:          0 kB
Bounce:                0 kB
WritebackTmp:          0 kB
CommitLimit:     3109256 kB
Committed_AS:    5115652 kB
VmallocTotal:     122880 kB
VmallocUsed:           0 kB
VmallocChunk:          0 kB
AnonHugePages:         0 kB
CmaTotal:              0 kB
CmaFree:               0 kB
HugePages_Total:       0
HugePages_Free:        0
HugePages_Rsvd:        0
HugePages_Surp:        0
Hugepagesize:       2048 kB
DirectMap4k:       45048 kB
DirectMap2M:      868352 kB


CPU:total 2 (2 cores per cpu, 1 threads per core) family 6 model 23 stepping 10, cmov, cx8, fxsr, mmx, sse, sse2, sse3, ssse3, sse4.1, tsc

CPU Model and flags from /proc/cpuinfo:
model name	: Intel(R) Core(TM)2 Duo CPU     E7500  @ 2.93GHz
flags		: fpu vme de pse tsc msr pae mce cx8 apic sep mtrr pge mca cmov pat pse36 clflush dts acpi mmx fxsr sse sse2 ss ht tm pbe nx lm constant_tsc arch_perfmon pebs bts aperfmperf pni dtes64 monitor ds_cpl vmx est tm2 ssse3 cx16 xtpr pdcm sse4_1 xsave lahf_lm tpr_shadow vnmi flexpriority dtherm

Memory: 4k page, physical 2050844k(309244k free), swap 2083836k(2055340k free)

vm_info: OpenJDK Server VM (9-internal+0-2016-04-14-195526.buildd.src) for linux-x86 JRE (9-internal+0-2016-04-14-195526.buildd.src), built on Apr 14 2016 20:15:09 by "buildd" with gcc 5.3.1 20160413

END.
