#
# A fatal error has been detected by the Java Runtime Environment:
#
#  SIGSEGV (0xb) at pc=0xb65a6e48, pid=10317, tid=10341
#
# JRE version: OpenJDK Runtime Environment (9.0) (build 9-internal+0-2016-04-14-195526.buildd.src)
# Java VM: OpenJDK Server VM (9-internal+0-2016-04-14-195526.buildd.src, mixed mode, tiered, g1 gc, linux-x86)
# Problematic frame:
# C  [libjava.so+0x18e48]  JNU_GetEnv+0x18
#
# Core dump will be written. Default location: Core dumps may be processed with "/usr/share/apport/apport %p %s %c %d %P" (or dumping to /home/lab2-pc13/Ruturaj_Sawant/core.10317)
#
# If you would like to submit a bug report, please visit:
#   http://bugreport.java.com/bugreport/crash.jsp
# The crash happened outside the Java Virtual Machine in native code.
# See problematic frame for where to report the bug.
#

---------------  S U M M A R Y ------------

Command Line: SwingDemo

Host: Intel(R) Core(TM)2 Duo CPU     E7500  @ 2.93GHz, 2 cores, 1G, Ubuntu 16.04.5 LTS
Time: Tue Aug 28 11:52:32 2018 IST elapsed time: 0 seconds (0d 0h 0m 0s)

---------------  T H R E A D  ---------------

Current thread (0x8321c800):  JavaThread "AWT-EventQueue-0" [_thread_in_native, id=10341, stack(0x82fbc000,0x8300d000)]

Stack: [0x82fbc000,0x8300d000],  sp=0x83009e5c,  free space=311k
Native frames: (J=compiled Java code, j=interpreted, Vv=VM code, C=native code)
C  [libjava.so+0x18e48]  JNU_GetEnv+0x18
C  [libfontmanager.so+0x2faf5]
C  [libfreetype.so.6+0xf4dc]  FT_Stream_Seek+0x1c

Java frames: (J=compiled Java code, j=interpreted, Vv=VM code)
j  sun.font.FreetypeFontScaler.initNativeScaler(Lsun/font/Font2D;IIZI)J+0 java.desktop@9-internal
j  sun.font.FreetypeFontScaler.<init>(Lsun/font/Font2D;IZI)V+26 java.desktop@9-internal
v  ~StubRoutines::call_stub
j  sun.reflect.NativeConstructorAccessorImpl.newInstance0(Ljava/lang/reflect/Constructor;[Ljava/lang/Object;)Ljava/lang/Object;+0 java.base@9-internal
j  sun.reflect.NativeConstructorAccessorImpl.newInstance([Ljava/lang/Object;)Ljava/lang/Object;+85 java.base@9-internal
j  sun.reflect.DelegatingConstructorAccessorImpl.newInstance([Ljava/lang/Object;)Ljava/lang/Object;+5 java.base@9-internal
j  java.lang.reflect.Constructor.newInstance([Ljava/lang/Object;)Ljava/lang/Object;+65 java.base@9-internal
j  sun.font.FontScaler.getScaler(Lsun/font/Font2D;IZI)Lsun/font/FontScaler;+39 java.desktop@9-internal
j  sun.font.TrueTypeFont.getScaler()Lsun/font/FontScaler;+21 java.desktop@9-internal
j  sun.font.FileFontStrike.<init>(Lsun/font/FileFont;Lsun/font/FontStrikeDesc;)V+204 java.desktop@9-internal
j  sun.font.FileFont.createStrike(Lsun/font/FontStrikeDesc;)Lsun/font/FontStrike;+18 java.desktop@9-internal
j  sun.font.Font2D.getStrike(Lsun/font/FontStrikeDesc;Z)Lsun/font/FontStrike;+92 java.desktop@9-internal
j  sun.font.Font2D.getStrike(Lsun/font/FontStrikeDesc;)Lsun/font/FontStrike;+3 java.desktop@9-internal
j  sun.font.CompositeStrike.getStrikeForSlot(I)Lsun/font/PhysicalStrike;+23 java.desktop@9-internal
j  sun.font.CompositeStrike.getFontMetrics()Lsun/font/StrikeMetrics;+31 java.desktop@9-internal
j  sun.font.FontDesignMetrics.initMatrixAndMetrics()V+28 java.desktop@9-internal
j  sun.font.FontDesignMetrics.<init>(Ljava/awt/Font;Ljava/awt/font/FontRenderContext;)V+62 java.desktop@9-internal
j  sun.font.FontDesignMetrics.getMetrics(Ljava/awt/Font;Ljava/awt/font/FontRenderContext;)Lsun/font/FontDesignMetrics;+128 java.desktop@9-internal
j  sun.swing.SwingUtilities2.getFontMetrics(Ljavax/swing/JComponent;Ljava/awt/Font;)Ljava/awt/FontMetrics;+15 java.desktop@9-internal
j  javax.swing.JComponent.getFontMetrics(Ljava/awt/Font;)Ljava/awt/FontMetrics;+2 java.desktop@9-internal
j  sun.swing.SwingUtilities2.getFontMetrics(Ljavax/swing/JComponent;Ljava/awt/Graphics;Ljava/awt/Font;)Ljava/awt/FontMetrics;+6 java.desktop@9-internal
j  sun.swing.SwingUtilities2.getFontMetrics(Ljavax/swing/JComponent;Ljava/awt/Graphics;)Ljava/awt/FontMetrics;+6 java.desktop@9-internal
j  javax.swing.plaf.basic.BasicLabelUI.paint(Ljava/awt/Graphics;Ljavax/swing/JComponent;)V+44 java.desktop@9-internal
j  javax.swing.plaf.ComponentUI.update(Ljava/awt/Graphics;Ljavax/swing/JComponent;)V+32 java.desktop@9-internal
j  javax.swing.JComponent.paintComponent(Ljava/awt/Graphics;)V+26 java.desktop@9-internal
j  javax.swing.JComponent.paint(Ljava/awt/Graphics;)V+286 java.desktop@9-internal
j  javax.swing.JComponent.paintChildren(Ljava/awt/Graphics;)V+501 java.desktop@9-internal
j  javax.swing.JComponent.paint(Ljava/awt/Graphics;)V+318 java.desktop@9-internal
j  javax.swing.JComponent.paintChildren(Ljava/awt/Graphics;)V+501 java.desktop@9-internal
j  javax.swing.JComponent.paint(Ljava/awt/Graphics;)V+318 java.desktop@9-internal
j  javax.swing.JLayeredPane.paint(Ljava/awt/Graphics;)V+73 java.desktop@9-internal
j  javax.swing.JComponent.paintChildren(Ljava/awt/Graphics;)V+501 java.desktop@9-internal
j  javax.swing.JComponent.paintToOffscreen(Ljava/awt/Graphics;IIIIII)V+72 java.desktop@9-internal
j  javax.swing.BufferStrategyPaintManager.paint(Ljavax/swing/JComponent;Ljavax/swing/JComponent;Ljava/awt/Graphics;IIII)Z+164 java.desktop@9-internal
j  javax.swing.RepaintManager.paint(Ljavax/swing/JComponent;Ljavax/swing/JComponent;Ljava/awt/Graphics;IIII)V+51 java.desktop@9-internal
j  javax.swing.JComponent.paint(Ljava/awt/Graphics;)V+221 java.desktop@9-internal
j  java.awt.GraphicsCallback$PaintCallback.run(Ljava/awt/Component;Ljava/awt/Graphics;)V+2 java.desktop@9-internal
j  sun.awt.SunGraphicsCallback.runOneComponent(Ljava/awt/Component;Ljava/awt/Rectangle;Ljava/awt/Graphics;Ljava/awt/Shape;I)V+155 java.desktop@9-internal
j  sun.awt.SunGraphicsCallback.runComponents([Ljava/awt/Component;Ljava/awt/Graphics;I)V+157 java.desktop@9-internal
j  java.awt.Container.paint(Ljava/awt/Graphics;)V+58 java.desktop@9-internal
j  java.awt.Window.paint(Ljava/awt/Graphics;)V+68 java.desktop@9-internal
j  javax.swing.RepaintManager$4.run()Ljava/lang/Void;+142 java.desktop@9-internal
j  javax.swing.RepaintManager$4.run()Ljava/lang/Object;+1 java.desktop@9-internal
v  ~StubRoutines::call_stub
j  java.security.AccessController.doPrivileged(Ljava/security/PrivilegedAction;Ljava/security/AccessControlContext;)Ljava/lang/Object;+0 java.base@9-internal
j  java.security.ProtectionDomain$JavaSecurityAccessImpl.doIntersectionPrivilege(Ljava/security/PrivilegedAction;Ljava/security/AccessControlContext;Ljava/security/AccessControlContext;)Ljava/lang/Object;+18 java.base@9-internal
j  javax.swing.RepaintManager.paintDirtyRegions(Ljava/util/Map;)V+154 java.desktop@9-internal
j  javax.swing.RepaintManager.paintDirtyRegions()V+46 java.desktop@9-internal
j  javax.swing.RepaintManager.prePaintDirtyRegions()V+73 java.desktop@9-internal
j  javax.swing.RepaintManager.access$1200(Ljavax/swing/RepaintManager;)V+1 java.desktop@9-internal
j  javax.swing.RepaintManager$ProcessingRunnable.run()V+37 java.desktop@9-internal
j  java.awt.event.InvocationEvent.dispatch()V+47 java.desktop@9-internal
j  java.awt.EventQueue.dispatchEventImpl(Ljava/awt/AWTEvent;Ljava/lang/Object;)V+21 java.desktop@9-internal
j  java.awt.EventQueue.access$500(Ljava/awt/EventQueue;Ljava/awt/AWTEvent;Ljava/lang/Object;)V+3 java.desktop@9-internal
j  java.awt.EventQueue$3.run()Ljava/lang/Void;+32 java.desktop@9-internal
j  java.awt.EventQueue$3.run()Ljava/lang/Object;+1 java.desktop@9-internal
v  ~StubRoutines::call_stub
j  java.security.AccessController.doPrivileged(Ljava/security/PrivilegedAction;Ljava/security/AccessControlContext;)Ljava/lang/Object;+0 java.base@9-internal
j  java.security.ProtectionDomain$JavaSecurityAccessImpl.doIntersectionPrivilege(Ljava/security/PrivilegedAction;Ljava/security/AccessControlContext;Ljava/security/AccessControlContext;)Ljava/lang/Object;+18 java.base@9-internal
j  java.awt.EventQueue.dispatchEvent(Ljava/awt/AWTEvent;)V+46 java.desktop@9-internal
j  java.awt.EventDispatchThread.pumpOneEventForFilters(I)V+183 java.desktop@9-internal
j  java.awt.EventDispatchThread.pumpEventsForFilter(ILjava/awt/Conditional;Ljava/awt/EventFilter;)V+35 java.desktop@9-internal
j  java.awt.EventDispatchThread.pumpEventsForHierarchy(ILjava/awt/Conditional;Ljava/awt/Component;)V+11 java.desktop@9-internal
j  java.awt.EventDispatchThread.pumpEvents(ILjava/awt/Conditional;)V+4 java.desktop@9-internal
j  java.awt.EventDispatchThread.pumpEvents(Ljava/awt/Conditional;)V+3 java.desktop@9-internal
j  java.awt.EventDispatchThread.run()V+9 java.desktop@9-internal
v  ~StubRoutines::call_stub

siginfo: si_signo: 11 (SIGSEGV), si_code: 1 (SEGV_MAPERR), si_addr: 0x00000000

Register to memory mapping:

EAX=0x00000000 is an unknown value
EBX=0x834c8000: <offset 0x000c4000> in /usr/lib/jvm/java-9-openjdk-i386/lib/i386/libfontmanager.so at 0x83404000
ECX=0x00010002 is an unknown value
EDX=0x00000000 is an unknown value
ESP=0x83009e5c is pointing into the stack for thread: 0x8321c800
EBP=0x83009e78 is pointing into the stack for thread: 0x8321c800
ESI=0x00000000 is an unknown value
EDI=0x00000000 is an unknown value


Registers:
EAX=0x00000000, EBX=0x834c8000, ECX=0x00010002, EDX=0x00000000
ESP=0x83009e5c, EBP=0x83009e78, ESI=0x00000000, EDI=0x00000000
EIP=0xb65a6e48, EFLAGS=0x00010246, CR2=0x0000000000000000

Top of Stack: (sp=0x83009e5c)
0x83009e5c:   00000000 83009ea8 b76f6010 833cacdb
0x83009e6c:   b55e7e00 00000000 838fce68 83009ea8
0x83009e7c:   83433af5 00000000 00010002 a6c0003c
0x83009e8c:   a6cfde8c b7705000 838fd118 833620b9
0x83009e9c:   a6cfddd0 00000000 00000000 82c04160
0x83009eac:   833634dc a6cfddd0 00000000 00000000
0x83009ebc:   00000000 b76b0000 83403000 a6cfddd0
0x83009ecc:   833772b8 a6cfddd0 00000000 00000001 

Instructions: (pc=0xb65a6e48)
0xb65a6e28:   ff eb f3 90 8d 74 26 00 55 89 e5 83 ec 1c 8b 45
0xb65a6e38:   08 65 8b 15 14 00 00 00 89 55 f4 31 d2 8b 4d 0c
0xb65a6e48:   8b 10 51 8d 4d f0 51 50 ff 52 18 8b 45 f0 8b 4d
0xb65a6e58:   f4 65 33 0d 14 00 00 00 75 02 c9 c3 e8 c7 5b 00 


---------------  P R O C E S S  ---------------

Java Threads: ( => current thread )
  0xb640b000 JavaThread "DestroyJavaVM" [_thread_blocked, id=10318, stack(0xb65bf000,0xb6610000)]
=>0x8321c800 JavaThread "AWT-EventQueue-0" [_thread_in_native, id=10341, stack(0x82fbc000,0x8300d000)]
  0x8321b800 JavaThread "AWT-Shutdown" [_thread_blocked, id=10340, stack(0x8300d000,0x8305e000)]
  0x83218c00 JavaThread "AWT-XAWT" daemon [_thread_in_native, id=10339, stack(0x8305e000,0x830af000)]
  0x83207400 JavaThread "Java2D Disposer" daemon [_thread_blocked, id=10338, stack(0x830af000,0x83100000)]
  0x83833400 JavaThread "Service Thread" daemon [_thread_blocked, id=10336, stack(0x83915000,0x83966000)]
  0x85b92c00 JavaThread "Common-Cleaner" daemon [_thread_blocked, id=10335, stack(0x83966000,0x839b7000)]
  0x85b89c00 JavaThread "Sweeper thread" daemon [_thread_blocked, id=10334, stack(0x855b8000,0x85609000)]
  0x85b88c00 JavaThread "C1 CompilerThread2" daemon [_thread_in_native, id=10333, stack(0x85609000,0x8568a000)]
  0x85b41c00 JavaThread "C2 CompilerThread1" daemon [_thread_blocked, id=10332, stack(0x8568a000,0x8570b000)]
  0x85b40800 JavaThread "C2 CompilerThread0" daemon [_thread_in_native, id=10331, stack(0x8570b000,0x8578c000)]
  0x85b3f000 JavaThread "Signal Dispatcher" daemon [_thread_blocked, id=10330, stack(0x8578c000,0x857dd000)]
  0x85b3d800 JavaThread "Surrogate Locker Thread (Concurrent GC)" daemon [_thread_blocked, id=10329, stack(0x857dd000,0x8582e000)]
  0x85b2ac00 JavaThread "Finalizer" daemon [_thread_blocked, id=10328, stack(0x85a2e000,0x85a7f000)]
  0x85b23400 JavaThread "Reference Handler" daemon [_thread_blocked, id=10327, stack(0xa6d2e000,0xa6d7f000)]

Other Threads:
  0x85b1e800 VMThread [stack: 0x85a7f000,0x85b00000] [id=10326]
  0x8384d000 WatcherThread [stack: 0x8377f000,0x83800000] [id=10337]

Threads with active compile tasks:
C1 CompilerThread2 446       3       java.lang.String::<init> (74 bytes)
C2 CompilerThread0 453       4       java.lang.AbstractStringBuilder::ensureCapacityInternal (39 bytes)

VM state:not at safepoint (normal execution)

VM Mutex/Monitor currently owned by a thread: None

Heap:
 garbage-first heap   total 32768K, used 3215K [0x87400000, 0x87500080, 0xa6a00000)
  region size 1024K, 4 young (4096K), 1 survivors (1024K)
 Metaspace       used 6900K, capacity 7286K, committed 7320K, reserved 7472K

Heap Regions: E=young(eden), S=young(survivor), O=old, HS=humongous(starts), HC=humongous(continues), CS=collection set, F=free, A=archive, TS=gc time stamp, AC=allocation context, TAMS=top-at-mark-start (previous, next)
|   0|0x87400000, 0x87423e00, 0x87500000| 14%| O|  |TS  1|AC  0|TAMS 0x87400000, 0x87400000|
|   1|0x87500000, 0x87500000, 0x87600000|  0%| F|  |TS  0|AC  0|TAMS 0x87500000, 0x87500000|
|   2|0x87600000, 0x87600000, 0x87700000|  0%| F|  |TS  0|AC  0|TAMS 0x87600000, 0x87600000|
|   3|0x87700000, 0x87700000, 0x87800000|  0%| F|  |TS  0|AC  0|TAMS 0x87700000, 0x87700000|
|   4|0x87800000, 0x87800000, 0x87900000|  0%| F|  |TS  0|AC  0|TAMS 0x87800000, 0x87800000|
|   5|0x87900000, 0x87900000, 0x87a00000|  0%| F|  |TS  0|AC  0|TAMS 0x87900000, 0x87900000|
|   6|0x87a00000, 0x87a00000, 0x87b00000|  0%| F|  |TS  0|AC  0|TAMS 0x87a00000, 0x87a00000|
|   7|0x87b00000, 0x87b00000, 0x87c00000|  0%| F|  |TS  0|AC  0|TAMS 0x87b00000, 0x87b00000|
|   8|0x87c00000, 0x87c00000, 0x87d00000|  0%| F|  |TS  0|AC  0|TAMS 0x87c00000, 0x87c00000|
|   9|0x87d00000, 0x87d00000, 0x87e00000|  0%| F|  |TS  0|AC  0|TAMS 0x87d00000, 0x87d00000|
|  10|0x87e00000, 0x87e00000, 0x87f00000|  0%| F|  |TS  0|AC  0|TAMS 0x87e00000, 0x87e00000|
|  11|0x87f00000, 0x87f00000, 0x88000000|  0%| F|  |TS  0|AC  0|TAMS 0x87f00000, 0x87f00000|
|  12|0x88000000, 0x88000000, 0x88100000|  0%| F|  |TS  0|AC  0|TAMS 0x88000000, 0x88000000|
|  13|0x88100000, 0x88100000, 0x88200000|  0%| F|  |TS  0|AC  0|TAMS 0x88100000, 0x88100000|
|  14|0x88200000, 0x88200000, 0x88300000|  0%| F|  |TS  0|AC  0|TAMS 0x88200000, 0x88200000|
|  15|0x88300000, 0x88300000, 0x88400000|  0%| F|  |TS  0|AC  0|TAMS 0x88300000, 0x88300000|
|  16|0x88400000, 0x88400000, 0x88500000|  0%| F|  |TS  0|AC  0|TAMS 0x88400000, 0x88400000|
|  17|0x88500000, 0x88500000, 0x88600000|  0%| F|  |TS  0|AC  0|TAMS 0x88500000, 0x88500000|
|  18|0x88600000, 0x88600000, 0x88700000|  0%| F|  |TS  0|AC  0|TAMS 0x88600000, 0x88600000|
|  19|0x88700000, 0x88700000, 0x88800000|  0%| F|  |TS  0|AC  0|TAMS 0x88700000, 0x88700000|
|  20|0x88800000, 0x88800000, 0x88900000|  0%| F|  |TS  0|AC  0|TAMS 0x88800000, 0x88800000|
|  21|0x88900000, 0x88900000, 0x88a00000|  0%| F|  |TS  0|AC  0|TAMS 0x88900000, 0x88900000|
|  22|0x88a00000, 0x88a00000, 0x88b00000|  0%| F|  |TS  0|AC  0|TAMS 0x88a00000, 0x88a00000|
|  23|0x88b00000, 0x88b00000, 0x88c00000|  0%| F|  |TS  0|AC  0|TAMS 0x88b00000, 0x88b00000|
|  24|0x88c00000, 0x88c00000, 0x88d00000|  0%| F|  |TS  0|AC  0|TAMS 0x88c00000, 0x88c00000|
|  25|0x88d00000, 0x88d00000, 0x88e00000|  0%| F|  |TS  0|AC  0|TAMS 0x88d00000, 0x88d00000|
|  26|0x88e00000, 0x88e00000, 0x88f00000|  0%| F|  |TS  0|AC  0|TAMS 0x88e00000, 0x88e00000|
|  27|0x88f00000, 0x88f00000, 0x89000000|  0%| F|  |TS  0|AC  0|TAMS 0x88f00000, 0x88f00000|
|  28|0x89000000, 0x89100000, 0x89100000|100%| S|CS|TS  1|AC  0|TAMS 0x89000000, 0x89000000|
|  29|0x89100000, 0x89194180, 0x89200000| 57%| E|  |TS  0|AC  0|TAMS 0x89100000, 0x89100000|
|  30|0x89200000, 0x89300000, 0x89300000|100%| E|CS|TS  0|AC  0|TAMS 0x89200000, 0x89200000|
|  31|0x89300000, 0x89400000, 0x89400000|100%| E|CS|TS  0|AC  0|TAMS 0x89300000, 0x89300000|

Card table byte_map: [0x8720a000,0x87305000] byte_map_base: 0x86dd0000

Marking Bits (Prev, Next): (CMBitMap*) 0xb6443a6c, (CMBitMap*) 0xb6443a98
 Prev Bits: [0x86937000, 0x8710f000)
 Next Bits: [0x8615f000, 0x86937000)

Polling page: 0xb76bd000

CodeHeap 'non-nmethods': size=5412Kb used=754Kb max_used=766Kb free=4657Kb
 bounds [0xa7245000, 0xa7485000, 0xa778e000]
CodeHeap 'profiled nmethods': size=120172Kb used=569Kb max_used=569Kb free=119602Kb
 bounds [0xa778e000, 0xa79ce000, 0xaece9000]
CodeHeap 'non-profiled nmethods': size=120176Kb used=112Kb max_used=112Kb free=120063Kb
 bounds [0xaece9000, 0xaef29000, 0xb6245000]
 total_blobs=832 nmethods=448 adapters=185
 compilation: enabled

Compilation events (10 events):
Event: 0.418 Thread 0x85b88c00 nmethod 435 0xa7815488 code [0xa78155a0, 0xa7815720]
Event: 0.418 Thread 0x85b88c00  431       3       jdk.internal.org.objectweb.asm.MethodWriter::visitLabel (281 bytes)
Event: 0.419 Thread 0x85b88c00 nmethod 431 0xa7815808 code [0xa78159c0, 0xa78162c4]
Event: 0.419 Thread 0x85b88c00  432       3       jdk.internal.org.objectweb.asm.MethodWriter::noSuccessor (87 bytes)
Event: 0.419 Thread 0x85b88c00 nmethod 432 0xa7816508 code [0xa7816680, 0xa7816b8c]
Event: 0.421 Thread 0x85b40800  439       4       jdk.internal.org.objectweb.asm.Item::<init> (66 bytes)
Event: 0.421 Thread 0x85b41c00  441       4       jdk.internal.org.objectweb.asm.ClassWriter::put (152 bytes)
Event: 0.442 Thread 0x85b40800 nmethod 439 0xaed04188 code [0xaed042a0, 0xaed04550]
Event: 0.442 Thread 0x85b40800  453       4       java.lang.AbstractStringBuilder::ensureCapacityInternal (39 bytes)
Event: 0.449 Thread 0x85b41c00 nmethod 441 0xaed04608 code [0xaed04720, 0xaed049f0]

GC Heap History (2 events):
Event: 0.264 GC heap before
{Heap before GC invocations=0 (full 0):
 garbage-first heap   total 32768K, used 3072K [0x87400000, 0x87500080, 0xa6a00000)
  region size 1024K, 3 young (3072K), 0 survivors (0K)
 Metaspace       used 5150K, capacity 5299K, committed 5400K, reserved 5424K
}
Event: 0.272 GC heap after
{Heap after GC invocations=1 (full 0):
 garbage-first heap   total 32768K, used 1167K [0x87400000, 0x87500080, 0xa6a00000)
  region size 1024K, 1 young (1024K), 1 survivors (1024K)
 Metaspace       used 5150K, capacity 5299K, committed 5400K, reserved 5424K
}

Deoptimization events (7 events):
Event: 0.081 Thread 0xb640b000 Uncommon trap: reason=unstable_if action=reinterpret pc=0xaecea324 method=java.lang.String.hashCode()I @ 12
Event: 0.250 Thread 0x8321c800 Uncommon trap: reason=class_check action=maybe_recompile pc=0xaecf1390 method=java.util.HashMap.putVal(ILjava/lang/Object;Ljava/lang/Object;ZZ)Ljava/lang/Object; @ 91
Event: 0.314 Thread 0x8321c800 Uncommon trap: reason=unstable_if action=reinterpret pc=0xaecf13b8 method=java.util.HashMap.hash(Ljava/lang/Object;)I @ 1
Event: 0.318 Thread 0x8321c800 Uncommon trap: reason=unstable_if action=reinterpret pc=0xaeceb2e0 method=java.util.HashMap.hash(Ljava/lang/Object;)I @ 1
Event: 0.324 Thread 0x8321c800 Uncommon trap: reason=class_check action=maybe_recompile pc=0xaecefae0 method=java.util.HashMap.putVal(ILjava/lang/Object;Ljava/lang/Object;ZZ)Ljava/lang/Object; @ 253
Event: 0.325 Thread 0x8321c800 Uncommon trap: reason=unstable_if action=reinterpret pc=0xaecefe64 method=java.util.HashMap.putVal(ILjava/lang/Object;Ljava/lang/Object;ZZ)Ljava/lang/Object; @ 181
Event: 0.333 Thread 0x8321c800 Uncommon trap: reason=unstable_fused_if action=reinterpret pc=0xaecf95b4 method=jdk.internal.org.objectweb.asm.ByteVector.putUTF8(Ljava/lang/String;)Ljdk/internal/org/objectweb/asm/ByteVector; @ 91

Classes redefined (0 events):
No events

Internal exceptions (7 events):
Event: 0.172 Thread 0xb640b000 Exception <a 'java/lang/ClassNotFoundException': sun/awt/resources/awtProvider> (0x892f9088) thrown at [/build/openjdk-9-GMfJKp/openjdk-9-9~b114/src/hotspot/src/share/vm/classfile/systemDictionary.cpp, line 224]
Event: 0.186 Thread 0xb640b000 Exception <a 'java/io/FileNotFoundException'> (0x89136388) thrown at [/build/openjdk-9-GMfJKp/openjdk-9-9~b114/src/hotspot/src/share/vm/prims/jni.cpp, line 605]
Event: 0.187 Thread 0xb640b000 Exception <a 'java/io/FileNotFoundException'> (0x8913daa0) thrown at [/build/openjdk-9-GMfJKp/openjdk-9-9~b114/src/hotspot/src/share/vm/prims/jni.cpp, line 605]
Event: 0.306 Thread 0x8321c800 Exception <a 'java/lang/ClassNotFoundException': com/sun/swing/internal/plaf/metal/resources/metalProvider> (0x89276158) thrown at [/build/openjdk-9-GMfJKp/openjdk-9-9~b114/src/hotspot/src/share/vm/classfile/systemDictionary.cpp, line 224]
Event: 0.307 Thread 0x8321c800 Exception <a 'java/lang/ClassNotFoundException': com/sun/swing/internal/plaf/basic/resources/basicProvider> (0x892794d0) thrown at [/build/openjdk-9-GMfJKp/openjdk-9-9~b114/src/hotspot/src/share/vm/classfile/systemDictionary.cpp, line 224]
Event: 0.314 Thread 0x8321c800 Implicit null exception at 0xaecf0b3b to 0xaecf13a6
Event: 0.318 Thread 0x8321c800 Implicit null exception at 0xaeceb28b to 0xaeceb2d0

Events (10 events):
Event: 0.450 loading class sun/nio/cs/UTF_16$Decoder
Event: 0.450 loading class sun/nio/cs/UnicodeDecoder
Event: 0.450 loading class sun/nio/cs/UnicodeDecoder done
Event: 0.450 loading class sun/nio/cs/UTF_16$Decoder done
Event: 0.450 loading class sun/font/FileFontStrike
Event: 0.451 loading class sun/font/FileFontStrike done
Event: 0.451 loading class sun/font/FontScaler
Event: 0.451 loading class sun/font/FontScaler done
Event: 0.451 loading class sun/font/FreetypeFontScaler
Event: 0.451 loading class sun/font/FreetypeFontScaler done


Dynamic libraries:
08048000-08049000 r-xp 00000000 08:05 6427315    /usr/lib/jvm/java-9-openjdk-i386/bin/java
08049000-0804a000 r--p 00000000 08:05 6427315    /usr/lib/jvm/java-9-openjdk-i386/bin/java
0804a000-0804b000 rw-p 00001000 08:05 6427315    /usr/lib/jvm/java-9-openjdk-i386/bin/java
09a08000-09ad3000 rw-p 00000000 00:00 0          [heap]
82c00000-82c24000 rw-p 00000000 00:00 0 
82c24000-82d00000 ---p 00000000 00:00 0 
82dbc000-82e9c000 rw-p 00000000 00:00 0 
82e9c000-82ebc000 ---p 00000000 00:00 0 
82ebc000-82fbc000 rw-p 00000000 00:00 0 
82fbc000-82fc0000 ---p 00000000 00:00 0 
82fc0000-8300d000 rw-p 00000000 00:00 0 
8300d000-83011000 ---p 00000000 00:00 0 
83011000-8305e000 rw-p 00000000 00:00 0 
8305e000-83062000 ---p 00000000 00:00 0 
83062000-830af000 rw-p 00000000 00:00 0 
830af000-830b3000 ---p 00000000 00:00 0 
830b3000-83200000 rw-p 00000000 00:00 0 
83200000-83252000 rw-p 00000000 00:00 0 
83252000-83300000 ---p 00000000 00:00 0 
8331d000-83327000 r-xp 00000000 08:05 6422586    /usr/lib/i386-linux-gnu/libXcursor.so.1.0.2
83327000-83328000 r--p 00009000 08:05 6422586    /usr/lib/i386-linux-gnu/libXcursor.so.1.0.2
83328000-83329000 rw-p 0000a000 08:05 6422586    /usr/lib/i386-linux-gnu/libXcursor.so.1.0.2
83329000-83352000 r-xp 00000000 08:05 2753820    /lib/i386-linux-gnu/libpng12.so.0.54.0
83352000-83353000 r--p 00028000 08:05 2753820    /lib/i386-linux-gnu/libpng12.so.0.54.0
83353000-83354000 rw-p 00029000 08:05 2753820    /lib/i386-linux-gnu/libpng12.so.0.54.0
83354000-833ff000 r-xp 00000000 08:05 6422626    /usr/lib/i386-linux-gnu/libfreetype.so.6.12.1
833ff000-83403000 r--p 000aa000 08:05 6422626    /usr/lib/i386-linux-gnu/libfreetype.so.6.12.1
83403000-83404000 rw-p 000ae000 08:05 6422626    /usr/lib/i386-linux-gnu/libfreetype.so.6.12.1
83404000-834c6000 r-xp 00000000 08:05 6427355    /usr/lib/jvm/java-9-openjdk-i386/lib/i386/libfontmanager.so
834c6000-834c8000 r--p 000c1000 08:05 6427355    /usr/lib/jvm/java-9-openjdk-i386/lib/i386/libfontmanager.so
834c8000-834c9000 rw-p 000c3000 08:05 6427355    /usr/lib/jvm/java-9-openjdk-i386/lib/i386/libfontmanager.so
834c9000-834ed000 r-xp 00000000 08:05 6429629    /usr/lib/i386-linux-gnu/libxcb.so.1.1.0
834ed000-834ee000 r--p 00023000 08:05 6429629    /usr/lib/i386-linux-gnu/libxcb.so.1.1.0
834ee000-834ef000 rw-p 00024000 08:05 6429629    /usr/lib/i386-linux-gnu/libxcb.so.1.1.0
834ef000-83500000 r-xp 00000000 08:05 6428279    /usr/lib/i386-linux-gnu/libXi.so.6.1.0
83500000-83501000 r--p 00010000 08:05 6428279    /usr/lib/i386-linux-gnu/libXi.so.6.1.0
83501000-83502000 rw-p 00011000 08:05 6428279    /usr/lib/i386-linux-gnu/libXi.so.6.1.0
83502000-83648000 r-xp 00000000 08:05 6428254    /usr/lib/i386-linux-gnu/libX11.so.6.3.0
83648000-83649000 ---p 00146000 08:05 6428254    /usr/lib/i386-linux-gnu/libX11.so.6.3.0
83649000-8364a000 r--p 00146000 08:05 6428254    /usr/lib/i386-linux-gnu/libX11.so.6.3.0
8364a000-8364c000 rw-p 00147000 08:05 6428254    /usr/lib/i386-linux-gnu/libX11.so.6.3.0
8364c000-8364d000 rw-p 00000000 00:00 0 
83665000-836b9000 r-xp 00000000 08:05 6428924    /usr/lib/jvm/java-9-openjdk-i386/lib/i386/libawt_xawt.so
836b9000-836ba000 r--p 00053000 08:05 6428924    /usr/lib/jvm/java-9-openjdk-i386/lib/i386/libawt_xawt.so
836ba000-836bc000 rw-p 00054000 08:05 6428924    /usr/lib/jvm/java-9-openjdk-i386/lib/i386/libawt_xawt.so
836bc000-836bd000 rw-p 00000000 00:00 0 
836bd000-83753000 r-xp 00000000 08:05 6427354    /usr/lib/jvm/java-9-openjdk-i386/lib/i386/libawt.so
83753000-83754000 r--p 00095000 08:05 6427354    /usr/lib/jvm/java-9-openjdk-i386/lib/i386/libawt.so
83754000-8375b000 rw-p 00096000 08:05 6427354    /usr/lib/jvm/java-9-openjdk-i386/lib/i386/libawt.so
8375b000-8377f000 rw-p 00000000 00:00 0 
8377f000-83780000 ---p 00000000 00:00 0 
83780000-83800000 rw-p 00000000 00:00 0 
83800000-83900000 rw-p 00000000 00:00 0 
83900000-83913000 r-xp 00000000 08:05 6428271    /usr/lib/i386-linux-gnu/libXext.so.6.4.0
83913000-83914000 r--p 00012000 08:05 6428271    /usr/lib/i386-linux-gnu/libXext.so.6.4.0
83914000-83915000 rw-p 00013000 08:05 6428271    /usr/lib/i386-linux-gnu/libXext.so.6.4.0
83915000-83919000 ---p 00000000 00:00 0 
83919000-83966000 rw-p 00000000 00:00 0 
83966000-8396a000 ---p 00000000 00:00 0 
8396a000-855b8000 rw-p 00000000 00:00 0 
855b8000-855bc000 ---p 00000000 00:00 0 
855bc000-85609000 rw-p 00000000 00:00 0 
85609000-8560d000 ---p 00000000 00:00 0 
8560d000-8568a000 rw-p 00000000 00:00 0 
8568a000-8568e000 ---p 00000000 00:00 0 
8568e000-8570b000 rw-p 00000000 00:00 0 
8570b000-8570f000 ---p 00000000 00:00 0 
8570f000-8578c000 rw-p 00000000 00:00 0 
8578c000-85790000 ---p 00000000 00:00 0 
85790000-857dd000 rw-p 00000000 00:00 0 
857dd000-857e1000 ---p 00000000 00:00 0 
857e1000-8582e000 rw-p 00000000 00:00 0 
8582e000-85a2e000 r--p 00000000 08:05 6423597    /usr/lib/locale/locale-archive
85a2e000-85a32000 ---p 00000000 00:00 0 
85a32000-85a7f000 rw-p 00000000 00:00 0 
85a7f000-85a80000 ---p 00000000 00:00 0 
85a80000-85b00000 rw-p 00000000 00:00 0 
85b00000-85bf6000 rw-p 00000000 00:00 0 
85bf6000-85c00000 ---p 00000000 00:00 0 
85c03000-85c08000 r-xp 00000000 08:05 6428273    /usr/lib/i386-linux-gnu/libXfixes.so.3.1.0
85c08000-85c09000 r--p 00004000 08:05 6428273    /usr/lib/i386-linux-gnu/libXfixes.so.3.1.0
85c09000-85c0a000 rw-p 00005000 08:05 6428273    /usr/lib/i386-linux-gnu/libXfixes.so.3.1.0
85c0a000-85c0f000 r-xp 00000000 08:05 6428269    /usr/lib/i386-linux-gnu/libXdmcp.so.6.0.0
85c0f000-85c10000 r--p 00004000 08:05 6428269    /usr/lib/i386-linux-gnu/libXdmcp.so.6.0.0
85c10000-85c11000 rw-p 00005000 08:05 6428269    /usr/lib/i386-linux-gnu/libXdmcp.so.6.0.0
85c11000-86057000 rw-p 00000000 00:00 0 
86057000-8605d000 ---p 00000000 00:00 0 
8605d000-8605e000 ---p 00000000 00:00 0 
8605e000-860de000 rw-p 00000000 00:00 0 
860de000-860df000 ---p 00000000 00:00 0 
860df000-861df000 rw-p 00000000 00:00 0 
861df000-86937000 ---p 00000000 00:00 0 
86937000-869b7000 rw-p 00000000 00:00 0 
869b7000-8710f000 ---p 00000000 00:00 0 
8710f000-8711f000 rw-p 00000000 00:00 0 
8711f000-8720a000 ---p 00000000 00:00 0 
8720a000-8721a000 rw-p 00000000 00:00 0 
8721a000-87400000 ---p 00000000 00:00 0 
87400000-89400000 rw-p 00000000 00:00 0 
89400000-a6a00000 ---p 00000000 00:00 0 
a6a03000-a6a13000 rw-p 00000000 00:00 0 
a6a13000-a6afe000 ---p 00000000 00:00 0 
a6afe000-a6aff000 ---p 00000000 00:00 0 
a6aff000-a6b7f000 rw-p 00000000 00:00 0 
a6b7f000-a6b80000 ---p 00000000 00:00 0 
a6b80000-a6c00000 rw-p 00000000 00:00 0 
a6c00000-a6cfe000 rw-p 00000000 00:00 0 
a6cfe000-a6d00000 ---p 00000000 00:00 0 
a6d04000-a6d19000 r-xp 00000000 08:05 6427391    /usr/lib/jvm/java-9-openjdk-i386/lib/i386/libnet.so
a6d19000-a6d1a000 r--p 00014000 08:05 6427391    /usr/lib/jvm/java-9-openjdk-i386/lib/i386/libnet.so
a6d1a000-a6d1b000 rw-p 00015000 08:05 6427391    /usr/lib/jvm/java-9-openjdk-i386/lib/i386/libnet.so
a6d1b000-a6d2c000 r-xp 00000000 08:05 6428936    /usr/lib/jvm/java-9-openjdk-i386/lib/i386/libnio.so
a6d2c000-a6d2d000 r--p 00010000 08:05 6428936    /usr/lib/jvm/java-9-openjdk-i386/lib/i386/libnio.so
a6d2d000-a6d2e000 rw-p 00011000 08:05 6428936    /usr/lib/jvm/java-9-openjdk-i386/lib/i386/libnio.so
a6d2e000-a6d32000 ---p 00000000 00:00 0 
a6d32000-a6d7f000 rw-p 00000000 00:00 0 
a6d7f000-a6d80000 ---p 00000000 00:00 0 
a6d80000-a6e00000 rw-p 00000000 00:00 0 
a6e00000-a6e21000 rw-p 00000000 00:00 0 
a6e21000-a6f00000 ---p 00000000 00:00 0 
a6f06000-a6f10000 r-xp 00000000 08:05 6428291    /usr/lib/i386-linux-gnu/libXrender.so.1.3.0
a6f10000-a6f11000 r--p 00009000 08:05 6428291    /usr/lib/i386-linux-gnu/libXrender.so.1.3.0
a6f11000-a6f12000 rw-p 0000a000 08:05 6428291    /usr/lib/i386-linux-gnu/libXrender.so.1.3.0
a6f12000-a6f6d000 rw-p 00000000 00:00 0 
a6f6d000-a6f6e000 ---p 00000000 00:00 0 
a6f6e000-a6fee000 rw-p 00000000 00:00 0 
a6fee000-a6fef000 ---p 00000000 00:00 0 
a6fef000-a7074000 rw-p 00000000 00:00 0 
a7074000-a715a000 ---p 00000000 00:00 0 
a715a000-a715f000 rw-p 00000000 00:00 0 
a715f000-a7245000 ---p 00000000 00:00 0 
a7245000-a7485000 rwxp 00000000 00:00 0 
a7485000-a778e000 ---p 00000000 00:00 0 
a778e000-a79ce000 rwxp 00000000 00:00 0 
a79ce000-aece9000 ---p 00000000 00:00 0 
aece9000-aef29000 rwxp 00000000 00:00 0 
aef29000-b6245000 ---p 00000000 00:00 0 
b6245000-b6400000 r--s 00000000 08:05 6427321    /usr/lib/jvm/java-9-openjdk-i386/lib/modules
b6400000-b6500000 rw-p 00000000 00:00 0 
b6502000-b6504000 r-xp 00000000 08:05 6428258    /usr/lib/i386-linux-gnu/libXau.so.6.0.0
b6504000-b6505000 r--p 00001000 08:05 6428258    /usr/lib/i386-linux-gnu/libXau.so.6.0.0
b6505000-b6506000 rw-p 00002000 08:05 6428258    /usr/lib/i386-linux-gnu/libXau.so.6.0.0
b6506000-b652b000 rw-p 00000000 00:00 0 
b652b000-b6531000 ---p 00000000 00:00 0 
b6531000-b653c000 r-xp 00000000 08:05 2752609    /lib/i386-linux-gnu/libnss_files-2.23.so
b653c000-b653d000 r--p 0000a000 08:05 2752609    /lib/i386-linux-gnu/libnss_files-2.23.so
b653d000-b653e000 rw-p 0000b000 08:05 2752609    /lib/i386-linux-gnu/libnss_files-2.23.so
b653e000-b6544000 rw-p 00000000 00:00 0 
b6544000-b654f000 r-xp 00000000 08:05 2753818    /lib/i386-linux-gnu/libnss_nis-2.23.so
b654f000-b6550000 r--p 0000a000 08:05 2753818    /lib/i386-linux-gnu/libnss_nis-2.23.so
b6550000-b6551000 rw-p 0000b000 08:05 2753818    /lib/i386-linux-gnu/libnss_nis-2.23.so
b6551000-b6568000 r-xp 00000000 08:05 2752527    /lib/i386-linux-gnu/libnsl-2.23.so
b6568000-b6569000 r--p 00016000 08:05 2752527    /lib/i386-linux-gnu/libnsl-2.23.so
b6569000-b656a000 rw-p 00017000 08:05 2752527    /lib/i386-linux-gnu/libnsl-2.23.so
b656a000-b656c000 rw-p 00000000 00:00 0 
b656c000-b6574000 r-xp 00000000 08:05 2752604    /lib/i386-linux-gnu/libnss_compat-2.23.so
b6574000-b6575000 r--p 00007000 08:05 2752604    /lib/i386-linux-gnu/libnss_compat-2.23.so
b6575000-b6576000 rw-p 00008000 08:05 2752604    /lib/i386-linux-gnu/libnss_compat-2.23.so
b6576000-b657b000 r-xp 00000000 08:05 6428297    /usr/lib/i386-linux-gnu/libXtst.so.6.1.0
b657b000-b657c000 r--p 00004000 08:05 6428297    /usr/lib/i386-linux-gnu/libXtst.so.6.1.0
b657c000-b657d000 rw-p 00005000 08:05 6428297    /usr/lib/i386-linux-gnu/libXtst.so.6.1.0
b657d000-b657e000 r--p 002cf000 08:05 6423597    /usr/lib/locale/locale-archive
b657e000-b6583000 r-xp 00000000 08:05 6428689    /usr/lib/jvm/java-9-openjdk-i386/lib/i386/libjimage.so
b6583000-b6584000 r--p 00004000 08:05 6428689    /usr/lib/jvm/java-9-openjdk-i386/lib/i386/libjimage.so
b6584000-b6585000 rw-p 00005000 08:05 6428689    /usr/lib/jvm/java-9-openjdk-i386/lib/i386/libjimage.so
b6585000-b658c000 r-xp 00000000 08:05 6428508    /usr/lib/jvm/java-9-openjdk-i386/lib/i386/libzip.so
b658c000-b658d000 r--p 00006000 08:05 6428508    /usr/lib/jvm/java-9-openjdk-i386/lib/i386/libzip.so
b658d000-b658e000 rw-p 00007000 08:05 6428508    /usr/lib/jvm/java-9-openjdk-i386/lib/i386/libzip.so
b658e000-b65b4000 r-xp 00000000 08:05 6427328    /usr/lib/jvm/java-9-openjdk-i386/lib/i386/libjava.so
b65b4000-b65b5000 r--p 00025000 08:05 6427328    /usr/lib/jvm/java-9-openjdk-i386/lib/i386/libjava.so
b65b5000-b65b6000 rw-p 00026000 08:05 6427328    /usr/lib/jvm/java-9-openjdk-i386/lib/i386/libjava.so
b65b6000-b65bd000 r-xp 00000000 08:05 2753865    /lib/i386-linux-gnu/librt-2.23.so
b65bd000-b65be000 r--p 00006000 08:05 2753865    /lib/i386-linux-gnu/librt-2.23.so
b65be000-b65bf000 rw-p 00007000 08:05 2753865    /lib/i386-linux-gnu/librt-2.23.so
b65bf000-b65c3000 ---p 00000000 00:00 0 
b65c3000-b6610000 rw-p 00000000 00:00 0 
b6610000-b662c000 r-xp 00000000 08:05 2753886    /lib/i386-linux-gnu/libgcc_s.so.1
b662c000-b662d000 rw-p 0001b000 08:05 2753886    /lib/i386-linux-gnu/libgcc_s.so.1
b662d000-b6680000 r-xp 00000000 08:05 2752517    /lib/i386-linux-gnu/libm-2.23.so
b6680000-b6681000 r--p 00052000 08:05 2752517    /lib/i386-linux-gnu/libm-2.23.so
b6681000-b6682000 rw-p 00053000 08:05 2752517    /lib/i386-linux-gnu/libm-2.23.so
b6682000-b67ef000 r-xp 00000000 08:05 6424568    /usr/lib/i386-linux-gnu/libstdc++.so.6.0.21
b67ef000-b67f0000 ---p 0016d000 08:05 6424568    /usr/lib/i386-linux-gnu/libstdc++.so.6.0.21
b67f0000-b67f5000 r--p 0016d000 08:05 6424568    /usr/lib/i386-linux-gnu/libstdc++.so.6.0.21
b67f5000-b67f6000 rw-p 00172000 08:05 6424568    /usr/lib/i386-linux-gnu/libstdc++.so.6.0.21
b67f6000-b67f9000 rw-p 00000000 00:00 0 
b67f9000-b7425000 r-xp 00000000 08:05 6428404    /usr/lib/jvm/java-9-openjdk-i386/lib/i386/server/libjvm.so
b7425000-b747a000 r--p 00c2b000 08:05 6428404    /usr/lib/jvm/java-9-openjdk-i386/lib/i386/server/libjvm.so
b747a000-b7498000 rw-p 00c80000 08:05 6428404    /usr/lib/jvm/java-9-openjdk-i386/lib/i386/server/libjvm.so
b7498000-b74c0000 rw-p 00000000 00:00 0 
b74c0000-b74d9000 r-xp 00000000 08:05 2752537    /lib/i386-linux-gnu/libpthread-2.23.so
b74d9000-b74da000 r--p 00018000 08:05 2752537    /lib/i386-linux-gnu/libpthread-2.23.so
b74da000-b74db000 rw-p 00019000 08:05 2752537    /lib/i386-linux-gnu/libpthread-2.23.so
b74db000-b74de000 rw-p 00000000 00:00 0 
b74de000-b74e1000 r-xp 00000000 08:05 2752598    /lib/i386-linux-gnu/libdl-2.23.so
b74e1000-b74e2000 r--p 00002000 08:05 2752598    /lib/i386-linux-gnu/libdl-2.23.so
b74e2000-b74e3000 rw-p 00003000 08:05 2752598    /lib/i386-linux-gnu/libdl-2.23.so
b74e3000-b74fc000 r-xp 00000000 08:05 2753910    /lib/i386-linux-gnu/libz.so.1.2.8
b74fc000-b74fd000 r--p 00018000 08:05 2753910    /lib/i386-linux-gnu/libz.so.1.2.8
b74fd000-b74fe000 rw-p 00019000 08:05 2753910    /lib/i386-linux-gnu/libz.so.1.2.8
b74fe000-b76ae000 r-xp 00000000 08:05 2752596    /lib/i386-linux-gnu/libc-2.23.so
b76ae000-b76b0000 r--p 001af000 08:05 2752596    /lib/i386-linux-gnu/libc-2.23.so
b76b0000-b76b1000 rw-p 001b1000 08:05 2752596    /lib/i386-linux-gnu/libc-2.23.so
b76b1000-b76b4000 rw-p 00000000 00:00 0 
b76b4000-b76bc000 rw-s 00000000 08:05 7212297    /tmp/hsperfdata_lab2-pc13/10317
b76bc000-b76bd000 rw-p 00000000 00:00 0 
b76bd000-b76be000 r--p 00000000 00:00 0 
b76be000-b76c9000 r-xp 00000000 08:05 6427330    /usr/lib/jvm/java-9-openjdk-i386/lib/i386/libverify.so
b76c9000-b76ca000 ---p 0000b000 08:05 6427330    /usr/lib/jvm/java-9-openjdk-i386/lib/i386/libverify.so
b76ca000-b76cb000 r--p 0000b000 08:05 6427330    /usr/lib/jvm/java-9-openjdk-i386/lib/i386/libverify.so
b76cb000-b76cc000 rw-p 0000c000 08:05 6427330    /usr/lib/jvm/java-9-openjdk-i386/lib/i386/libverify.so
b76cc000-b76da000 r-xp 00000000 08:05 6428908    /usr/lib/jvm/java-9-openjdk-i386/lib/i386/jli/libjli.so
b76da000-b76db000 r--p 0000d000 08:05 6428908    /usr/lib/jvm/java-9-openjdk-i386/lib/i386/jli/libjli.so
b76db000-b76dc000 rw-p 0000e000 08:05 6428908    /usr/lib/jvm/java-9-openjdk-i386/lib/i386/jli/libjli.so
b76dc000-b76dd000 rw-p 00000000 00:00 0 
b76dd000-b76e0000 r--p 00000000 00:00 0          [vvar]
b76e0000-b76e1000 r-xp 00000000 00:00 0          [vdso]
b76e1000-b7704000 r-xp 00000000 08:05 2752530    /lib/i386-linux-gnu/ld-2.23.so
b7704000-b7705000 r--p 00022000 08:05 2752530    /lib/i386-linux-gnu/ld-2.23.so
b7705000-b7706000 rw-p 00023000 08:05 2752530    /lib/i386-linux-gnu/ld-2.23.so
bfada000-bfafb000 rw-p 00000000 00:00 0          [stack]

VM Arguments:
java_command: SwingDemo
java_class_path (initial): .
Launcher Type: SUN_STANDARD

Environment Variables:
PATH=/home/lab2-pc13/bin:/home/lab2-pc13/.local/bin:/usr/local/sbin:/usr/local/bin:/usr/sbin:/usr/bin:/sbin:/bin:/usr/games:/usr/local/games:/snap/bin
SHELL=/bin/bash
DISPLAY=:0

Signal Handlers:
SIGSEGV: [libjvm.so+0x9e08a0], sa_mask[0]=11111111011111111101111111111110, sa_flags=SA_RESTART|SA_SIGINFO
SIGBUS: [libjvm.so+0x9e08a0], sa_mask[0]=11111111011111111101111111111110, sa_flags=SA_RESTART|SA_SIGINFO
SIGFPE: [libjvm.so+0x9e08a0], sa_mask[0]=11111111011111111101111111111110, sa_flags=SA_RESTART|SA_SIGINFO
SIGPIPE: [libjvm.so+0x832630], sa_mask[0]=11111111011111111101111111111110, sa_flags=SA_RESTART|SA_SIGINFO
SIGXFSZ: [libjvm.so+0x832630], sa_mask[0]=11111111011111111101111111111110, sa_flags=SA_RESTART|SA_SIGINFO
SIGILL: [libjvm.so+0x9e08a0], sa_mask[0]=11111111011111111101111111111110, sa_flags=SA_RESTART|SA_SIGINFO
SIGUSR2: [libjvm.so+0x832460], sa_mask[0]=00000000000000000000000000000000, sa_flags=SA_RESTART|SA_SIGINFO
SIGHUP: [libjvm.so+0x8328a0], sa_mask[0]=11111111011111111101111111111110, sa_flags=SA_RESTART|SA_SIGINFO
SIGINT: [libjvm.so+0x8328a0], sa_mask[0]=11111111011111111101111111111110, sa_flags=SA_RESTART|SA_SIGINFO
SIGTERM: [libjvm.so+0x8328a0], sa_mask[0]=11111111011111111101111111111110, sa_flags=SA_RESTART|SA_SIGINFO
SIGQUIT: [libjvm.so+0x8328a0], sa_mask[0]=11111111011111111101111111111110, sa_flags=SA_RESTART|SA_SIGINFO


---------------  S Y S T E M  ---------------

OS:DISTRIB_ID=Ubuntu
DISTRIB_RELEASE=16.04
DISTRIB_CODENAME=xenial
DISTRIB_DESCRIPTION="Ubuntu 16.04.5 LTS"
uname:Linux 4.4.0-134-generic #160-Ubuntu SMP Wed Aug 15 14:57:38 UTC 2018 i686
libc:glibc 2.23 NPTL 2.23 
rlimit: STACK 8192k, CORE 0k, NPROC 15713, NOFILE 1048576, AS infinity
load average:0.56 1.08 0.83

/proc/meminfo:
MemTotal:        2050844 kB
MemFree:          541764 kB
MemAvailable:    1167104 kB
Buffers:          109052 kB
Cached:           912788 kB
SwapCached:           32 kB
Active:           691384 kB
Inactive:         705856 kB
Active(anon):     271216 kB
Inactive(anon):   329728 kB
Active(file):     420168 kB
Inactive(file):   376128 kB
Unevictable:          48 kB
Mlocked:              48 kB
HighTotal:       1172848 kB
HighFree:         311916 kB
LowTotal:         877996 kB
LowFree:          229848 kB
SwapTotal:       2083836 kB
SwapFree:        2082240 kB
Dirty:               136 kB
Writeback:             0 kB
AnonPages:        375508 kB
Mapped:           172660 kB
Shmem:            225536 kB
Slab:              82132 kB
SReclaimable:      65668 kB
SUnreclaim:        16464 kB
KernelStack:        3040 kB
PageTables:         7988 kB
NFS_Unstable:          0 kB
Bounce:                0 kB
WritebackTmp:          0 kB
CommitLimit:     3109256 kB
Committed_AS:    3412268 kB
VmallocTotal:     122880 kB
VmallocUsed:           0 kB
VmallocChunk:          0 kB
AnonHugePages:         0 kB
CmaTotal:              0 kB
CmaFree:               0 kB
HugePages_Total:       0
HugePages_Free:        0
HugePages_Rsvd:        0
HugePages_Surp:        0
Hugepagesize:       2048 kB
DirectMap4k:       43000 kB
DirectMap2M:      870400 kB


CPU:total 2 (2 cores per cpu, 1 threads per core) family 6 model 23 stepping 10, cmov, cx8, fxsr, mmx, sse, sse2, sse3, ssse3, sse4.1, tsc

CPU Model and flags from /proc/cpuinfo:
model name	: Intel(R) Core(TM)2 Duo CPU     E7500  @ 2.93GHz
flags		: fpu vme de pse tsc msr pae mce cx8 apic sep mtrr pge mca cmov pat pse36 clflush dts acpi mmx fxsr sse sse2 ss ht tm pbe nx lm constant_tsc arch_perfmon pebs bts aperfmperf pni dtes64 monitor ds_cpl vmx est tm2 ssse3 cx16 xtpr pdcm sse4_1 xsave lahf_lm tpr_shadow vnmi flexpriority dtherm

Memory: 4k page, physical 2050844k(541764k free), swap 2083836k(2082240k free)

vm_info: OpenJDK Server VM (9-internal+0-2016-04-14-195526.buildd.src) for linux-x86 JRE (9-internal+0-2016-04-14-195526.buildd.src), built on Apr 14 2016 20:15:09 by "buildd" with gcc 5.3.1 20160413

END.
