#
# A fatal error has been detected by the Java Runtime Environment:
#
#  SIGSEGV (0xb) at pc=0xb662fe48, pid=10404, tid=10428
#
# JRE version: OpenJDK Runtime Environment (9.0) (build 9-internal+0-2016-04-14-195526.buildd.src)
# Java VM: OpenJDK Server VM (9-internal+0-2016-04-14-195526.buildd.src, mixed mode, tiered, g1 gc, linux-x86)
# Problematic frame:
# C  [libjava.so+0x18e48]  JNU_GetEnv+0x18
#
# Core dump will be written. Default location: Core dumps may be processed with "/usr/share/apport/apport %p %s %c %d %P" (or dumping to /home/lab2-pc13/Ruturaj_Sawant/core.10404)
#
# If you would like to submit a bug report, please visit:
#   http://bugreport.java.com/bugreport/crash.jsp
# The crash happened outside the Java Virtual Machine in native code.
# See problematic frame for where to report the bug.
#

---------------  S U M M A R Y ------------

Command Line: SwingDemo

Host: Intel(R) Core(TM)2 Duo CPU     E7500  @ 2.93GHz, 2 cores, 1G, Ubuntu 16.04.5 LTS
Time: Tue Aug 28 11:52:37 2018 IST elapsed time: 0 seconds (0d 0h 0m 0s)

---------------  T H R E A D  ---------------

Current thread (0x83891400):  JavaThread "AWT-EventQueue-0" [_thread_in_native, id=10428, stack(0x8316b000,0x831bc000)]

Stack: [0x8316b000,0x831bc000],  sp=0x831b8e5c,  free space=311k
Native frames: (J=compiled Java code, j=interpreted, Vv=VM code, C=native code)
C  [libjava.so+0x18e48]  JNU_GetEnv+0x18
C  [libfontmanager.so+0x2faf5]
C  [libfreetype.so.6+0xf4dc]  FT_Stream_Seek+0x1c

Java frames: (J=compiled Java code, j=interpreted, Vv=VM code)
j  sun.font.FreetypeFontScaler.initNativeScaler(Lsun/font/Font2D;IIZI)J+0 java.desktop@9-internal
j  sun.font.FreetypeFontScaler.<init>(Lsun/font/Font2D;IZI)V+26 java.desktop@9-internal
v  ~StubRoutines::call_stub
j  sun.reflect.NativeConstructorAccessorImpl.newInstance0(Ljava/lang/reflect/Constructor;[Ljava/lang/Object;)Ljava/lang/Object;+0 java.base@9-internal
j  sun.reflect.NativeConstructorAccessorImpl.newInstance([Ljava/lang/Object;)Ljava/lang/Object;+85 java.base@9-internal
j  sun.reflect.DelegatingConstructorAccessorImpl.newInstance([Ljava/lang/Object;)Ljava/lang/Object;+5 java.base@9-internal
j  java.lang.reflect.Constructor.newInstance([Ljava/lang/Object;)Ljava/lang/Object;+65 java.base@9-internal
j  sun.font.FontScaler.getScaler(Lsun/font/Font2D;IZI)Lsun/font/FontScaler;+39 java.desktop@9-internal
j  sun.font.TrueTypeFont.getScaler()Lsun/font/FontScaler;+21 java.desktop@9-internal
j  sun.font.FileFontStrike.<init>(Lsun/font/FileFont;Lsun/font/FontStrikeDesc;)V+204 java.desktop@9-internal
j  sun.font.FileFont.createStrike(Lsun/font/FontStrikeDesc;)Lsun/font/FontStrike;+18 java.desktop@9-internal
j  sun.font.Font2D.getStrike(Lsun/font/FontStrikeDesc;Z)Lsun/font/FontStrike;+92 java.desktop@9-internal
j  sun.font.Font2D.getStrike(Lsun/font/FontStrikeDesc;)Lsun/font/FontStrike;+3 java.desktop@9-internal
j  sun.font.CompositeStrike.getStrikeForSlot(I)Lsun/font/PhysicalStrike;+23 java.desktop@9-internal
j  sun.font.CompositeStrike.getFontMetrics()Lsun/font/StrikeMetrics;+31 java.desktop@9-internal
j  sun.font.FontDesignMetrics.initMatrixAndMetrics()V+28 java.desktop@9-internal
j  sun.font.FontDesignMetrics.<init>(Ljava/awt/Font;Ljava/awt/font/FontRenderContext;)V+62 java.desktop@9-internal
j  sun.font.FontDesignMetrics.getMetrics(Ljava/awt/Font;Ljava/awt/font/FontRenderContext;)Lsun/font/FontDesignMetrics;+128 java.desktop@9-internal
j  sun.swing.SwingUtilities2.getFontMetrics(Ljavax/swing/JComponent;Ljava/awt/Font;)Ljava/awt/FontMetrics;+15 java.desktop@9-internal
j  javax.swing.JComponent.getFontMetrics(Ljava/awt/Font;)Ljava/awt/FontMetrics;+2 java.desktop@9-internal
j  sun.swing.SwingUtilities2.getFontMetrics(Ljavax/swing/JComponent;Ljava/awt/Graphics;Ljava/awt/Font;)Ljava/awt/FontMetrics;+6 java.desktop@9-internal
j  sun.swing.SwingUtilities2.getFontMetrics(Ljavax/swing/JComponent;Ljava/awt/Graphics;)Ljava/awt/FontMetrics;+6 java.desktop@9-internal
j  javax.swing.plaf.basic.BasicLabelUI.paint(Ljava/awt/Graphics;Ljavax/swing/JComponent;)V+44 java.desktop@9-internal
j  javax.swing.plaf.ComponentUI.update(Ljava/awt/Graphics;Ljavax/swing/JComponent;)V+32 java.desktop@9-internal
j  javax.swing.JComponent.paintComponent(Ljava/awt/Graphics;)V+26 java.desktop@9-internal
j  javax.swing.JComponent.paint(Ljava/awt/Graphics;)V+286 java.desktop@9-internal
j  javax.swing.JComponent.paintChildren(Ljava/awt/Graphics;)V+501 java.desktop@9-internal
j  javax.swing.JComponent.paint(Ljava/awt/Graphics;)V+318 java.desktop@9-internal
j  javax.swing.JComponent.paintChildren(Ljava/awt/Graphics;)V+501 java.desktop@9-internal
j  javax.swing.JComponent.paint(Ljava/awt/Graphics;)V+318 java.desktop@9-internal
j  javax.swing.JLayeredPane.paint(Ljava/awt/Graphics;)V+73 java.desktop@9-internal
j  javax.swing.JComponent.paintChildren(Ljava/awt/Graphics;)V+501 java.desktop@9-internal
j  javax.swing.JComponent.paintToOffscreen(Ljava/awt/Graphics;IIIIII)V+72 java.desktop@9-internal
j  javax.swing.BufferStrategyPaintManager.paint(Ljavax/swing/JComponent;Ljavax/swing/JComponent;Ljava/awt/Graphics;IIII)Z+164 java.desktop@9-internal
j  javax.swing.RepaintManager.paint(Ljavax/swing/JComponent;Ljavax/swing/JComponent;Ljava/awt/Graphics;IIII)V+51 java.desktop@9-internal
j  javax.swing.JComponent.paint(Ljava/awt/Graphics;)V+221 java.desktop@9-internal
j  java.awt.GraphicsCallback$PaintCallback.run(Ljava/awt/Component;Ljava/awt/Graphics;)V+2 java.desktop@9-internal
j  sun.awt.SunGraphicsCallback.runOneComponent(Ljava/awt/Component;Ljava/awt/Rectangle;Ljava/awt/Graphics;Ljava/awt/Shape;I)V+155 java.desktop@9-internal
j  sun.awt.SunGraphicsCallback.runComponents([Ljava/awt/Component;Ljava/awt/Graphics;I)V+157 java.desktop@9-internal
j  java.awt.Container.paint(Ljava/awt/Graphics;)V+58 java.desktop@9-internal
j  java.awt.Window.paint(Ljava/awt/Graphics;)V+68 java.desktop@9-internal
j  javax.swing.RepaintManager$4.run()Ljava/lang/Void;+142 java.desktop@9-internal
j  javax.swing.RepaintManager$4.run()Ljava/lang/Object;+1 java.desktop@9-internal
v  ~StubRoutines::call_stub
j  java.security.AccessController.doPrivileged(Ljava/security/PrivilegedAction;Ljava/security/AccessControlContext;)Ljava/lang/Object;+0 java.base@9-internal
j  java.security.ProtectionDomain$JavaSecurityAccessImpl.doIntersectionPrivilege(Ljava/security/PrivilegedAction;Ljava/security/AccessControlContext;Ljava/security/AccessControlContext;)Ljava/lang/Object;+18 java.base@9-internal
j  javax.swing.RepaintManager.paintDirtyRegions(Ljava/util/Map;)V+154 java.desktop@9-internal
j  javax.swing.RepaintManager.paintDirtyRegions()V+46 java.desktop@9-internal
j  javax.swing.RepaintManager.prePaintDirtyRegions()V+73 java.desktop@9-internal
j  javax.swing.RepaintManager.access$1200(Ljavax/swing/RepaintManager;)V+1 java.desktop@9-internal
j  javax.swing.RepaintManager$ProcessingRunnable.run()V+37 java.desktop@9-internal
j  java.awt.event.InvocationEvent.dispatch()V+47 java.desktop@9-internal
j  java.awt.EventQueue.dispatchEventImpl(Ljava/awt/AWTEvent;Ljava/lang/Object;)V+21 java.desktop@9-internal
j  java.awt.EventQueue.access$500(Ljava/awt/EventQueue;Ljava/awt/AWTEvent;Ljava/lang/Object;)V+3 java.desktop@9-internal
j  java.awt.EventQueue$3.run()Ljava/lang/Void;+32 java.desktop@9-internal
j  java.awt.EventQueue$3.run()Ljava/lang/Object;+1 java.desktop@9-internal
v  ~StubRoutines::call_stub
j  java.security.AccessController.doPrivileged(Ljava/security/PrivilegedAction;Ljava/security/AccessControlContext;)Ljava/lang/Object;+0 java.base@9-internal
j  java.security.ProtectionDomain$JavaSecurityAccessImpl.doIntersectionPrivilege(Ljava/security/PrivilegedAction;Ljava/security/AccessControlContext;Ljava/security/AccessControlContext;)Ljava/lang/Object;+18 java.base@9-internal
j  java.awt.EventQueue.dispatchEvent(Ljava/awt/AWTEvent;)V+46 java.desktop@9-internal
j  java.awt.EventDispatchThread.pumpOneEventForFilters(I)V+183 java.desktop@9-internal
j  java.awt.EventDispatchThread.pumpEventsForFilter(ILjava/awt/Conditional;Ljava/awt/EventFilter;)V+35 java.desktop@9-internal
j  java.awt.EventDispatchThread.pumpEventsForHierarchy(ILjava/awt/Conditional;Ljava/awt/Component;)V+11 java.desktop@9-internal
j  java.awt.EventDispatchThread.pumpEvents(ILjava/awt/Conditional;)V+4 java.desktop@9-internal
j  java.awt.EventDispatchThread.pumpEvents(Ljava/awt/Conditional;)V+3 java.desktop@9-internal
j  java.awt.EventDispatchThread.run()V+9 java.desktop@9-internal
v  ~StubRoutines::call_stub

siginfo: si_signo: 11 (SIGSEGV), si_code: 1 (SEGV_MAPERR), si_addr: 0x00000000

Register to memory mapping:

EAX=0x00000000 is an unknown value
EBX=0x83561000: <offset 0x000c4000> in /usr/lib/jvm/java-9-openjdk-i386/lib/i386/libfontmanager.so at 0x8349d000
ECX=0x00010002 is an unknown value
EDX=0x00000000 is an unknown value
ESP=0x831b8e5c is pointing into the stack for thread: 0x83891400
EBP=0x831b8e78 is pointing into the stack for thread: 0x83891400
ESI=0x00000000 is an unknown value
EDI=0x00000000 is an unknown value


Registers:
EAX=0x00000000, EBX=0x83561000, ECX=0x00010002, EDX=0x00000000
ESP=0x831b8e5c, EBP=0x831b8e78, ESI=0x00000000, EDI=0x00000000
EIP=0xb662fe48, EFLAGS=0x00010246, CR2=0x0000000000000000

Top of Stack: (sp=0x831b8e5c)
0x831b8e5c:   00000000 831b8ea8 b777f010 83463cdb
0x831b8e6c:   76a1cb00 00000000 8386b608 831b8ea8
0x831b8e7c:   834ccaf5 00000000 00010002 b77397ac
0x831b8e8c:   09c354fc b778e000 8386b8b8 833fb0b9
0x831b8e9c:   09c315e8 00000000 00000000 09c35d40
0x831b8eac:   833fc4dc 09c315e8 00000000 00000000
0x831b8ebc:   00000000 b7739000 8349c000 09c315e8
0x831b8ecc:   834102b8 09c315e8 00000000 00000001 

Instructions: (pc=0xb662fe48)
0xb662fe28:   ff eb f3 90 8d 74 26 00 55 89 e5 83 ec 1c 8b 45
0xb662fe38:   08 65 8b 15 14 00 00 00 89 55 f4 31 d2 8b 4d 0c
0xb662fe48:   8b 10 51 8d 4d f0 51 50 ff 52 18 8b 45 f0 8b 4d
0xb662fe58:   f4 65 33 0d 14 00 00 00 75 02 c9 c3 e8 c7 5b 00 


---------------  P R O C E S S  ---------------

Java Threads: ( => current thread )
  0xb650b000 JavaThread "DestroyJavaVM" [_thread_blocked, id=10405, stack(0xb6648000,0xb6699000)]
=>0x83891400 JavaThread "AWT-EventQueue-0" [_thread_in_native, id=10428, stack(0x8316b000,0x831bc000)]
  0x83890400 JavaThread "AWT-Shutdown" [_thread_blocked, id=10427, stack(0x831bc000,0x8320d000)]
  0x83887400 JavaThread "AWT-XAWT" daemon [_thread_in_native, id=10426, stack(0x8320d000,0x8325e000)]
  0x83874c00 JavaThread "Java2D Disposer" daemon [_thread_blocked, id=10425, stack(0x83271000,0x832c2000)]
  0x85cd3c00 JavaThread "Service Thread" daemon [_thread_blocked, id=10423, stack(0x839ad000,0x839fe000)]
  0x85c4e400 JavaThread "Common-Cleaner" daemon [_thread_blocked, id=10422, stack(0x839fe000,0x83a4f000)]
  0x85c44800 JavaThread "Sweeper thread" daemon [_thread_blocked, id=10421, stack(0x85667000,0x856b8000)]
  0x85c43400 JavaThread "C1 CompilerThread2" daemon [_thread_blocked, id=10420, stack(0x856b8000,0x85739000)]
  0x85c41c00 JavaThread "C2 CompilerThread1" daemon [_thread_blocked, id=10419, stack(0x85739000,0x857ba000)]
  0x85c40800 JavaThread "C2 CompilerThread0" daemon [_thread_blocked, id=10418, stack(0x857ba000,0x8583b000)]
  0x85c3f000 JavaThread "Signal Dispatcher" daemon [_thread_blocked, id=10417, stack(0x8583b000,0x8588c000)]
  0x85c3d800 JavaThread "Surrogate Locker Thread (Concurrent GC)" daemon [_thread_blocked, id=10416, stack(0x8588c000,0x858dd000)]
  0x85c2ac00 JavaThread "Finalizer" daemon [_thread_blocked, id=10415, stack(0x85add000,0x85b2e000)]
  0x85c23400 JavaThread "Reference Handler" daemon [_thread_blocked, id=10414, stack(0x85b2e000,0x85b7f000)]

Other Threads:
  0x85c1e800 VMThread [stack: 0x85b7f000,0x85c00000] [id=10413]
  0x85cd5800 WatcherThread [stack: 0x8392c000,0x839ad000] [id=10424]

Threads with active compile tasks:

VM state:not at safepoint (normal execution)

VM Mutex/Monitor currently owned by a thread: None

Heap:
 garbage-first heap   total 32768K, used 3222K [0x87600000, 0x87700080, 0xa6c00000)
  region size 1024K, 4 young (4096K), 1 survivors (1024K)
 Metaspace       used 6913K, capacity 7286K, committed 7320K, reserved 7472K

Heap Regions: E=young(eden), S=young(survivor), O=old, HS=humongous(starts), HC=humongous(continues), CS=collection set, F=free, A=archive, TS=gc time stamp, AC=allocation context, TAMS=top-at-mark-start (previous, next)
|   0|0x87600000, 0x87625a00, 0x87700000| 14%| O|  |TS  1|AC  0|TAMS 0x87600000, 0x87600000|
|   1|0x87700000, 0x87700000, 0x87800000|  0%| F|  |TS  0|AC  0|TAMS 0x87700000, 0x87700000|
|   2|0x87800000, 0x87800000, 0x87900000|  0%| F|  |TS  0|AC  0|TAMS 0x87800000, 0x87800000|
|   3|0x87900000, 0x87900000, 0x87a00000|  0%| F|  |TS  0|AC  0|TAMS 0x87900000, 0x87900000|
|   4|0x87a00000, 0x87a00000, 0x87b00000|  0%| F|  |TS  0|AC  0|TAMS 0x87a00000, 0x87a00000|
|   5|0x87b00000, 0x87b00000, 0x87c00000|  0%| F|  |TS  0|AC  0|TAMS 0x87b00000, 0x87b00000|
|   6|0x87c00000, 0x87c00000, 0x87d00000|  0%| F|  |TS  0|AC  0|TAMS 0x87c00000, 0x87c00000|
|   7|0x87d00000, 0x87d00000, 0x87e00000|  0%| F|  |TS  0|AC  0|TAMS 0x87d00000, 0x87d00000|
|   8|0x87e00000, 0x87e00000, 0x87f00000|  0%| F|  |TS  0|AC  0|TAMS 0x87e00000, 0x87e00000|
|   9|0x87f00000, 0x87f00000, 0x88000000|  0%| F|  |TS  0|AC  0|TAMS 0x87f00000, 0x87f00000|
|  10|0x88000000, 0x88000000, 0x88100000|  0%| F|  |TS  0|AC  0|TAMS 0x88000000, 0x88000000|
|  11|0x88100000, 0x88100000, 0x88200000|  0%| F|  |TS  0|AC  0|TAMS 0x88100000, 0x88100000|
|  12|0x88200000, 0x88200000, 0x88300000|  0%| F|  |TS  0|AC  0|TAMS 0x88200000, 0x88200000|
|  13|0x88300000, 0x88300000, 0x88400000|  0%| F|  |TS  0|AC  0|TAMS 0x88300000, 0x88300000|
|  14|0x88400000, 0x88400000, 0x88500000|  0%| F|  |TS  0|AC  0|TAMS 0x88400000, 0x88400000|
|  15|0x88500000, 0x88500000, 0x88600000|  0%| F|  |TS  0|AC  0|TAMS 0x88500000, 0x88500000|
|  16|0x88600000, 0x88600000, 0x88700000|  0%| F|  |TS  0|AC  0|TAMS 0x88600000, 0x88600000|
|  17|0x88700000, 0x88700000, 0x88800000|  0%| F|  |TS  0|AC  0|TAMS 0x88700000, 0x88700000|
|  18|0x88800000, 0x88800000, 0x88900000|  0%| F|  |TS  0|AC  0|TAMS 0x88800000, 0x88800000|
|  19|0x88900000, 0x88900000, 0x88a00000|  0%| F|  |TS  0|AC  0|TAMS 0x88900000, 0x88900000|
|  20|0x88a00000, 0x88a00000, 0x88b00000|  0%| F|  |TS  0|AC  0|TAMS 0x88a00000, 0x88a00000|
|  21|0x88b00000, 0x88b00000, 0x88c00000|  0%| F|  |TS  0|AC  0|TAMS 0x88b00000, 0x88b00000|
|  22|0x88c00000, 0x88c00000, 0x88d00000|  0%| F|  |TS  0|AC  0|TAMS 0x88c00000, 0x88c00000|
|  23|0x88d00000, 0x88d00000, 0x88e00000|  0%| F|  |TS  0|AC  0|TAMS 0x88d00000, 0x88d00000|
|  24|0x88e00000, 0x88e00000, 0x88f00000|  0%| F|  |TS  0|AC  0|TAMS 0x88e00000, 0x88e00000|
|  25|0x88f00000, 0x88f00000, 0x89000000|  0%| F|  |TS  0|AC  0|TAMS 0x88f00000, 0x88f00000|
|  26|0x89000000, 0x89000000, 0x89100000|  0%| F|  |TS  0|AC  0|TAMS 0x89000000, 0x89000000|
|  27|0x89100000, 0x89100000, 0x89200000|  0%| F|  |TS  0|AC  0|TAMS 0x89100000, 0x89100000|
|  28|0x89200000, 0x89300000, 0x89300000|100%| S|CS|TS  1|AC  0|TAMS 0x89200000, 0x89200000|
|  29|0x89300000, 0x89392690, 0x89400000| 57%| E|  |TS  0|AC  0|TAMS 0x89300000, 0x89300000|
|  30|0x89400000, 0x89500000, 0x89500000|100%| E|CS|TS  0|AC  0|TAMS 0x89400000, 0x89400000|
|  31|0x89500000, 0x89600000, 0x89600000|100%| E|CS|TS  0|AC  0|TAMS 0x89500000, 0x89500000|

Card table byte_map: [0x8730f000,0x8740a000] byte_map_base: 0x86ed4000

Marking Bits (Prev, Next): (CMBitMap*) 0xb6543a6c, (CMBitMap*) 0xb6543a98
 Prev Bits: [0x86a3c000, 0x87214000)
 Next Bits: [0x86264000, 0x86a3c000)

Polling page: 0xb7746000

CodeHeap 'non-nmethods': size=5412Kb used=754Kb max_used=767Kb free=4657Kb
 bounds [0xa72ff000, 0xa753f000, 0xa7848000]
CodeHeap 'profiled nmethods': size=120172Kb used=631Kb max_used=631Kb free=119540Kb
 bounds [0xa7848000, 0xa7a88000, 0xaeda3000]
CodeHeap 'non-profiled nmethods': size=120176Kb used=121Kb max_used=121Kb free=120054Kb
 bounds [0xaeda3000, 0xaefe3000, 0xb62ff000]
 total_blobs=894 nmethods=498 adapters=185
 compilation: enabled

Compilation events (10 events):
Event: 0.478 Thread 0x85c43400  486       1       java.lang.AbstractStringBuilder::length (5 bytes)
Event: 0.478 Thread 0x85c43400 nmethod 486 0xaedc0708 code [0xaedc0800, 0xaedc08a0]
Event: 0.479 Thread 0x85c43400  492       3       java.lang.CharacterData::of (120 bytes)
Event: 0.479 Thread 0x85c43400 nmethod 492 0xa78e3508 code [0xa78e3660, 0xa78e3a20]
Event: 0.479 Thread 0x85c43400  493       3       java.lang.CharacterDataLatin1::getProperties (11 bytes)
Event: 0.479 Thread 0x85c43400 nmethod 493 0xa78e3c88 code [0xa78e3da0, 0xa78e3ea0]
Event: 0.479 Thread 0x85c43400  494       3       java.lang.Character::toLowerCase (9 bytes)
Event: 0.481 Thread 0x85c43400 nmethod 494 0xa78e3f88 code [0xa78e40c0, 0xa78e4238]
Event: 0.481 Thread 0x85c43400  495       3       java.lang.CharacterDataLatin1::toLowerCase (39 bytes)
Event: 0.481 Thread 0x85c43400 nmethod 495 0xa78e4308 code [0xa78e4420, 0xa78e45e0]

GC Heap History (2 events):
Event: 0.284 GC heap before
{Heap before GC invocations=0 (full 0):
 garbage-first heap   total 32768K, used 3072K [0x87600000, 0x87700080, 0xa6c00000)
  region size 1024K, 3 young (3072K), 0 survivors (0K)
 Metaspace       used 5153K, capacity 5299K, committed 5400K, reserved 5424K
}
Event: 0.288 GC heap after
{Heap after GC invocations=1 (full 0):
 garbage-first heap   total 32768K, used 1174K [0x87600000, 0x87700080, 0xa6c00000)
  region size 1024K, 1 young (1024K), 1 survivors (1024K)
 Metaspace       used 5153K, capacity 5299K, committed 5400K, reserved 5424K
}

Deoptimization events (8 events):
Event: 0.084 Thread 0xb650b000 Uncommon trap: reason=unstable_if action=reinterpret pc=0xaeda4dbc method=java.lang.String.isLatin1()Z @ 10
Event: 0.085 Thread 0xb650b000 Uncommon trap: reason=unstable_if action=reinterpret pc=0xaeda4914 method=java.lang.String.hashCode()I @ 12
Event: 0.272 Thread 0x83891400 Uncommon trap: reason=class_check action=maybe_recompile pc=0xaeda8afc method=java.util.HashMap.putVal(ILjava/lang/Object;Ljava/lang/Object;ZZ)Ljava/lang/Object; @ 91
Event: 0.326 Thread 0x83891400 Uncommon trap: reason=unstable_if action=reinterpret pc=0xaeda8acc method=java.util.HashMap.putVal(ILjava/lang/Object;Ljava/lang/Object;ZZ)Ljava/lang/Object; @ 181
Event: 0.337 Thread 0x83891400 Uncommon trap: reason=unstable_if action=reinterpret pc=0xaedaa634 method=java.util.HashMap.hash(Ljava/lang/Object;)I @ 1
Event: 0.337 Thread 0x83891400 Uncommon trap: reason=unstable_fused_if action=reinterpret pc=0xaedb6094 method=java.util.HashMap.resize()[Ljava/util/HashMap$Node; @ 31
Event: 0.341 Thread 0x83891400 Uncommon trap: reason=unstable_if action=reinterpret pc=0xaedaa8e0 method=java.util.HashMap.hash(Ljava/lang/Object;)I @ 1
Event: 0.361 Thread 0x83891400 Uncommon trap: reason=unstable_fused_if action=reinterpret pc=0xaedb35d8 method=jdk.internal.org.objectweb.asm.ByteVector.putUTF8(Ljava/lang/String;)Ljdk/internal/org/objectweb/asm/ByteVector; @ 91

Classes redefined (0 events):
No events

Internal exceptions (7 events):
Event: 0.183 Thread 0xb650b000 Exception <a 'java/lang/ClassNotFoundException': sun/awt/resources/awtProvider> (0x894f94f0) thrown at [/build/openjdk-9-GMfJKp/openjdk-9-9~b114/src/hotspot/src/share/vm/classfile/systemDictionary.cpp, line 224]
Event: 0.197 Thread 0xb650b000 Exception <a 'java/io/FileNotFoundException'> (0x89336a50) thrown at [/build/openjdk-9-GMfJKp/openjdk-9-9~b114/src/hotspot/src/share/vm/prims/jni.cpp, line 605]
Event: 0.199 Thread 0xb650b000 Exception <a 'java/io/FileNotFoundException'> (0x8933e168) thrown at [/build/openjdk-9-GMfJKp/openjdk-9-9~b114/src/hotspot/src/share/vm/prims/jni.cpp, line 605]
Event: 0.329 Thread 0x83891400 Exception <a 'java/lang/ClassNotFoundException': com/sun/swing/internal/plaf/metal/resources/metalProvider> (0x89476ce0) thrown at [/build/openjdk-9-GMfJKp/openjdk-9-9~b114/src/hotspot/src/share/vm/classfile/systemDictionary.cpp, line 224]
Event: 0.329 Thread 0x83891400 Exception <a 'java/lang/ClassNotFoundException': com/sun/swing/internal/plaf/basic/resources/basicProvider> (0x8947a058) thrown at [/build/openjdk-9-GMfJKp/openjdk-9-9~b114/src/hotspot/src/share/vm/classfile/systemDictionary.cpp, line 224]
Event: 0.337 Thread 0x83891400 Implicit null exception at 0xaedaa5bd to 0xaedaa62a
Event: 0.341 Thread 0x83891400 Implicit null exception at 0xaedaa88b to 0xaedaa8d0

Events (10 events):
Event: 0.485 loading class sun/nio/cs/UTF_16$Decoder
Event: 0.485 loading class sun/nio/cs/UnicodeDecoder
Event: 0.485 loading class sun/nio/cs/UnicodeDecoder done
Event: 0.485 loading class sun/nio/cs/UTF_16$Decoder done
Event: 0.485 loading class sun/font/FileFontStrike
Event: 0.486 loading class sun/font/FileFontStrike done
Event: 0.486 loading class sun/font/FontScaler
Event: 0.486 loading class sun/font/FontScaler done
Event: 0.486 loading class sun/font/FreetypeFontScaler
Event: 0.486 loading class sun/font/FreetypeFontScaler done


Dynamic libraries:
08048000-08049000 r-xp 00000000 08:05 6427315    /usr/lib/jvm/java-9-openjdk-i386/bin/java
08049000-0804a000 r--p 00000000 08:05 6427315    /usr/lib/jvm/java-9-openjdk-i386/bin/java
0804a000-0804b000 rw-p 00001000 08:05 6427315    /usr/lib/jvm/java-9-openjdk-i386/bin/java
09b15000-09c3b000 rw-p 00000000 00:00 0          [heap]
82f6b000-8304b000 rw-p 00000000 00:00 0 
8304b000-8306b000 ---p 00000000 00:00 0 
8306b000-8316b000 rw-p 00000000 00:00 0 
8316b000-8316f000 ---p 00000000 00:00 0 
8316f000-831bc000 rw-p 00000000 00:00 0 
831bc000-831c0000 ---p 00000000 00:00 0 
831c0000-8320d000 rw-p 00000000 00:00 0 
8320d000-83211000 ---p 00000000 00:00 0 
83211000-8325e000 rw-p 00000000 00:00 0 
8325e000-83263000 r-xp 00000000 08:05 6428273    /usr/lib/i386-linux-gnu/libXfixes.so.3.1.0
83263000-83264000 r--p 00004000 08:05 6428273    /usr/lib/i386-linux-gnu/libXfixes.so.3.1.0
83264000-83265000 rw-p 00005000 08:05 6428273    /usr/lib/i386-linux-gnu/libXfixes.so.3.1.0
83265000-8326f000 r-xp 00000000 08:05 6422586    /usr/lib/i386-linux-gnu/libXcursor.so.1.0.2
8326f000-83270000 r--p 00009000 08:05 6422586    /usr/lib/i386-linux-gnu/libXcursor.so.1.0.2
83270000-83271000 rw-p 0000a000 08:05 6422586    /usr/lib/i386-linux-gnu/libXcursor.so.1.0.2
83271000-83275000 ---p 00000000 00:00 0 
83275000-833c2000 rw-p 00000000 00:00 0 
833c2000-833eb000 r-xp 00000000 08:05 2753820    /lib/i386-linux-gnu/libpng12.so.0.54.0
833eb000-833ec000 r--p 00028000 08:05 2753820    /lib/i386-linux-gnu/libpng12.so.0.54.0
833ec000-833ed000 rw-p 00029000 08:05 2753820    /lib/i386-linux-gnu/libpng12.so.0.54.0
833ed000-83498000 r-xp 00000000 08:05 6422626    /usr/lib/i386-linux-gnu/libfreetype.so.6.12.1
83498000-8349c000 r--p 000aa000 08:05 6422626    /usr/lib/i386-linux-gnu/libfreetype.so.6.12.1
8349c000-8349d000 rw-p 000ae000 08:05 6422626    /usr/lib/i386-linux-gnu/libfreetype.so.6.12.1
8349d000-8355f000 r-xp 00000000 08:05 6427355    /usr/lib/jvm/java-9-openjdk-i386/lib/i386/libfontmanager.so
8355f000-83561000 r--p 000c1000 08:05 6427355    /usr/lib/jvm/java-9-openjdk-i386/lib/i386/libfontmanager.so
83561000-83562000 rw-p 000c3000 08:05 6427355    /usr/lib/jvm/java-9-openjdk-i386/lib/i386/libfontmanager.so
83562000-83586000 r-xp 00000000 08:05 6429629    /usr/lib/i386-linux-gnu/libxcb.so.1.1.0
83586000-83587000 r--p 00023000 08:05 6429629    /usr/lib/i386-linux-gnu/libxcb.so.1.1.0
83587000-83588000 rw-p 00024000 08:05 6429629    /usr/lib/i386-linux-gnu/libxcb.so.1.1.0
83588000-83599000 r-xp 00000000 08:05 6428279    /usr/lib/i386-linux-gnu/libXi.so.6.1.0
83599000-8359a000 r--p 00010000 08:05 6428279    /usr/lib/i386-linux-gnu/libXi.so.6.1.0
8359a000-8359b000 rw-p 00011000 08:05 6428279    /usr/lib/i386-linux-gnu/libXi.so.6.1.0
8359b000-836e1000 r-xp 00000000 08:05 6428254    /usr/lib/i386-linux-gnu/libX11.so.6.3.0
836e1000-836e2000 ---p 00146000 08:05 6428254    /usr/lib/i386-linux-gnu/libX11.so.6.3.0
836e2000-836e3000 r--p 00146000 08:05 6428254    /usr/lib/i386-linux-gnu/libX11.so.6.3.0
836e3000-836e5000 rw-p 00147000 08:05 6428254    /usr/lib/i386-linux-gnu/libX11.so.6.3.0
836e5000-836e6000 rw-p 00000000 00:00 0 
836e6000-8373a000 r-xp 00000000 08:05 6428924    /usr/lib/jvm/java-9-openjdk-i386/lib/i386/libawt_xawt.so
8373a000-8373b000 r--p 00053000 08:05 6428924    /usr/lib/jvm/java-9-openjdk-i386/lib/i386/libawt_xawt.so
8373b000-8373d000 rw-p 00054000 08:05 6428924    /usr/lib/jvm/java-9-openjdk-i386/lib/i386/libawt_xawt.so
8373d000-8373e000 rw-p 00000000 00:00 0 
8373e000-837d4000 r-xp 00000000 08:05 6427354    /usr/lib/jvm/java-9-openjdk-i386/lib/i386/libawt.so
837d4000-837d5000 r--p 00095000 08:05 6427354    /usr/lib/jvm/java-9-openjdk-i386/lib/i386/libawt.so
837d5000-837dc000 rw-p 00096000 08:05 6427354    /usr/lib/jvm/java-9-openjdk-i386/lib/i386/libawt.so
837dc000-83800000 rw-p 00000000 00:00 0 
83800000-838e0000 rw-p 00000000 00:00 0 
838e0000-83900000 ---p 00000000 00:00 0 
83901000-83906000 r-xp 00000000 08:05 6428269    /usr/lib/i386-linux-gnu/libXdmcp.so.6.0.0
83906000-83907000 r--p 00004000 08:05 6428269    /usr/lib/i386-linux-gnu/libXdmcp.so.6.0.0
83907000-83908000 rw-p 00005000 08:05 6428269    /usr/lib/i386-linux-gnu/libXdmcp.so.6.0.0
83908000-83912000 r-xp 00000000 08:05 6428291    /usr/lib/i386-linux-gnu/libXrender.so.1.3.0
83912000-83913000 r--p 00009000 08:05 6428291    /usr/lib/i386-linux-gnu/libXrender.so.1.3.0
83913000-83914000 rw-p 0000a000 08:05 6428291    /usr/lib/i386-linux-gnu/libXrender.so.1.3.0
8392c000-8392d000 ---p 00000000 00:00 0 
8392d000-839ad000 rw-p 00000000 00:00 0 
839ad000-839b1000 ---p 00000000 00:00 0 
839b1000-839fe000 rw-p 00000000 00:00 0 
839fe000-83a02000 ---p 00000000 00:00 0 
83a02000-85650000 rw-p 00000000 00:00 0 
85650000-85665000 r-xp 00000000 08:05 6427391    /usr/lib/jvm/java-9-openjdk-i386/lib/i386/libnet.so
85665000-85666000 r--p 00014000 08:05 6427391    /usr/lib/jvm/java-9-openjdk-i386/lib/i386/libnet.so
85666000-85667000 rw-p 00015000 08:05 6427391    /usr/lib/jvm/java-9-openjdk-i386/lib/i386/libnet.so
85667000-8566b000 ---p 00000000 00:00 0 
8566b000-856b8000 rw-p 00000000 00:00 0 
856b8000-856bc000 ---p 00000000 00:00 0 
856bc000-85739000 rw-p 00000000 00:00 0 
85739000-8573d000 ---p 00000000 00:00 0 
8573d000-857ba000 rw-p 00000000 00:00 0 
857ba000-857be000 ---p 00000000 00:00 0 
857be000-8583b000 rw-p 00000000 00:00 0 
8583b000-8583f000 ---p 00000000 00:00 0 
8583f000-8588c000 rw-p 00000000 00:00 0 
8588c000-85890000 ---p 00000000 00:00 0 
85890000-858dd000 rw-p 00000000 00:00 0 
858dd000-85add000 r--p 00000000 08:05 6423597    /usr/lib/locale/locale-archive
85add000-85ae1000 ---p 00000000 00:00 0 
85ae1000-85b2e000 rw-p 00000000 00:00 0 
85b2e000-85b32000 ---p 00000000 00:00 0 
85b32000-85b7f000 rw-p 00000000 00:00 0 
85b7f000-85b80000 ---p 00000000 00:00 0 
85b80000-85c00000 rw-p 00000000 00:00 0 
85c00000-85cfa000 rw-p 00000000 00:00 0 
85cfa000-85d00000 ---p 00000000 00:00 0 
85d01000-85d14000 r-xp 00000000 08:05 6428271    /usr/lib/i386-linux-gnu/libXext.so.6.4.0
85d14000-85d15000 r--p 00012000 08:05 6428271    /usr/lib/i386-linux-gnu/libXext.so.6.4.0
85d15000-85d16000 rw-p 00013000 08:05 6428271    /usr/lib/i386-linux-gnu/libXext.so.6.4.0
85d16000-8615c000 rw-p 00000000 00:00 0 
8615c000-86162000 ---p 00000000 00:00 0 
86162000-86163000 ---p 00000000 00:00 0 
86163000-861e3000 rw-p 00000000 00:00 0 
861e3000-861e4000 ---p 00000000 00:00 0 
861e4000-862e4000 rw-p 00000000 00:00 0 
862e4000-86a3c000 ---p 00000000 00:00 0 
86a3c000-86abc000 rw-p 00000000 00:00 0 
86abc000-87214000 ---p 00000000 00:00 0 
87214000-87224000 rw-p 00000000 00:00 0 
87224000-8730f000 ---p 00000000 00:00 0 
8730f000-8731f000 rw-p 00000000 00:00 0 
8731f000-87505000 ---p 00000000 00:00 0 
87505000-87515000 rw-p 00000000 00:00 0 
87515000-87600000 ---p 00000000 00:00 0 
87600000-89600000 rw-p 00000000 00:00 0 
89600000-a6c00000 ---p 00000000 00:00 0 
a6c00000-a6c21000 rw-p 00000000 00:00 0 
a6c21000-a6d00000 ---p 00000000 00:00 0 
a6d02000-a6d7d000 rw-p 00000000 00:00 0 
a6d7d000-a6d7e000 ---p 00000000 00:00 0 
a6d7e000-a6dfe000 rw-p 00000000 00:00 0 
a6dfe000-a6dff000 ---p 00000000 00:00 0 
a6dff000-a6e7f000 rw-p 00000000 00:00 0 
a6e7f000-a6e80000 ---p 00000000 00:00 0 
a6e80000-a6f00000 rw-p 00000000 00:00 0 
a6f00000-a7000000 rw-p 00000000 00:00 0 
a7005000-a7007000 r-xp 00000000 08:05 6428258    /usr/lib/i386-linux-gnu/libXau.so.6.0.0
a7007000-a7008000 r--p 00001000 08:05 6428258    /usr/lib/i386-linux-gnu/libXau.so.6.0.0
a7008000-a7009000 rw-p 00002000 08:05 6428258    /usr/lib/i386-linux-gnu/libXau.so.6.0.0
a7009000-a701a000 r-xp 00000000 08:05 6428936    /usr/lib/jvm/java-9-openjdk-i386/lib/i386/libnio.so
a701a000-a701b000 r--p 00010000 08:05 6428936    /usr/lib/jvm/java-9-openjdk-i386/lib/i386/libnio.so
a701b000-a701c000 rw-p 00011000 08:05 6428936    /usr/lib/jvm/java-9-openjdk-i386/lib/i386/libnio.so
a701c000-a701d000 ---p 00000000 00:00 0 
a701d000-a709d000 rw-p 00000000 00:00 0 
a709d000-a709e000 ---p 00000000 00:00 0 
a709e000-a7123000 rw-p 00000000 00:00 0 
a7123000-a7209000 ---p 00000000 00:00 0 
a7209000-a720e000 rw-p 00000000 00:00 0 
a720e000-a72f4000 ---p 00000000 00:00 0 
a72f4000-a72f9000 rw-p 00000000 00:00 0 
a72f9000-a72ff000 ---p 00000000 00:00 0 
a72ff000-a753f000 rwxp 00000000 00:00 0 
a753f000-a7848000 ---p 00000000 00:00 0 
a7848000-a7a88000 rwxp 00000000 00:00 0 
a7a88000-aeda3000 ---p 00000000 00:00 0 
aeda3000-aefe3000 rwxp 00000000 00:00 0 
aefe3000-b62ff000 ---p 00000000 00:00 0 
b62ff000-b64ba000 r--s 00000000 08:05 6427321    /usr/lib/jvm/java-9-openjdk-i386/lib/modules
b64ba000-b64c5000 r-xp 00000000 08:05 2752609    /lib/i386-linux-gnu/libnss_files-2.23.so
b64c5000-b64c6000 r--p 0000a000 08:05 2752609    /lib/i386-linux-gnu/libnss_files-2.23.so
b64c6000-b64c7000 rw-p 0000b000 08:05 2752609    /lib/i386-linux-gnu/libnss_files-2.23.so
b64c7000-b64cd000 rw-p 00000000 00:00 0 
b64cd000-b64e4000 r-xp 00000000 08:05 2752527    /lib/i386-linux-gnu/libnsl-2.23.so
b64e4000-b64e5000 r--p 00016000 08:05 2752527    /lib/i386-linux-gnu/libnsl-2.23.so
b64e5000-b64e6000 rw-p 00017000 08:05 2752527    /lib/i386-linux-gnu/libnsl-2.23.so
b64e6000-b64e8000 rw-p 00000000 00:00 0 
b64e8000-b64ed000 r-xp 00000000 08:05 6428297    /usr/lib/i386-linux-gnu/libXtst.so.6.1.0
b64ed000-b64ee000 r--p 00004000 08:05 6428297    /usr/lib/i386-linux-gnu/libXtst.so.6.1.0
b64ee000-b64ef000 rw-p 00005000 08:05 6428297    /usr/lib/i386-linux-gnu/libXtst.so.6.1.0
b64ef000-b64f0000 r--p 002cf000 08:05 6423597    /usr/lib/locale/locale-archive
b64f0000-b64f5000 r-xp 00000000 08:05 6428689    /usr/lib/jvm/java-9-openjdk-i386/lib/i386/libjimage.so
b64f5000-b64f6000 r--p 00004000 08:05 6428689    /usr/lib/jvm/java-9-openjdk-i386/lib/i386/libjimage.so
b64f6000-b64f7000 rw-p 00005000 08:05 6428689    /usr/lib/jvm/java-9-openjdk-i386/lib/i386/libjimage.so
b64f7000-b64fe000 r-xp 00000000 08:05 6428508    /usr/lib/jvm/java-9-openjdk-i386/lib/i386/libzip.so
b64fe000-b64ff000 r--p 00006000 08:05 6428508    /usr/lib/jvm/java-9-openjdk-i386/lib/i386/libzip.so
b64ff000-b6500000 rw-p 00007000 08:05 6428508    /usr/lib/jvm/java-9-openjdk-i386/lib/i386/libzip.so
b6500000-b6600000 rw-p 00000000 00:00 0 
b6600000-b660b000 r-xp 00000000 08:05 2753818    /lib/i386-linux-gnu/libnss_nis-2.23.so
b660b000-b660c000 r--p 0000a000 08:05 2753818    /lib/i386-linux-gnu/libnss_nis-2.23.so
b660c000-b660d000 rw-p 0000b000 08:05 2753818    /lib/i386-linux-gnu/libnss_nis-2.23.so
b660d000-b6615000 r-xp 00000000 08:05 2752604    /lib/i386-linux-gnu/libnss_compat-2.23.so
b6615000-b6616000 r--p 00007000 08:05 2752604    /lib/i386-linux-gnu/libnss_compat-2.23.so
b6616000-b6617000 rw-p 00008000 08:05 2752604    /lib/i386-linux-gnu/libnss_compat-2.23.so
b6617000-b663d000 r-xp 00000000 08:05 6427328    /usr/lib/jvm/java-9-openjdk-i386/lib/i386/libjava.so
b663d000-b663e000 r--p 00025000 08:05 6427328    /usr/lib/jvm/java-9-openjdk-i386/lib/i386/libjava.so
b663e000-b663f000 rw-p 00026000 08:05 6427328    /usr/lib/jvm/java-9-openjdk-i386/lib/i386/libjava.so
b663f000-b6646000 r-xp 00000000 08:05 2753865    /lib/i386-linux-gnu/librt-2.23.so
b6646000-b6647000 r--p 00006000 08:05 2753865    /lib/i386-linux-gnu/librt-2.23.so
b6647000-b6648000 rw-p 00007000 08:05 2753865    /lib/i386-linux-gnu/librt-2.23.so
b6648000-b664c000 ---p 00000000 00:00 0 
b664c000-b6699000 rw-p 00000000 00:00 0 
b6699000-b66b5000 r-xp 00000000 08:05 2753886    /lib/i386-linux-gnu/libgcc_s.so.1
b66b5000-b66b6000 rw-p 0001b000 08:05 2753886    /lib/i386-linux-gnu/libgcc_s.so.1
b66b6000-b6709000 r-xp 00000000 08:05 2752517    /lib/i386-linux-gnu/libm-2.23.so
b6709000-b670a000 r--p 00052000 08:05 2752517    /lib/i386-linux-gnu/libm-2.23.so
b670a000-b670b000 rw-p 00053000 08:05 2752517    /lib/i386-linux-gnu/libm-2.23.so
b670b000-b6878000 r-xp 00000000 08:05 6424568    /usr/lib/i386-linux-gnu/libstdc++.so.6.0.21
b6878000-b6879000 ---p 0016d000 08:05 6424568    /usr/lib/i386-linux-gnu/libstdc++.so.6.0.21
b6879000-b687e000 r--p 0016d000 08:05 6424568    /usr/lib/i386-linux-gnu/libstdc++.so.6.0.21
b687e000-b687f000 rw-p 00172000 08:05 6424568    /usr/lib/i386-linux-gnu/libstdc++.so.6.0.21
b687f000-b6882000 rw-p 00000000 00:00 0 
b6882000-b74ae000 r-xp 00000000 08:05 6428404    /usr/lib/jvm/java-9-openjdk-i386/lib/i386/server/libjvm.so
b74ae000-b7503000 r--p 00c2b000 08:05 6428404    /usr/lib/jvm/java-9-openjdk-i386/lib/i386/server/libjvm.so
b7503000-b7521000 rw-p 00c80000 08:05 6428404    /usr/lib/jvm/java-9-openjdk-i386/lib/i386/server/libjvm.so
b7521000-b7549000 rw-p 00000000 00:00 0 
b7549000-b7562000 r-xp 00000000 08:05 2752537    /lib/i386-linux-gnu/libpthread-2.23.so
b7562000-b7563000 r--p 00018000 08:05 2752537    /lib/i386-linux-gnu/libpthread-2.23.so
b7563000-b7564000 rw-p 00019000 08:05 2752537    /lib/i386-linux-gnu/libpthread-2.23.so
b7564000-b7567000 rw-p 00000000 00:00 0 
b7567000-b756a000 r-xp 00000000 08:05 2752598    /lib/i386-linux-gnu/libdl-2.23.so
b756a000-b756b000 r--p 00002000 08:05 2752598    /lib/i386-linux-gnu/libdl-2.23.so
b756b000-b756c000 rw-p 00003000 08:05 2752598    /lib/i386-linux-gnu/libdl-2.23.so
b756c000-b7585000 r-xp 00000000 08:05 2753910    /lib/i386-linux-gnu/libz.so.1.2.8
b7585000-b7586000 r--p 00018000 08:05 2753910    /lib/i386-linux-gnu/libz.so.1.2.8
b7586000-b7587000 rw-p 00019000 08:05 2753910    /lib/i386-linux-gnu/libz.so.1.2.8
b7587000-b7737000 r-xp 00000000 08:05 2752596    /lib/i386-linux-gnu/libc-2.23.so
b7737000-b7739000 r--p 001af000 08:05 2752596    /lib/i386-linux-gnu/libc-2.23.so
b7739000-b773a000 rw-p 001b1000 08:05 2752596    /lib/i386-linux-gnu/libc-2.23.so
b773a000-b773d000 rw-p 00000000 00:00 0 
b773d000-b7745000 rw-s 00000000 08:05 7212297    /tmp/hsperfdata_lab2-pc13/10404
b7745000-b7746000 rw-p 00000000 00:00 0 
b7746000-b7747000 r--p 00000000 00:00 0 
b7747000-b7752000 r-xp 00000000 08:05 6427330    /usr/lib/jvm/java-9-openjdk-i386/lib/i386/libverify.so
b7752000-b7753000 ---p 0000b000 08:05 6427330    /usr/lib/jvm/java-9-openjdk-i386/lib/i386/libverify.so
b7753000-b7754000 r--p 0000b000 08:05 6427330    /usr/lib/jvm/java-9-openjdk-i386/lib/i386/libverify.so
b7754000-b7755000 rw-p 0000c000 08:05 6427330    /usr/lib/jvm/java-9-openjdk-i386/lib/i386/libverify.so
b7755000-b7763000 r-xp 00000000 08:05 6428908    /usr/lib/jvm/java-9-openjdk-i386/lib/i386/jli/libjli.so
b7763000-b7764000 r--p 0000d000 08:05 6428908    /usr/lib/jvm/java-9-openjdk-i386/lib/i386/jli/libjli.so
b7764000-b7765000 rw-p 0000e000 08:05 6428908    /usr/lib/jvm/java-9-openjdk-i386/lib/i386/jli/libjli.so
b7765000-b7766000 rw-p 00000000 00:00 0 
b7766000-b7769000 r--p 00000000 00:00 0          [vvar]
b7769000-b776a000 r-xp 00000000 00:00 0          [vdso]
b776a000-b778d000 r-xp 00000000 08:05 2752530    /lib/i386-linux-gnu/ld-2.23.so
b778d000-b778e000 r--p 00022000 08:05 2752530    /lib/i386-linux-gnu/ld-2.23.so
b778e000-b778f000 rw-p 00023000 08:05 2752530    /lib/i386-linux-gnu/ld-2.23.so
bfca9000-bfcca000 rw-p 00000000 00:00 0          [stack]

VM Arguments:
java_command: SwingDemo
java_class_path (initial): .
Launcher Type: SUN_STANDARD

Environment Variables:
PATH=/home/lab2-pc13/bin:/home/lab2-pc13/.local/bin:/usr/local/sbin:/usr/local/bin:/usr/sbin:/usr/bin:/sbin:/bin:/usr/games:/usr/local/games:/snap/bin
SHELL=/bin/bash
DISPLAY=:0

Signal Handlers:
SIGSEGV: [libjvm.so+0x9e08a0], sa_mask[0]=11111111011111111101111111111110, sa_flags=SA_RESTART|SA_SIGINFO
SIGBUS: [libjvm.so+0x9e08a0], sa_mask[0]=11111111011111111101111111111110, sa_flags=SA_RESTART|SA_SIGINFO
SIGFPE: [libjvm.so+0x9e08a0], sa_mask[0]=11111111011111111101111111111110, sa_flags=SA_RESTART|SA_SIGINFO
SIGPIPE: [libjvm.so+0x832630], sa_mask[0]=11111111011111111101111111111110, sa_flags=SA_RESTART|SA_SIGINFO
SIGXFSZ: [libjvm.so+0x832630], sa_mask[0]=11111111011111111101111111111110, sa_flags=SA_RESTART|SA_SIGINFO
SIGILL: [libjvm.so+0x9e08a0], sa_mask[0]=11111111011111111101111111111110, sa_flags=SA_RESTART|SA_SIGINFO
SIGUSR2: [libjvm.so+0x832460], sa_mask[0]=00000000000000000000000000000000, sa_flags=SA_RESTART|SA_SIGINFO
SIGHUP: [libjvm.so+0x8328a0], sa_mask[0]=11111111011111111101111111111110, sa_flags=SA_RESTART|SA_SIGINFO
SIGINT: [libjvm.so+0x8328a0], sa_mask[0]=11111111011111111101111111111110, sa_flags=SA_RESTART|SA_SIGINFO
SIGTERM: [libjvm.so+0x8328a0], sa_mask[0]=11111111011111111101111111111110, sa_flags=SA_RESTART|SA_SIGINFO
SIGQUIT: [libjvm.so+0x8328a0], sa_mask[0]=11111111011111111101111111111110, sa_flags=SA_RESTART|SA_SIGINFO


---------------  S Y S T E M  ---------------

OS:DISTRIB_ID=Ubuntu
DISTRIB_RELEASE=16.04
DISTRIB_CODENAME=xenial
DISTRIB_DESCRIPTION="Ubuntu 16.04.5 LTS"
uname:Linux 4.4.0-134-generic #160-Ubuntu SMP Wed Aug 15 14:57:38 UTC 2018 i686
libc:glibc 2.23 NPTL 2.23 
rlimit: STACK 8192k, CORE 0k, NPROC 15713, NOFILE 1048576, AS infinity
load average:0.52 1.07 0.83

/proc/meminfo:
MemTotal:        2050844 kB
MemFree:          549176 kB
MemAvailable:    1174700 kB
Buffers:          109068 kB
Cached:           905036 kB
SwapCached:           32 kB
Active:           691804 kB
Inactive:         697504 kB
Active(anon):     271432 kB
Inactive(anon):   321396 kB
Active(file):     420372 kB
Inactive(file):   376108 kB
Unevictable:          48 kB
Mlocked:              48 kB
HighTotal:       1172848 kB
HighFree:         315760 kB
LowTotal:         877996 kB
LowFree:          233416 kB
SwapTotal:       2083836 kB
SwapFree:        2082240 kB
Dirty:               328 kB
Writeback:             0 kB
AnonPages:        375272 kB
Mapped:           172892 kB
Shmem:            217500 kB
Slab:              82132 kB
SReclaimable:      65668 kB
SUnreclaim:        16464 kB
KernelStack:        3208 kB
PageTables:         8036 kB
NFS_Unstable:          0 kB
Bounce:                0 kB
WritebackTmp:          0 kB
CommitLimit:     3109256 kB
Committed_AS:    3402636 kB
VmallocTotal:     122880 kB
VmallocUsed:           0 kB
VmallocChunk:          0 kB
AnonHugePages:         0 kB
CmaTotal:              0 kB
CmaFree:               0 kB
HugePages_Total:       0
HugePages_Free:        0
HugePages_Rsvd:        0
HugePages_Surp:        0
Hugepagesize:       2048 kB
DirectMap4k:       43000 kB
DirectMap2M:      870400 kB


CPU:total 2 (2 cores per cpu, 1 threads per core) family 6 model 23 stepping 10, cmov, cx8, fxsr, mmx, sse, sse2, sse3, ssse3, sse4.1, tsc

CPU Model and flags from /proc/cpuinfo:
model name	: Intel(R) Core(TM)2 Duo CPU     E7500  @ 2.93GHz
flags		: fpu vme de pse tsc msr pae mce cx8 apic sep mtrr pge mca cmov pat pse36 clflush dts acpi mmx fxsr sse sse2 ss ht tm pbe nx lm constant_tsc arch_perfmon pebs bts aperfmperf pni dtes64 monitor ds_cpl vmx est tm2 ssse3 cx16 xtpr pdcm sse4_1 xsave lahf_lm tpr_shadow vnmi flexpriority dtherm

Memory: 4k page, physical 2050844k(549176k free), swap 2083836k(2082240k free)

vm_info: OpenJDK Server VM (9-internal+0-2016-04-14-195526.buildd.src) for linux-x86 JRE (9-internal+0-2016-04-14-195526.buildd.src), built on Apr 14 2016 20:15:09 by "buildd" with gcc 5.3.1 20160413

END.
