#
# A fatal error has been detected by the Java Runtime Environment:
#
#  SIGSEGV (0xb) at pc=0xb6629e48, pid=10433, tid=10457
#
# JRE version: OpenJDK Runtime Environment (9.0) (build 9-internal+0-2016-04-14-195526.buildd.src)
# Java VM: OpenJDK Server VM (9-internal+0-2016-04-14-195526.buildd.src, mixed mode, tiered, g1 gc, linux-x86)
# Problematic frame:
# C  [libjava.so+0x18e48]  JNU_GetEnv+0x18
#
# Core dump will be written. Default location: Core dumps may be processed with "/usr/share/apport/apport %p %s %c %d %P" (or dumping to /home/lab2-pc13/Ruturaj_Sawant/core.10433)
#
# If you would like to submit a bug report, please visit:
#   http://bugreport.java.com/bugreport/crash.jsp
# The crash happened outside the Java Virtual Machine in native code.
# See problematic frame for where to report the bug.
#

---------------  S U M M A R Y ------------

Command Line: SwingDemo

Host: Intel(R) Core(TM)2 Duo CPU     E7500  @ 2.93GHz, 2 cores, 1G, Ubuntu 16.04.5 LTS
Time: Tue Aug 28 11:52:39 2018 IST elapsed time: 0 seconds (0d 0h 0m 0s)

---------------  T H R E A D  ---------------

Current thread (0x8364dc00):  JavaThread "AWT-EventQueue-0" [_thread_in_native, id=10457, stack(0x83066000,0x830b7000)]

Stack: [0x83066000,0x830b7000],  sp=0x830b3e5c,  free space=311k
Native frames: (J=compiled Java code, j=interpreted, Vv=VM code, C=native code)
C  [libjava.so+0x18e48]  JNU_GetEnv+0x18
C  [libfontmanager.so+0x2faf5]
C  [libfreetype.so.6+0xf4dc]  FT_Stream_Seek+0x1c

Java frames: (J=compiled Java code, j=interpreted, Vv=VM code)
j  sun.font.FreetypeFontScaler.initNativeScaler(Lsun/font/Font2D;IIZI)J+0 java.desktop@9-internal
j  sun.font.FreetypeFontScaler.<init>(Lsun/font/Font2D;IZI)V+26 java.desktop@9-internal
v  ~StubRoutines::call_stub
j  sun.reflect.NativeConstructorAccessorImpl.newInstance0(Ljava/lang/reflect/Constructor;[Ljava/lang/Object;)Ljava/lang/Object;+0 java.base@9-internal
j  sun.reflect.NativeConstructorAccessorImpl.newInstance([Ljava/lang/Object;)Ljava/lang/Object;+85 java.base@9-internal
j  sun.reflect.DelegatingConstructorAccessorImpl.newInstance([Ljava/lang/Object;)Ljava/lang/Object;+5 java.base@9-internal
j  java.lang.reflect.Constructor.newInstance([Ljava/lang/Object;)Ljava/lang/Object;+65 java.base@9-internal
j  sun.font.FontScaler.getScaler(Lsun/font/Font2D;IZI)Lsun/font/FontScaler;+39 java.desktop@9-internal
j  sun.font.TrueTypeFont.getScaler()Lsun/font/FontScaler;+21 java.desktop@9-internal
j  sun.font.FileFontStrike.<init>(Lsun/font/FileFont;Lsun/font/FontStrikeDesc;)V+204 java.desktop@9-internal
j  sun.font.FileFont.createStrike(Lsun/font/FontStrikeDesc;)Lsun/font/FontStrike;+18 java.desktop@9-internal
j  sun.font.Font2D.getStrike(Lsun/font/FontStrikeDesc;Z)Lsun/font/FontStrike;+92 java.desktop@9-internal
j  sun.font.Font2D.getStrike(Lsun/font/FontStrikeDesc;)Lsun/font/FontStrike;+3 java.desktop@9-internal
j  sun.font.CompositeStrike.getStrikeForSlot(I)Lsun/font/PhysicalStrike;+23 java.desktop@9-internal
j  sun.font.CompositeStrike.getFontMetrics()Lsun/font/StrikeMetrics;+31 java.desktop@9-internal
j  sun.font.FontDesignMetrics.initMatrixAndMetrics()V+28 java.desktop@9-internal
j  sun.font.FontDesignMetrics.<init>(Ljava/awt/Font;Ljava/awt/font/FontRenderContext;)V+62 java.desktop@9-internal
j  sun.font.FontDesignMetrics.getMetrics(Ljava/awt/Font;Ljava/awt/font/FontRenderContext;)Lsun/font/FontDesignMetrics;+128 java.desktop@9-internal
j  sun.swing.SwingUtilities2.getFontMetrics(Ljavax/swing/JComponent;Ljava/awt/Font;)Ljava/awt/FontMetrics;+15 java.desktop@9-internal
j  javax.swing.JComponent.getFontMetrics(Ljava/awt/Font;)Ljava/awt/FontMetrics;+2 java.desktop@9-internal
j  sun.swing.SwingUtilities2.getFontMetrics(Ljavax/swing/JComponent;Ljava/awt/Graphics;Ljava/awt/Font;)Ljava/awt/FontMetrics;+6 java.desktop@9-internal
j  sun.swing.SwingUtilities2.getFontMetrics(Ljavax/swing/JComponent;Ljava/awt/Graphics;)Ljava/awt/FontMetrics;+6 java.desktop@9-internal
j  javax.swing.plaf.basic.BasicLabelUI.paint(Ljava/awt/Graphics;Ljavax/swing/JComponent;)V+44 java.desktop@9-internal
j  javax.swing.plaf.ComponentUI.update(Ljava/awt/Graphics;Ljavax/swing/JComponent;)V+32 java.desktop@9-internal
j  javax.swing.JComponent.paintComponent(Ljava/awt/Graphics;)V+26 java.desktop@9-internal
j  javax.swing.JComponent.paint(Ljava/awt/Graphics;)V+286 java.desktop@9-internal
j  javax.swing.JComponent.paintChildren(Ljava/awt/Graphics;)V+501 java.desktop@9-internal
j  javax.swing.JComponent.paint(Ljava/awt/Graphics;)V+318 java.desktop@9-internal
j  javax.swing.JComponent.paintChildren(Ljava/awt/Graphics;)V+501 java.desktop@9-internal
j  javax.swing.JComponent.paint(Ljava/awt/Graphics;)V+318 java.desktop@9-internal
j  javax.swing.JLayeredPane.paint(Ljava/awt/Graphics;)V+73 java.desktop@9-internal
j  javax.swing.JComponent.paintChildren(Ljava/awt/Graphics;)V+501 java.desktop@9-internal
j  javax.swing.JComponent.paintToOffscreen(Ljava/awt/Graphics;IIIIII)V+72 java.desktop@9-internal
j  javax.swing.BufferStrategyPaintManager.paint(Ljavax/swing/JComponent;Ljavax/swing/JComponent;Ljava/awt/Graphics;IIII)Z+164 java.desktop@9-internal
j  javax.swing.RepaintManager.paint(Ljavax/swing/JComponent;Ljavax/swing/JComponent;Ljava/awt/Graphics;IIII)V+51 java.desktop@9-internal
j  javax.swing.JComponent.paint(Ljava/awt/Graphics;)V+221 java.desktop@9-internal
j  java.awt.GraphicsCallback$PaintCallback.run(Ljava/awt/Component;Ljava/awt/Graphics;)V+2 java.desktop@9-internal
j  sun.awt.SunGraphicsCallback.runOneComponent(Ljava/awt/Component;Ljava/awt/Rectangle;Ljava/awt/Graphics;Ljava/awt/Shape;I)V+155 java.desktop@9-internal
j  sun.awt.SunGraphicsCallback.runComponents([Ljava/awt/Component;Ljava/awt/Graphics;I)V+157 java.desktop@9-internal
j  java.awt.Container.paint(Ljava/awt/Graphics;)V+58 java.desktop@9-internal
j  java.awt.Window.paint(Ljava/awt/Graphics;)V+68 java.desktop@9-internal
j  javax.swing.RepaintManager$4.run()Ljava/lang/Void;+142 java.desktop@9-internal
j  javax.swing.RepaintManager$4.run()Ljava/lang/Object;+1 java.desktop@9-internal
v  ~StubRoutines::call_stub
j  java.security.AccessController.doPrivileged(Ljava/security/PrivilegedAction;Ljava/security/AccessControlContext;)Ljava/lang/Object;+0 java.base@9-internal
j  java.security.ProtectionDomain$JavaSecurityAccessImpl.doIntersectionPrivilege(Ljava/security/PrivilegedAction;Ljava/security/AccessControlContext;Ljava/security/AccessControlContext;)Ljava/lang/Object;+18 java.base@9-internal
j  javax.swing.RepaintManager.paintDirtyRegions(Ljava/util/Map;)V+154 java.desktop@9-internal
j  javax.swing.RepaintManager.paintDirtyRegions()V+46 java.desktop@9-internal
j  javax.swing.RepaintManager.prePaintDirtyRegions()V+73 java.desktop@9-internal
j  javax.swing.RepaintManager.access$1200(Ljavax/swing/RepaintManager;)V+1 java.desktop@9-internal
j  javax.swing.RepaintManager$ProcessingRunnable.run()V+37 java.desktop@9-internal
j  java.awt.event.InvocationEvent.dispatch()V+47 java.desktop@9-internal
j  java.awt.EventQueue.dispatchEventImpl(Ljava/awt/AWTEvent;Ljava/lang/Object;)V+21 java.desktop@9-internal
j  java.awt.EventQueue.access$500(Ljava/awt/EventQueue;Ljava/awt/AWTEvent;Ljava/lang/Object;)V+3 java.desktop@9-internal
j  java.awt.EventQueue$3.run()Ljava/lang/Void;+32 java.desktop@9-internal
j  java.awt.EventQueue$3.run()Ljava/lang/Object;+1 java.desktop@9-internal
v  ~StubRoutines::call_stub
j  java.security.AccessController.doPrivileged(Ljava/security/PrivilegedAction;Ljava/security/AccessControlContext;)Ljava/lang/Object;+0 java.base@9-internal
j  java.security.ProtectionDomain$JavaSecurityAccessImpl.doIntersectionPrivilege(Ljava/security/PrivilegedAction;Ljava/security/AccessControlContext;Ljava/security/AccessControlContext;)Ljava/lang/Object;+18 java.base@9-internal
j  java.awt.EventQueue.dispatchEvent(Ljava/awt/AWTEvent;)V+46 java.desktop@9-internal
j  java.awt.EventDispatchThread.pumpOneEventForFilters(I)V+183 java.desktop@9-internal
j  java.awt.EventDispatchThread.pumpEventsForFilter(ILjava/awt/Conditional;Ljava/awt/EventFilter;)V+35 java.desktop@9-internal
j  java.awt.EventDispatchThread.pumpEventsForHierarchy(ILjava/awt/Conditional;Ljava/awt/Component;)V+11 java.desktop@9-internal
j  java.awt.EventDispatchThread.pumpEvents(ILjava/awt/Conditional;)V+4 java.desktop@9-internal
j  java.awt.EventDispatchThread.pumpEvents(Ljava/awt/Conditional;)V+3 java.desktop@9-internal
j  java.awt.EventDispatchThread.run()V+9 java.desktop@9-internal
v  ~StubRoutines::call_stub

siginfo: si_signo: 11 (SIGSEGV), si_code: 1 (SEGV_MAPERR), si_addr: 0x00000000

Register to memory mapping:

EAX=0x00000000 is an unknown value
EBX=0x8345c000: <offset 0x000c4000> in /usr/lib/jvm/java-9-openjdk-i386/lib/i386/libfontmanager.so at 0x83398000
ECX=0x00010002 is an unknown value
EDX=0x00000000 is an unknown value
ESP=0x830b3e5c is pointing into the stack for thread: 0x8364dc00
EBP=0x830b3e78 is pointing into the stack for thread: 0x8364dc00
ESI=0x00000000 is an unknown value
EDI=0x00000000 is an unknown value


Registers:
EAX=0x00000000, EBX=0x8345c000, ECX=0x00010002, EDX=0x00000000
ESP=0x830b3e5c, EBP=0x830b3e78, ESI=0x00000000, EDI=0x00000000
EIP=0xb6629e48, EFLAGS=0x00010246, CR2=0x0000000000000000

Top of Stack: (sp=0x830b3e5c)
0x830b3e5c:   00000000 830b3ea8 b7779010 8335ecdb
0x830b3e6c:   d3f7d900 00000000 8362e368 830b3ea8
0x830b3e7c:   833c7af5 00000000 00010002 a6d0003c
0x830b3e8c:   a6dffd84 b7788000 8362e648 832f60b9
0x830b3e9c:   a6dffce8 00000000 00000000 82d06288
0x830b3eac:   832f74dc a6dffce8 00000000 00000000
0x830b3ebc:   00000000 b7733000 83397000 a6dffce8
0x830b3ecc:   8330b2b8 a6dffce8 00000000 00000001 

Instructions: (pc=0xb6629e48)
0xb6629e28:   ff eb f3 90 8d 74 26 00 55 89 e5 83 ec 1c 8b 45
0xb6629e38:   08 65 8b 15 14 00 00 00 89 55 f4 31 d2 8b 4d 0c
0xb6629e48:   8b 10 51 8d 4d f0 51 50 ff 52 18 8b 45 f0 8b 4d
0xb6629e58:   f4 65 33 0d 14 00 00 00 75 02 c9 c3 e8 c7 5b 00 


---------------  P R O C E S S  ---------------

Java Threads: ( => current thread )
  0xb650b000 JavaThread "DestroyJavaVM" [_thread_blocked, id=10434, stack(0xb6642000,0xb6693000)]
=>0x8364dc00 JavaThread "AWT-EventQueue-0" [_thread_in_native, id=10457, stack(0x83066000,0x830b7000)]
  0x8364cc00 JavaThread "AWT-Shutdown" [_thread_blocked, id=10456, stack(0x830b7000,0x83108000)]
  0x8364a400 JavaThread "AWT-XAWT" daemon [_thread_in_native, id=10455, stack(0x83108000,0x83159000)]
  0x83637c00 JavaThread "Java2D Disposer" daemon [_thread_blocked, id=10454, stack(0x8316c000,0x831bd000)]
  0x8386d800 JavaThread "Service Thread" daemon [_thread_blocked, id=10452, stack(0x839ad000,0x839fe000)]
  0x85c9b400 JavaThread "Common-Cleaner" daemon [_thread_blocked, id=10451, stack(0x839fe000,0x83a4f000)]
  0x85c91c00 JavaThread "Sweeper thread" daemon [_thread_blocked, id=10450, stack(0x85667000,0x856b8000)]
  0x85c90c00 JavaThread "C1 CompilerThread2" daemon [_thread_in_vm, id=10449, stack(0x856b8000,0x85739000)]
  0x85c41c00 JavaThread "C2 CompilerThread1" daemon [_thread_blocked, id=10448, stack(0x85739000,0x857ba000)]
  0x85c40800 JavaThread "C2 CompilerThread0" daemon [_thread_blocked, id=10447, stack(0x857ba000,0x8583b000)]
  0x85c3f000 JavaThread "Signal Dispatcher" daemon [_thread_blocked, id=10446, stack(0x8583b000,0x8588c000)]
  0x85c3d800 JavaThread "Surrogate Locker Thread (Concurrent GC)" daemon [_thread_blocked, id=10445, stack(0x8588c000,0x858dd000)]
  0x85c24c00 JavaThread "Finalizer" daemon [_thread_blocked, id=10444, stack(0x85add000,0x85b2e000)]
  0x85c23400 JavaThread "Reference Handler" daemon [_thread_blocked, id=10443, stack(0x85b2e000,0x85b7f000)]

Other Threads:
  0x85c1e400 VMThread [stack: 0x85b7f000,0x85c00000] [id=10442]
  0x8386f400 WatcherThread [stack: 0x8392c000,0x839ad000] [id=10453]

Threads with active compile tasks:
C1 CompilerThread2 441       3       java.util.Properties$LineReader::readLine (468 bytes)

VM state:not at safepoint (normal execution)

VM Mutex/Monitor currently owned by a thread: None

Heap:
 garbage-first heap   total 32768K, used 3217K [0x87400000, 0x87500080, 0xa6a00000)
  region size 1024K, 4 young (4096K), 1 survivors (1024K)
 Metaspace       used 6901K, capacity 7286K, committed 7320K, reserved 7472K

Heap Regions: E=young(eden), S=young(survivor), O=old, HS=humongous(starts), HC=humongous(continues), CS=collection set, F=free, A=archive, TS=gc time stamp, AC=allocation context, TAMS=top-at-mark-start (previous, next)
|   0|0x87400000, 0x87424600, 0x87500000| 14%| O|  |TS  1|AC  0|TAMS 0x87400000, 0x87400000|
|   1|0x87500000, 0x87500000, 0x87600000|  0%| F|  |TS  0|AC  0|TAMS 0x87500000, 0x87500000|
|   2|0x87600000, 0x87600000, 0x87700000|  0%| F|  |TS  0|AC  0|TAMS 0x87600000, 0x87600000|
|   3|0x87700000, 0x87700000, 0x87800000|  0%| F|  |TS  0|AC  0|TAMS 0x87700000, 0x87700000|
|   4|0x87800000, 0x87800000, 0x87900000|  0%| F|  |TS  0|AC  0|TAMS 0x87800000, 0x87800000|
|   5|0x87900000, 0x87900000, 0x87a00000|  0%| F|  |TS  0|AC  0|TAMS 0x87900000, 0x87900000|
|   6|0x87a00000, 0x87a00000, 0x87b00000|  0%| F|  |TS  0|AC  0|TAMS 0x87a00000, 0x87a00000|
|   7|0x87b00000, 0x87b00000, 0x87c00000|  0%| F|  |TS  0|AC  0|TAMS 0x87b00000, 0x87b00000|
|   8|0x87c00000, 0x87c00000, 0x87d00000|  0%| F|  |TS  0|AC  0|TAMS 0x87c00000, 0x87c00000|
|   9|0x87d00000, 0x87d00000, 0x87e00000|  0%| F|  |TS  0|AC  0|TAMS 0x87d00000, 0x87d00000|
|  10|0x87e00000, 0x87e00000, 0x87f00000|  0%| F|  |TS  0|AC  0|TAMS 0x87e00000, 0x87e00000|
|  11|0x87f00000, 0x87f00000, 0x88000000|  0%| F|  |TS  0|AC  0|TAMS 0x87f00000, 0x87f00000|
|  12|0x88000000, 0x88000000, 0x88100000|  0%| F|  |TS  0|AC  0|TAMS 0x88000000, 0x88000000|
|  13|0x88100000, 0x88100000, 0x88200000|  0%| F|  |TS  0|AC  0|TAMS 0x88100000, 0x88100000|
|  14|0x88200000, 0x88200000, 0x88300000|  0%| F|  |TS  0|AC  0|TAMS 0x88200000, 0x88200000|
|  15|0x88300000, 0x88300000, 0x88400000|  0%| F|  |TS  0|AC  0|TAMS 0x88300000, 0x88300000|
|  16|0x88400000, 0x88400000, 0x88500000|  0%| F|  |TS  0|AC  0|TAMS 0x88400000, 0x88400000|
|  17|0x88500000, 0x88500000, 0x88600000|  0%| F|  |TS  0|AC  0|TAMS 0x88500000, 0x88500000|
|  18|0x88600000, 0x88600000, 0x88700000|  0%| F|  |TS  0|AC  0|TAMS 0x88600000, 0x88600000|
|  19|0x88700000, 0x88700000, 0x88800000|  0%| F|  |TS  0|AC  0|TAMS 0x88700000, 0x88700000|
|  20|0x88800000, 0x88800000, 0x88900000|  0%| F|  |TS  0|AC  0|TAMS 0x88800000, 0x88800000|
|  21|0x88900000, 0x88900000, 0x88a00000|  0%| F|  |TS  0|AC  0|TAMS 0x88900000, 0x88900000|
|  22|0x88a00000, 0x88a00000, 0x88b00000|  0%| F|  |TS  0|AC  0|TAMS 0x88a00000, 0x88a00000|
|  23|0x88b00000, 0x88b00000, 0x88c00000|  0%| F|  |TS  0|AC  0|TAMS 0x88b00000, 0x88b00000|
|  24|0x88c00000, 0x88c00000, 0x88d00000|  0%| F|  |TS  0|AC  0|TAMS 0x88c00000, 0x88c00000|
|  25|0x88d00000, 0x88d00000, 0x88e00000|  0%| F|  |TS  0|AC  0|TAMS 0x88d00000, 0x88d00000|
|  26|0x88e00000, 0x88e00000, 0x88f00000|  0%| F|  |TS  0|AC  0|TAMS 0x88e00000, 0x88e00000|
|  27|0x88f00000, 0x88f00000, 0x89000000|  0%| F|  |TS  0|AC  0|TAMS 0x88f00000, 0x88f00000|
|  28|0x89000000, 0x89100000, 0x89100000|100%| S|CS|TS  1|AC  0|TAMS 0x89000000, 0x89000000|
|  29|0x89100000, 0x89193fc0, 0x89200000| 57%| E|  |TS  0|AC  0|TAMS 0x89100000, 0x89100000|
|  30|0x89200000, 0x89300000, 0x89300000|100%| E|CS|TS  0|AC  0|TAMS 0x89200000, 0x89200000|
|  31|0x89300000, 0x89400000, 0x89400000|100%| E|CS|TS  0|AC  0|TAMS 0x89300000, 0x89300000|

Card table byte_map: [0x87305000,0x87400000] byte_map_base: 0x86ecb000

Marking Bits (Prev, Next): (CMBitMap*) 0xb6543b0c, (CMBitMap*) 0xb6543b38
 Prev Bits: [0x86a32000, 0x8720a000)
 Next Bits: [0x8625a000, 0x86a32000)

Polling page: 0xb7740000

CodeHeap 'non-nmethods': size=5412Kb used=752Kb max_used=764Kb free=4659Kb
 bounds [0xa72f2000, 0xa7532000, 0xa783b000]
CodeHeap 'profiled nmethods': size=120172Kb used=546Kb max_used=546Kb free=119625Kb
 bounds [0xa783b000, 0xa7a7b000, 0xaed96000]
CodeHeap 'non-profiled nmethods': size=120176Kb used=112Kb max_used=112Kb free=120063Kb
 bounds [0xaed96000, 0xaefd6000, 0xb62f2000]
 total_blobs=819 nmethods=435 adapters=185
 compilation: enabled

Compilation events (10 events):
Event: 0.429 Thread 0x85c90c00  427       3       jdk.internal.org.objectweb.asm.Frame::pop (43 bytes)
Event: 0.429 Thread 0x85c90c00 nmethod 427 0xa78c1a08 code [0xa78c1b20, 0xa78c1c60]
Event: 0.429 Thread 0x85c90c00  432       3       jdk.internal.org.objectweb.asm.ClassWriter::newNameType (10 bytes)
Event: 0.430 Thread 0x85c90c00 nmethod 432 0xa78c1d88 code [0xa78c1ea0, 0xa78c1fac]
Event: 0.430 Thread 0x85c90c00  433       3       jdk.internal.org.objectweb.asm.ClassWriter::newNameTypeItem (71 bytes)
Event: 0.442 Thread 0x85c41c00  434       4       jdk.internal.org.objectweb.asm.Item::<init> (66 bytes)
Event: 0.454 Thread 0x85c41c00 nmethod 434 0xaedb1888 code [0xaedb19a0, 0xaedb1c50]
Event: 0.454 Thread 0x85c90c00 nmethod 433 0xa78c2088 code [0xa78c2220, 0xa78c25e0]
Event: 0.454 Thread 0x85c90c00  438       2       java.util.Properties::loadConvert (505 bytes)
Event: 0.457 Thread 0x85c40800  446       4       java.lang.AbstractStringBuilder::ensureCapacityInternal (39 bytes)

GC Heap History (2 events):
Event: 0.288 GC heap before
{Heap before GC invocations=0 (full 0):
 garbage-first heap   total 32768K, used 3072K [0x87400000, 0x87500080, 0xa6a00000)
  region size 1024K, 3 young (3072K), 0 survivors (0K)
 Metaspace       used 5153K, capacity 5299K, committed 5400K, reserved 5424K
}
Event: 0.292 GC heap after
{Heap after GC invocations=1 (full 0):
 garbage-first heap   total 32768K, used 1169K [0x87400000, 0x87500080, 0xa6a00000)
  region size 1024K, 1 young (1024K), 1 survivors (1024K)
 Metaspace       used 5153K, capacity 5299K, committed 5400K, reserved 5424K
}

Deoptimization events (10 events):
Event: 0.200 Thread 0xb650b000 Uncommon trap: reason=bimorphic action=maybe_recompile pc=0xaeda427c method=java.util.HashMap.getNode(ILjava/lang/Object;)Ljava/util/HashMap$Node; @ 59
Event: 0.261 Thread 0xb650b000 Uncommon trap: reason=bimorphic action=maybe_recompile pc=0xaeda427c method=java.util.HashMap.getNode(ILjava/lang/Object;)Ljava/util/HashMap$Node; @ 59
Event: 0.261 Thread 0xb650b000 Uncommon trap: reason=bimorphic action=maybe_recompile pc=0xaeda427c method=java.util.HashMap.getNode(ILjava/lang/Object;)Ljava/util/HashMap$Node; @ 59
Event: 0.261 Thread 0xb650b000 Uncommon trap: reason=bimorphic action=maybe_recompile pc=0xaeda42f8 method=java.util.HashMap.getNode(ILjava/lang/Object;)Ljava/util/HashMap$Node; @ 126
Event: 0.261 Thread 0xb650b000 Uncommon trap: reason=bimorphic action=maybe_recompile pc=0xaeda42f8 method=java.util.HashMap.getNode(ILjava/lang/Object;)Ljava/util/HashMap$Node; @ 126
Event: 0.273 Thread 0x8364dc00 Uncommon trap: reason=class_check action=maybe_recompile pc=0xaed9c468 method=java.util.HashMap.putVal(ILjava/lang/Object;Ljava/lang/Object;ZZ)Ljava/lang/Object; @ 91
Event: 0.323 Thread 0x8364dc00 Uncommon trap: reason=unstable_if action=reinterpret pc=0xaed9c43c method=java.util.HashMap.putVal(ILjava/lang/Object;Ljava/lang/Object;ZZ)Ljava/lang/Object; @ 181
Event: 0.334 Thread 0x8364dc00 Uncommon trap: reason=unstable_if action=reinterpret pc=0xaed9ce34 method=java.util.HashMap.hash(Ljava/lang/Object;)I @ 1
Event: 0.340 Thread 0x8364dc00 Uncommon trap: reason=unstable_if action=reinterpret pc=0xaed9d0e0 method=java.util.HashMap.hash(Ljava/lang/Object;)I @ 1
Event: 0.355 Thread 0x8364dc00 Uncommon trap: reason=unstable_fused_if action=reinterpret pc=0xaeda7458 method=jdk.internal.org.objectweb.asm.ByteVector.putUTF8(Ljava/lang/String;)Ljdk/internal/org/objectweb/asm/ByteVector; @ 91

Classes redefined (0 events):
No events

Internal exceptions (7 events):
Event: 0.188 Thread 0xb650b000 Exception <a 'java/lang/ClassNotFoundException': sun/awt/resources/awtProvider> (0x892f9088) thrown at [/build/openjdk-9-GMfJKp/openjdk-9-9~b114/src/hotspot/src/share/vm/classfile/systemDictionary.cpp, line 224]
Event: 0.207 Thread 0xb650b000 Exception <a 'java/io/FileNotFoundException'> (0x89136388) thrown at [/build/openjdk-9-GMfJKp/openjdk-9-9~b114/src/hotspot/src/share/vm/prims/jni.cpp, line 605]
Event: 0.207 Thread 0xb650b000 Exception <a 'java/io/FileNotFoundException'> (0x8913daa0) thrown at [/build/openjdk-9-GMfJKp/openjdk-9-9~b114/src/hotspot/src/share/vm/prims/jni.cpp, line 605]
Event: 0.326 Thread 0x8364dc00 Exception <a 'java/lang/ClassNotFoundException': com/sun/swing/internal/plaf/metal/resources/metalProvider> (0x89276218) thrown at [/build/openjdk-9-GMfJKp/openjdk-9-9~b114/src/hotspot/src/share/vm/classfile/systemDictionary.cpp, line 224]
Event: 0.327 Thread 0x8364dc00 Exception <a 'java/lang/ClassNotFoundException': com/sun/swing/internal/plaf/basic/resources/basicProvider> (0x89279590) thrown at [/build/openjdk-9-GMfJKp/openjdk-9-9~b114/src/hotspot/src/share/vm/classfile/systemDictionary.cpp, line 224]
Event: 0.334 Thread 0x8364dc00 Implicit null exception at 0xaed9cdbd to 0xaed9ce2a
Event: 0.340 Thread 0x8364dc00 Implicit null exception at 0xaed9d08b to 0xaed9d0d0

Events (10 events):
Event: 0.464 loading class sun/nio/cs/UTF_16$Decoder
Event: 0.464 loading class sun/nio/cs/UnicodeDecoder
Event: 0.464 loading class sun/nio/cs/UnicodeDecoder done
Event: 0.464 loading class sun/nio/cs/UTF_16$Decoder done
Event: 0.465 loading class sun/font/FileFontStrike
Event: 0.465 loading class sun/font/FileFontStrike done
Event: 0.465 loading class sun/font/FontScaler
Event: 0.465 loading class sun/font/FontScaler done
Event: 0.465 loading class sun/font/FreetypeFontScaler
Event: 0.466 loading class sun/font/FreetypeFontScaler done


Dynamic libraries:
08048000-08049000 r-xp 00000000 08:05 6427315    /usr/lib/jvm/java-9-openjdk-i386/bin/java
08049000-0804a000 r--p 00000000 08:05 6427315    /usr/lib/jvm/java-9-openjdk-i386/bin/java
0804a000-0804b000 rw-p 00001000 08:05 6427315    /usr/lib/jvm/java-9-openjdk-i386/bin/java
08d6b000-08e2f000 rw-p 00000000 00:00 0          [heap]
82d00000-82d22000 rw-p 00000000 00:00 0 
82d22000-82e00000 ---p 00000000 00:00 0 
82e66000-82f46000 rw-p 00000000 00:00 0 
82f46000-82f66000 ---p 00000000 00:00 0 
82f66000-83066000 rw-p 00000000 00:00 0 
83066000-8306a000 ---p 00000000 00:00 0 
8306a000-830b7000 rw-p 00000000 00:00 0 
830b7000-830bb000 ---p 00000000 00:00 0 
830bb000-83108000 rw-p 00000000 00:00 0 
83108000-8310c000 ---p 00000000 00:00 0 
8310c000-83159000 rw-p 00000000 00:00 0 
83159000-8315e000 r-xp 00000000 08:05 6428273    /usr/lib/i386-linux-gnu/libXfixes.so.3.1.0
8315e000-8315f000 r--p 00004000 08:05 6428273    /usr/lib/i386-linux-gnu/libXfixes.so.3.1.0
8315f000-83160000 rw-p 00005000 08:05 6428273    /usr/lib/i386-linux-gnu/libXfixes.so.3.1.0
83160000-8316a000 r-xp 00000000 08:05 6422586    /usr/lib/i386-linux-gnu/libXcursor.so.1.0.2
8316a000-8316b000 r--p 00009000 08:05 6422586    /usr/lib/i386-linux-gnu/libXcursor.so.1.0.2
8316b000-8316c000 rw-p 0000a000 08:05 6422586    /usr/lib/i386-linux-gnu/libXcursor.so.1.0.2
8316c000-83170000 ---p 00000000 00:00 0 
83170000-832bd000 rw-p 00000000 00:00 0 
832bd000-832e6000 r-xp 00000000 08:05 2753820    /lib/i386-linux-gnu/libpng12.so.0.54.0
832e6000-832e7000 r--p 00028000 08:05 2753820    /lib/i386-linux-gnu/libpng12.so.0.54.0
832e7000-832e8000 rw-p 00029000 08:05 2753820    /lib/i386-linux-gnu/libpng12.so.0.54.0
832e8000-83393000 r-xp 00000000 08:05 6422626    /usr/lib/i386-linux-gnu/libfreetype.so.6.12.1
83393000-83397000 r--p 000aa000 08:05 6422626    /usr/lib/i386-linux-gnu/libfreetype.so.6.12.1
83397000-83398000 rw-p 000ae000 08:05 6422626    /usr/lib/i386-linux-gnu/libfreetype.so.6.12.1
83398000-8345a000 r-xp 00000000 08:05 6427355    /usr/lib/jvm/java-9-openjdk-i386/lib/i386/libfontmanager.so
8345a000-8345c000 r--p 000c1000 08:05 6427355    /usr/lib/jvm/java-9-openjdk-i386/lib/i386/libfontmanager.so
8345c000-8345d000 rw-p 000c3000 08:05 6427355    /usr/lib/jvm/java-9-openjdk-i386/lib/i386/libfontmanager.so
8345d000-835a3000 r-xp 00000000 08:05 6428254    /usr/lib/i386-linux-gnu/libX11.so.6.3.0
835a3000-835a4000 ---p 00146000 08:05 6428254    /usr/lib/i386-linux-gnu/libX11.so.6.3.0
835a4000-835a5000 r--p 00146000 08:05 6428254    /usr/lib/i386-linux-gnu/libX11.so.6.3.0
835a5000-835a7000 rw-p 00147000 08:05 6428254    /usr/lib/i386-linux-gnu/libX11.so.6.3.0
835a7000-835a8000 rw-p 00000000 00:00 0 
835a8000-835fc000 r-xp 00000000 08:05 6428924    /usr/lib/jvm/java-9-openjdk-i386/lib/i386/libawt_xawt.so
835fc000-835fd000 r--p 00053000 08:05 6428924    /usr/lib/jvm/java-9-openjdk-i386/lib/i386/libawt_xawt.so
835fd000-835ff000 rw-p 00054000 08:05 6428924    /usr/lib/jvm/java-9-openjdk-i386/lib/i386/libawt_xawt.so
835ff000-83600000 rw-p 00000000 00:00 0 
83600000-83666000 rw-p 00000000 00:00 0 
83666000-83700000 ---p 00000000 00:00 0 
83703000-83727000 r-xp 00000000 08:05 6429629    /usr/lib/i386-linux-gnu/libxcb.so.1.1.0
83727000-83728000 r--p 00023000 08:05 6429629    /usr/lib/i386-linux-gnu/libxcb.so.1.1.0
83728000-83729000 rw-p 00024000 08:05 6429629    /usr/lib/i386-linux-gnu/libxcb.so.1.1.0
83729000-8373c000 r-xp 00000000 08:05 6428271    /usr/lib/i386-linux-gnu/libXext.so.6.4.0
8373c000-8373d000 r--p 00012000 08:05 6428271    /usr/lib/i386-linux-gnu/libXext.so.6.4.0
8373d000-8373e000 rw-p 00013000 08:05 6428271    /usr/lib/i386-linux-gnu/libXext.so.6.4.0
8373e000-837d4000 r-xp 00000000 08:05 6427354    /usr/lib/jvm/java-9-openjdk-i386/lib/i386/libawt.so
837d4000-837d5000 r--p 00095000 08:05 6427354    /usr/lib/jvm/java-9-openjdk-i386/lib/i386/libawt.so
837d5000-837dc000 rw-p 00096000 08:05 6427354    /usr/lib/jvm/java-9-openjdk-i386/lib/i386/libawt.so
837dc000-83800000 rw-p 00000000 00:00 0 
83800000-838f9000 rw-p 00000000 00:00 0 
838f9000-83900000 ---p 00000000 00:00 0 
83901000-83912000 r-xp 00000000 08:05 6428279    /usr/lib/i386-linux-gnu/libXi.so.6.1.0
83912000-83913000 r--p 00010000 08:05 6428279    /usr/lib/i386-linux-gnu/libXi.so.6.1.0
83913000-83914000 rw-p 00011000 08:05 6428279    /usr/lib/i386-linux-gnu/libXi.so.6.1.0
8392c000-8392d000 ---p 00000000 00:00 0 
8392d000-839ad000 rw-p 00000000 00:00 0 
839ad000-839b1000 ---p 00000000 00:00 0 
839b1000-839fe000 rw-p 00000000 00:00 0 
839fe000-83a02000 ---p 00000000 00:00 0 
83a02000-85650000 rw-p 00000000 00:00 0 
85650000-85665000 r-xp 00000000 08:05 6427391    /usr/lib/jvm/java-9-openjdk-i386/lib/i386/libnet.so
85665000-85666000 r--p 00014000 08:05 6427391    /usr/lib/jvm/java-9-openjdk-i386/lib/i386/libnet.so
85666000-85667000 rw-p 00015000 08:05 6427391    /usr/lib/jvm/java-9-openjdk-i386/lib/i386/libnet.so
85667000-8566b000 ---p 00000000 00:00 0 
8566b000-856b8000 rw-p 00000000 00:00 0 
856b8000-856bc000 ---p 00000000 00:00 0 
856bc000-85739000 rw-p 00000000 00:00 0 
85739000-8573d000 ---p 00000000 00:00 0 
8573d000-857ba000 rw-p 00000000 00:00 0 
857ba000-857be000 ---p 00000000 00:00 0 
857be000-8583b000 rw-p 00000000 00:00 0 
8583b000-8583f000 ---p 00000000 00:00 0 
8583f000-8588c000 rw-p 00000000 00:00 0 
8588c000-85890000 ---p 00000000 00:00 0 
85890000-858dd000 rw-p 00000000 00:00 0 
858dd000-85add000 r--p 00000000 08:05 6423597    /usr/lib/locale/locale-archive
85add000-85ae1000 ---p 00000000 00:00 0 
85ae1000-85b2e000 rw-p 00000000 00:00 0 
85b2e000-85b32000 ---p 00000000 00:00 0 
85b32000-85b7f000 rw-p 00000000 00:00 0 
85b7f000-85b80000 ---p 00000000 00:00 0 
85b80000-85c00000 rw-p 00000000 00:00 0 
85c00000-85cfd000 rw-p 00000000 00:00 0 
85cfd000-85d00000 ---p 00000000 00:00 0 
85d00000-85d0a000 r-xp 00000000 08:05 6428291    /usr/lib/i386-linux-gnu/libXrender.so.1.3.0
85d0a000-85d0b000 r--p 00009000 08:05 6428291    /usr/lib/i386-linux-gnu/libXrender.so.1.3.0
85d0b000-85d0c000 rw-p 0000a000 08:05 6428291    /usr/lib/i386-linux-gnu/libXrender.so.1.3.0
85d0c000-86152000 rw-p 00000000 00:00 0 
86152000-86158000 ---p 00000000 00:00 0 
86158000-86159000 ---p 00000000 00:00 0 
86159000-861d9000 rw-p 00000000 00:00 0 
861d9000-861da000 ---p 00000000 00:00 0 
861da000-862da000 rw-p 00000000 00:00 0 
862da000-86a32000 ---p 00000000 00:00 0 
86a32000-86ab2000 rw-p 00000000 00:00 0 
86ab2000-8720a000 ---p 00000000 00:00 0 
8720a000-8721a000 rw-p 00000000 00:00 0 
8721a000-87305000 ---p 00000000 00:00 0 
87305000-87315000 rw-p 00000000 00:00 0 
87315000-87400000 ---p 00000000 00:00 0 
87400000-89400000 rw-p 00000000 00:00 0 
89400000-a6a00000 ---p 00000000 00:00 0 
a6a01000-a6a06000 r-xp 00000000 08:05 6428269    /usr/lib/i386-linux-gnu/libXdmcp.so.6.0.0
a6a06000-a6a07000 r--p 00004000 08:05 6428269    /usr/lib/i386-linux-gnu/libXdmcp.so.6.0.0
a6a07000-a6a08000 rw-p 00005000 08:05 6428269    /usr/lib/i386-linux-gnu/libXdmcp.so.6.0.0
a6a08000-a6b03000 ---p 00000000 00:00 0 
a6b03000-a6b13000 rw-p 00000000 00:00 0 
a6b13000-a6bfe000 ---p 00000000 00:00 0 
a6bfe000-a6bff000 ---p 00000000 00:00 0 
a6bff000-a6c7f000 rw-p 00000000 00:00 0 
a6c7f000-a6c80000 ---p 00000000 00:00 0 
a6c80000-a6d00000 rw-p 00000000 00:00 0 
a6d00000-a6e00000 rw-p 00000000 00:00 0 
a6e00000-a6e02000 r-xp 00000000 08:05 6428258    /usr/lib/i386-linux-gnu/libXau.so.6.0.0
a6e02000-a6e03000 r--p 00001000 08:05 6428258    /usr/lib/i386-linux-gnu/libXau.so.6.0.0
a6e03000-a6e04000 rw-p 00002000 08:05 6428258    /usr/lib/i386-linux-gnu/libXau.so.6.0.0
a6e04000-a6e7f000 rw-p 00000000 00:00 0 
a6e7f000-a6e80000 ---p 00000000 00:00 0 
a6e80000-a6f00000 rw-p 00000000 00:00 0 
a6f00000-a6f21000 rw-p 00000000 00:00 0 
a6f21000-a7000000 ---p 00000000 00:00 0 
a7000000-a7005000 r-xp 00000000 08:05 6428297    /usr/lib/i386-linux-gnu/libXtst.so.6.1.0
a7005000-a7006000 r--p 00004000 08:05 6428297    /usr/lib/i386-linux-gnu/libXtst.so.6.1.0
a7006000-a7007000 rw-p 00005000 08:05 6428297    /usr/lib/i386-linux-gnu/libXtst.so.6.1.0
a7007000-a7018000 r-xp 00000000 08:05 6428936    /usr/lib/jvm/java-9-openjdk-i386/lib/i386/libnio.so
a7018000-a7019000 r--p 00010000 08:05 6428936    /usr/lib/jvm/java-9-openjdk-i386/lib/i386/libnio.so
a7019000-a701a000 rw-p 00011000 08:05 6428936    /usr/lib/jvm/java-9-openjdk-i386/lib/i386/libnio.so
a701a000-a701b000 ---p 00000000 00:00 0 
a701b000-a709b000 rw-p 00000000 00:00 0 
a709b000-a709c000 ---p 00000000 00:00 0 
a709c000-a7121000 rw-p 00000000 00:00 0 
a7121000-a7207000 ---p 00000000 00:00 0 
a7207000-a720c000 rw-p 00000000 00:00 0 
a720c000-a72f2000 ---p 00000000 00:00 0 
a72f2000-a7532000 rwxp 00000000 00:00 0 
a7532000-a783b000 ---p 00000000 00:00 0 
a783b000-a7a7b000 rwxp 00000000 00:00 0 
a7a7b000-aed96000 ---p 00000000 00:00 0 
aed96000-aefd6000 rwxp 00000000 00:00 0 
aefd6000-b62f2000 ---p 00000000 00:00 0 
b62f2000-b64ad000 r--s 00000000 08:05 6427321    /usr/lib/jvm/java-9-openjdk-i386/lib/modules
b64ad000-b64b8000 r-xp 00000000 08:05 2752609    /lib/i386-linux-gnu/libnss_files-2.23.so
b64b8000-b64b9000 r--p 0000a000 08:05 2752609    /lib/i386-linux-gnu/libnss_files-2.23.so
b64b9000-b64ba000 rw-p 0000b000 08:05 2752609    /lib/i386-linux-gnu/libnss_files-2.23.so
b64ba000-b64c0000 rw-p 00000000 00:00 0 
b64c0000-b64cb000 r-xp 00000000 08:05 2753818    /lib/i386-linux-gnu/libnss_nis-2.23.so
b64cb000-b64cc000 r--p 0000a000 08:05 2753818    /lib/i386-linux-gnu/libnss_nis-2.23.so
b64cc000-b64cd000 rw-p 0000b000 08:05 2753818    /lib/i386-linux-gnu/libnss_nis-2.23.so
b64cd000-b64e4000 r-xp 00000000 08:05 2752527    /lib/i386-linux-gnu/libnsl-2.23.so
b64e4000-b64e5000 r--p 00016000 08:05 2752527    /lib/i386-linux-gnu/libnsl-2.23.so
b64e5000-b64e6000 rw-p 00017000 08:05 2752527    /lib/i386-linux-gnu/libnsl-2.23.so
b64e6000-b64e8000 rw-p 00000000 00:00 0 
b64eb000-b64ec000 r--p 002cf000 08:05 6423597    /usr/lib/locale/locale-archive
b64ec000-b64f1000 rw-p 00000000 00:00 0 
b64f1000-b64f7000 ---p 00000000 00:00 0 
b64f7000-b64fe000 r-xp 00000000 08:05 6428508    /usr/lib/jvm/java-9-openjdk-i386/lib/i386/libzip.so
b64fe000-b64ff000 r--p 00006000 08:05 6428508    /usr/lib/jvm/java-9-openjdk-i386/lib/i386/libzip.so
b64ff000-b6500000 rw-p 00007000 08:05 6428508    /usr/lib/jvm/java-9-openjdk-i386/lib/i386/libzip.so
b6500000-b6600000 rw-p 00000000 00:00 0 
b6600000-b6605000 r-xp 00000000 08:05 6428689    /usr/lib/jvm/java-9-openjdk-i386/lib/i386/libjimage.so
b6605000-b6606000 r--p 00004000 08:05 6428689    /usr/lib/jvm/java-9-openjdk-i386/lib/i386/libjimage.so
b6606000-b6607000 rw-p 00005000 08:05 6428689    /usr/lib/jvm/java-9-openjdk-i386/lib/i386/libjimage.so
b6607000-b660f000 r-xp 00000000 08:05 2752604    /lib/i386-linux-gnu/libnss_compat-2.23.so
b660f000-b6610000 r--p 00007000 08:05 2752604    /lib/i386-linux-gnu/libnss_compat-2.23.so
b6610000-b6611000 rw-p 00008000 08:05 2752604    /lib/i386-linux-gnu/libnss_compat-2.23.so
b6611000-b6637000 r-xp 00000000 08:05 6427328    /usr/lib/jvm/java-9-openjdk-i386/lib/i386/libjava.so
b6637000-b6638000 r--p 00025000 08:05 6427328    /usr/lib/jvm/java-9-openjdk-i386/lib/i386/libjava.so
b6638000-b6639000 rw-p 00026000 08:05 6427328    /usr/lib/jvm/java-9-openjdk-i386/lib/i386/libjava.so
b6639000-b6640000 r-xp 00000000 08:05 2753865    /lib/i386-linux-gnu/librt-2.23.so
b6640000-b6641000 r--p 00006000 08:05 2753865    /lib/i386-linux-gnu/librt-2.23.so
b6641000-b6642000 rw-p 00007000 08:05 2753865    /lib/i386-linux-gnu/librt-2.23.so
b6642000-b6646000 ---p 00000000 00:00 0 
b6646000-b6693000 rw-p 00000000 00:00 0 
b6693000-b66af000 r-xp 00000000 08:05 2753886    /lib/i386-linux-gnu/libgcc_s.so.1
b66af000-b66b0000 rw-p 0001b000 08:05 2753886    /lib/i386-linux-gnu/libgcc_s.so.1
b66b0000-b6703000 r-xp 00000000 08:05 2752517    /lib/i386-linux-gnu/libm-2.23.so
b6703000-b6704000 r--p 00052000 08:05 2752517    /lib/i386-linux-gnu/libm-2.23.so
b6704000-b6705000 rw-p 00053000 08:05 2752517    /lib/i386-linux-gnu/libm-2.23.so
b6705000-b6872000 r-xp 00000000 08:05 6424568    /usr/lib/i386-linux-gnu/libstdc++.so.6.0.21
b6872000-b6873000 ---p 0016d000 08:05 6424568    /usr/lib/i386-linux-gnu/libstdc++.so.6.0.21
b6873000-b6878000 r--p 0016d000 08:05 6424568    /usr/lib/i386-linux-gnu/libstdc++.so.6.0.21
b6878000-b6879000 rw-p 00172000 08:05 6424568    /usr/lib/i386-linux-gnu/libstdc++.so.6.0.21
b6879000-b687c000 rw-p 00000000 00:00 0 
b687c000-b74a8000 r-xp 00000000 08:05 6428404    /usr/lib/jvm/java-9-openjdk-i386/lib/i386/server/libjvm.so
b74a8000-b74fd000 r--p 00c2b000 08:05 6428404    /usr/lib/jvm/java-9-openjdk-i386/lib/i386/server/libjvm.so
b74fd000-b751b000 rw-p 00c80000 08:05 6428404    /usr/lib/jvm/java-9-openjdk-i386/lib/i386/server/libjvm.so
b751b000-b7543000 rw-p 00000000 00:00 0 
b7543000-b755c000 r-xp 00000000 08:05 2752537    /lib/i386-linux-gnu/libpthread-2.23.so
b755c000-b755d000 r--p 00018000 08:05 2752537    /lib/i386-linux-gnu/libpthread-2.23.so
b755d000-b755e000 rw-p 00019000 08:05 2752537    /lib/i386-linux-gnu/libpthread-2.23.so
b755e000-b7561000 rw-p 00000000 00:00 0 
b7561000-b7564000 r-xp 00000000 08:05 2752598    /lib/i386-linux-gnu/libdl-2.23.so
b7564000-b7565000 r--p 00002000 08:05 2752598    /lib/i386-linux-gnu/libdl-2.23.so
b7565000-b7566000 rw-p 00003000 08:05 2752598    /lib/i386-linux-gnu/libdl-2.23.so
b7566000-b757f000 r-xp 00000000 08:05 2753910    /lib/i386-linux-gnu/libz.so.1.2.8
b757f000-b7580000 r--p 00018000 08:05 2753910    /lib/i386-linux-gnu/libz.so.1.2.8
b7580000-b7581000 rw-p 00019000 08:05 2753910    /lib/i386-linux-gnu/libz.so.1.2.8
b7581000-b7731000 r-xp 00000000 08:05 2752596    /lib/i386-linux-gnu/libc-2.23.so
b7731000-b7733000 r--p 001af000 08:05 2752596    /lib/i386-linux-gnu/libc-2.23.so
b7733000-b7734000 rw-p 001b1000 08:05 2752596    /lib/i386-linux-gnu/libc-2.23.so
b7734000-b7737000 rw-p 00000000 00:00 0 
b7737000-b773f000 rw-s 00000000 08:05 7212297    /tmp/hsperfdata_lab2-pc13/10433
b773f000-b7740000 rw-p 00000000 00:00 0 
b7740000-b7741000 r--p 00000000 00:00 0 
b7741000-b774c000 r-xp 00000000 08:05 6427330    /usr/lib/jvm/java-9-openjdk-i386/lib/i386/libverify.so
b774c000-b774d000 ---p 0000b000 08:05 6427330    /usr/lib/jvm/java-9-openjdk-i386/lib/i386/libverify.so
b774d000-b774e000 r--p 0000b000 08:05 6427330    /usr/lib/jvm/java-9-openjdk-i386/lib/i386/libverify.so
b774e000-b774f000 rw-p 0000c000 08:05 6427330    /usr/lib/jvm/java-9-openjdk-i386/lib/i386/libverify.so
b774f000-b775d000 r-xp 00000000 08:05 6428908    /usr/lib/jvm/java-9-openjdk-i386/lib/i386/jli/libjli.so
b775d000-b775e000 r--p 0000d000 08:05 6428908    /usr/lib/jvm/java-9-openjdk-i386/lib/i386/jli/libjli.so
b775e000-b775f000 rw-p 0000e000 08:05 6428908    /usr/lib/jvm/java-9-openjdk-i386/lib/i386/jli/libjli.so
b775f000-b7760000 rw-p 00000000 00:00 0 
b7760000-b7763000 r--p 00000000 00:00 0          [vvar]
b7763000-b7764000 r-xp 00000000 00:00 0          [vdso]
b7764000-b7787000 r-xp 00000000 08:05 2752530    /lib/i386-linux-gnu/ld-2.23.so
b7787000-b7788000 r--p 00022000 08:05 2752530    /lib/i386-linux-gnu/ld-2.23.so
b7788000-b7789000 rw-p 00023000 08:05 2752530    /lib/i386-linux-gnu/ld-2.23.so
bfc29000-bfc4a000 rw-p 00000000 00:00 0          [stack]

VM Arguments:
java_command: SwingDemo
java_class_path (initial): .
Launcher Type: SUN_STANDARD

Environment Variables:
PATH=/home/lab2-pc13/bin:/home/lab2-pc13/.local/bin:/usr/local/sbin:/usr/local/bin:/usr/sbin:/usr/bin:/sbin:/bin:/usr/games:/usr/local/games:/snap/bin
SHELL=/bin/bash
DISPLAY=:0

Signal Handlers:
SIGSEGV: [libjvm.so+0x9e08a0], sa_mask[0]=11111111011111111101111111111110, sa_flags=SA_RESTART|SA_SIGINFO
SIGBUS: [libjvm.so+0x9e08a0], sa_mask[0]=11111111011111111101111111111110, sa_flags=SA_RESTART|SA_SIGINFO
SIGFPE: [libjvm.so+0x9e08a0], sa_mask[0]=11111111011111111101111111111110, sa_flags=SA_RESTART|SA_SIGINFO
SIGPIPE: [libjvm.so+0x832630], sa_mask[0]=11111111011111111101111111111110, sa_flags=SA_RESTART|SA_SIGINFO
SIGXFSZ: [libjvm.so+0x832630], sa_mask[0]=11111111011111111101111111111110, sa_flags=SA_RESTART|SA_SIGINFO
SIGILL: [libjvm.so+0x9e08a0], sa_mask[0]=11111111011111111101111111111110, sa_flags=SA_RESTART|SA_SIGINFO
SIGUSR2: [libjvm.so+0x832460], sa_mask[0]=00000000000000000000000000000000, sa_flags=SA_RESTART|SA_SIGINFO
SIGHUP: [libjvm.so+0x8328a0], sa_mask[0]=11111111011111111101111111111110, sa_flags=SA_RESTART|SA_SIGINFO
SIGINT: [libjvm.so+0x8328a0], sa_mask[0]=11111111011111111101111111111110, sa_flags=SA_RESTART|SA_SIGINFO
SIGTERM: [libjvm.so+0x8328a0], sa_mask[0]=11111111011111111101111111111110, sa_flags=SA_RESTART|SA_SIGINFO
SIGQUIT: [libjvm.so+0x8328a0], sa_mask[0]=11111111011111111101111111111110, sa_flags=SA_RESTART|SA_SIGINFO


---------------  S Y S T E M  ---------------

OS:DISTRIB_ID=Ubuntu
DISTRIB_RELEASE=16.04
DISTRIB_CODENAME=xenial
DISTRIB_DESCRIPTION="Ubuntu 16.04.5 LTS"
uname:Linux 4.4.0-134-generic #160-Ubuntu SMP Wed Aug 15 14:57:38 UTC 2018 i686
libc:glibc 2.23 NPTL 2.23 
rlimit: STACK 8192k, CORE 0k, NPROC 15713, NOFILE 1048576, AS infinity
load average:0.52 1.07 0.83

/proc/meminfo:
MemTotal:        2050844 kB
MemFree:          548484 kB
MemAvailable:    1174048 kB
Buffers:          109068 kB
Cached:           904964 kB
SwapCached:           32 kB
Active:           692160 kB
Inactive:         697424 kB
Active(anon):     271716 kB
Inactive(anon):   321348 kB
Active(file):     420444 kB
Inactive(file):   376076 kB
Unevictable:          48 kB
Mlocked:              48 kB
HighTotal:       1172848 kB
HighFree:         317524 kB
LowTotal:         877996 kB
LowFree:          230960 kB
SwapTotal:       2083836 kB
SwapFree:        2082240 kB
Dirty:               368 kB
Writeback:             0 kB
AnonPages:        375484 kB
Mapped:           172784 kB
Shmem:            217412 kB
Slab:              82132 kB
SReclaimable:      65668 kB
SUnreclaim:        16464 kB
KernelStack:        3240 kB
PageTables:         8144 kB
NFS_Unstable:          0 kB
Bounce:                0 kB
WritebackTmp:          0 kB
CommitLimit:     3109256 kB
Committed_AS:    3406332 kB
VmallocTotal:     122880 kB
VmallocUsed:           0 kB
VmallocChunk:          0 kB
AnonHugePages:         0 kB
CmaTotal:              0 kB
CmaFree:               0 kB
HugePages_Total:       0
HugePages_Free:        0
HugePages_Rsvd:        0
HugePages_Surp:        0
Hugepagesize:       2048 kB
DirectMap4k:       43000 kB
DirectMap2M:      870400 kB


CPU:total 2 (2 cores per cpu, 1 threads per core) family 6 model 23 stepping 10, cmov, cx8, fxsr, mmx, sse, sse2, sse3, ssse3, sse4.1, tsc

CPU Model and flags from /proc/cpuinfo:
model name	: Intel(R) Core(TM)2 Duo CPU     E7500  @ 2.93GHz
flags		: fpu vme de pse tsc msr pae mce cx8 apic sep mtrr pge mca cmov pat pse36 clflush dts acpi mmx fxsr sse sse2 ss ht tm pbe nx lm constant_tsc arch_perfmon pebs bts aperfmperf pni dtes64 monitor ds_cpl vmx est tm2 ssse3 cx16 xtpr pdcm sse4_1 xsave lahf_lm tpr_shadow vnmi flexpriority dtherm

Memory: 4k page, physical 2050844k(548484k free), swap 2083836k(2082240k free)

vm_info: OpenJDK Server VM (9-internal+0-2016-04-14-195526.buildd.src) for linux-x86 JRE (9-internal+0-2016-04-14-195526.buildd.src), built on Apr 14 2016 20:15:09 by "buildd" with gcc 5.3.1 20160413

END.
