#
# A fatal error has been detected by the Java Runtime Environment:
#
#  SIGSEGV (0xb) at pc=0xb6679e48, pid=7382, tid=7406
#
# JRE version: OpenJDK Runtime Environment (9.0) (build 9-internal+0-2016-04-14-195526.buildd.src)
# Java VM: OpenJDK Server VM (9-internal+0-2016-04-14-195526.buildd.src, mixed mode, tiered, g1 gc, linux-x86)
# Problematic frame:
# C  [libjava.so+0x18e48]  JNU_GetEnv+0x18
#
# Core dump will be written. Default location: Core dumps may be processed with "/usr/share/apport/apport %p %s %c %d %P" (or dumping to /home/lab2-pc16/Desktop/javaCollege/0_Assignment/14/core.7382)
#
# If you would like to submit a bug report, please visit:
#   http://bugreport.java.com/bugreport/crash.jsp
# The crash happened outside the Java Virtual Machine in native code.
# See problematic frame for where to report the bug.
#

---------------  S U M M A R Y ------------

Command Line: shopping

Host: Intel(R) Core(TM)2 Duo CPU     E7500  @ 2.93GHz, 2 cores, 1G, Ubuntu 16.04.1 LTS
Time: Mon Oct  8 11:50:14 2018 IST elapsed time: 5 seconds (0d 0h 0m 5s)

---------------  T H R E A D  ---------------

Current thread (0x83150000):  JavaThread "AWT-EventQueue-0" [_thread_in_native, id=7406, stack(0x82eaf000,0x82f00000)]

Stack: [0x82eaf000,0x82f00000],  sp=0x82efce5c,  free space=311k
Native frames: (J=compiled Java code, j=interpreted, Vv=VM code, C=native code)
C  [libjava.so+0x18e48]  JNU_GetEnv+0x18
C  [libfontmanager.so+0x2faf5]
C  [libfreetype.so.6+0xf4dc]  FT_Stream_Seek+0x1c

Java frames: (J=compiled Java code, j=interpreted, Vv=VM code)
j  sun.font.FreetypeFontScaler.initNativeScaler(Lsun/font/Font2D;IIZI)J+0 java.desktop@9-internal
j  sun.font.FreetypeFontScaler.<init>(Lsun/font/Font2D;IZI)V+26 java.desktop@9-internal
v  ~StubRoutines::call_stub
j  sun.reflect.NativeConstructorAccessorImpl.newInstance0(Ljava/lang/reflect/Constructor;[Ljava/lang/Object;)Ljava/lang/Object;+0 java.base@9-internal
j  sun.reflect.NativeConstructorAccessorImpl.newInstance([Ljava/lang/Object;)Ljava/lang/Object;+85 java.base@9-internal
j  sun.reflect.DelegatingConstructorAccessorImpl.newInstance([Ljava/lang/Object;)Ljava/lang/Object;+5 java.base@9-internal
j  java.lang.reflect.Constructor.newInstance([Ljava/lang/Object;)Ljava/lang/Object;+65 java.base@9-internal
j  sun.font.FontScaler.getScaler(Lsun/font/Font2D;IZI)Lsun/font/FontScaler;+39 java.desktop@9-internal
j  sun.font.TrueTypeFont.getScaler()Lsun/font/FontScaler;+21 java.desktop@9-internal
j  sun.font.FileFontStrike.<init>(Lsun/font/FileFont;Lsun/font/FontStrikeDesc;)V+204 java.desktop@9-internal
j  sun.font.FileFont.createStrike(Lsun/font/FontStrikeDesc;)Lsun/font/FontStrike;+18 java.desktop@9-internal
j  sun.font.Font2D.getStrike(Lsun/font/FontStrikeDesc;Z)Lsun/font/FontStrike;+92 java.desktop@9-internal
j  sun.font.Font2D.getStrike(Lsun/font/FontStrikeDesc;)Lsun/font/FontStrike;+3 java.desktop@9-internal
j  sun.font.CompositeStrike.getStrikeForSlot(I)Lsun/font/PhysicalStrike;+23 java.desktop@9-internal
j  sun.font.CompositeStrike.getFontMetrics()Lsun/font/StrikeMetrics;+31 java.desktop@9-internal
j  sun.font.FontDesignMetrics.initMatrixAndMetrics()V+28 java.desktop@9-internal
j  sun.font.FontDesignMetrics.<init>(Ljava/awt/Font;Ljava/awt/font/FontRenderContext;)V+62 java.desktop@9-internal
j  sun.font.FontDesignMetrics.getMetrics(Ljava/awt/Font;Ljava/awt/font/FontRenderContext;)Lsun/font/FontDesignMetrics;+128 java.desktop@9-internal
j  sun.swing.SwingUtilities2.getFontMetrics(Ljavax/swing/JComponent;Ljava/awt/Font;)Ljava/awt/FontMetrics;+15 java.desktop@9-internal
j  javax.swing.JComponent.getFontMetrics(Ljava/awt/Font;)Ljava/awt/FontMetrics;+2 java.desktop@9-internal
j  sun.swing.SwingUtilities2.getFontMetrics(Ljavax/swing/JComponent;Ljava/awt/Graphics;Ljava/awt/Font;)Ljava/awt/FontMetrics;+6 java.desktop@9-internal
j  sun.swing.SwingUtilities2.getFontMetrics(Ljavax/swing/JComponent;Ljava/awt/Graphics;)Ljava/awt/FontMetrics;+6 java.desktop@9-internal
j  javax.swing.plaf.basic.BasicButtonUI.paint(Ljava/awt/Graphics;Ljavax/swing/JComponent;)V+15 java.desktop@9-internal
j  javax.swing.plaf.metal.MetalButtonUI.update(Ljava/awt/Graphics;Ljavax/swing/JComponent;)V+86 java.desktop@9-internal
j  javax.swing.JComponent.paintComponent(Ljava/awt/Graphics;)V+26 java.desktop@9-internal
j  javax.swing.JComponent.paint(Ljava/awt/Graphics;)V+286 java.desktop@9-internal
j  javax.swing.JComponent.paintChildren(Ljava/awt/Graphics;)V+501 java.desktop@9-internal
j  javax.swing.JComponent.paint(Ljava/awt/Graphics;)V+318 java.desktop@9-internal
j  javax.swing.JComponent.paintChildren(Ljava/awt/Graphics;)V+501 java.desktop@9-internal
j  javax.swing.JComponent.paint(Ljava/awt/Graphics;)V+318 java.desktop@9-internal
j  javax.swing.JLayeredPane.paint(Ljava/awt/Graphics;)V+73 java.desktop@9-internal
j  javax.swing.JComponent.paintChildren(Ljava/awt/Graphics;)V+501 java.desktop@9-internal
j  javax.swing.JComponent.paintToOffscreen(Ljava/awt/Graphics;IIIIII)V+72 java.desktop@9-internal
j  javax.swing.BufferStrategyPaintManager.paint(Ljavax/swing/JComponent;Ljavax/swing/JComponent;Ljava/awt/Graphics;IIII)Z+164 java.desktop@9-internal
j  javax.swing.RepaintManager.paint(Ljavax/swing/JComponent;Ljavax/swing/JComponent;Ljava/awt/Graphics;IIII)V+51 java.desktop@9-internal
j  javax.swing.JComponent.paint(Ljava/awt/Graphics;)V+221 java.desktop@9-internal
j  java.awt.GraphicsCallback$PaintCallback.run(Ljava/awt/Component;Ljava/awt/Graphics;)V+2 java.desktop@9-internal
j  sun.awt.SunGraphicsCallback.runOneComponent(Ljava/awt/Component;Ljava/awt/Rectangle;Ljava/awt/Graphics;Ljava/awt/Shape;I)V+155 java.desktop@9-internal
j  sun.awt.SunGraphicsCallback.runComponents([Ljava/awt/Component;Ljava/awt/Graphics;I)V+157 java.desktop@9-internal
j  java.awt.Container.paint(Ljava/awt/Graphics;)V+58 java.desktop@9-internal
j  java.awt.Window.paint(Ljava/awt/Graphics;)V+68 java.desktop@9-internal
j  javax.swing.RepaintManager$4.run()Ljava/lang/Void;+142 java.desktop@9-internal
j  javax.swing.RepaintManager$4.run()Ljava/lang/Object;+1 java.desktop@9-internal
v  ~StubRoutines::call_stub
j  java.security.AccessController.doPrivileged(Ljava/security/PrivilegedAction;Ljava/security/AccessControlContext;)Ljava/lang/Object;+0 java.base@9-internal
j  java.security.ProtectionDomain$JavaSecurityAccessImpl.doIntersectionPrivilege(Ljava/security/PrivilegedAction;Ljava/security/AccessControlContext;Ljava/security/AccessControlContext;)Ljava/lang/Object;+18 java.base@9-internal
j  javax.swing.RepaintManager.paintDirtyRegions(Ljava/util/Map;)V+154 java.desktop@9-internal
j  javax.swing.RepaintManager.paintDirtyRegions()V+46 java.desktop@9-internal
j  javax.swing.RepaintManager.prePaintDirtyRegions()V+73 java.desktop@9-internal
j  javax.swing.RepaintManager.access$1200(Ljavax/swing/RepaintManager;)V+1 java.desktop@9-internal
j  javax.swing.RepaintManager$ProcessingRunnable.run()V+37 java.desktop@9-internal
j  java.awt.event.InvocationEvent.dispatch()V+47 java.desktop@9-internal
j  java.awt.EventQueue.dispatchEventImpl(Ljava/awt/AWTEvent;Ljava/lang/Object;)V+21 java.desktop@9-internal
j  java.awt.EventQueue.access$500(Ljava/awt/EventQueue;Ljava/awt/AWTEvent;Ljava/lang/Object;)V+3 java.desktop@9-internal
j  java.awt.EventQueue$3.run()Ljava/lang/Void;+32 java.desktop@9-internal
j  java.awt.EventQueue$3.run()Ljava/lang/Object;+1 java.desktop@9-internal
v  ~StubRoutines::call_stub
j  java.security.AccessController.doPrivileged(Ljava/security/PrivilegedAction;Ljava/security/AccessControlContext;)Ljava/lang/Object;+0 java.base@9-internal
j  java.security.ProtectionDomain$JavaSecurityAccessImpl.doIntersectionPrivilege(Ljava/security/PrivilegedAction;Ljava/security/AccessControlContext;Ljava/security/AccessControlContext;)Ljava/lang/Object;+18 java.base@9-internal
j  java.awt.EventQueue.dispatchEvent(Ljava/awt/AWTEvent;)V+46 java.desktop@9-internal
j  java.awt.EventDispatchThread.pumpOneEventForFilters(I)V+183 java.desktop@9-internal
j  java.awt.EventDispatchThread.pumpEventsForFilter(ILjava/awt/Conditional;Ljava/awt/EventFilter;)V+35 java.desktop@9-internal
j  java.awt.EventDispatchThread.pumpEventsForHierarchy(ILjava/awt/Conditional;Ljava/awt/Component;)V+11 java.desktop@9-internal
j  java.awt.EventDispatchThread.pumpEvents(ILjava/awt/Conditional;)V+4 java.desktop@9-internal
j  java.awt.EventDispatchThread.pumpEvents(Ljava/awt/Conditional;)V+3 java.desktop@9-internal
j  java.awt.EventDispatchThread.run()V+9 java.desktop@9-internal
v  ~StubRoutines::call_stub

siginfo: si_signo: 11 (SIGSEGV), si_code: 1 (SEGV_MAPERR), si_addr: 0x00000000

Register to memory mapping:

EAX=0x00000000 is an unknown value
EBX=0x835a2000: <offset 0x000c4000> in /usr/lib/jvm/java-9-openjdk-i386/lib/i386/libfontmanager.so at 0x834de000
ECX=0x00010002 is an unknown value
EDX=0x00000000 is an unknown value
ESP=0x82efce5c is pointing into the stack for thread: 0x83150000
EBP=0x82efce78 is pointing into the stack for thread: 0x83150000
ESI=0x00000000 is an unknown value
EDI=0x00000000 is an unknown value


Registers:
EAX=0x00000000, EBX=0x835a2000, ECX=0x00010002, EDX=0x00000000
ESP=0x82efce5c, EBP=0x82efce78, ESI=0x00000000, EDI=0x00000000
EIP=0xb6679e48, EFLAGS=0x00010246, CR2=0x0000000000000000

Top of Stack: (sp=0x82efce5c)
0x82efce5c:   00000000 82efcea8 b77c9010 834a4cdb
0x82efce6c:   95e5ee00 00000000 839bf5f8 82efcea8
0x82efce7c:   8350daf5 00000000 00010002 a6c0003c
0x82efce8c:   8296ed24 b77d8000 839bf8a8 8343c0b9
0x82efce9c:   82969dd8 00000000 00000000 8296f428
0x82efceac:   8343d4dc 82969dd8 00000000 00000000
0x82efcebc:   00000000 b7783000 834dd000 82969dd8
0x82efcecc:   834512b8 82969dd8 00000000 00000001 

Instructions: (pc=0xb6679e48)
0xb6679e28:   ff eb f3 90 8d 74 26 00 55 89 e5 83 ec 1c 8b 45
0xb6679e38:   08 65 8b 15 14 00 00 00 89 55 f4 31 d2 8b 4d 0c
0xb6679e48:   8b 10 51 8d 4d f0 51 50 ff 52 18 8b 45 f0 8b 4d
0xb6679e58:   f4 65 33 0d 14 00 00 00 75 02 c9 c3 e8 c7 5b 00 


---------------  P R O C E S S  ---------------

Java Threads: ( => current thread )
  0xa6f04000 JavaThread "SeedGenerator Thread" daemon [_thread_blocked, id=7428, stack(0x82ca3000,0x82cf4000)]
  0x8292a800 JavaThread "SeedGenerator Thread" daemon [_thread_in_Java, id=7407, stack(0x82e5e000,0x82eaf000)]
  0xb650b000 JavaThread "DestroyJavaVM" [_thread_blocked, id=7383, stack(0xb6692000,0xb66e3000)]
=>0x83150000 JavaThread "AWT-EventQueue-0" [_thread_in_native, id=7406, stack(0x82eaf000,0x82f00000)]
  0x8314dc00 JavaThread "AWT-Shutdown" [_thread_blocked, id=7405, stack(0x83204000,0x83255000)]
  0x839dd400 JavaThread "AWT-XAWT" daemon [_thread_in_native, id=7404, stack(0x83255000,0x832a6000)]
  0x839c9000 JavaThread "Java2D Disposer" daemon [_thread_blocked, id=7403, stack(0x832b2000,0x83303000)]
  0x83943000 JavaThread "Service Thread" daemon [_thread_blocked, id=7401, stack(0x838af000,0x83900000)]
  0x85c92c00 JavaThread "Common-Cleaner" daemon [_thread_blocked, id=7400, stack(0x83a15000,0x83a66000)]
  0x85c89c00 JavaThread "Sweeper thread" daemon [_thread_blocked, id=7399, stack(0x85667000,0x856b8000)]
  0x85c88c00 JavaThread "C1 CompilerThread2" daemon [_thread_blocked, id=7398, stack(0x856b8000,0x85739000)]
  0x85c41c00 JavaThread "C2 CompilerThread1" daemon [_thread_blocked, id=7397, stack(0x85739000,0x857ba000)]
  0x85c40800 JavaThread "C2 CompilerThread0" daemon [_thread_blocked, id=7396, stack(0x857ba000,0x8583b000)]
  0x85c3f000 JavaThread "Signal Dispatcher" daemon [_thread_blocked, id=7395, stack(0x8583b000,0x8588c000)]
  0x85c3d800 JavaThread "Surrogate Locker Thread (Concurrent GC)" daemon [_thread_blocked, id=7394, stack(0x8588c000,0x858dd000)]
  0x85c2ac00 JavaThread "Finalizer" daemon [_thread_blocked, id=7393, stack(0x85add000,0x85b2e000)]
  0x85c23400 JavaThread "Reference Handler" daemon [_thread_blocked, id=7392, stack(0x85b2e000,0x85b7f000)]

Other Threads:
  0x85c1e400 VMThread [stack: 0x85b7f000,0x85c00000] [id=7391]
  0x83944c00 WatcherThread [stack: 0x8382e000,0x838af000] [id=7402]

Threads with active compile tasks:

VM state:not at safepoint (normal execution)

VM Mutex/Monitor currently owned by a thread: None

Heap:
 garbage-first heap   total 32768K, used 4247K [0x87400000, 0x87500080, 0xa6a00000)
  region size 1024K, 5 young (5120K), 1 survivors (1024K)
 Metaspace       used 7779K, capacity 8197K, committed 8216K, reserved 8496K

Heap Regions: E=young(eden), S=young(survivor), O=old, HS=humongous(starts), HC=humongous(continues), CS=collection set, F=free, A=archive, TS=gc time stamp, AC=allocation context, TAMS=top-at-mark-start (previous, next)
|   0|0x87400000, 0x87425c00, 0x87500000| 14%| O|  |TS  1|AC  0|TAMS 0x87400000, 0x87400000|
|   1|0x87500000, 0x87500000, 0x87600000|  0%| F|  |TS  0|AC  0|TAMS 0x87500000, 0x87500000|
|   2|0x87600000, 0x87600000, 0x87700000|  0%| F|  |TS  0|AC  0|TAMS 0x87600000, 0x87600000|
|   3|0x87700000, 0x87700000, 0x87800000|  0%| F|  |TS  0|AC  0|TAMS 0x87700000, 0x87700000|
|   4|0x87800000, 0x87800000, 0x87900000|  0%| F|  |TS  0|AC  0|TAMS 0x87800000, 0x87800000|
|   5|0x87900000, 0x87900000, 0x87a00000|  0%| F|  |TS  0|AC  0|TAMS 0x87900000, 0x87900000|
|   6|0x87a00000, 0x87a00000, 0x87b00000|  0%| F|  |TS  0|AC  0|TAMS 0x87a00000, 0x87a00000|
|   7|0x87b00000, 0x87b00000, 0x87c00000|  0%| F|  |TS  0|AC  0|TAMS 0x87b00000, 0x87b00000|
|   8|0x87c00000, 0x87c00000, 0x87d00000|  0%| F|  |TS  0|AC  0|TAMS 0x87c00000, 0x87c00000|
|   9|0x87d00000, 0x87d00000, 0x87e00000|  0%| F|  |TS  0|AC  0|TAMS 0x87d00000, 0x87d00000|
|  10|0x87e00000, 0x87e00000, 0x87f00000|  0%| F|  |TS  0|AC  0|TAMS 0x87e00000, 0x87e00000|
|  11|0x87f00000, 0x87f00000, 0x88000000|  0%| F|  |TS  0|AC  0|TAMS 0x87f00000, 0x87f00000|
|  12|0x88000000, 0x88000000, 0x88100000|  0%| F|  |TS  0|AC  0|TAMS 0x88000000, 0x88000000|
|  13|0x88100000, 0x88100000, 0x88200000|  0%| F|  |TS  0|AC  0|TAMS 0x88100000, 0x88100000|
|  14|0x88200000, 0x88200000, 0x88300000|  0%| F|  |TS  0|AC  0|TAMS 0x88200000, 0x88200000|
|  15|0x88300000, 0x88300000, 0x88400000|  0%| F|  |TS  0|AC  0|TAMS 0x88300000, 0x88300000|
|  16|0x88400000, 0x88400000, 0x88500000|  0%| F|  |TS  0|AC  0|TAMS 0x88400000, 0x88400000|
|  17|0x88500000, 0x88500000, 0x88600000|  0%| F|  |TS  0|AC  0|TAMS 0x88500000, 0x88500000|
|  18|0x88600000, 0x88600000, 0x88700000|  0%| F|  |TS  0|AC  0|TAMS 0x88600000, 0x88600000|
|  19|0x88700000, 0x88700000, 0x88800000|  0%| F|  |TS  0|AC  0|TAMS 0x88700000, 0x88700000|
|  20|0x88800000, 0x88800000, 0x88900000|  0%| F|  |TS  0|AC  0|TAMS 0x88800000, 0x88800000|
|  21|0x88900000, 0x88900000, 0x88a00000|  0%| F|  |TS  0|AC  0|TAMS 0x88900000, 0x88900000|
|  22|0x88a00000, 0x88a00000, 0x88b00000|  0%| F|  |TS  0|AC  0|TAMS 0x88a00000, 0x88a00000|
|  23|0x88b00000, 0x88b00000, 0x88c00000|  0%| F|  |TS  0|AC  0|TAMS 0x88b00000, 0x88b00000|
|  24|0x88c00000, 0x88c00000, 0x88d00000|  0%| F|  |TS  0|AC  0|TAMS 0x88c00000, 0x88c00000|
|  25|0x88d00000, 0x88d00000, 0x88e00000|  0%| F|  |TS  0|AC  0|TAMS 0x88d00000, 0x88d00000|
|  26|0x88e00000, 0x88e00000, 0x88f00000|  0%| F|  |TS  0|AC  0|TAMS 0x88e00000, 0x88e00000|
|  27|0x88f00000, 0x88fb8f98, 0x89000000| 72%| E|  |TS  0|AC  0|TAMS 0x88f00000, 0x88f00000|
|  28|0x89000000, 0x89100000, 0x89100000|100%| S|CS|TS  1|AC  0|TAMS 0x89000000, 0x89000000|
|  29|0x89100000, 0x89200000, 0x89200000|100%| E|CS|TS  0|AC  0|TAMS 0x89100000, 0x89100000|
|  30|0x89200000, 0x89300000, 0x89300000|100%| E|CS|TS  0|AC  0|TAMS 0x89200000, 0x89200000|
|  31|0x89300000, 0x89400000, 0x89400000|100%| E|CS|TS  0|AC  0|TAMS 0x89300000, 0x89300000|

Card table byte_map: [0x87305000,0x87400000] byte_map_base: 0x86ecb000

Marking Bits (Prev, Next): (CMBitMap*) 0xb6543b0c, (CMBitMap*) 0xb6543b38
 Prev Bits: [0x86a32000, 0x8720a000)
 Next Bits: [0x8625a000, 0x86a32000)

Polling page: 0xb7790000

CodeHeap 'non-nmethods': size=5412Kb used=756Kb max_used=778Kb free=4655Kb
 bounds [0xa7345000, 0xa7585000, 0xa788e000]
CodeHeap 'profiled nmethods': size=120172Kb used=897Kb max_used=897Kb free=119274Kb
 bounds [0xa788e000, 0xa7ace000, 0xaede9000]
CodeHeap 'non-profiled nmethods': size=120176Kb used=159Kb max_used=159Kb free=120016Kb
 bounds [0xaede9000, 0xaf029000, 0xb6345000]
 total_blobs=1044 nmethods=619 adapters=190
 compilation: enabled

Compilation events (10 events):
Event: 5.681 Thread 0x85c88c00  615       3       java.lang.String::toLowerCase (29 bytes)
Event: 5.681 Thread 0x85c88c00 nmethod 615 0xa796df88 code [0xa796e0c0, 0xa796e2b8]
Event: 5.681 Thread 0x85c40800  616       4       java.util.concurrent.ConcurrentHashMap::casTabAt (21 bytes)
Event: 5.683 Thread 0x85c40800 nmethod 616 0xaee10788 code [0xaee10880, 0xaee109b0]
Event: 5.683 Thread 0x85c40800  617       4       java.lang.CharacterData::of (120 bytes)
Event: 5.683 Thread 0x85c40800 nmethod 617 0xaee10a08 code [0xaee10b00, 0xaee10b50]
Event: 5.687 Thread 0x85c88c00  618       3       java.nio.HeapByteBuffer::_get (7 bytes)
Event: 5.687 Thread 0x85c88c00 nmethod 618 0xa796e388 code [0xa796e4a0, 0xa796e5a0]
Event: 5.687 Thread 0x85c88c00  619       1       java.nio.Buffer::position (5 bytes)
Event: 5.688 Thread 0x85c88c00 nmethod 619 0xaee10c08 code [0xaee10d00, 0xaee10da0]

GC Heap History (2 events):
Event: 0.280 GC heap before
{Heap before GC invocations=0 (full 0):
 garbage-first heap   total 32768K, used 3072K [0x87400000, 0x87500080, 0xa6a00000)
  region size 1024K, 3 young (3072K), 0 survivors (0K)
 Metaspace       used 5165K, capacity 5361K, committed 5400K, reserved 5424K
}
Event: 0.284 GC heap after
{Heap after GC invocations=1 (full 0):
 garbage-first heap   total 32768K, used 1175K [0x87400000, 0x87500080, 0xa6a00000)
  region size 1024K, 1 young (1024K), 1 survivors (1024K)
 Metaspace       used 5165K, capacity 5361K, committed 5400K, reserved 5424K
}

Deoptimization events (10 events):
Event: 0.155 Thread 0xb650b000 Uncommon trap: reason=bimorphic action=maybe_recompile pc=0xaedefd54 method=java.util.Collections$UnmodifiableCollection$1.next()Ljava/lang/Object; @ 4
Event: 0.158 Thread 0xb650b000 Uncommon trap: reason=bimorphic action=maybe_recompile pc=0xaedefd54 method=java.util.Collections$UnmodifiableCollection$1.next()Ljava/lang/Object; @ 4
Event: 0.254 Thread 0xb650b000 Uncommon trap: reason=class_check action=maybe_recompile pc=0xaedee77c method=java.util.HashMap.putVal(ILjava/lang/Object;Ljava/lang/Object;ZZ)Ljava/lang/Object; @ 91
Event: 0.311 Thread 0xb650b000 Uncommon trap: reason=unstable_if action=reinterpret pc=0xaedee74c method=java.util.HashMap.putVal(ILjava/lang/Object;Ljava/lang/Object;ZZ)Ljava/lang/Object; @ 181
Event: 0.322 Thread 0xb650b000 Uncommon trap: reason=unstable_if action=reinterpret pc=0xaedf0b34 method=java.util.HashMap.hash(Ljava/lang/Object;)I @ 1
Event: 0.323 Thread 0xb650b000 Uncommon trap: reason=unstable_fused_if action=reinterpret pc=0xaedfe394 method=java.util.HashMap.resize()[Ljava/util/HashMap$Node; @ 31
Event: 0.326 Thread 0xb650b000 Uncommon trap: reason=unstable_if action=reinterpret pc=0xaedf02e0 method=java.util.HashMap.hash(Ljava/lang/Object;)I @ 1
Event: 0.352 Thread 0xb650b000 Uncommon trap: reason=unstable_fused_if action=reinterpret pc=0xaedfa134 method=jdk.internal.org.objectweb.asm.ByteVector.putUTF8(Ljava/lang/String;)Ljdk/internal/org/objectweb/asm/ByteVector; @ 91
Event: 0.795 Thread 0x8292a800 Uncommon trap: reason=unstable_if action=reinterpret pc=0xaee08d2c method=sun.security.provider.SeedGenerator$ThreadedSeedGenerator.run()V @ 120
Event: 5.649 Thread 0x83150000 Uncommon trap: reason=unstable_if action=reinterpret pc=0xaedfca70 method=java.lang.String.equals(Ljava/lang/Object;)Z @ 27

Classes redefined (0 events):
No events

Internal exceptions (7 events):
Event: 0.182 Thread 0xb650b000 Exception <a 'java/lang/ClassNotFoundException': sun/awt/resources/awtProvider> (0x891026a8) thrown at [/build/openjdk-9-GMfJKp/openjdk-9-9~b114/src/hotspot/src/share/vm/classfile/systemDictionary.cpp, line 224]
Event: 0.196 Thread 0xb650b000 Exception <a 'java/io/FileNotFoundException'> (0x8913d988) thrown at [/build/openjdk-9-GMfJKp/openjdk-9-9~b114/src/hotspot/src/share/vm/prims/jni.cpp, line 605]
Event: 0.197 Thread 0xb650b000 Exception <a 'java/io/FileNotFoundException'> (0x89145130) thrown at [/build/openjdk-9-GMfJKp/openjdk-9-9~b114/src/hotspot/src/share/vm/prims/jni.cpp, line 605]
Event: 0.313 Thread 0xb650b000 Exception <a 'java/lang/ClassNotFoundException': com/sun/swing/internal/plaf/metal/resources/metalProvider> (0x8922ca30) thrown at [/build/openjdk-9-GMfJKp/openjdk-9-9~b114/src/hotspot/src/share/vm/classfile/systemDictionary.cpp, line 224]
Event: 0.314 Thread 0xb650b000 Exception <a 'java/lang/ClassNotFoundException': com/sun/swing/internal/plaf/basic/resources/basicProvider> (0x8922fbc8) thrown at [/build/openjdk-9-GMfJKp/openjdk-9-9~b114/src/hotspot/src/share/vm/classfile/systemDictionary.cpp, line 224]
Event: 0.322 Thread 0xb650b000 Implicit null exception at 0xaedf0abd to 0xaedf0b2a
Event: 0.326 Thread 0xb650b000 Implicit null exception at 0xaedf028b to 0xaedf02d0

Events (10 events):
Event: 5.688 loading class sun/nio/cs/UTF_16$Decoder
Event: 5.688 loading class sun/nio/cs/UnicodeDecoder
Event: 5.688 loading class sun/nio/cs/UnicodeDecoder done
Event: 5.688 loading class sun/nio/cs/UTF_16$Decoder done
Event: 5.688 loading class sun/font/FileFontStrike
Event: 5.688 loading class sun/font/FileFontStrike done
Event: 5.688 loading class sun/font/FontScaler
Event: 5.688 loading class sun/font/FontScaler done
Event: 5.688 loading class sun/font/FreetypeFontScaler
Event: 5.689 loading class sun/font/FreetypeFontScaler done


Dynamic libraries:
08048000-08049000 r-xp 00000000 08:05 9967449    /usr/lib/jvm/java-9-openjdk-i386/bin/java
08049000-0804a000 r--p 00000000 08:05 9967449    /usr/lib/jvm/java-9-openjdk-i386/bin/java
0804a000-0804b000 rw-p 00001000 08:05 9967449    /usr/lib/jvm/java-9-openjdk-i386/bin/java
091d1000-092cc000 rw-p 00000000 00:00 0          [heap]
82900000-82977000 rw-p 00000000 00:00 0 
82977000-82a00000 ---p 00000000 00:00 0 
82a00000-82ac0000 rw-p 00000000 00:00 0 
82ac0000-82b00000 ---p 00000000 00:00 0 
82b00000-82c00000 rw-p 00000000 00:00 0 
82c52000-82c56000 ---p 00000000 00:00 0 
82c56000-82ca3000 rw-p 00000000 00:00 0 
82ca3000-82ca7000 ---p 00000000 00:00 0 
82ca7000-82cf4000 rw-p 00000000 00:00 0 
82cf4000-82cfc000 r--s 00000000 08:05 8521618    /var/cache/fontconfig/945677eb7aeaf62f1d50efc3fb3ec7d8-le32d4.cache-6
82cfc000-82d00000 r--s 00000000 08:05 8524749    /var/cache/fontconfig/2cd17615ca594fa2959ae173292e504c-le32d4.cache-6
82d00000-82e00000 rw-p 00000000 00:00 0 
82e00000-82e0f000 r--s 00000000 08:05 8524730    /var/cache/fontconfig/04aabc0a78ac019cf9454389977116d2-le32d4.cache-6
82e0f000-82e12000 r--s 00000000 08:05 8524728    /var/cache/fontconfig/385c0604a188198f04d133e54aba7fe7-le32d4.cache-6
82e12000-82e16000 r--s 00000000 08:05 8524718    /var/cache/fontconfig/8801497958630a81b71ace7c5f9b32a8-le32d4.cache-6
82e16000-82e1b000 r--s 00000000 08:05 8524713    /var/cache/fontconfig/3047814df9a2f067bd2d96a2b9c36e5a-le32d4.cache-6
82e1b000-82e2b000 r--s 00000000 08:05 8524702    /var/cache/fontconfig/d52a8644073d54c13679302ca1180695-le32d4.cache-6
82e2b000-82e34000 r--s 00000000 08:05 8530543    /var/cache/fontconfig/d589a48862398ed80a3d6066f4f56f4c-le32d4.cache-6
82e34000-82e3c000 r--s 00000000 08:05 8524410    /var/cache/fontconfig/83bf95040141907cd45bb53cf7c1c148-le32d4.cache-6
82e5e000-82e62000 ---p 00000000 00:00 0 
82e62000-82eaf000 rw-p 00000000 00:00 0 
82eaf000-82eb3000 ---p 00000000 00:00 0 
82eb3000-83000000 rw-p 00000000 00:00 0 
83000000-83100000 rw-p 00000000 00:00 0 
83100000-83182000 rw-p 00000000 00:00 0 
83182000-83200000 ---p 00000000 00:00 0 
83200000-83204000 r--s 00000000 08:05 8524706    /var/cache/fontconfig/b47c4e1ecd0709278f4910c18777a504-le32d4.cache-6
83204000-83208000 ---p 00000000 00:00 0 
83208000-83255000 rw-p 00000000 00:00 0 
83255000-83259000 ---p 00000000 00:00 0 
83259000-832a6000 rw-p 00000000 00:00 0 
832a6000-832b0000 r-xp 00000000 08:05 9963995    /usr/lib/i386-linux-gnu/libXcursor.so.1.0.2
832b0000-832b1000 r--p 00009000 08:05 9963995    /usr/lib/i386-linux-gnu/libXcursor.so.1.0.2
832b1000-832b2000 rw-p 0000a000 08:05 9963995    /usr/lib/i386-linux-gnu/libXcursor.so.1.0.2
832b2000-832b6000 ---p 00000000 00:00 0 
832b6000-83403000 rw-p 00000000 00:00 0 
83403000-8342c000 r-xp 00000000 08:05 1967455    /lib/i386-linux-gnu/libpng12.so.0.54.0
8342c000-8342d000 r--p 00028000 08:05 1967455    /lib/i386-linux-gnu/libpng12.so.0.54.0
8342d000-8342e000 rw-p 00029000 08:05 1967455    /lib/i386-linux-gnu/libpng12.so.0.54.0
8342e000-834d9000 r-xp 00000000 08:05 9961570    /usr/lib/i386-linux-gnu/libfreetype.so.6.12.1
834d9000-834dd000 r--p 000aa000 08:05 9961570    /usr/lib/i386-linux-gnu/libfreetype.so.6.12.1
834dd000-834de000 rw-p 000ae000 08:05 9961570    /usr/lib/i386-linux-gnu/libfreetype.so.6.12.1
834de000-835a0000 r-xp 00000000 08:05 9967848    /usr/lib/jvm/java-9-openjdk-i386/lib/i386/libfontmanager.so
835a0000-835a2000 r--p 000c1000 08:05 9967848    /usr/lib/jvm/java-9-openjdk-i386/lib/i386/libfontmanager.so
835a2000-835a3000 rw-p 000c3000 08:05 9967848    /usr/lib/jvm/java-9-openjdk-i386/lib/i386/libfontmanager.so
835a3000-835c7000 r-xp 00000000 08:05 9968573    /usr/lib/i386-linux-gnu/libxcb.so.1.1.0
835c7000-835c8000 r--p 00023000 08:05 9968573    /usr/lib/i386-linux-gnu/libxcb.so.1.1.0
835c8000-835c9000 rw-p 00024000 08:05 9968573    /usr/lib/i386-linux-gnu/libxcb.so.1.1.0
835c9000-8370f000 r-xp 00000000 08:05 9967198    /usr/lib/i386-linux-gnu/libX11.so.6.3.0
8370f000-83710000 ---p 00146000 08:05 9967198    /usr/lib/i386-linux-gnu/libX11.so.6.3.0
83710000-83711000 r--p 00146000 08:05 9967198    /usr/lib/i386-linux-gnu/libX11.so.6.3.0
83711000-83713000 rw-p 00147000 08:05 9967198    /usr/lib/i386-linux-gnu/libX11.so.6.3.0
83713000-83714000 rw-p 00000000 00:00 0 
83714000-83768000 r-xp 00000000 08:05 9968312    /usr/lib/jvm/java-9-openjdk-i386/lib/i386/libawt_xawt.so
83768000-83769000 r--p 00053000 08:05 9968312    /usr/lib/jvm/java-9-openjdk-i386/lib/i386/libawt_xawt.so
83769000-8376b000 rw-p 00054000 08:05 9968312    /usr/lib/jvm/java-9-openjdk-i386/lib/i386/libawt_xawt.so
8376b000-8376c000 rw-p 00000000 00:00 0 
8376c000-83802000 r-xp 00000000 08:05 9967846    /usr/lib/jvm/java-9-openjdk-i386/lib/i386/libawt.so
83802000-83803000 r--p 00095000 08:05 9967846    /usr/lib/jvm/java-9-openjdk-i386/lib/i386/libawt.so
83803000-8380a000 rw-p 00096000 08:05 9967846    /usr/lib/jvm/java-9-openjdk-i386/lib/i386/libawt.so
8380a000-8382e000 rw-p 00000000 00:00 0 
8382e000-8382f000 ---p 00000000 00:00 0 
8382f000-838af000 rw-p 00000000 00:00 0 
838af000-838b3000 ---p 00000000 00:00 0 
838b3000-83900000 rw-p 00000000 00:00 0 
83900000-839f6000 rw-p 00000000 00:00 0 
839f6000-83a00000 ---p 00000000 00:00 0 
83a00000-83a01000 r--s 00000000 08:05 8524734    /var/cache/fontconfig/0d8c3b2ac0904cb8a57a757ad11a4a08-le32d4.cache-6
83a01000-83a02000 r--s 00000000 08:05 8524729    /var/cache/fontconfig/1ac9eb803944fde146138c791f5cc56a-le32d4.cache-6
83a02000-83a13000 r-xp 00000000 08:05 9967223    /usr/lib/i386-linux-gnu/libXi.so.6.1.0
83a13000-83a14000 r--p 00010000 08:05 9967223    /usr/lib/i386-linux-gnu/libXi.so.6.1.0
83a14000-83a15000 rw-p 00011000 08:05 9967223    /usr/lib/i386-linux-gnu/libXi.so.6.1.0
83a15000-83a19000 ---p 00000000 00:00 0 
83a19000-85667000 rw-p 00000000 00:00 0 
85667000-8566b000 ---p 00000000 00:00 0 
8566b000-856b8000 rw-p 00000000 00:00 0 
856b8000-856bc000 ---p 00000000 00:00 0 
856bc000-85739000 rw-p 00000000 00:00 0 
85739000-8573d000 ---p 00000000 00:00 0 
8573d000-857ba000 rw-p 00000000 00:00 0 
857ba000-857be000 ---p 00000000 00:00 0 
857be000-8583b000 rw-p 00000000 00:00 0 
8583b000-8583f000 ---p 00000000 00:00 0 
8583f000-8588c000 rw-p 00000000 00:00 0 
8588c000-85890000 ---p 00000000 00:00 0 
85890000-858dd000 rw-p 00000000 00:00 0 
858dd000-85add000 r--p 00000000 08:05 9962539    /usr/lib/locale/locale-archive
85add000-85ae1000 ---p 00000000 00:00 0 
85ae1000-85b2e000 rw-p 00000000 00:00 0 
85b2e000-85b32000 ---p 00000000 00:00 0 
85b32000-85b7f000 rw-p 00000000 00:00 0 
85b7f000-85b80000 ---p 00000000 00:00 0 
85b80000-85c00000 rw-p 00000000 00:00 0 
85c00000-85cf5000 rw-p 00000000 00:00 0 
85cf5000-85d00000 ---p 00000000 00:00 0 
85d00000-85d01000 r--s 00000000 08:05 8524724    /var/cache/fontconfig/dc05db6664285cc2f12bf69c139ae4c3-le32d4.cache-6
85d01000-85d03000 r--s 00000000 08:05 8524395    /var/cache/fontconfig/767a8244fc0220cfb567a839d0392e0b-le32d4.cache-6
85d03000-85d08000 r-xp 00000000 08:05 9967217    /usr/lib/i386-linux-gnu/libXfixes.so.3.1.0
85d08000-85d09000 r--p 00004000 08:05 9967217    /usr/lib/i386-linux-gnu/libXfixes.so.3.1.0
85d09000-85d0a000 rw-p 00005000 08:05 9967217    /usr/lib/i386-linux-gnu/libXfixes.so.3.1.0
85d0a000-85d0f000 r-xp 00000000 08:05 9967213    /usr/lib/i386-linux-gnu/libXdmcp.so.6.0.0
85d0f000-85d10000 r--p 00004000 08:05 9967213    /usr/lib/i386-linux-gnu/libXdmcp.so.6.0.0
85d10000-85d11000 rw-p 00005000 08:05 9967213    /usr/lib/i386-linux-gnu/libXdmcp.so.6.0.0
85d11000-85d1b000 r-xp 00000000 08:05 9967235    /usr/lib/i386-linux-gnu/libXrender.so.1.3.0
85d1b000-85d1c000 r--p 00009000 08:05 9967235    /usr/lib/i386-linux-gnu/libXrender.so.1.3.0
85d1c000-85d1d000 rw-p 0000a000 08:05 9967235    /usr/lib/i386-linux-gnu/libXrender.so.1.3.0
85d1d000-85d30000 r-xp 00000000 08:05 9967215    /usr/lib/i386-linux-gnu/libXext.so.6.4.0
85d30000-85d31000 r--p 00012000 08:05 9967215    /usr/lib/i386-linux-gnu/libXext.so.6.4.0
85d31000-85d32000 rw-p 00013000 08:05 9967215    /usr/lib/i386-linux-gnu/libXext.so.6.4.0
85d32000-861d3000 rw-p 00000000 00:00 0 
861d3000-861d9000 ---p 00000000 00:00 0 
861d9000-861da000 ---p 00000000 00:00 0 
861da000-862da000 rw-p 00000000 00:00 0 
862da000-86a32000 ---p 00000000 00:00 0 
86a32000-86ab2000 rw-p 00000000 00:00 0 
86ab2000-8720a000 ---p 00000000 00:00 0 
8720a000-8721a000 rw-p 00000000 00:00 0 
8721a000-87305000 ---p 00000000 00:00 0 
87305000-87315000 rw-p 00000000 00:00 0 
87315000-87400000 ---p 00000000 00:00 0 
87400000-89400000 rw-p 00000000 00:00 0 
89400000-a6a00000 ---p 00000000 00:00 0 
a6a00000-a6a01000 r--s 00000000 08:05 8524719    /var/cache/fontconfig/4794a0821666d79190d59a36cb4f44b5-le32d4.cache-6
a6a01000-a6a02000 r--s 00000000 08:05 8524714    /var/cache/fontconfig/bab58bb527bb656aaa9f116d68a48d89-le32d4.cache-6
a6a02000-a6a03000 r--s 00000000 08:05 8524712    /var/cache/fontconfig/56cf4f4769d0f4abc89a4895d7bd3ae1-le32d4.cache-6
a6a03000-a6a04000 ---p 00000000 00:00 0 
a6a04000-a6a84000 rw-p 00000000 00:00 0 
a6a84000-a6b7f000 ---p 00000000 00:00 0 
a6b7f000-a6b80000 ---p 00000000 00:00 0 
a6b80000-a6c00000 rw-p 00000000 00:00 0 
a6c00000-a6cfd000 rw-p 00000000 00:00 0 
a6cfd000-a6d00000 ---p 00000000 00:00 0 
a6d00000-a6d01000 r--s 00000000 08:05 8524711    /var/cache/fontconfig/b9d506c9ac06c20b433354fa67a72993-le32d4.cache-6
a6d01000-a6d02000 r--s 00000000 08:05 8524697    /var/cache/fontconfig/551ecf3b0e8b0bca0f25c0944f561853-le32d4.cache-6
a6d02000-a6d03000 r--s 00000000 08:05 8524534    /var/cache/fontconfig/30829fa25452a46451e813d634d7f916-le32d4.cache-6
a6d03000-a6d13000 rw-p 00000000 00:00 0 
a6d13000-a6dfe000 ---p 00000000 00:00 0 
a6dfe000-a6dff000 ---p 00000000 00:00 0 
a6dff000-a6e7f000 rw-p 00000000 00:00 0 
a6e7f000-a6e80000 ---p 00000000 00:00 0 
a6e80000-a6f00000 rw-p 00000000 00:00 0 
a6f00000-a6f21000 rw-p 00000000 00:00 0 
a6f21000-a7000000 ---p 00000000 00:00 0 
a7000000-a7001000 r--s 00000000 08:05 8524520    /var/cache/fontconfig/0c9eb80ebd1c36541ebe2852d3bb0c49-le32d4.cache-6
a7001000-a7004000 r--s 00000000 08:05 8524411    /var/cache/fontconfig/75114ca45c98e8a441da0ff356701271-le32d4.cache-6
a7004000-a7012000 r--s 00000000 08:05 8520111    /var/cache/fontconfig/9b89f8e3dae116d678bbf48e5f21f69b-le32d4.cache-6
a7012000-a7014000 r--s 00000000 08:05 8520116    /var/cache/fontconfig/e13b20fdb08344e0e664864cc2ede53d-le32d4.cache-6
a7014000-a7017000 r--s 00000000 08:05 8521617    /var/cache/fontconfig/7ef2298fde41cc6eeb7af42e48b7d293-le32d4.cache-6
a7017000-a7018000 r--s 00000000 08:05 8530544    /var/cache/fontconfig/3830d5c3ddfd5cd38a049b759396e72e-le32d4.cache-6
a7018000-a702d000 r-xp 00000000 08:05 9967850    /usr/lib/jvm/java-9-openjdk-i386/lib/i386/libnet.so
a702d000-a702e000 r--p 00014000 08:05 9967850    /usr/lib/jvm/java-9-openjdk-i386/lib/i386/libnet.so
a702e000-a702f000 rw-p 00015000 08:05 9967850    /usr/lib/jvm/java-9-openjdk-i386/lib/i386/libnet.so
a702f000-a7040000 r-xp 00000000 08:05 9968314    /usr/lib/jvm/java-9-openjdk-i386/lib/i386/libnio.so
a7040000-a7041000 r--p 00010000 08:05 9968314    /usr/lib/jvm/java-9-openjdk-i386/lib/i386/libnio.so
a7041000-a7042000 rw-p 00011000 08:05 9968314    /usr/lib/jvm/java-9-openjdk-i386/lib/i386/libnio.so
a7042000-a7062000 rw-p 00000000 00:00 0 
a7062000-a7063000 ---p 00000000 00:00 0 
a7063000-a70e3000 rw-p 00000000 00:00 0 
a70e3000-a70e4000 ---p 00000000 00:00 0 
a70e4000-a7169000 rw-p 00000000 00:00 0 
a7169000-a724f000 ---p 00000000 00:00 0 
a724f000-a7254000 rw-p 00000000 00:00 0 
a7254000-a733a000 ---p 00000000 00:00 0 
a733a000-a733f000 rw-p 00000000 00:00 0 
a733f000-a7345000 ---p 00000000 00:00 0 
a7345000-a7585000 rwxp 00000000 00:00 0 
a7585000-a788e000 ---p 00000000 00:00 0 
a788e000-a7ace000 rwxp 00000000 00:00 0 
a7ace000-aede9000 ---p 00000000 00:00 0 
aede9000-af029000 rwxp 00000000 00:00 0 
af029000-b6345000 ---p 00000000 00:00 0 
b6345000-b6500000 r--s 00000000 08:05 9967633    /usr/lib/jvm/java-9-openjdk-i386/lib/modules
b6500000-b6600000 rw-p 00000000 00:00 0 
b6600000-b6602000 r-xp 00000000 08:05 9967202    /usr/lib/i386-linux-gnu/libXau.so.6.0.0
b6602000-b6603000 r--p 00001000 08:05 9967202    /usr/lib/i386-linux-gnu/libXau.so.6.0.0
b6603000-b6604000 rw-p 00002000 08:05 9967202    /usr/lib/i386-linux-gnu/libXau.so.6.0.0
b6604000-b660f000 r-xp 00000000 08:05 1966177    /lib/i386-linux-gnu/libnss_files-2.23.so
b660f000-b6610000 r--p 0000a000 08:05 1966177    /lib/i386-linux-gnu/libnss_files-2.23.so
b6610000-b6611000 rw-p 0000b000 08:05 1966177    /lib/i386-linux-gnu/libnss_files-2.23.so
b6611000-b6617000 rw-p 00000000 00:00 0 
b6617000-b6622000 r-xp 00000000 08:05 1967386    /lib/i386-linux-gnu/libnss_nis-2.23.so
b6622000-b6623000 r--p 0000a000 08:05 1967386    /lib/i386-linux-gnu/libnss_nis-2.23.so
b6623000-b6624000 rw-p 0000b000 08:05 1967386    /lib/i386-linux-gnu/libnss_nis-2.23.so
b6624000-b663b000 r-xp 00000000 08:05 1966095    /lib/i386-linux-gnu/libnsl-2.23.so
b663b000-b663c000 r--p 00016000 08:05 1966095    /lib/i386-linux-gnu/libnsl-2.23.so
b663c000-b663d000 rw-p 00017000 08:05 1966095    /lib/i386-linux-gnu/libnsl-2.23.so
b663d000-b663f000 rw-p 00000000 00:00 0 
b663f000-b6647000 r-xp 00000000 08:05 1966172    /lib/i386-linux-gnu/libnss_compat-2.23.so
b6647000-b6648000 r--p 00007000 08:05 1966172    /lib/i386-linux-gnu/libnss_compat-2.23.so
b6648000-b6649000 rw-p 00008000 08:05 1966172    /lib/i386-linux-gnu/libnss_compat-2.23.so
b6649000-b664e000 r-xp 00000000 08:05 9967241    /usr/lib/i386-linux-gnu/libXtst.so.6.1.0
b664e000-b664f000 r--p 00004000 08:05 9967241    /usr/lib/i386-linux-gnu/libXtst.so.6.1.0
b664f000-b6650000 rw-p 00005000 08:05 9967241    /usr/lib/i386-linux-gnu/libXtst.so.6.1.0
b6650000-b6651000 r--p 002cf000 08:05 9962539    /usr/lib/locale/locale-archive
b6651000-b6656000 r-xp 00000000 08:05 9968003    /usr/lib/jvm/java-9-openjdk-i386/lib/i386/libjimage.so
b6656000-b6657000 r--p 00004000 08:05 9968003    /usr/lib/jvm/java-9-openjdk-i386/lib/i386/libjimage.so
b6657000-b6658000 rw-p 00005000 08:05 9968003    /usr/lib/jvm/java-9-openjdk-i386/lib/i386/libjimage.so
b6658000-b665f000 r-xp 00000000 08:05 9967944    /usr/lib/jvm/java-9-openjdk-i386/lib/i386/libzip.so
b665f000-b6660000 r--p 00006000 08:05 9967944    /usr/lib/jvm/java-9-openjdk-i386/lib/i386/libzip.so
b6660000-b6661000 rw-p 00007000 08:05 9967944    /usr/lib/jvm/java-9-openjdk-i386/lib/i386/libzip.so
b6661000-b6687000 r-xp 00000000 08:05 9967773    /usr/lib/jvm/java-9-openjdk-i386/lib/i386/libjava.so
b6687000-b6688000 r--p 00025000 08:05 9967773    /usr/lib/jvm/java-9-openjdk-i386/lib/i386/libjava.so
b6688000-b6689000 rw-p 00026000 08:05 9967773    /usr/lib/jvm/java-9-openjdk-i386/lib/i386/libjava.so
b6689000-b6690000 r-xp 00000000 08:05 1967433    /lib/i386-linux-gnu/librt-2.23.so
b6690000-b6691000 r--p 00006000 08:05 1967433    /lib/i386-linux-gnu/librt-2.23.so
b6691000-b6692000 rw-p 00007000 08:05 1967433    /lib/i386-linux-gnu/librt-2.23.so
b6692000-b6696000 ---p 00000000 00:00 0 
b6696000-b66e3000 rw-p 00000000 00:00 0 
b66e3000-b66ff000 r-xp 00000000 08:05 1967454    /lib/i386-linux-gnu/libgcc_s.so.1
b66ff000-b6700000 rw-p 0001b000 08:05 1967454    /lib/i386-linux-gnu/libgcc_s.so.1
b6700000-b6753000 r-xp 00000000 08:05 1966085    /lib/i386-linux-gnu/libm-2.23.so
b6753000-b6754000 r--p 00052000 08:05 1966085    /lib/i386-linux-gnu/libm-2.23.so
b6754000-b6755000 rw-p 00053000 08:05 1966085    /lib/i386-linux-gnu/libm-2.23.so
b6755000-b68c2000 r-xp 00000000 08:05 9961501    /usr/lib/i386-linux-gnu/libstdc++.so.6.0.21
b68c2000-b68c3000 ---p 0016d000 08:05 9961501    /usr/lib/i386-linux-gnu/libstdc++.so.6.0.21
b68c3000-b68c8000 r--p 0016d000 08:05 9961501    /usr/lib/i386-linux-gnu/libstdc++.so.6.0.21
b68c8000-b68c9000 rw-p 00172000 08:05 9961501    /usr/lib/i386-linux-gnu/libstdc++.so.6.0.21
b68c9000-b68cc000 rw-p 00000000 00:00 0 
b68cc000-b74f8000 r-xp 00000000 08:05 9967896    /usr/lib/jvm/java-9-openjdk-i386/lib/i386/server/libjvm.so
b74f8000-b754d000 r--p 00c2b000 08:05 9967896    /usr/lib/jvm/java-9-openjdk-i386/lib/i386/server/libjvm.so
b754d000-b756b000 rw-p 00c80000 08:05 9967896    /usr/lib/jvm/java-9-openjdk-i386/lib/i386/server/libjvm.so
b756b000-b7593000 rw-p 00000000 00:00 0 
b7593000-b75ac000 r-xp 00000000 08:05 1966105    /lib/i386-linux-gnu/libpthread-2.23.so
b75ac000-b75ad000 r--p 00018000 08:05 1966105    /lib/i386-linux-gnu/libpthread-2.23.so
b75ad000-b75ae000 rw-p 00019000 08:05 1966105    /lib/i386-linux-gnu/libpthread-2.23.so
b75ae000-b75b1000 rw-p 00000000 00:00 0 
b75b1000-b75b4000 r-xp 00000000 08:05 1966166    /lib/i386-linux-gnu/libdl-2.23.so
b75b4000-b75b5000 r--p 00002000 08:05 1966166    /lib/i386-linux-gnu/libdl-2.23.so
b75b5000-b75b6000 rw-p 00003000 08:05 1966166    /lib/i386-linux-gnu/libdl-2.23.so
b75b6000-b75cf000 r-xp 00000000 08:05 1967605    /lib/i386-linux-gnu/libz.so.1.2.8
b75cf000-b75d0000 r--p 00018000 08:05 1967605    /lib/i386-linux-gnu/libz.so.1.2.8
b75d0000-b75d1000 rw-p 00019000 08:05 1967605    /lib/i386-linux-gnu/libz.so.1.2.8
b75d1000-b7781000 r-xp 00000000 08:05 1966164    /lib/i386-linux-gnu/libc-2.23.so
b7781000-b7783000 r--p 001af000 08:05 1966164    /lib/i386-linux-gnu/libc-2.23.so
b7783000-b7784000 rw-p 001b1000 08:05 1966164    /lib/i386-linux-gnu/libc-2.23.so
b7784000-b7787000 rw-p 00000000 00:00 0 
b7787000-b778f000 rw-s 00000000 08:05 7077950    /tmp/hsperfdata_lab2-pc16/7382
b778f000-b7790000 rw-p 00000000 00:00 0 
b7790000-b7791000 r--p 00000000 00:00 0 
b7791000-b779c000 r-xp 00000000 08:05 9967781    /usr/lib/jvm/java-9-openjdk-i386/lib/i386/libverify.so
b779c000-b779d000 ---p 0000b000 08:05 9967781    /usr/lib/jvm/java-9-openjdk-i386/lib/i386/libverify.so
b779d000-b779e000 r--p 0000b000 08:05 9967781    /usr/lib/jvm/java-9-openjdk-i386/lib/i386/libverify.so
b779e000-b779f000 rw-p 0000c000 08:05 9967781    /usr/lib/jvm/java-9-openjdk-i386/lib/i386/libverify.so
b779f000-b77ad000 r-xp 00000000 08:05 9968303    /usr/lib/jvm/java-9-openjdk-i386/lib/i386/jli/libjli.so
b77ad000-b77ae000 r--p 0000d000 08:05 9968303    /usr/lib/jvm/java-9-openjdk-i386/lib/i386/jli/libjli.so
b77ae000-b77af000 rw-p 0000e000 08:05 9968303    /usr/lib/jvm/java-9-openjdk-i386/lib/i386/jli/libjli.so
b77af000-b77b0000 rw-p 00000000 00:00 0 
b77b0000-b77b3000 r--p 00000000 00:00 0          [vvar]
b77b3000-b77b4000 r-xp 00000000 00:00 0          [vdso]
b77b4000-b77d7000 r-xp 00000000 08:05 1966098    /lib/i386-linux-gnu/ld-2.23.so
b77d7000-b77d8000 r--p 00022000 08:05 1966098    /lib/i386-linux-gnu/ld-2.23.so
b77d8000-b77d9000 rw-p 00023000 08:05 1966098    /lib/i386-linux-gnu/ld-2.23.so
bfb57000-bfb78000 rw-p 00000000 00:00 0          [stack]

VM Arguments:
java_command: shopping
java_class_path (initial): .
Launcher Type: SUN_STANDARD

Environment Variables:
PATH=/home/lab2-pc16/bin:/home/lab2-pc16/.local/bin:/usr/local/sbin:/usr/local/bin:/usr/sbin:/usr/bin:/sbin:/bin:/usr/games:/usr/local/games:/snap/bin
SHELL=/bin/bash
DISPLAY=:0

Signal Handlers:
SIGSEGV: [libjvm.so+0x9e08a0], sa_mask[0]=11111111011111111101111111111110, sa_flags=SA_RESTART|SA_SIGINFO
SIGBUS: [libjvm.so+0x9e08a0], sa_mask[0]=11111111011111111101111111111110, sa_flags=SA_RESTART|SA_SIGINFO
SIGFPE: [libjvm.so+0x9e08a0], sa_mask[0]=11111111011111111101111111111110, sa_flags=SA_RESTART|SA_SIGINFO
SIGPIPE: [libjvm.so+0x832630], sa_mask[0]=11111111011111111101111111111110, sa_flags=SA_RESTART|SA_SIGINFO
SIGXFSZ: [libjvm.so+0x832630], sa_mask[0]=11111111011111111101111111111110, sa_flags=SA_RESTART|SA_SIGINFO
SIGILL: [libjvm.so+0x9e08a0], sa_mask[0]=11111111011111111101111111111110, sa_flags=SA_RESTART|SA_SIGINFO
SIGUSR2: [libjvm.so+0x832460], sa_mask[0]=00000000000000000000000000000000, sa_flags=SA_RESTART|SA_SIGINFO
SIGHUP: [libjvm.so+0x8328a0], sa_mask[0]=11111111011111111101111111111110, sa_flags=SA_RESTART|SA_SIGINFO
SIGINT: [libjvm.so+0x8328a0], sa_mask[0]=11111111011111111101111111111110, sa_flags=SA_RESTART|SA_SIGINFO
SIGTERM: [libjvm.so+0x8328a0], sa_mask[0]=11111111011111111101111111111110, sa_flags=SA_RESTART|SA_SIGINFO
SIGQUIT: [libjvm.so+0x8328a0], sa_mask[0]=11111111011111111101111111111110, sa_flags=SA_RESTART|SA_SIGINFO


---------------  S Y S T E M  ---------------

OS:DISTRIB_ID=Ubuntu
DISTRIB_RELEASE=16.04
DISTRIB_CODENAME=xenial
DISTRIB_DESCRIPTION="Ubuntu 16.04.1 LTS"
uname:Linux 4.4.0-133-generic #159-Ubuntu SMP Fri Aug 10 07:26:31 UTC 2018 i686
libc:glibc 2.23 NPTL 2.23 
rlimit: STACK 8192k, CORE 0k, NPROC 15727, NOFILE 1048576, AS infinity
load average:2.06 1.10 0.51

/proc/meminfo:
MemTotal:        2050852 kB
MemFree:          136252 kB
MemAvailable:    1011056 kB
Buffers:           63920 kB
Cached:          1229944 kB
SwapCached:           16 kB
Active:          1126644 kB
Inactive:         699680 kB
Active(anon):     439668 kB
Inactive(anon):   327556 kB
Active(file):     686976 kB
Inactive(file):   372124 kB
Unevictable:          32 kB
Mlocked:              32 kB
HighTotal:       1172848 kB
HighFree:          29320 kB
LowTotal:         878004 kB
LowFree:          106932 kB
SwapTotal:       2083836 kB
SwapFree:        2082236 kB
Dirty:               132 kB
Writeback:             0 kB
AnonPages:        532668 kB
Mapped:           255256 kB
Shmem:            234600 kB
Slab:              56728 kB
SReclaimable:      39528 kB
SUnreclaim:        17200 kB
KernelStack:        4088 kB
PageTables:         9712 kB
NFS_Unstable:          0 kB
Bounce:                0 kB
WritebackTmp:          0 kB
CommitLimit:     3109260 kB
Committed_AS:    4450920 kB
VmallocTotal:     122880 kB
VmallocUsed:           0 kB
VmallocChunk:          0 kB
AnonHugePages:         0 kB
CmaTotal:              0 kB
CmaFree:               0 kB
HugePages_Total:       0
HugePages_Free:        0
HugePages_Rsvd:        0
HugePages_Surp:        0
Hugepagesize:       2048 kB
DirectMap4k:       43000 kB
DirectMap2M:      870400 kB


CPU:total 2 (2 cores per cpu, 1 threads per core) family 6 model 23 stepping 10, cmov, cx8, fxsr, mmx, sse, sse2, sse3, ssse3, sse4.1, tsc

CPU Model and flags from /proc/cpuinfo:
model name	: Intel(R) Core(TM)2 Duo CPU     E7500  @ 2.93GHz
flags		: fpu vme de pse tsc msr pae mce cx8 apic sep mtrr pge mca cmov pat pse36 clflush dts acpi mmx fxsr sse sse2 ss ht tm pbe nx lm constant_tsc arch_perfmon pebs bts aperfmperf eagerfpu pni dtes64 monitor ds_cpl vmx est tm2 ssse3 cx16 xtpr pdcm sse4_1 xsave lahf_lm tpr_shadow vnmi flexpriority dtherm

Memory: 4k page, physical 2050852k(136252k free), swap 2083836k(2082236k free)

vm_info: OpenJDK Server VM (9-internal+0-2016-04-14-195526.buildd.src) for linux-x86 JRE (9-internal+0-2016-04-14-195526.buildd.src), built on Apr 14 2016 20:15:09 by "buildd" with gcc 5.3.1 20160413

END.
