#
# A fatal error has been detected by the Java Runtime Environment:
#
#  SIGSEGV (0xb) at pc=0xb667fe48, pid=6555, tid=6579
#
# JRE version: OpenJDK Runtime Environment (9.0) (build 9-internal+0-2016-04-14-195526.buildd.src)
# Java VM: OpenJDK Server VM (9-internal+0-2016-04-14-195526.buildd.src, mixed mode, tiered, g1 gc, linux-x86)
# Problematic frame:
# C  [libjava.so+0x18e48]  JNU_GetEnv+0x18
#
# Core dump will be written. Default location: Core dumps may be processed with "/usr/share/apport/apport %p %s %c %d %P" (or dumping to /home/lab2-pc16/Desktop/javaCollege/0_Assignment/14/core.6555)
#
# If you would like to submit a bug report, please visit:
#   http://bugreport.java.com/bugreport/crash.jsp
# The crash happened outside the Java Virtual Machine in native code.
# See problematic frame for where to report the bug.
#

---------------  S U M M A R Y ------------

Command Line: shopping

Host: Intel(R) Core(TM)2 Duo CPU     E7500  @ 2.93GHz, 2 cores, 1G, Ubuntu 16.04.1 LTS
Time: Mon Oct  8 11:48:11 2018 IST elapsed time: 0 seconds (0d 0h 0m 0s)

---------------  T H R E A D  ---------------

Current thread (0x839e1800):  JavaThread "AWT-EventQueue-0" [_thread_in_native, id=6579, stack(0x82fb8000,0x83009000)]

Stack: [0x82fb8000,0x83009000],  sp=0x83005e5c,  free space=311k
Native frames: (J=compiled Java code, j=interpreted, Vv=VM code, C=native code)
C  [libjava.so+0x18e48]  JNU_GetEnv+0x18
C  [libfontmanager.so+0x2faf5]
C  [libfreetype.so.6+0xf4dc]  FT_Stream_Seek+0x1c

Java frames: (J=compiled Java code, j=interpreted, Vv=VM code)
j  sun.font.FreetypeFontScaler.initNativeScaler(Lsun/font/Font2D;IIZI)J+0 java.desktop@9-internal
j  sun.font.FreetypeFontScaler.<init>(Lsun/font/Font2D;IZI)V+26 java.desktop@9-internal
v  ~StubRoutines::call_stub
j  sun.reflect.NativeConstructorAccessorImpl.newInstance0(Ljava/lang/reflect/Constructor;[Ljava/lang/Object;)Ljava/lang/Object;+0 java.base@9-internal
j  sun.reflect.NativeConstructorAccessorImpl.newInstance([Ljava/lang/Object;)Ljava/lang/Object;+85 java.base@9-internal
j  sun.reflect.DelegatingConstructorAccessorImpl.newInstance([Ljava/lang/Object;)Ljava/lang/Object;+5 java.base@9-internal
j  java.lang.reflect.Constructor.newInstance([Ljava/lang/Object;)Ljava/lang/Object;+65 java.base@9-internal
j  sun.font.FontScaler.getScaler(Lsun/font/Font2D;IZI)Lsun/font/FontScaler;+39 java.desktop@9-internal
j  sun.font.TrueTypeFont.getScaler()Lsun/font/FontScaler;+21 java.desktop@9-internal
j  sun.font.FileFontStrike.<init>(Lsun/font/FileFont;Lsun/font/FontStrikeDesc;)V+204 java.desktop@9-internal
j  sun.font.FileFont.createStrike(Lsun/font/FontStrikeDesc;)Lsun/font/FontStrike;+18 java.desktop@9-internal
j  sun.font.Font2D.getStrike(Lsun/font/FontStrikeDesc;Z)Lsun/font/FontStrike;+92 java.desktop@9-internal
j  sun.font.Font2D.getStrike(Lsun/font/FontStrikeDesc;)Lsun/font/FontStrike;+3 java.desktop@9-internal
j  sun.font.CompositeStrike.getStrikeForSlot(I)Lsun/font/PhysicalStrike;+23 java.desktop@9-internal
j  sun.font.CompositeStrike.getFontMetrics()Lsun/font/StrikeMetrics;+31 java.desktop@9-internal
j  sun.font.FontDesignMetrics.initMatrixAndMetrics()V+28 java.desktop@9-internal
j  sun.font.FontDesignMetrics.<init>(Ljava/awt/Font;Ljava/awt/font/FontRenderContext;)V+62 java.desktop@9-internal
j  sun.font.FontDesignMetrics.getMetrics(Ljava/awt/Font;Ljava/awt/font/FontRenderContext;)Lsun/font/FontDesignMetrics;+128 java.desktop@9-internal
j  sun.swing.SwingUtilities2.getFontMetrics(Ljavax/swing/JComponent;Ljava/awt/Font;)Ljava/awt/FontMetrics;+15 java.desktop@9-internal
j  javax.swing.JComponent.getFontMetrics(Ljava/awt/Font;)Ljava/awt/FontMetrics;+2 java.desktop@9-internal
j  sun.swing.SwingUtilities2.getFontMetrics(Ljavax/swing/JComponent;Ljava/awt/Graphics;Ljava/awt/Font;)Ljava/awt/FontMetrics;+6 java.desktop@9-internal
j  sun.swing.SwingUtilities2.getFontMetrics(Ljavax/swing/JComponent;Ljava/awt/Graphics;)Ljava/awt/FontMetrics;+6 java.desktop@9-internal
j  javax.swing.plaf.basic.BasicButtonUI.paint(Ljava/awt/Graphics;Ljavax/swing/JComponent;)V+15 java.desktop@9-internal
j  javax.swing.plaf.metal.MetalButtonUI.update(Ljava/awt/Graphics;Ljavax/swing/JComponent;)V+86 java.desktop@9-internal
j  javax.swing.JComponent.paintComponent(Ljava/awt/Graphics;)V+26 java.desktop@9-internal
j  javax.swing.JComponent.paint(Ljava/awt/Graphics;)V+286 java.desktop@9-internal
j  javax.swing.JComponent.paintChildren(Ljava/awt/Graphics;)V+501 java.desktop@9-internal
j  javax.swing.JComponent.paint(Ljava/awt/Graphics;)V+318 java.desktop@9-internal
j  javax.swing.JComponent.paintChildren(Ljava/awt/Graphics;)V+501 java.desktop@9-internal
j  javax.swing.JComponent.paint(Ljava/awt/Graphics;)V+318 java.desktop@9-internal
j  javax.swing.JLayeredPane.paint(Ljava/awt/Graphics;)V+73 java.desktop@9-internal
j  javax.swing.JComponent.paintChildren(Ljava/awt/Graphics;)V+501 java.desktop@9-internal
j  javax.swing.JComponent.paintToOffscreen(Ljava/awt/Graphics;IIIIII)V+72 java.desktop@9-internal
j  javax.swing.BufferStrategyPaintManager.paint(Ljavax/swing/JComponent;Ljavax/swing/JComponent;Ljava/awt/Graphics;IIII)Z+164 java.desktop@9-internal
j  javax.swing.RepaintManager.paint(Ljavax/swing/JComponent;Ljavax/swing/JComponent;Ljava/awt/Graphics;IIII)V+51 java.desktop@9-internal
j  javax.swing.JComponent.paint(Ljava/awt/Graphics;)V+221 java.desktop@9-internal
j  java.awt.GraphicsCallback$PaintCallback.run(Ljava/awt/Component;Ljava/awt/Graphics;)V+2 java.desktop@9-internal
j  sun.awt.SunGraphicsCallback.runOneComponent(Ljava/awt/Component;Ljava/awt/Rectangle;Ljava/awt/Graphics;Ljava/awt/Shape;I)V+155 java.desktop@9-internal
j  sun.awt.SunGraphicsCallback.runComponents([Ljava/awt/Component;Ljava/awt/Graphics;I)V+157 java.desktop@9-internal
j  java.awt.Container.paint(Ljava/awt/Graphics;)V+58 java.desktop@9-internal
j  java.awt.Window.paint(Ljava/awt/Graphics;)V+68 java.desktop@9-internal
j  javax.swing.RepaintManager$4.run()Ljava/lang/Void;+142 java.desktop@9-internal
j  javax.swing.RepaintManager$4.run()Ljava/lang/Object;+1 java.desktop@9-internal
v  ~StubRoutines::call_stub
j  java.security.AccessController.doPrivileged(Ljava/security/PrivilegedAction;Ljava/security/AccessControlContext;)Ljava/lang/Object;+0 java.base@9-internal
j  java.security.ProtectionDomain$JavaSecurityAccessImpl.doIntersectionPrivilege(Ljava/security/PrivilegedAction;Ljava/security/AccessControlContext;Ljava/security/AccessControlContext;)Ljava/lang/Object;+18 java.base@9-internal
j  javax.swing.RepaintManager.paintDirtyRegions(Ljava/util/Map;)V+154 java.desktop@9-internal
j  javax.swing.RepaintManager.paintDirtyRegions()V+46 java.desktop@9-internal
j  javax.swing.RepaintManager.prePaintDirtyRegions()V+73 java.desktop@9-internal
j  javax.swing.RepaintManager.access$1200(Ljavax/swing/RepaintManager;)V+1 java.desktop@9-internal
j  javax.swing.RepaintManager$ProcessingRunnable.run()V+37 java.desktop@9-internal
j  java.awt.event.InvocationEvent.dispatch()V+47 java.desktop@9-internal
j  java.awt.EventQueue.dispatchEventImpl(Ljava/awt/AWTEvent;Ljava/lang/Object;)V+21 java.desktop@9-internal
j  java.awt.EventQueue.access$500(Ljava/awt/EventQueue;Ljava/awt/AWTEvent;Ljava/lang/Object;)V+3 java.desktop@9-internal
j  java.awt.EventQueue$3.run()Ljava/lang/Void;+32 java.desktop@9-internal
j  java.awt.EventQueue$3.run()Ljava/lang/Object;+1 java.desktop@9-internal
v  ~StubRoutines::call_stub
j  java.security.AccessController.doPrivileged(Ljava/security/PrivilegedAction;Ljava/security/AccessControlContext;)Ljava/lang/Object;+0 java.base@9-internal
j  java.security.ProtectionDomain$JavaSecurityAccessImpl.doIntersectionPrivilege(Ljava/security/PrivilegedAction;Ljava/security/AccessControlContext;Ljava/security/AccessControlContext;)Ljava/lang/Object;+18 java.base@9-internal
j  java.awt.EventQueue.dispatchEvent(Ljava/awt/AWTEvent;)V+46 java.desktop@9-internal
j  java.awt.EventDispatchThread.pumpOneEventForFilters(I)V+183 java.desktop@9-internal
j  java.awt.EventDispatchThread.pumpEventsForFilter(ILjava/awt/Conditional;Ljava/awt/EventFilter;)V+35 java.desktop@9-internal
j  java.awt.EventDispatchThread.pumpEventsForHierarchy(ILjava/awt/Conditional;Ljava/awt/Component;)V+11 java.desktop@9-internal
j  java.awt.EventDispatchThread.pumpEvents(ILjava/awt/Conditional;)V+4 java.desktop@9-internal
j  java.awt.EventDispatchThread.pumpEvents(Ljava/awt/Conditional;)V+3 java.desktop@9-internal
j  java.awt.EventDispatchThread.run()V+9 java.desktop@9-internal
v  ~StubRoutines::call_stub

siginfo: si_signo: 11 (SIGSEGV), si_code: 1 (SEGV_MAPERR), si_addr: 0x00000000

Register to memory mapping:

EAX=0x00000000 is an unknown value
EBX=0x835a2000: <offset 0x000c4000> in /usr/lib/jvm/java-9-openjdk-i386/lib/i386/libfontmanager.so at 0x834de000
ECX=0x00010002 is an unknown value
EDX=0x00000000 is an unknown value
ESP=0x83005e5c is pointing into the stack for thread: 0x839e1800
EBP=0x83005e78 is pointing into the stack for thread: 0x839e1800
ESI=0x00000000 is an unknown value
EDI=0x00000000 is an unknown value


Registers:
EAX=0x00000000, EBX=0x835a2000, ECX=0x00010002, EDX=0x00000000
ESP=0x83005e5c, EBP=0x83005e78, ESI=0x00000000, EDI=0x00000000
EIP=0xb667fe48, EFLAGS=0x00010246, CR2=0x0000000000000000

Top of Stack: (sp=0x83005e5c)
0x83005e5c:   00000000 83005ea8 b77cf010 834a4cdb
0x83005e6c:   bdc98400 00000000 8398b9d8 83005ea8
0x83005e7c:   8350daf5 00000000 00010002 a6c0003c
0x83005e8c:   a6cbc1b4 b77de000 8398bc88 8343c0b9
0x83005e9c:   a6cbc038 00000000 00000000 a6cbca28
0x83005eac:   8343d4dc a6cbc038 00000000 00000000
0x83005ebc:   00000000 b7789000 834dd000 a6cbc038
0x83005ecc:   834512b8 a6cbc038 00000000 00000001 

Instructions: (pc=0xb667fe48)
0xb667fe28:   ff eb f3 90 8d 74 26 00 55 89 e5 83 ec 1c 8b 45
0xb667fe38:   08 65 8b 15 14 00 00 00 89 55 f4 31 d2 8b 4d 0c
0xb667fe48:   8b 10 51 8d 4d f0 51 50 ff 52 18 8b 45 f0 8b 4d
0xb667fe58:   f4 65 33 0d 14 00 00 00 75 02 c9 c3 e8 c7 5b 00 


---------------  P R O C E S S  ---------------

Java Threads: ( => current thread )
  0xb650b000 JavaThread "DestroyJavaVM" [_thread_blocked, id=6556, stack(0xb6698000,0xb66e9000)]
=>0x839e1800 JavaThread "AWT-EventQueue-0" [_thread_in_native, id=6579, stack(0x82fb8000,0x83009000)]
  0x839e0000 JavaThread "AWT-Shutdown" [_thread_blocked, id=6578, stack(0x83009000,0x8305a000)]
  0x839a9800 JavaThread "AWT-XAWT" daemon [_thread_in_native, id=6577, stack(0x8325a000,0x832ab000)]
  0x83995400 JavaThread "Java2D Disposer" daemon [_thread_blocked, id=6576, stack(0x832b2000,0x83303000)]
  0x83966000 JavaThread "Service Thread" daemon [_thread_blocked, id=6574, stack(0x838af000,0x83900000)]
  0x85c9b000 JavaThread "Common-Cleaner" daemon [_thread_blocked, id=6573, stack(0x83a15000,0x83a66000)]
  0x85c8a000 JavaThread "Sweeper thread" daemon [_thread_blocked, id=6572, stack(0x85667000,0x856b8000)]
  0x85c88c00 JavaThread "C1 CompilerThread2" daemon [_thread_blocked, id=6571, stack(0x856b8000,0x85739000)]
  0x85c41c00 JavaThread "C2 CompilerThread1" daemon [_thread_in_native, id=6570, stack(0x85739000,0x857ba000)]
  0x85c40800 JavaThread "C2 CompilerThread0" daemon [_thread_blocked, id=6569, stack(0x857ba000,0x8583b000)]
  0x85c3f000 JavaThread "Signal Dispatcher" daemon [_thread_blocked, id=6568, stack(0x8583b000,0x8588c000)]
  0x85c3d800 JavaThread "Surrogate Locker Thread (Concurrent GC)" daemon [_thread_blocked, id=6567, stack(0x8588c000,0x858dd000)]
  0x85c2ac00 JavaThread "Finalizer" daemon [_thread_blocked, id=6566, stack(0x85add000,0x85b2e000)]
  0x85c23400 JavaThread "Reference Handler" daemon [_thread_blocked, id=6565, stack(0x85b2e000,0x85b7f000)]

Other Threads:
  0x85c1e400 VMThread [stack: 0x85b7f000,0x85c00000] [id=6564]
  0x83967400 WatcherThread [stack: 0x8382e000,0x838af000] [id=6575]

Threads with active compile tasks:
C2 CompilerThread1 496       4       java.lang.StringUTF16::compress (50 bytes)

VM state:not at safepoint (normal execution)

VM Mutex/Monitor currently owned by a thread: None

Heap:
 garbage-first heap   total 32768K, used 3223K [0x87600000, 0x87700080, 0xa6c00000)
  region size 1024K, 4 young (4096K), 1 survivors (1024K)
 Metaspace       used 7126K, capacity 7540K, committed 7576K, reserved 8496K

Heap Regions: E=young(eden), S=young(survivor), O=old, HS=humongous(starts), HC=humongous(continues), CS=collection set, F=free, A=archive, TS=gc time stamp, AC=allocation context, TAMS=top-at-mark-start (previous, next)
|   0|0x87600000, 0x87625c00, 0x87700000| 14%| O|  |TS  1|AC  0|TAMS 0x87600000, 0x87600000|
|   1|0x87700000, 0x87700000, 0x87800000|  0%| F|  |TS  0|AC  0|TAMS 0x87700000, 0x87700000|
|   2|0x87800000, 0x87800000, 0x87900000|  0%| F|  |TS  0|AC  0|TAMS 0x87800000, 0x87800000|
|   3|0x87900000, 0x87900000, 0x87a00000|  0%| F|  |TS  0|AC  0|TAMS 0x87900000, 0x87900000|
|   4|0x87a00000, 0x87a00000, 0x87b00000|  0%| F|  |TS  0|AC  0|TAMS 0x87a00000, 0x87a00000|
|   5|0x87b00000, 0x87b00000, 0x87c00000|  0%| F|  |TS  0|AC  0|TAMS 0x87b00000, 0x87b00000|
|   6|0x87c00000, 0x87c00000, 0x87d00000|  0%| F|  |TS  0|AC  0|TAMS 0x87c00000, 0x87c00000|
|   7|0x87d00000, 0x87d00000, 0x87e00000|  0%| F|  |TS  0|AC  0|TAMS 0x87d00000, 0x87d00000|
|   8|0x87e00000, 0x87e00000, 0x87f00000|  0%| F|  |TS  0|AC  0|TAMS 0x87e00000, 0x87e00000|
|   9|0x87f00000, 0x87f00000, 0x88000000|  0%| F|  |TS  0|AC  0|TAMS 0x87f00000, 0x87f00000|
|  10|0x88000000, 0x88000000, 0x88100000|  0%| F|  |TS  0|AC  0|TAMS 0x88000000, 0x88000000|
|  11|0x88100000, 0x88100000, 0x88200000|  0%| F|  |TS  0|AC  0|TAMS 0x88100000, 0x88100000|
|  12|0x88200000, 0x88200000, 0x88300000|  0%| F|  |TS  0|AC  0|TAMS 0x88200000, 0x88200000|
|  13|0x88300000, 0x88300000, 0x88400000|  0%| F|  |TS  0|AC  0|TAMS 0x88300000, 0x88300000|
|  14|0x88400000, 0x88400000, 0x88500000|  0%| F|  |TS  0|AC  0|TAMS 0x88400000, 0x88400000|
|  15|0x88500000, 0x88500000, 0x88600000|  0%| F|  |TS  0|AC  0|TAMS 0x88500000, 0x88500000|
|  16|0x88600000, 0x88600000, 0x88700000|  0%| F|  |TS  0|AC  0|TAMS 0x88600000, 0x88600000|
|  17|0x88700000, 0x88700000, 0x88800000|  0%| F|  |TS  0|AC  0|TAMS 0x88700000, 0x88700000|
|  18|0x88800000, 0x88800000, 0x88900000|  0%| F|  |TS  0|AC  0|TAMS 0x88800000, 0x88800000|
|  19|0x88900000, 0x88900000, 0x88a00000|  0%| F|  |TS  0|AC  0|TAMS 0x88900000, 0x88900000|
|  20|0x88a00000, 0x88a00000, 0x88b00000|  0%| F|  |TS  0|AC  0|TAMS 0x88a00000, 0x88a00000|
|  21|0x88b00000, 0x88b00000, 0x88c00000|  0%| F|  |TS  0|AC  0|TAMS 0x88b00000, 0x88b00000|
|  22|0x88c00000, 0x88c00000, 0x88d00000|  0%| F|  |TS  0|AC  0|TAMS 0x88c00000, 0x88c00000|
|  23|0x88d00000, 0x88d00000, 0x88e00000|  0%| F|  |TS  0|AC  0|TAMS 0x88d00000, 0x88d00000|
|  24|0x88e00000, 0x88e00000, 0x88f00000|  0%| F|  |TS  0|AC  0|TAMS 0x88e00000, 0x88e00000|
|  25|0x88f00000, 0x88f00000, 0x89000000|  0%| F|  |TS  0|AC  0|TAMS 0x88f00000, 0x88f00000|
|  26|0x89000000, 0x89000000, 0x89100000|  0%| F|  |TS  0|AC  0|TAMS 0x89000000, 0x89000000|
|  27|0x89100000, 0x89100000, 0x89200000|  0%| F|  |TS  0|AC  0|TAMS 0x89100000, 0x89100000|
|  28|0x89200000, 0x89300000, 0x89300000|100%| S|CS|TS  1|AC  0|TAMS 0x89200000, 0x89200000|
|  29|0x89300000, 0x8938b228, 0x89400000| 54%| E|  |TS  0|AC  0|TAMS 0x89300000, 0x89300000|
|  30|0x89400000, 0x89500000, 0x89500000|100%| E|CS|TS  0|AC  0|TAMS 0x89400000, 0x89400000|
|  31|0x89500000, 0x89600000, 0x89600000|100%| E|CS|TS  0|AC  0|TAMS 0x89500000, 0x89500000|

Card table byte_map: [0x8730f000,0x8740a000] byte_map_base: 0x86ed4000

Marking Bits (Prev, Next): (CMBitMap*) 0xb6543b0c, (CMBitMap*) 0xb6543b38
 Prev Bits: [0x86a3c000, 0x87214000)
 Next Bits: [0x86264000, 0x86a3c000)

Polling page: 0xb7796000

CodeHeap 'non-nmethods': size=5412Kb used=751Kb max_used=761Kb free=4660Kb
 bounds [0xa7345000, 0xa7585000, 0xa788e000]
CodeHeap 'profiled nmethods': size=120172Kb used=661Kb max_used=661Kb free=119510Kb
 bounds [0xa788e000, 0xa7ace000, 0xaede9000]
CodeHeap 'non-profiled nmethods': size=120176Kb used=127Kb max_used=127Kb free=120048Kb
 bounds [0xaede9000, 0xaf029000, 0xb6345000]
 total_blobs=905 nmethods=510 adapters=188
 compilation: enabled

Compilation events (10 events):
Event: 0.483 Thread 0x85c40800  504       4       java.lang.AbstractStringBuilder::isLatin1 (19 bytes)
Event: 0.484 Thread 0x85c40800 nmethod 504 0xaee08b08 code [0xaee08c00, 0xaee08c70]
Event: 0.484 Thread 0x85c88c00 nmethod 498 0xa792fd88 code [0xa792fec0, 0xa7930200]
Event: 0.484 Thread 0x85c88c00  508       3       java.lang.CharacterData::of (120 bytes)
Event: 0.484 Thread 0x85c88c00 nmethod 508 0xa7930588 code [0xa79306e0, 0xa7930aa0]
Event: 0.484 Thread 0x85c88c00  509       3       java.lang.CharacterDataLatin1::getProperties (11 bytes)
Event: 0.484 Thread 0x85c88c00 nmethod 509 0xa7930d08 code [0xa7930e20, 0xa7930f20]
Event: 0.484 Thread 0x85c88c00  510       3       java.lang.Character::toLowerCase (9 bytes)
Event: 0.484 Thread 0x85c88c00 nmethod 510 0xa7931008 code [0xa7931140, 0xa79312b8]
Event: 0.484 Thread 0x85c88c00  511       3       java.lang.CharacterDataLatin1::toLowerCase (39 bytes)

GC Heap History (2 events):
Event: 0.274 GC heap before
{Heap before GC invocations=0 (full 0):
 garbage-first heap   total 32768K, used 3072K [0x87600000, 0x87700080, 0xa6c00000)
  region size 1024K, 3 young (3072K), 0 survivors (0K)
 Metaspace       used 5158K, capacity 5361K, committed 5400K, reserved 5424K
}
Event: 0.279 GC heap after
{Heap after GC invocations=1 (full 0):
 garbage-first heap   total 32768K, used 1175K [0x87600000, 0x87700080, 0xa6c00000)
  region size 1024K, 1 young (1024K), 1 survivors (1024K)
 Metaspace       used 5158K, capacity 5361K, committed 5400K, reserved 5424K
}

Deoptimization events (10 events):
Event: 0.121 Thread 0xb650b000 Uncommon trap: reason=bimorphic action=maybe_recompile pc=0xaedeee8c method=java.util.Collections$UnmodifiableCollection$1.next()Ljava/lang/Object; @ 4
Event: 0.121 Thread 0xb650b000 Uncommon trap: reason=bimorphic action=maybe_recompile pc=0xaedeee8c method=java.util.Collections$UnmodifiableCollection$1.next()Ljava/lang/Object; @ 4
Event: 0.121 Thread 0xb650b000 Uncommon trap: reason=bimorphic action=maybe_recompile pc=0xaedeee8c method=java.util.Collections$UnmodifiableCollection$1.next()Ljava/lang/Object; @ 4
Event: 0.121 Thread 0xb650b000 Uncommon trap: reason=bimorphic action=maybe_recompile pc=0xaedeee8c method=java.util.Collections$UnmodifiableCollection$1.next()Ljava/lang/Object; @ 4
Event: 0.257 Thread 0xb650b000 Uncommon trap: reason=class_check action=maybe_recompile pc=0xaedf2390 method=java.util.HashMap.putVal(ILjava/lang/Object;Ljava/lang/Object;ZZ)Ljava/lang/Object; @ 91
Event: 0.336 Thread 0xb650b000 Uncommon trap: reason=unstable_if action=reinterpret pc=0xaedf23b8 method=java.util.HashMap.hash(Ljava/lang/Object;)I @ 1
Event: 0.340 Thread 0xb650b000 Uncommon trap: reason=unstable_if action=reinterpret pc=0xaedeb5e0 method=java.util.HashMap.hash(Ljava/lang/Object;)I @ 1
Event: 0.355 Thread 0xb650b000 Uncommon trap: reason=class_check action=maybe_recompile pc=0xaedf0fe0 method=java.util.HashMap.putVal(ILjava/lang/Object;Ljava/lang/Object;ZZ)Ljava/lang/Object; @ 253
Event: 0.356 Thread 0xb650b000 Uncommon trap: reason=unstable_if action=reinterpret pc=0xaedf1364 method=java.util.HashMap.putVal(ILjava/lang/Object;Ljava/lang/Object;ZZ)Ljava/lang/Object; @ 181
Event: 0.359 Thread 0xb650b000 Uncommon trap: reason=unstable_fused_if action=reinterpret pc=0xaedfb0b4 method=jdk.internal.org.objectweb.asm.ByteVector.putUTF8(Ljava/lang/String;)Ljdk/internal/org/objectweb/asm/ByteVector; @ 91

Classes redefined (0 events):
No events

Internal exceptions (7 events):
Event: 0.187 Thread 0xb650b000 Exception <a 'java/lang/ClassNotFoundException': sun/awt/resources/awtProvider> (0x893026a8) thrown at [/build/openjdk-9-GMfJKp/openjdk-9-9~b114/src/hotspot/src/share/vm/classfile/systemDictionary.cpp, line 224]
Event: 0.201 Thread 0xb650b000 Exception <a 'java/io/FileNotFoundException'> (0x8933d988) thrown at [/build/openjdk-9-GMfJKp/openjdk-9-9~b114/src/hotspot/src/share/vm/prims/jni.cpp, line 605]
Event: 0.202 Thread 0xb650b000 Exception <a 'java/io/FileNotFoundException'> (0x89345130) thrown at [/build/openjdk-9-GMfJKp/openjdk-9-9~b114/src/hotspot/src/share/vm/prims/jni.cpp, line 605]
Event: 0.325 Thread 0xb650b000 Exception <a 'java/lang/ClassNotFoundException': com/sun/swing/internal/plaf/metal/resources/metalProvider> (0x8942cfa0) thrown at [/build/openjdk-9-GMfJKp/openjdk-9-9~b114/src/hotspot/src/share/vm/classfile/systemDictionary.cpp, line 224]
Event: 0.326 Thread 0xb650b000 Exception <a 'java/lang/ClassNotFoundException': com/sun/swing/internal/plaf/basic/resources/basicProvider> (0x89430138) thrown at [/build/openjdk-9-GMfJKp/openjdk-9-9~b114/src/hotspot/src/share/vm/classfile/systemDictionary.cpp, line 224]
Event: 0.336 Thread 0xb650b000 Implicit null exception at 0xaedf1b3b to 0xaedf23a6
Event: 0.340 Thread 0xb650b000 Implicit null exception at 0xaedeb58b to 0xaedeb5d0

Events (10 events):
Event: 0.487 loading class sun/nio/cs/UTF_16$Decoder
Event: 0.487 loading class sun/nio/cs/UnicodeDecoder
Event: 0.487 loading class sun/nio/cs/UnicodeDecoder done
Event: 0.487 loading class sun/nio/cs/UTF_16$Decoder done
Event: 0.487 loading class sun/font/FileFontStrike
Event: 0.487 loading class sun/font/FileFontStrike done
Event: 0.488 loading class sun/font/FontScaler
Event: 0.488 loading class sun/font/FontScaler done
Event: 0.488 loading class sun/font/FreetypeFontScaler
Event: 0.488 loading class sun/font/FreetypeFontScaler done


Dynamic libraries:
08048000-08049000 r-xp 00000000 08:05 9967449    /usr/lib/jvm/java-9-openjdk-i386/bin/java
08049000-0804a000 r--p 00000000 08:05 9967449    /usr/lib/jvm/java-9-openjdk-i386/bin/java
0804a000-0804b000 rw-p 00001000 08:05 9967449    /usr/lib/jvm/java-9-openjdk-i386/bin/java
09b80000-09ccf000 rw-p 00000000 00:00 0          [heap]
82eb8000-82ed8000 rw-p 00000000 00:00 0 
82ed8000-82fb8000 ---p 00000000 00:00 0 
82fb8000-82fbc000 ---p 00000000 00:00 0 
82fbc000-83009000 rw-p 00000000 00:00 0 
83009000-8300d000 ---p 00000000 00:00 0 
8300d000-8315a000 rw-p 00000000 00:00 0 
8315a000-8325a000 rw-p 00000000 00:00 0 
8325a000-8325e000 ---p 00000000 00:00 0 
8325e000-832ab000 rw-p 00000000 00:00 0 
832ab000-832b0000 r-xp 00000000 08:05 9967217    /usr/lib/i386-linux-gnu/libXfixes.so.3.1.0
832b0000-832b1000 r--p 00004000 08:05 9967217    /usr/lib/i386-linux-gnu/libXfixes.so.3.1.0
832b1000-832b2000 rw-p 00005000 08:05 9967217    /usr/lib/i386-linux-gnu/libXfixes.so.3.1.0
832b2000-832b6000 ---p 00000000 00:00 0 
832b6000-83403000 rw-p 00000000 00:00 0 
83403000-8342c000 r-xp 00000000 08:05 1967455    /lib/i386-linux-gnu/libpng12.so.0.54.0
8342c000-8342d000 r--p 00028000 08:05 1967455    /lib/i386-linux-gnu/libpng12.so.0.54.0
8342d000-8342e000 rw-p 00029000 08:05 1967455    /lib/i386-linux-gnu/libpng12.so.0.54.0
8342e000-834d9000 r-xp 00000000 08:05 9961570    /usr/lib/i386-linux-gnu/libfreetype.so.6.12.1
834d9000-834dd000 r--p 000aa000 08:05 9961570    /usr/lib/i386-linux-gnu/libfreetype.so.6.12.1
834dd000-834de000 rw-p 000ae000 08:05 9961570    /usr/lib/i386-linux-gnu/libfreetype.so.6.12.1
834de000-835a0000 r-xp 00000000 08:05 9967848    /usr/lib/jvm/java-9-openjdk-i386/lib/i386/libfontmanager.so
835a0000-835a2000 r--p 000c1000 08:05 9967848    /usr/lib/jvm/java-9-openjdk-i386/lib/i386/libfontmanager.so
835a2000-835a3000 rw-p 000c3000 08:05 9967848    /usr/lib/jvm/java-9-openjdk-i386/lib/i386/libfontmanager.so
835a3000-835c7000 r-xp 00000000 08:05 9968573    /usr/lib/i386-linux-gnu/libxcb.so.1.1.0
835c7000-835c8000 r--p 00023000 08:05 9968573    /usr/lib/i386-linux-gnu/libxcb.so.1.1.0
835c8000-835c9000 rw-p 00024000 08:05 9968573    /usr/lib/i386-linux-gnu/libxcb.so.1.1.0
835c9000-8370f000 r-xp 00000000 08:05 9967198    /usr/lib/i386-linux-gnu/libX11.so.6.3.0
8370f000-83710000 ---p 00146000 08:05 9967198    /usr/lib/i386-linux-gnu/libX11.so.6.3.0
83710000-83711000 r--p 00146000 08:05 9967198    /usr/lib/i386-linux-gnu/libX11.so.6.3.0
83711000-83713000 rw-p 00147000 08:05 9967198    /usr/lib/i386-linux-gnu/libX11.so.6.3.0
83713000-83714000 rw-p 00000000 00:00 0 
83714000-83768000 r-xp 00000000 08:05 9968312    /usr/lib/jvm/java-9-openjdk-i386/lib/i386/libawt_xawt.so
83768000-83769000 r--p 00053000 08:05 9968312    /usr/lib/jvm/java-9-openjdk-i386/lib/i386/libawt_xawt.so
83769000-8376b000 rw-p 00054000 08:05 9968312    /usr/lib/jvm/java-9-openjdk-i386/lib/i386/libawt_xawt.so
8376b000-8376c000 rw-p 00000000 00:00 0 
8376c000-83802000 r-xp 00000000 08:05 9967846    /usr/lib/jvm/java-9-openjdk-i386/lib/i386/libawt.so
83802000-83803000 r--p 00095000 08:05 9967846    /usr/lib/jvm/java-9-openjdk-i386/lib/i386/libawt.so
83803000-8380a000 rw-p 00096000 08:05 9967846    /usr/lib/jvm/java-9-openjdk-i386/lib/i386/libawt.so
8380a000-8382e000 rw-p 00000000 00:00 0 
8382e000-8382f000 ---p 00000000 00:00 0 
8382f000-838af000 rw-p 00000000 00:00 0 
838af000-838b3000 ---p 00000000 00:00 0 
838b3000-83900000 rw-p 00000000 00:00 0 
83900000-839f8000 rw-p 00000000 00:00 0 
839f8000-83a00000 ---p 00000000 00:00 0 
83a02000-83a0c000 r-xp 00000000 08:05 9963995    /usr/lib/i386-linux-gnu/libXcursor.so.1.0.2
83a0c000-83a0d000 r--p 00009000 08:05 9963995    /usr/lib/i386-linux-gnu/libXcursor.so.1.0.2
83a0d000-83a0e000 rw-p 0000a000 08:05 9963995    /usr/lib/i386-linux-gnu/libXcursor.so.1.0.2
83a0e000-83a13000 r-xp 00000000 08:05 9967213    /usr/lib/i386-linux-gnu/libXdmcp.so.6.0.0
83a13000-83a14000 r--p 00004000 08:05 9967213    /usr/lib/i386-linux-gnu/libXdmcp.so.6.0.0
83a14000-83a15000 rw-p 00005000 08:05 9967213    /usr/lib/i386-linux-gnu/libXdmcp.so.6.0.0
83a15000-83a19000 ---p 00000000 00:00 0 
83a19000-85667000 rw-p 00000000 00:00 0 
85667000-8566b000 ---p 00000000 00:00 0 
8566b000-856b8000 rw-p 00000000 00:00 0 
856b8000-856bc000 ---p 00000000 00:00 0 
856bc000-85739000 rw-p 00000000 00:00 0 
85739000-8573d000 ---p 00000000 00:00 0 
8573d000-857ba000 rw-p 00000000 00:00 0 
857ba000-857be000 ---p 00000000 00:00 0 
857be000-8583b000 rw-p 00000000 00:00 0 
8583b000-8583f000 ---p 00000000 00:00 0 
8583f000-8588c000 rw-p 00000000 00:00 0 
8588c000-85890000 ---p 00000000 00:00 0 
85890000-858dd000 rw-p 00000000 00:00 0 
858dd000-85add000 r--p 00000000 08:05 9962539    /usr/lib/locale/locale-archive
85add000-85ae1000 ---p 00000000 00:00 0 
85ae1000-85b2e000 rw-p 00000000 00:00 0 
85b2e000-85b32000 ---p 00000000 00:00 0 
85b32000-85b7f000 rw-p 00000000 00:00 0 
85b7f000-85b80000 ---p 00000000 00:00 0 
85b80000-85c00000 rw-p 00000000 00:00 0 
85c00000-85cf4000 rw-p 00000000 00:00 0 
85cf4000-85d00000 ---p 00000000 00:00 0 
85d03000-85d14000 r-xp 00000000 08:05 9967223    /usr/lib/i386-linux-gnu/libXi.so.6.1.0
85d14000-85d15000 r--p 00010000 08:05 9967223    /usr/lib/i386-linux-gnu/libXi.so.6.1.0
85d15000-85d16000 rw-p 00011000 08:05 9967223    /usr/lib/i386-linux-gnu/libXi.so.6.1.0
85d16000-8615c000 rw-p 00000000 00:00 0 
8615c000-86162000 ---p 00000000 00:00 0 
86162000-86163000 ---p 00000000 00:00 0 
86163000-861e3000 rw-p 00000000 00:00 0 
861e3000-861e4000 ---p 00000000 00:00 0 
861e4000-862e4000 rw-p 00000000 00:00 0 
862e4000-86a3c000 ---p 00000000 00:00 0 
86a3c000-86abc000 rw-p 00000000 00:00 0 
86abc000-87214000 ---p 00000000 00:00 0 
87214000-87224000 rw-p 00000000 00:00 0 
87224000-8730f000 ---p 00000000 00:00 0 
8730f000-8731f000 rw-p 00000000 00:00 0 
8731f000-87505000 ---p 00000000 00:00 0 
87505000-87515000 rw-p 00000000 00:00 0 
87515000-87600000 ---p 00000000 00:00 0 
87600000-89600000 rw-p 00000000 00:00 0 
89600000-a6c00000 ---p 00000000 00:00 0 
a6c00000-a6cc0000 rw-p 00000000 00:00 0 
a6cc0000-a6d00000 ---p 00000000 00:00 0 
a6d01000-a6d0b000 r-xp 00000000 08:05 9967235    /usr/lib/i386-linux-gnu/libXrender.so.1.3.0
a6d0b000-a6d0c000 r--p 00009000 08:05 9967235    /usr/lib/i386-linux-gnu/libXrender.so.1.3.0
a6d0c000-a6d0d000 rw-p 0000a000 08:05 9967235    /usr/lib/i386-linux-gnu/libXrender.so.1.3.0
a6d0d000-a6d20000 r-xp 00000000 08:05 9967215    /usr/lib/i386-linux-gnu/libXext.so.6.4.0
a6d20000-a6d21000 r--p 00012000 08:05 9967215    /usr/lib/i386-linux-gnu/libXext.so.6.4.0
a6d21000-a6d22000 rw-p 00013000 08:05 9967215    /usr/lib/i386-linux-gnu/libXext.so.6.4.0
a6d22000-a6d7d000 rw-p 00000000 00:00 0 
a6d7d000-a6d7e000 ---p 00000000 00:00 0 
a6d7e000-a6dfe000 rw-p 00000000 00:00 0 
a6dfe000-a6dff000 ---p 00000000 00:00 0 
a6dff000-a6e7f000 rw-p 00000000 00:00 0 
a6e7f000-a6e80000 ---p 00000000 00:00 0 
a6e80000-a6f00000 rw-p 00000000 00:00 0 
a6f00000-a6f21000 rw-p 00000000 00:00 0 
a6f21000-a7000000 ---p 00000000 00:00 0 
a7018000-a702d000 r-xp 00000000 08:05 9967850    /usr/lib/jvm/java-9-openjdk-i386/lib/i386/libnet.so
a702d000-a702e000 r--p 00014000 08:05 9967850    /usr/lib/jvm/java-9-openjdk-i386/lib/i386/libnet.so
a702e000-a702f000 rw-p 00015000 08:05 9967850    /usr/lib/jvm/java-9-openjdk-i386/lib/i386/libnet.so
a702f000-a7040000 r-xp 00000000 08:05 9968314    /usr/lib/jvm/java-9-openjdk-i386/lib/i386/libnio.so
a7040000-a7041000 r--p 00010000 08:05 9968314    /usr/lib/jvm/java-9-openjdk-i386/lib/i386/libnio.so
a7041000-a7042000 rw-p 00011000 08:05 9968314    /usr/lib/jvm/java-9-openjdk-i386/lib/i386/libnio.so
a7042000-a7062000 rw-p 00000000 00:00 0 
a7062000-a7063000 ---p 00000000 00:00 0 
a7063000-a70e3000 rw-p 00000000 00:00 0 
a70e3000-a70e4000 ---p 00000000 00:00 0 
a70e4000-a7169000 rw-p 00000000 00:00 0 
a7169000-a724f000 ---p 00000000 00:00 0 
a724f000-a7254000 rw-p 00000000 00:00 0 
a7254000-a733a000 ---p 00000000 00:00 0 
a733a000-a733f000 rw-p 00000000 00:00 0 
a733f000-a7345000 ---p 00000000 00:00 0 
a7345000-a7585000 rwxp 00000000 00:00 0 
a7585000-a788e000 ---p 00000000 00:00 0 
a788e000-a7ace000 rwxp 00000000 00:00 0 
a7ace000-aede9000 ---p 00000000 00:00 0 
aede9000-af029000 rwxp 00000000 00:00 0 
af029000-b6345000 ---p 00000000 00:00 0 
b6345000-b6500000 r--s 00000000 08:05 9967633    /usr/lib/jvm/java-9-openjdk-i386/lib/modules
b6500000-b6600000 rw-p 00000000 00:00 0 
b6606000-b6608000 r-xp 00000000 08:05 9967202    /usr/lib/i386-linux-gnu/libXau.so.6.0.0
b6608000-b6609000 r--p 00001000 08:05 9967202    /usr/lib/i386-linux-gnu/libXau.so.6.0.0
b6609000-b660a000 rw-p 00002000 08:05 9967202    /usr/lib/i386-linux-gnu/libXau.so.6.0.0
b660a000-b6615000 r-xp 00000000 08:05 1966177    /lib/i386-linux-gnu/libnss_files-2.23.so
b6615000-b6616000 r--p 0000a000 08:05 1966177    /lib/i386-linux-gnu/libnss_files-2.23.so
b6616000-b6617000 rw-p 0000b000 08:05 1966177    /lib/i386-linux-gnu/libnss_files-2.23.so
b6617000-b661d000 rw-p 00000000 00:00 0 
b661d000-b6628000 r-xp 00000000 08:05 1967386    /lib/i386-linux-gnu/libnss_nis-2.23.so
b6628000-b6629000 r--p 0000a000 08:05 1967386    /lib/i386-linux-gnu/libnss_nis-2.23.so
b6629000-b662a000 rw-p 0000b000 08:05 1967386    /lib/i386-linux-gnu/libnss_nis-2.23.so
b662a000-b6641000 r-xp 00000000 08:05 1966095    /lib/i386-linux-gnu/libnsl-2.23.so
b6641000-b6642000 r--p 00016000 08:05 1966095    /lib/i386-linux-gnu/libnsl-2.23.so
b6642000-b6643000 rw-p 00017000 08:05 1966095    /lib/i386-linux-gnu/libnsl-2.23.so
b6643000-b6645000 rw-p 00000000 00:00 0 
b6645000-b664d000 r-xp 00000000 08:05 1966172    /lib/i386-linux-gnu/libnss_compat-2.23.so
b664d000-b664e000 r--p 00007000 08:05 1966172    /lib/i386-linux-gnu/libnss_compat-2.23.so
b664e000-b664f000 rw-p 00008000 08:05 1966172    /lib/i386-linux-gnu/libnss_compat-2.23.so
b664f000-b6654000 r-xp 00000000 08:05 9967241    /usr/lib/i386-linux-gnu/libXtst.so.6.1.0
b6654000-b6655000 r--p 00004000 08:05 9967241    /usr/lib/i386-linux-gnu/libXtst.so.6.1.0
b6655000-b6656000 rw-p 00005000 08:05 9967241    /usr/lib/i386-linux-gnu/libXtst.so.6.1.0
b6656000-b6657000 r--p 002cf000 08:05 9962539    /usr/lib/locale/locale-archive
b6657000-b665c000 r-xp 00000000 08:05 9968003    /usr/lib/jvm/java-9-openjdk-i386/lib/i386/libjimage.so
b665c000-b665d000 r--p 00004000 08:05 9968003    /usr/lib/jvm/java-9-openjdk-i386/lib/i386/libjimage.so
b665d000-b665e000 rw-p 00005000 08:05 9968003    /usr/lib/jvm/java-9-openjdk-i386/lib/i386/libjimage.so
b665e000-b6665000 r-xp 00000000 08:05 9967944    /usr/lib/jvm/java-9-openjdk-i386/lib/i386/libzip.so
b6665000-b6666000 r--p 00006000 08:05 9967944    /usr/lib/jvm/java-9-openjdk-i386/lib/i386/libzip.so
b6666000-b6667000 rw-p 00007000 08:05 9967944    /usr/lib/jvm/java-9-openjdk-i386/lib/i386/libzip.so
b6667000-b668d000 r-xp 00000000 08:05 9967773    /usr/lib/jvm/java-9-openjdk-i386/lib/i386/libjava.so
b668d000-b668e000 r--p 00025000 08:05 9967773    /usr/lib/jvm/java-9-openjdk-i386/lib/i386/libjava.so
b668e000-b668f000 rw-p 00026000 08:05 9967773    /usr/lib/jvm/java-9-openjdk-i386/lib/i386/libjava.so
b668f000-b6696000 r-xp 00000000 08:05 1967433    /lib/i386-linux-gnu/librt-2.23.so
b6696000-b6697000 r--p 00006000 08:05 1967433    /lib/i386-linux-gnu/librt-2.23.so
b6697000-b6698000 rw-p 00007000 08:05 1967433    /lib/i386-linux-gnu/librt-2.23.so
b6698000-b669c000 ---p 00000000 00:00 0 
b669c000-b66e9000 rw-p 00000000 00:00 0 
b66e9000-b6705000 r-xp 00000000 08:05 1967454    /lib/i386-linux-gnu/libgcc_s.so.1
b6705000-b6706000 rw-p 0001b000 08:05 1967454    /lib/i386-linux-gnu/libgcc_s.so.1
b6706000-b6759000 r-xp 00000000 08:05 1966085    /lib/i386-linux-gnu/libm-2.23.so
b6759000-b675a000 r--p 00052000 08:05 1966085    /lib/i386-linux-gnu/libm-2.23.so
b675a000-b675b000 rw-p 00053000 08:05 1966085    /lib/i386-linux-gnu/libm-2.23.so
b675b000-b68c8000 r-xp 00000000 08:05 9961501    /usr/lib/i386-linux-gnu/libstdc++.so.6.0.21
b68c8000-b68c9000 ---p 0016d000 08:05 9961501    /usr/lib/i386-linux-gnu/libstdc++.so.6.0.21
b68c9000-b68ce000 r--p 0016d000 08:05 9961501    /usr/lib/i386-linux-gnu/libstdc++.so.6.0.21
b68ce000-b68cf000 rw-p 00172000 08:05 9961501    /usr/lib/i386-linux-gnu/libstdc++.so.6.0.21
b68cf000-b68d2000 rw-p 00000000 00:00 0 
b68d2000-b74fe000 r-xp 00000000 08:05 9967896    /usr/lib/jvm/java-9-openjdk-i386/lib/i386/server/libjvm.so
b74fe000-b7553000 r--p 00c2b000 08:05 9967896    /usr/lib/jvm/java-9-openjdk-i386/lib/i386/server/libjvm.so
b7553000-b7571000 rw-p 00c80000 08:05 9967896    /usr/lib/jvm/java-9-openjdk-i386/lib/i386/server/libjvm.so
b7571000-b7599000 rw-p 00000000 00:00 0 
b7599000-b75b2000 r-xp 00000000 08:05 1966105    /lib/i386-linux-gnu/libpthread-2.23.so
b75b2000-b75b3000 r--p 00018000 08:05 1966105    /lib/i386-linux-gnu/libpthread-2.23.so
b75b3000-b75b4000 rw-p 00019000 08:05 1966105    /lib/i386-linux-gnu/libpthread-2.23.so
b75b4000-b75b7000 rw-p 00000000 00:00 0 
b75b7000-b75ba000 r-xp 00000000 08:05 1966166    /lib/i386-linux-gnu/libdl-2.23.so
b75ba000-b75bb000 r--p 00002000 08:05 1966166    /lib/i386-linux-gnu/libdl-2.23.so
b75bb000-b75bc000 rw-p 00003000 08:05 1966166    /lib/i386-linux-gnu/libdl-2.23.so
b75bc000-b75d5000 r-xp 00000000 08:05 1967605    /lib/i386-linux-gnu/libz.so.1.2.8
b75d5000-b75d6000 r--p 00018000 08:05 1967605    /lib/i386-linux-gnu/libz.so.1.2.8
b75d6000-b75d7000 rw-p 00019000 08:05 1967605    /lib/i386-linux-gnu/libz.so.1.2.8
b75d7000-b7787000 r-xp 00000000 08:05 1966164    /lib/i386-linux-gnu/libc-2.23.so
b7787000-b7789000 r--p 001af000 08:05 1966164    /lib/i386-linux-gnu/libc-2.23.so
b7789000-b778a000 rw-p 001b1000 08:05 1966164    /lib/i386-linux-gnu/libc-2.23.so
b778a000-b778d000 rw-p 00000000 00:00 0 
b778d000-b7795000 rw-s 00000000 08:05 7077950    /tmp/hsperfdata_lab2-pc16/6555
b7795000-b7796000 rw-p 00000000 00:00 0 
b7796000-b7797000 r--p 00000000 00:00 0 
b7797000-b77a2000 r-xp 00000000 08:05 9967781    /usr/lib/jvm/java-9-openjdk-i386/lib/i386/libverify.so
b77a2000-b77a3000 ---p 0000b000 08:05 9967781    /usr/lib/jvm/java-9-openjdk-i386/lib/i386/libverify.so
b77a3000-b77a4000 r--p 0000b000 08:05 9967781    /usr/lib/jvm/java-9-openjdk-i386/lib/i386/libverify.so
b77a4000-b77a5000 rw-p 0000c000 08:05 9967781    /usr/lib/jvm/java-9-openjdk-i386/lib/i386/libverify.so
b77a5000-b77b3000 r-xp 00000000 08:05 9968303    /usr/lib/jvm/java-9-openjdk-i386/lib/i386/jli/libjli.so
b77b3000-b77b4000 r--p 0000d000 08:05 9968303    /usr/lib/jvm/java-9-openjdk-i386/lib/i386/jli/libjli.so
b77b4000-b77b5000 rw-p 0000e000 08:05 9968303    /usr/lib/jvm/java-9-openjdk-i386/lib/i386/jli/libjli.so
b77b5000-b77b6000 rw-p 00000000 00:00 0 
b77b6000-b77b9000 r--p 00000000 00:00 0          [vvar]
b77b9000-b77ba000 r-xp 00000000 00:00 0          [vdso]
b77ba000-b77dd000 r-xp 00000000 08:05 1966098    /lib/i386-linux-gnu/ld-2.23.so
b77dd000-b77de000 r--p 00022000 08:05 1966098    /lib/i386-linux-gnu/ld-2.23.so
b77de000-b77df000 rw-p 00023000 08:05 1966098    /lib/i386-linux-gnu/ld-2.23.so
bff74000-bff95000 rw-p 00000000 00:00 0          [stack]

VM Arguments:
java_command: shopping
java_class_path (initial): .
Launcher Type: SUN_STANDARD

Environment Variables:
PATH=/home/lab2-pc16/bin:/home/lab2-pc16/.local/bin:/usr/local/sbin:/usr/local/bin:/usr/sbin:/usr/bin:/sbin:/bin:/usr/games:/usr/local/games:/snap/bin
SHELL=/bin/bash
DISPLAY=:0

Signal Handlers:
SIGSEGV: [libjvm.so+0x9e08a0], sa_mask[0]=11111111011111111101111111111110, sa_flags=SA_RESTART|SA_SIGINFO
SIGBUS: [libjvm.so+0x9e08a0], sa_mask[0]=11111111011111111101111111111110, sa_flags=SA_RESTART|SA_SIGINFO
SIGFPE: [libjvm.so+0x9e08a0], sa_mask[0]=11111111011111111101111111111110, sa_flags=SA_RESTART|SA_SIGINFO
SIGPIPE: [libjvm.so+0x832630], sa_mask[0]=11111111011111111101111111111110, sa_flags=SA_RESTART|SA_SIGINFO
SIGXFSZ: [libjvm.so+0x832630], sa_mask[0]=11111111011111111101111111111110, sa_flags=SA_RESTART|SA_SIGINFO
SIGILL: [libjvm.so+0x9e08a0], sa_mask[0]=11111111011111111101111111111110, sa_flags=SA_RESTART|SA_SIGINFO
SIGUSR2: [libjvm.so+0x832460], sa_mask[0]=00000000000000000000000000000000, sa_flags=SA_RESTART|SA_SIGINFO
SIGHUP: [libjvm.so+0x8328a0], sa_mask[0]=11111111011111111101111111111110, sa_flags=SA_RESTART|SA_SIGINFO
SIGINT: [libjvm.so+0x8328a0], sa_mask[0]=11111111011111111101111111111110, sa_flags=SA_RESTART|SA_SIGINFO
SIGTERM: [libjvm.so+0x8328a0], sa_mask[0]=11111111011111111101111111111110, sa_flags=SA_RESTART|SA_SIGINFO
SIGQUIT: [libjvm.so+0x8328a0], sa_mask[0]=11111111011111111101111111111110, sa_flags=SA_RESTART|SA_SIGINFO


---------------  S Y S T E M  ---------------

OS:DISTRIB_ID=Ubuntu
DISTRIB_RELEASE=16.04
DISTRIB_CODENAME=xenial
DISTRIB_DESCRIPTION="Ubuntu 16.04.1 LTS"
uname:Linux 4.4.0-133-generic #159-Ubuntu SMP Fri Aug 10 07:26:31 UTC 2018 i686
libc:glibc 2.23 NPTL 2.23 
rlimit: STACK 8192k, CORE 0k, NPROC 15727, NOFILE 1048576, AS infinity
load average:2.73 0.81 0.35

/proc/meminfo:
MemTotal:        2050852 kB
MemFree:          362060 kB
MemAvailable:    1045604 kB
Buffers:           57756 kB
Cached:          1021528 kB
SwapCached:           16 kB
Active:           954556 kB
Inactive:         647024 kB
Active(anon):     441072 kB
Inactive(anon):   291612 kB
Active(file):     513484 kB
Inactive(file):   355412 kB
Unevictable:          32 kB
Mlocked:              32 kB
HighTotal:       1172848 kB
HighFree:         147864 kB
LowTotal:         878004 kB
LowFree:          214196 kB
SwapTotal:       2083836 kB
SwapFree:        2082264 kB
Dirty:             13884 kB
Writeback:             0 kB
AnonPages:        522524 kB
Mapped:           254664 kB
Shmem:            210356 kB
Slab:              54456 kB
SReclaimable:      37416 kB
SUnreclaim:        17040 kB
KernelStack:        4024 kB
PageTables:         9548 kB
NFS_Unstable:          0 kB
Bounce:                0 kB
WritebackTmp:          0 kB
CommitLimit:     3109260 kB
Committed_AS:    4412332 kB
VmallocTotal:     122880 kB
VmallocUsed:           0 kB
VmallocChunk:          0 kB
AnonHugePages:         0 kB
CmaTotal:              0 kB
CmaFree:               0 kB
HugePages_Total:       0
HugePages_Free:        0
HugePages_Rsvd:        0
HugePages_Surp:        0
Hugepagesize:       2048 kB
DirectMap4k:       43000 kB
DirectMap2M:      870400 kB


CPU:total 2 (2 cores per cpu, 1 threads per core) family 6 model 23 stepping 10, cmov, cx8, fxsr, mmx, sse, sse2, sse3, ssse3, sse4.1, tsc

CPU Model and flags from /proc/cpuinfo:
model name	: Intel(R) Core(TM)2 Duo CPU     E7500  @ 2.93GHz
flags		: fpu vme de pse tsc msr pae mce cx8 apic sep mtrr pge mca cmov pat pse36 clflush dts acpi mmx fxsr sse sse2 ss ht tm pbe nx lm constant_tsc arch_perfmon pebs bts aperfmperf eagerfpu pni dtes64 monitor ds_cpl vmx est tm2 ssse3 cx16 xtpr pdcm sse4_1 xsave lahf_lm tpr_shadow vnmi flexpriority dtherm

Memory: 4k page, physical 2050852k(361936k free), swap 2083836k(2082264k free)

vm_info: OpenJDK Server VM (9-internal+0-2016-04-14-195526.buildd.src) for linux-x86 JRE (9-internal+0-2016-04-14-195526.buildd.src), built on Apr 14 2016 20:15:09 by "buildd" with gcc 5.3.1 20160413

END.
