#
# A fatal error has been detected by the Java Runtime Environment:
#
#  SIGSEGV (0xb) at pc=0xb6654e48, pid=15530, tid=15554
#
# JRE version: OpenJDK Runtime Environment (9.0) (build 9-internal+0-2016-04-14-195526.buildd.src)
# Java VM: OpenJDK Server VM (9-internal+0-2016-04-14-195526.buildd.src, mixed mode, tiered, g1 gc, linux-x86)
# Problematic frame:
# C  [libjava.so+0x18e48]  JNU_GetEnv+0x18
#
# Core dump will be written. Default location: Core dumps may be processed with "/usr/share/apport/apport %p %s %c %d %P" (or dumping to /home/lab2-pc13/Ruturaj_Sawant/swing/core.15530)
#
# If you would like to submit a bug report, please visit:
#   http://bugreport.java.com/bugreport/crash.jsp
# The crash happened outside the Java Virtual Machine in native code.
# See problematic frame for where to report the bug.
#

---------------  S U M M A R Y ------------

Command Line: FirstSwingExample

Host: Intel(R) Core(TM)2 Duo CPU     E7500  @ 2.93GHz, 2 cores, 1G, Ubuntu 16.04.5 LTS
Time: Tue Aug 28 12:01:28 2018 IST elapsed time: 6 seconds (0d 0h 0m 6s)

---------------  T H R E A D  ---------------

Current thread (0x839f2000):  JavaThread "AWT-EventQueue-0" [_thread_in_native, id=15554, stack(0x82e5e000,0x82eaf000)]

Stack: [0x82e5e000,0x82eaf000],  sp=0x82eabe5c,  free space=311k
Native frames: (J=compiled Java code, j=interpreted, Vv=VM code, C=native code)
C  [libjava.so+0x18e48]  JNU_GetEnv+0x18
C  [libfontmanager.so+0x2faf5]
C  [libfreetype.so.6+0xf4dc]  FT_Stream_Seek+0x1c

Java frames: (J=compiled Java code, j=interpreted, Vv=VM code)
j  sun.font.FreetypeFontScaler.initNativeScaler(Lsun/font/Font2D;IIZI)J+0 java.desktop@9-internal
j  sun.font.FreetypeFontScaler.<init>(Lsun/font/Font2D;IZI)V+26 java.desktop@9-internal
v  ~StubRoutines::call_stub
j  sun.reflect.NativeConstructorAccessorImpl.newInstance0(Ljava/lang/reflect/Constructor;[Ljava/lang/Object;)Ljava/lang/Object;+0 java.base@9-internal
j  sun.reflect.NativeConstructorAccessorImpl.newInstance([Ljava/lang/Object;)Ljava/lang/Object;+85 java.base@9-internal
j  sun.reflect.DelegatingConstructorAccessorImpl.newInstance([Ljava/lang/Object;)Ljava/lang/Object;+5 java.base@9-internal
j  java.lang.reflect.Constructor.newInstance([Ljava/lang/Object;)Ljava/lang/Object;+65 java.base@9-internal
j  sun.font.FontScaler.getScaler(Lsun/font/Font2D;IZI)Lsun/font/FontScaler;+39 java.desktop@9-internal
j  sun.font.TrueTypeFont.getScaler()Lsun/font/FontScaler;+21 java.desktop@9-internal
j  sun.font.FileFontStrike.<init>(Lsun/font/FileFont;Lsun/font/FontStrikeDesc;)V+204 java.desktop@9-internal
j  sun.font.FileFont.createStrike(Lsun/font/FontStrikeDesc;)Lsun/font/FontStrike;+18 java.desktop@9-internal
j  sun.font.Font2D.getStrike(Lsun/font/FontStrikeDesc;Z)Lsun/font/FontStrike;+92 java.desktop@9-internal
j  sun.font.Font2D.getStrike(Lsun/font/FontStrikeDesc;)Lsun/font/FontStrike;+3 java.desktop@9-internal
j  sun.font.CompositeStrike.getStrikeForSlot(I)Lsun/font/PhysicalStrike;+23 java.desktop@9-internal
j  sun.font.CompositeStrike.getFontMetrics()Lsun/font/StrikeMetrics;+31 java.desktop@9-internal
j  sun.font.FontDesignMetrics.initMatrixAndMetrics()V+28 java.desktop@9-internal
j  sun.font.FontDesignMetrics.<init>(Ljava/awt/Font;Ljava/awt/font/FontRenderContext;)V+62 java.desktop@9-internal
j  sun.font.FontDesignMetrics.getMetrics(Ljava/awt/Font;Ljava/awt/font/FontRenderContext;)Lsun/font/FontDesignMetrics;+128 java.desktop@9-internal
j  sun.swing.SwingUtilities2.getFontMetrics(Ljavax/swing/JComponent;Ljava/awt/Font;)Ljava/awt/FontMetrics;+15 java.desktop@9-internal
j  javax.swing.JComponent.getFontMetrics(Ljava/awt/Font;)Ljava/awt/FontMetrics;+2 java.desktop@9-internal
j  sun.swing.SwingUtilities2.getFontMetrics(Ljavax/swing/JComponent;Ljava/awt/Graphics;Ljava/awt/Font;)Ljava/awt/FontMetrics;+6 java.desktop@9-internal
j  sun.swing.SwingUtilities2.getFontMetrics(Ljavax/swing/JComponent;Ljava/awt/Graphics;)Ljava/awt/FontMetrics;+6 java.desktop@9-internal
j  javax.swing.plaf.basic.BasicButtonUI.paint(Ljava/awt/Graphics;Ljavax/swing/JComponent;)V+15 java.desktop@9-internal
j  javax.swing.plaf.metal.MetalButtonUI.update(Ljava/awt/Graphics;Ljavax/swing/JComponent;)V+86 java.desktop@9-internal
j  javax.swing.JComponent.paintComponent(Ljava/awt/Graphics;)V+26 java.desktop@9-internal
j  javax.swing.JComponent.paint(Ljava/awt/Graphics;)V+286 java.desktop@9-internal
j  javax.swing.JComponent.paintChildren(Ljava/awt/Graphics;)V+501 java.desktop@9-internal
j  javax.swing.JComponent.paint(Ljava/awt/Graphics;)V+318 java.desktop@9-internal
j  javax.swing.JComponent.paintChildren(Ljava/awt/Graphics;)V+501 java.desktop@9-internal
j  javax.swing.JComponent.paint(Ljava/awt/Graphics;)V+318 java.desktop@9-internal
j  javax.swing.JLayeredPane.paint(Ljava/awt/Graphics;)V+73 java.desktop@9-internal
j  javax.swing.JComponent.paintChildren(Ljava/awt/Graphics;)V+501 java.desktop@9-internal
j  javax.swing.JComponent.paintToOffscreen(Ljava/awt/Graphics;IIIIII)V+72 java.desktop@9-internal
j  javax.swing.BufferStrategyPaintManager.paint(Ljavax/swing/JComponent;Ljavax/swing/JComponent;Ljava/awt/Graphics;IIII)Z+164 java.desktop@9-internal
j  javax.swing.RepaintManager.paint(Ljavax/swing/JComponent;Ljavax/swing/JComponent;Ljava/awt/Graphics;IIII)V+51 java.desktop@9-internal
j  javax.swing.JComponent.paint(Ljava/awt/Graphics;)V+221 java.desktop@9-internal
j  java.awt.GraphicsCallback$PaintCallback.run(Ljava/awt/Component;Ljava/awt/Graphics;)V+2 java.desktop@9-internal
j  sun.awt.SunGraphicsCallback.runOneComponent(Ljava/awt/Component;Ljava/awt/Rectangle;Ljava/awt/Graphics;Ljava/awt/Shape;I)V+155 java.desktop@9-internal
j  sun.awt.SunGraphicsCallback.runComponents([Ljava/awt/Component;Ljava/awt/Graphics;I)V+157 java.desktop@9-internal
j  java.awt.Container.paint(Ljava/awt/Graphics;)V+58 java.desktop@9-internal
j  java.awt.Window.paint(Ljava/awt/Graphics;)V+68 java.desktop@9-internal
j  javax.swing.RepaintManager$4.run()Ljava/lang/Void;+142 java.desktop@9-internal
j  javax.swing.RepaintManager$4.run()Ljava/lang/Object;+1 java.desktop@9-internal
v  ~StubRoutines::call_stub
j  java.security.AccessController.doPrivileged(Ljava/security/PrivilegedAction;Ljava/security/AccessControlContext;)Ljava/lang/Object;+0 java.base@9-internal
j  java.security.ProtectionDomain$JavaSecurityAccessImpl.doIntersectionPrivilege(Ljava/security/PrivilegedAction;Ljava/security/AccessControlContext;Ljava/security/AccessControlContext;)Ljava/lang/Object;+18 java.base@9-internal
j  javax.swing.RepaintManager.paintDirtyRegions(Ljava/util/Map;)V+154 java.desktop@9-internal
j  javax.swing.RepaintManager.paintDirtyRegions()V+46 java.desktop@9-internal
j  javax.swing.RepaintManager.prePaintDirtyRegions()V+73 java.desktop@9-internal
j  javax.swing.RepaintManager.access$1200(Ljavax/swing/RepaintManager;)V+1 java.desktop@9-internal
j  javax.swing.RepaintManager$ProcessingRunnable.run()V+37 java.desktop@9-internal
j  java.awt.event.InvocationEvent.dispatch()V+47 java.desktop@9-internal
j  java.awt.EventQueue.dispatchEventImpl(Ljava/awt/AWTEvent;Ljava/lang/Object;)V+21 java.desktop@9-internal
j  java.awt.EventQueue.access$500(Ljava/awt/EventQueue;Ljava/awt/AWTEvent;Ljava/lang/Object;)V+3 java.desktop@9-internal
j  java.awt.EventQueue$3.run()Ljava/lang/Void;+32 java.desktop@9-internal
j  java.awt.EventQueue$3.run()Ljava/lang/Object;+1 java.desktop@9-internal
v  ~StubRoutines::call_stub
j  java.security.AccessController.doPrivileged(Ljava/security/PrivilegedAction;Ljava/security/AccessControlContext;)Ljava/lang/Object;+0 java.base@9-internal
j  java.security.ProtectionDomain$JavaSecurityAccessImpl.doIntersectionPrivilege(Ljava/security/PrivilegedAction;Ljava/security/AccessControlContext;Ljava/security/AccessControlContext;)Ljava/lang/Object;+18 java.base@9-internal
j  java.awt.EventQueue.dispatchEvent(Ljava/awt/AWTEvent;)V+46 java.desktop@9-internal
j  java.awt.EventDispatchThread.pumpOneEventForFilters(I)V+183 java.desktop@9-internal
j  java.awt.EventDispatchThread.pumpEventsForFilter(ILjava/awt/Conditional;Ljava/awt/EventFilter;)V+35 java.desktop@9-internal
j  java.awt.EventDispatchThread.pumpEventsForHierarchy(ILjava/awt/Conditional;Ljava/awt/Component;)V+11 java.desktop@9-internal
j  java.awt.EventDispatchThread.pumpEvents(ILjava/awt/Conditional;)V+4 java.desktop@9-internal
j  java.awt.EventDispatchThread.pumpEvents(Ljava/awt/Conditional;)V+3 java.desktop@9-internal
j  java.awt.EventDispatchThread.run()V+9 java.desktop@9-internal
v  ~StubRoutines::call_stub

siginfo: si_signo: 11 (SIGSEGV), si_code: 1 (SEGV_MAPERR), si_addr: 0x00000000

Register to memory mapping:

EAX=0x00000000 is an unknown value
EBX=0x83576000: <offset 0x000c4000> in /usr/lib/jvm/java-9-openjdk-i386/lib/i386/libfontmanager.so at 0x834b2000
ECX=0x00010002 is an unknown value
EDX=0x00000000 is an unknown value
ESP=0x82eabe5c is pointing into the stack for thread: 0x839f2000
EBP=0x82eabe78 is pointing into the stack for thread: 0x839f2000
ESI=0x00000000 is an unknown value
EDI=0x00000000 is an unknown value


Registers:
EAX=0x00000000, EBX=0x83576000, ECX=0x00010002, EDX=0x00000000
ESP=0x82eabe5c, EBP=0x82eabe78, ESI=0x00000000, EDI=0x00000000
EIP=0xb6654e48, EFLAGS=0x00010246, CR2=0x0000000000000000

Top of Stack: (sp=0x82eabe5c)
0x82eabe5c:   00000000 82eabea8 b77a5010 83478cdb
0x82eabe6c:   fb7bc200 00000000 8394c378 82eabea8
0x82eabe7c:   834e1af5 00000000 00010002 b775e7ac
0x82eabe8c:   091234a4 b77b4000 8394c628 834100b9
0x82eabe9c:   0911dcd8 00000000 00000000 091e0bc8
0x82eabeac:   834114dc 0911dcd8 00000000 00000000
0x82eabebc:   00000000 b775e000 834b1000 0911dcd8
0x82eabecc:   834252b8 0911dcd8 00000000 00000001 

Instructions: (pc=0xb6654e48)
0xb6654e28:   ff eb f3 90 8d 74 26 00 55 89 e5 83 ec 1c 8b 45
0xb6654e38:   08 65 8b 15 14 00 00 00 89 55 f4 31 d2 8b 4d 0c
0xb6654e48:   8b 10 51 8d 4d f0 51 50 ff 52 18 8b 45 f0 8b 4d
0xb6654e58:   f4 65 33 0d 14 00 00 00 75 02 c9 c3 e8 c7 5b 00 


---------------  P R O C E S S  ---------------

Java Threads: ( => current thread )
  0xa6db9800 JavaThread "SeedGenerator Thread" daemon [_thread_blocked, id=15577, stack(0x82c2e000,0x82c7f000)]
  0x09106c00 JavaThread "SeedGenerator Thread" daemon [_thread_in_Java, id=15556, stack(0x82c7f000,0x82cd0000)]
  0xb650b000 JavaThread "DestroyJavaVM" [_thread_blocked, id=15531, stack(0xb666d000,0xb66be000)]
=>0x839f2000 JavaThread "AWT-EventQueue-0" [_thread_in_native, id=15554, stack(0x82e5e000,0x82eaf000)]
  0x839efc00 JavaThread "AWT-Shutdown" [_thread_blocked, id=15553, stack(0x82eaf000,0x82f00000)]
  0x83972800 JavaThread "AWT-XAWT" daemon [_thread_in_native, id=15552, stack(0x83235000,0x83286000)]
  0x83956400 JavaThread "Java2D Disposer" daemon [_thread_blocked, id=15551, stack(0x83286000,0x832d7000)]
  0x83908c00 JavaThread "Service Thread" daemon [_thread_blocked, id=15549, stack(0x838af000,0x83900000)]
  0x85c48c00 JavaThread "Common-Cleaner" daemon [_thread_blocked, id=15548, stack(0x83a15000,0x83a66000)]
  0x85c40000 JavaThread "Sweeper thread" daemon [_thread_blocked, id=15547, stack(0x85667000,0x856b8000)]
  0x85c3d400 JavaThread "C1 CompilerThread2" daemon [_thread_blocked, id=15546, stack(0x856b8000,0x85739000)]
  0x85c3bc00 JavaThread "C2 CompilerThread1" daemon [_thread_in_native, id=15545, stack(0x85739000,0x857ba000)]
  0x85c3a800 JavaThread "C2 CompilerThread0" daemon [_thread_blocked, id=15544, stack(0x857ba000,0x8583b000)]
  0x85c39000 JavaThread "Signal Dispatcher" daemon [_thread_blocked, id=15543, stack(0x8583b000,0x8588c000)]
  0x85c37800 JavaThread "Surrogate Locker Thread (Concurrent GC)" daemon [_thread_blocked, id=15542, stack(0x8588c000,0x858dd000)]
  0x85c24c00 JavaThread "Finalizer" daemon [_thread_blocked, id=15541, stack(0x85add000,0x85b2e000)]
  0x85c23400 JavaThread "Reference Handler" daemon [_thread_blocked, id=15540, stack(0x85b2e000,0x85b7f000)]

Other Threads:
  0x85c1e800 VMThread [stack: 0x85b7f000,0x85c00000] [id=15539]
  0x8390a000 WatcherThread [stack: 0x8382e000,0x838af000] [id=15550]

Threads with active compile tasks:
C2 CompilerThread1 591       4       java.util.Properties::saveConvert (434 bytes)

VM state:not at safepoint (normal execution)

VM Mutex/Monitor currently owned by a thread: None

Heap:
 garbage-first heap   total 32768K, used 4254K [0x87400000, 0x87500080, 0xa6a00000)
  region size 1024K, 5 young (5120K), 1 survivors (1024K)
 Metaspace       used 7670K, capacity 8056K, committed 8088K, reserved 8496K

Heap Regions: E=young(eden), S=young(survivor), O=old, HS=humongous(starts), HC=humongous(continues), CS=collection set, F=free, A=archive, TS=gc time stamp, AC=allocation context, TAMS=top-at-mark-start (previous, next)
|   0|0x87400000, 0x87427a00, 0x87500000| 15%| O|  |TS  1|AC  0|TAMS 0x87400000, 0x87400000|
|   1|0x87500000, 0x87500000, 0x87600000|  0%| F|  |TS  0|AC  0|TAMS 0x87500000, 0x87500000|
|   2|0x87600000, 0x87600000, 0x87700000|  0%| F|  |TS  0|AC  0|TAMS 0x87600000, 0x87600000|
|   3|0x87700000, 0x87700000, 0x87800000|  0%| F|  |TS  0|AC  0|TAMS 0x87700000, 0x87700000|
|   4|0x87800000, 0x87800000, 0x87900000|  0%| F|  |TS  0|AC  0|TAMS 0x87800000, 0x87800000|
|   5|0x87900000, 0x87900000, 0x87a00000|  0%| F|  |TS  0|AC  0|TAMS 0x87900000, 0x87900000|
|   6|0x87a00000, 0x87a00000, 0x87b00000|  0%| F|  |TS  0|AC  0|TAMS 0x87a00000, 0x87a00000|
|   7|0x87b00000, 0x87b00000, 0x87c00000|  0%| F|  |TS  0|AC  0|TAMS 0x87b00000, 0x87b00000|
|   8|0x87c00000, 0x87c00000, 0x87d00000|  0%| F|  |TS  0|AC  0|TAMS 0x87c00000, 0x87c00000|
|   9|0x87d00000, 0x87d00000, 0x87e00000|  0%| F|  |TS  0|AC  0|TAMS 0x87d00000, 0x87d00000|
|  10|0x87e00000, 0x87e00000, 0x87f00000|  0%| F|  |TS  0|AC  0|TAMS 0x87e00000, 0x87e00000|
|  11|0x87f00000, 0x87f00000, 0x88000000|  0%| F|  |TS  0|AC  0|TAMS 0x87f00000, 0x87f00000|
|  12|0x88000000, 0x88000000, 0x88100000|  0%| F|  |TS  0|AC  0|TAMS 0x88000000, 0x88000000|
|  13|0x88100000, 0x88100000, 0x88200000|  0%| F|  |TS  0|AC  0|TAMS 0x88100000, 0x88100000|
|  14|0x88200000, 0x88200000, 0x88300000|  0%| F|  |TS  0|AC  0|TAMS 0x88200000, 0x88200000|
|  15|0x88300000, 0x88300000, 0x88400000|  0%| F|  |TS  0|AC  0|TAMS 0x88300000, 0x88300000|
|  16|0x88400000, 0x88400000, 0x88500000|  0%| F|  |TS  0|AC  0|TAMS 0x88400000, 0x88400000|
|  17|0x88500000, 0x88500000, 0x88600000|  0%| F|  |TS  0|AC  0|TAMS 0x88500000, 0x88500000|
|  18|0x88600000, 0x88600000, 0x88700000|  0%| F|  |TS  0|AC  0|TAMS 0x88600000, 0x88600000|
|  19|0x88700000, 0x88700000, 0x88800000|  0%| F|  |TS  0|AC  0|TAMS 0x88700000, 0x88700000|
|  20|0x88800000, 0x88800000, 0x88900000|  0%| F|  |TS  0|AC  0|TAMS 0x88800000, 0x88800000|
|  21|0x88900000, 0x88900000, 0x88a00000|  0%| F|  |TS  0|AC  0|TAMS 0x88900000, 0x88900000|
|  22|0x88a00000, 0x88a00000, 0x88b00000|  0%| F|  |TS  0|AC  0|TAMS 0x88a00000, 0x88a00000|
|  23|0x88b00000, 0x88b00000, 0x88c00000|  0%| F|  |TS  0|AC  0|TAMS 0x88b00000, 0x88b00000|
|  24|0x88c00000, 0x88c00000, 0x88d00000|  0%| F|  |TS  0|AC  0|TAMS 0x88c00000, 0x88c00000|
|  25|0x88d00000, 0x88d00000, 0x88e00000|  0%| F|  |TS  0|AC  0|TAMS 0x88d00000, 0x88d00000|
|  26|0x88e00000, 0x88e00000, 0x88f00000|  0%| F|  |TS  0|AC  0|TAMS 0x88e00000, 0x88e00000|
|  27|0x88f00000, 0x88fb8fb0, 0x89000000| 72%| E|  |TS  0|AC  0|TAMS 0x88f00000, 0x88f00000|
|  28|0x89000000, 0x89100000, 0x89100000|100%| S|CS|TS  1|AC  0|TAMS 0x89000000, 0x89000000|
|  29|0x89100000, 0x89200000, 0x89200000|100%| E|CS|TS  0|AC  0|TAMS 0x89100000, 0x89100000|
|  30|0x89200000, 0x89300000, 0x89300000|100%| E|CS|TS  0|AC  0|TAMS 0x89200000, 0x89200000|
|  31|0x89300000, 0x89400000, 0x89400000|100%| E|CS|TS  0|AC  0|TAMS 0x89300000, 0x89300000|

Card table byte_map: [0x87305000,0x87400000] byte_map_base: 0x86ecb000

Marking Bits (Prev, Next): (CMBitMap*) 0xb6543a7c, (CMBitMap*) 0xb6543aa8
 Prev Bits: [0x86a32000, 0x8720a000)
 Next Bits: [0x8625a000, 0x86a32000)

Polling page: 0xb776c000

CodeHeap 'non-nmethods': size=5412Kb used=753Kb max_used=766Kb free=4658Kb
 bounds [0xa7317000, 0xa7557000, 0xa7860000]
CodeHeap 'profiled nmethods': size=120172Kb used=859Kb max_used=859Kb free=119312Kb
 bounds [0xa7860000, 0xa7aa0000, 0xaedbb000]
CodeHeap 'non-profiled nmethods': size=120176Kb used=148Kb max_used=148Kb free=120028Kb
 bounds [0xaedbb000, 0xaeffb000, 0xb6317000]
 total_blobs=1013 nmethods=602 adapters=190
 compilation: enabled

Compilation events (10 events):
Event: 6.493 Thread 0x85c3d400  600       3       java.lang.String::toLowerCase (29 bytes)
Event: 6.503 Thread 0x85c3d400 nmethod 600 0xa7936388 code [0xa79364c0, 0xa79366b8]
Event: 6.503 Thread 0x85c3d400  602       3       java.nio.HeapByteBuffer::_get (7 bytes)
Event: 6.503 Thread 0x85c3d400 nmethod 602 0xa7936788 code [0xa79368a0, 0xa79369a0]
Event: 6.503 Thread 0x85c3d400  603       1       java.nio.Buffer::position (5 bytes)
Event: 6.503 Thread 0x85c3d400 nmethod 603 0xaeddf008 code [0xaeddf100, 0xaeddf1a0]
Event: 6.503 Thread 0x85c3d400  601       3       java.lang.invoke.MemberName::getModifiers (8 bytes)
Event: 6.503 Thread 0x85c3d400 nmethod 601 0xa7936a88 code [0xa7936ba0, 0xa7936c80]
Event: 6.504 Thread 0x85c3a800 nmethod 593 0xaeddf208 code [0xaeddf300, 0xaeddf570]
Event: 6.504 Thread 0x85c3a800  592       4       java.lang.AbstractStringBuilder::append (45 bytes)

GC Heap History (2 events):
Event: 0.786 GC heap before
{Heap before GC invocations=0 (full 0):
 garbage-first heap   total 32768K, used 3072K [0x87400000, 0x87500080, 0xa6a00000)
  region size 1024K, 3 young (3072K), 0 survivors (0K)
 Metaspace       used 5131K, capacity 5297K, committed 5400K, reserved 5424K
}
Event: 0.798 GC heap after
{Heap after GC invocations=1 (full 0):
 garbage-first heap   total 32768K, used 1182K [0x87400000, 0x87500080, 0xa6a00000)
  region size 1024K, 1 young (1024K), 1 survivors (1024K)
 Metaspace       used 5131K, capacity 5297K, committed 5400K, reserved 5424K
}

Deoptimization events (10 events):
Event: 0.365 Thread 0xb650b000 Uncommon trap: reason=bimorphic action=maybe_recompile pc=0xaedc158c method=java.util.Collections$UnmodifiableCollection$1.next()Ljava/lang/Object; @ 4
Event: 0.656 Thread 0xb650b000 Uncommon trap: reason=unstable_if action=reinterpret pc=0xaedca140 method=java.lang.StringLatin1.replace([BCC)Ljava/lang/String; @ 19
Event: 0.751 Thread 0xb650b000 Uncommon trap: reason=class_check action=maybe_recompile pc=0xaedc27f4 method=java.util.HashMap.putVal(ILjava/lang/Object;Ljava/lang/Object;ZZ)Ljava/lang/Object; @ 91
Event: 0.861 Thread 0xb650b000 Uncommon trap: reason=unstable_if action=reinterpret pc=0xaedc27c8 method=java.util.HashMap.putVal(ILjava/lang/Object;Ljava/lang/Object;ZZ)Ljava/lang/Object; @ 181
Event: 0.892 Thread 0xb650b000 Uncommon trap: reason=unstable_if action=reinterpret pc=0xaedc31b4 method=java.util.HashMap.hash(Ljava/lang/Object;)I @ 1
Event: 0.893 Thread 0xb650b000 Uncommon trap: reason=unstable_fused_if action=reinterpret pc=0xaedcfd70 method=java.util.HashMap.resize()[Ljava/util/HashMap$Node; @ 31
Event: 0.915 Thread 0xb650b000 Uncommon trap: reason=unstable_if action=reinterpret pc=0xaedc39e0 method=java.util.HashMap.hash(Ljava/lang/Object;)I @ 1
Event: 0.940 Thread 0xb650b000 Uncommon trap: reason=unstable_fused_if action=reinterpret pc=0xaedcc1b4 method=jdk.internal.org.objectweb.asm.ByteVector.putUTF8(Ljava/lang/String;)Ljdk/internal/org/objectweb/asm/ByteVector; @ 91
Event: 1.544 Thread 0x09106c00 Uncommon trap: reason=unstable_if action=reinterpret pc=0xaeddb1ac method=sun.security.provider.SeedGenerator$ThreadedSeedGenerator.run()V @ 120
Event: 6.419 Thread 0x839f2000 Uncommon trap: reason=unstable_if action=reinterpret pc=0xaedd06f0 method=java.lang.String.equals(Ljava/lang/Object;)Z @ 27

Classes redefined (0 events):
No events

Internal exceptions (7 events):
Event: 0.413 Thread 0xb650b000 Exception <a 'java/lang/ClassNotFoundException': sun/awt/resources/awtProvider> (0x89100970) thrown at [/build/openjdk-9-GMfJKp/openjdk-9-9~b114/src/hotspot/src/share/vm/classfile/systemDictionary.cpp, line 224]
Event: 0.519 Thread 0xb650b000 Exception <a 'java/io/FileNotFoundException'> (0x8913bb90) thrown at [/build/openjdk-9-GMfJKp/openjdk-9-9~b114/src/hotspot/src/share/vm/prims/jni.cpp, line 605]
Event: 0.523 Thread 0xb650b000 Exception <a 'java/io/FileNotFoundException'> (0x89143340) thrown at [/build/openjdk-9-GMfJKp/openjdk-9-9~b114/src/hotspot/src/share/vm/prims/jni.cpp, line 605]
Event: 0.877 Thread 0xb650b000 Exception <a 'java/lang/ClassNotFoundException': com/sun/swing/internal/plaf/metal/resources/metalProvider> (0x8922b4c8) thrown at [/build/openjdk-9-GMfJKp/openjdk-9-9~b114/src/hotspot/src/share/vm/classfile/systemDictionary.cpp, line 224]
Event: 0.878 Thread 0xb650b000 Exception <a 'java/lang/ClassNotFoundException': com/sun/swing/internal/plaf/basic/resources/basicProvider> (0x8922e660) thrown at [/build/openjdk-9-GMfJKp/openjdk-9-9~b114/src/hotspot/src/share/vm/classfile/systemDictionary.cpp, line 224]
Event: 0.892 Thread 0xb650b000 Implicit null exception at 0xaedc313d to 0xaedc31aa
Event: 0.915 Thread 0xb650b000 Implicit null exception at 0xaedc398b to 0xaedc39d0

Events (10 events):
Event: 6.496 loading class sun/nio/cs/UTF_16$Decoder
Event: 6.496 loading class sun/nio/cs/UnicodeDecoder
Event: 6.496 loading class sun/nio/cs/UnicodeDecoder done
Event: 6.496 loading class sun/nio/cs/UTF_16$Decoder done
Event: 6.497 loading class sun/font/FileFontStrike
Event: 6.497 loading class sun/font/FileFontStrike done
Event: 6.497 loading class sun/font/FontScaler
Event: 6.497 loading class sun/font/FontScaler done
Event: 6.497 loading class sun/font/FreetypeFontScaler
Event: 6.497 loading class sun/font/FreetypeFontScaler done


Dynamic libraries:
08048000-08049000 r-xp 00000000 08:05 6427315    /usr/lib/jvm/java-9-openjdk-i386/bin/java
08049000-0804a000 r--p 00000000 08:05 6427315    /usr/lib/jvm/java-9-openjdk-i386/bin/java
0804a000-0804b000 rw-p 00001000 08:05 6427315    /usr/lib/jvm/java-9-openjdk-i386/bin/java
08dde000-09200000 rw-p 00000000 00:00 0          [heap]
82a00000-82a3b000 rw-p 00000000 00:00 0 
82a3b000-82b00000 ---p 00000000 00:00 0 
82bdd000-82be1000 ---p 00000000 00:00 0 
82be1000-82c2e000 rw-p 00000000 00:00 0 
82c2e000-82c32000 ---p 00000000 00:00 0 
82c32000-82c7f000 rw-p 00000000 00:00 0 
82c7f000-82c83000 ---p 00000000 00:00 0 
82c83000-82d70000 rw-p 00000000 00:00 0 
82d70000-82dd0000 ---p 00000000 00:00 0 
82dd0000-82dd8000 r--s 00000000 08:05 3672022    /var/cache/fontconfig/945677eb7aeaf62f1d50efc3fb3ec7d8-le32d4.cache-6
82dd8000-82ddc000 r--s 00000000 08:05 3672020    /var/cache/fontconfig/2cd17615ca594fa2959ae173292e504c-le32d4.cache-6
82ddc000-82ddd000 r--s 00000000 08:05 3672019    /var/cache/fontconfig/0d8c3b2ac0904cb8a57a757ad11a4a08-le32d4.cache-6
82ddd000-82dec000 r--s 00000000 08:05 3672018    /var/cache/fontconfig/04aabc0a78ac019cf9454389977116d2-le32d4.cache-6
82dec000-82ded000 r--s 00000000 08:05 3672016    /var/cache/fontconfig/1ac9eb803944fde146138c791f5cc56a-le32d4.cache-6
82ded000-82df0000 r--s 00000000 08:05 3672014    /var/cache/fontconfig/385c0604a188198f04d133e54aba7fe7-le32d4.cache-6
82df0000-82df1000 r--s 00000000 08:05 3672012    /var/cache/fontconfig/dc05db6664285cc2f12bf69c139ae4c3-le32d4.cache-6
82df1000-82df3000 r--s 00000000 08:05 3671912    /var/cache/fontconfig/767a8244fc0220cfb567a839d0392e0b-le32d4.cache-6
82df3000-82df7000 r--s 00000000 08:05 3672009    /var/cache/fontconfig/8801497958630a81b71ace7c5f9b32a8-le32d4.cache-6
82df7000-82dfc000 r--s 00000000 08:05 3672007    /var/cache/fontconfig/3047814df9a2f067bd2d96a2b9c36e5a-le32d4.cache-6
82dfc000-82e0c000 r--s 00000000 08:05 3671982    /var/cache/fontconfig/d52a8644073d54c13679302ca1180695-le32d4.cache-6
82e0c000-82e15000 r--s 00000000 08:05 3671929    /var/cache/fontconfig/d589a48862398ed80a3d6066f4f56f4c-le32d4.cache-6
82e5e000-82e62000 ---p 00000000 00:00 0 
82e62000-82eaf000 rw-p 00000000 00:00 0 
82eaf000-82eb3000 ---p 00000000 00:00 0 
82eb3000-83000000 rw-p 00000000 00:00 0 
83000000-8303f000 rw-p 00000000 00:00 0 
8303f000-83100000 ---p 00000000 00:00 0 
83100000-83101000 r--s 00000000 08:05 3671636    /var/cache/fontconfig/4794a0821666d79190d59a36cb4f44b5-le32d4.cache-6
83101000-83102000 r--s 00000000 08:05 3672008    /var/cache/fontconfig/bab58bb527bb656aaa9f116d68a48d89-le32d4.cache-6
83102000-83103000 r--s 00000000 08:05 3672005    /var/cache/fontconfig/56cf4f4769d0f4abc89a4895d7bd3ae1-le32d4.cache-6
83103000-83104000 r--s 00000000 08:05 3671984    /var/cache/fontconfig/b9d506c9ac06c20b433354fa67a72993-le32d4.cache-6
83104000-83108000 r--s 00000000 08:05 3671983    /var/cache/fontconfig/b47c4e1ecd0709278f4910c18777a504-le32d4.cache-6
83108000-8310b000 r--s 00000000 08:05 3671916    /var/cache/fontconfig/75114ca45c98e8a441da0ff356701271-le32d4.cache-6
83135000-83235000 rw-p 00000000 00:00 0 
83235000-83239000 ---p 00000000 00:00 0 
83239000-83286000 rw-p 00000000 00:00 0 
83286000-8328a000 ---p 00000000 00:00 0 
8328a000-833d7000 rw-p 00000000 00:00 0 
833d7000-83400000 r-xp 00000000 08:05 2753820    /lib/i386-linux-gnu/libpng12.so.0.54.0
83400000-83401000 r--p 00028000 08:05 2753820    /lib/i386-linux-gnu/libpng12.so.0.54.0
83401000-83402000 rw-p 00029000 08:05 2753820    /lib/i386-linux-gnu/libpng12.so.0.54.0
83402000-834ad000 r-xp 00000000 08:05 6422626    /usr/lib/i386-linux-gnu/libfreetype.so.6.12.1
834ad000-834b1000 r--p 000aa000 08:05 6422626    /usr/lib/i386-linux-gnu/libfreetype.so.6.12.1
834b1000-834b2000 rw-p 000ae000 08:05 6422626    /usr/lib/i386-linux-gnu/libfreetype.so.6.12.1
834b2000-83574000 r-xp 00000000 08:05 6427355    /usr/lib/jvm/java-9-openjdk-i386/lib/i386/libfontmanager.so
83574000-83576000 r--p 000c1000 08:05 6427355    /usr/lib/jvm/java-9-openjdk-i386/lib/i386/libfontmanager.so
83576000-83577000 rw-p 000c3000 08:05 6427355    /usr/lib/jvm/java-9-openjdk-i386/lib/i386/libfontmanager.so
83577000-8359b000 r-xp 00000000 08:05 6429629    /usr/lib/i386-linux-gnu/libxcb.so.1.1.0
8359b000-8359c000 r--p 00023000 08:05 6429629    /usr/lib/i386-linux-gnu/libxcb.so.1.1.0
8359c000-8359d000 rw-p 00024000 08:05 6429629    /usr/lib/i386-linux-gnu/libxcb.so.1.1.0
8359d000-835ae000 r-xp 00000000 08:05 6428279    /usr/lib/i386-linux-gnu/libXi.so.6.1.0
835ae000-835af000 r--p 00010000 08:05 6428279    /usr/lib/i386-linux-gnu/libXi.so.6.1.0
835af000-835b0000 rw-p 00011000 08:05 6428279    /usr/lib/i386-linux-gnu/libXi.so.6.1.0
835b0000-836f6000 r-xp 00000000 08:05 6428254    /usr/lib/i386-linux-gnu/libX11.so.6.3.0
836f6000-836f7000 ---p 00146000 08:05 6428254    /usr/lib/i386-linux-gnu/libX11.so.6.3.0
836f7000-836f8000 r--p 00146000 08:05 6428254    /usr/lib/i386-linux-gnu/libX11.so.6.3.0
836f8000-836fa000 rw-p 00147000 08:05 6428254    /usr/lib/i386-linux-gnu/libX11.so.6.3.0
836fa000-836fb000 rw-p 00000000 00:00 0 
836fb000-83703000 r--s 00000000 08:05 3671915    /var/cache/fontconfig/83bf95040141907cd45bb53cf7c1c148-le32d4.cache-6
83703000-83711000 r--s 00000000 08:05 3670573    /var/cache/fontconfig/9b89f8e3dae116d678bbf48e5f21f69b-le32d4.cache-6
83711000-83714000 r--s 00000000 08:05 3671651    /var/cache/fontconfig/7ef2298fde41cc6eeb7af42e48b7d293-le32d4.cache-6
83714000-83768000 r-xp 00000000 08:05 6428924    /usr/lib/jvm/java-9-openjdk-i386/lib/i386/libawt_xawt.so
83768000-83769000 r--p 00053000 08:05 6428924    /usr/lib/jvm/java-9-openjdk-i386/lib/i386/libawt_xawt.so
83769000-8376b000 rw-p 00054000 08:05 6428924    /usr/lib/jvm/java-9-openjdk-i386/lib/i386/libawt_xawt.so
8376b000-8376c000 rw-p 00000000 00:00 0 
8376c000-83802000 r-xp 00000000 08:05 6427354    /usr/lib/jvm/java-9-openjdk-i386/lib/i386/libawt.so
83802000-83803000 r--p 00095000 08:05 6427354    /usr/lib/jvm/java-9-openjdk-i386/lib/i386/libawt.so
83803000-8380a000 rw-p 00096000 08:05 6427354    /usr/lib/jvm/java-9-openjdk-i386/lib/i386/libawt.so
8380a000-8382e000 rw-p 00000000 00:00 0 
8382e000-8382f000 ---p 00000000 00:00 0 
8382f000-838af000 rw-p 00000000 00:00 0 
838af000-838b3000 ---p 00000000 00:00 0 
838b3000-83900000 rw-p 00000000 00:00 0 
83900000-839fd000 rw-p 00000000 00:00 0 
839fd000-83a00000 ---p 00000000 00:00 0 
83a00000-83a13000 r-xp 00000000 08:05 6428271    /usr/lib/i386-linux-gnu/libXext.so.6.4.0
83a13000-83a14000 r--p 00012000 08:05 6428271    /usr/lib/i386-linux-gnu/libXext.so.6.4.0
83a14000-83a15000 rw-p 00013000 08:05 6428271    /usr/lib/i386-linux-gnu/libXext.so.6.4.0
83a15000-83a19000 ---p 00000000 00:00 0 
83a19000-85667000 rw-p 00000000 00:00 0 
85667000-8566b000 ---p 00000000 00:00 0 
8566b000-856b8000 rw-p 00000000 00:00 0 
856b8000-856bc000 ---p 00000000 00:00 0 
856bc000-85739000 rw-p 00000000 00:00 0 
85739000-8573d000 ---p 00000000 00:00 0 
8573d000-857ba000 rw-p 00000000 00:00 0 
857ba000-857be000 ---p 00000000 00:00 0 
857be000-8583b000 rw-p 00000000 00:00 0 
8583b000-8583f000 ---p 00000000 00:00 0 
8583f000-8588c000 rw-p 00000000 00:00 0 
8588c000-85890000 ---p 00000000 00:00 0 
85890000-858dd000 rw-p 00000000 00:00 0 
858dd000-85add000 r--p 00000000 08:05 6423597    /usr/lib/locale/locale-archive
85add000-85ae1000 ---p 00000000 00:00 0 
85ae1000-85b2e000 rw-p 00000000 00:00 0 
85b2e000-85b32000 ---p 00000000 00:00 0 
85b32000-85b7f000 rw-p 00000000 00:00 0 
85b7f000-85b80000 ---p 00000000 00:00 0 
85b80000-85c00000 rw-p 00000000 00:00 0 
85c00000-85cff000 rw-p 00000000 00:00 0 
85cff000-85d00000 ---p 00000000 00:00 0 
85d00000-85d0a000 r-xp 00000000 08:05 6422586    /usr/lib/i386-linux-gnu/libXcursor.so.1.0.2
85d0a000-85d0b000 r--p 00009000 08:05 6422586    /usr/lib/i386-linux-gnu/libXcursor.so.1.0.2
85d0b000-85d0c000 rw-p 0000a000 08:05 6422586    /usr/lib/i386-linux-gnu/libXcursor.so.1.0.2
85d0c000-86152000 rw-p 00000000 00:00 0 
86152000-86158000 ---p 00000000 00:00 0 
86158000-86159000 ---p 00000000 00:00 0 
86159000-861d9000 rw-p 00000000 00:00 0 
861d9000-861da000 ---p 00000000 00:00 0 
861da000-862da000 rw-p 00000000 00:00 0 
862da000-86a32000 ---p 00000000 00:00 0 
86a32000-86ab2000 rw-p 00000000 00:00 0 
86ab2000-8720a000 ---p 00000000 00:00 0 
8720a000-8721a000 rw-p 00000000 00:00 0 
8721a000-87305000 ---p 00000000 00:00 0 
87305000-87315000 rw-p 00000000 00:00 0 
87315000-87400000 ---p 00000000 00:00 0 
87400000-89400000 rw-p 00000000 00:00 0 
89400000-a6a00000 ---p 00000000 00:00 0 
a6a00000-a6a01000 r--s 00000000 08:05 3671980    /var/cache/fontconfig/551ecf3b0e8b0bca0f25c0944f561853-le32d4.cache-6
a6a01000-a6a06000 r-xp 00000000 08:05 6428273    /usr/lib/i386-linux-gnu/libXfixes.so.3.1.0
a6a06000-a6a07000 r--p 00004000 08:05 6428273    /usr/lib/i386-linux-gnu/libXfixes.so.3.1.0
a6a07000-a6a08000 rw-p 00005000 08:05 6428273    /usr/lib/i386-linux-gnu/libXfixes.so.3.1.0
a6a08000-a6b03000 ---p 00000000 00:00 0 
a6b03000-a6b13000 rw-p 00000000 00:00 0 
a6b13000-a6bfe000 ---p 00000000 00:00 0 
a6bfe000-a6bff000 ---p 00000000 00:00 0 
a6bff000-a6c7f000 rw-p 00000000 00:00 0 
a6c7f000-a6c80000 ---p 00000000 00:00 0 
a6c80000-a6d00000 rw-p 00000000 00:00 0 
a6d00000-a6de6000 rw-p 00000000 00:00 0 
a6de6000-a6e00000 ---p 00000000 00:00 0 
a6e00000-a6e02000 r--s 00000000 08:05 3670578    /var/cache/fontconfig/e13b20fdb08344e0e664864cc2ede53d-le32d4.cache-6
a6e02000-a6e07000 r-xp 00000000 08:05 6428269    /usr/lib/i386-linux-gnu/libXdmcp.so.6.0.0
a6e07000-a6e08000 r--p 00004000 08:05 6428269    /usr/lib/i386-linux-gnu/libXdmcp.so.6.0.0
a6e08000-a6e09000 rw-p 00005000 08:05 6428269    /usr/lib/i386-linux-gnu/libXdmcp.so.6.0.0
a6e09000-a6e0b000 r-xp 00000000 08:05 6428258    /usr/lib/i386-linux-gnu/libXau.so.6.0.0
a6e0b000-a6e0c000 r--p 00001000 08:05 6428258    /usr/lib/i386-linux-gnu/libXau.so.6.0.0
a6e0c000-a6e0d000 rw-p 00002000 08:05 6428258    /usr/lib/i386-linux-gnu/libXau.so.6.0.0
a6e0d000-a6e22000 r-xp 00000000 08:05 6427391    /usr/lib/jvm/java-9-openjdk-i386/lib/i386/libnet.so
a6e22000-a6e23000 r--p 00014000 08:05 6427391    /usr/lib/jvm/java-9-openjdk-i386/lib/i386/libnet.so
a6e23000-a6e24000 rw-p 00015000 08:05 6427391    /usr/lib/jvm/java-9-openjdk-i386/lib/i386/libnet.so
a6e24000-a6e7f000 rw-p 00000000 00:00 0 
a6e7f000-a6e80000 ---p 00000000 00:00 0 
a6e80000-a6f00000 rw-p 00000000 00:00 0 
a6f00000-a6f21000 rw-p 00000000 00:00 0 
a6f21000-a7000000 ---p 00000000 00:00 0 
a7000000-a700a000 r-xp 00000000 08:05 6428291    /usr/lib/i386-linux-gnu/libXrender.so.1.3.0
a700a000-a700b000 r--p 00009000 08:05 6428291    /usr/lib/i386-linux-gnu/libXrender.so.1.3.0
a700b000-a700c000 rw-p 0000a000 08:05 6428291    /usr/lib/i386-linux-gnu/libXrender.so.1.3.0
a700c000-a701d000 r-xp 00000000 08:05 6428936    /usr/lib/jvm/java-9-openjdk-i386/lib/i386/libnio.so
a701d000-a701e000 r--p 00010000 08:05 6428936    /usr/lib/jvm/java-9-openjdk-i386/lib/i386/libnio.so
a701e000-a701f000 rw-p 00011000 08:05 6428936    /usr/lib/jvm/java-9-openjdk-i386/lib/i386/libnio.so
a701f000-a703f000 rw-p 00000000 00:00 0 
a703f000-a7040000 ---p 00000000 00:00 0 
a7040000-a70c0000 rw-p 00000000 00:00 0 
a70c0000-a70c1000 ---p 00000000 00:00 0 
a70c1000-a7146000 rw-p 00000000 00:00 0 
a7146000-a722c000 ---p 00000000 00:00 0 
a722c000-a7231000 rw-p 00000000 00:00 0 
a7231000-a7317000 ---p 00000000 00:00 0 
a7317000-a7557000 rwxp 00000000 00:00 0 
a7557000-a7860000 ---p 00000000 00:00 0 
a7860000-a7aa0000 rwxp 00000000 00:00 0 
a7aa0000-aedbb000 ---p 00000000 00:00 0 
aedbb000-aeffb000 rwxp 00000000 00:00 0 
aeffb000-b6317000 ---p 00000000 00:00 0 
b6317000-b64d2000 r--s 00000000 08:05 6427321    /usr/lib/jvm/java-9-openjdk-i386/lib/modules
b64d2000-b64dd000 r-xp 00000000 08:05 2752609    /lib/i386-linux-gnu/libnss_files-2.23.so
b64dd000-b64de000 r--p 0000a000 08:05 2752609    /lib/i386-linux-gnu/libnss_files-2.23.so
b64de000-b64df000 rw-p 0000b000 08:05 2752609    /lib/i386-linux-gnu/libnss_files-2.23.so
b64df000-b64e5000 rw-p 00000000 00:00 0 
b64e5000-b64fc000 r-xp 00000000 08:05 2752527    /lib/i386-linux-gnu/libnsl-2.23.so
b64fc000-b64fd000 r--p 00016000 08:05 2752527    /lib/i386-linux-gnu/libnsl-2.23.so
b64fd000-b64fe000 rw-p 00017000 08:05 2752527    /lib/i386-linux-gnu/libnsl-2.23.so
b64fe000-b6500000 rw-p 00000000 00:00 0 
b6500000-b6600000 rw-p 00000000 00:00 0 
b6600000-b6601000 r--s 00000000 08:05 3671961    /var/cache/fontconfig/30829fa25452a46451e813d634d7f916-le32d4.cache-6
b6601000-b6606000 rw-p 00000000 00:00 0 
b6606000-b660c000 ---p 00000000 00:00 0 
b660c000-b6617000 r-xp 00000000 08:05 2753818    /lib/i386-linux-gnu/libnss_nis-2.23.so
b6617000-b6618000 r--p 0000a000 08:05 2753818    /lib/i386-linux-gnu/libnss_nis-2.23.so
b6618000-b6619000 rw-p 0000b000 08:05 2753818    /lib/i386-linux-gnu/libnss_nis-2.23.so
b6619000-b6621000 r-xp 00000000 08:05 2752604    /lib/i386-linux-gnu/libnss_compat-2.23.so
b6621000-b6622000 r--p 00007000 08:05 2752604    /lib/i386-linux-gnu/libnss_compat-2.23.so
b6622000-b6623000 rw-p 00008000 08:05 2752604    /lib/i386-linux-gnu/libnss_compat-2.23.so
b6623000-b6624000 r--s 00000000 08:05 3671960    /var/cache/fontconfig/0c9eb80ebd1c36541ebe2852d3bb0c49-le32d4.cache-6
b6624000-b6625000 r--s 00000000 08:05 3671930    /var/cache/fontconfig/3830d5c3ddfd5cd38a049b759396e72e-le32d4.cache-6
b6625000-b662a000 r-xp 00000000 08:05 6428297    /usr/lib/i386-linux-gnu/libXtst.so.6.1.0
b662a000-b662b000 r--p 00004000 08:05 6428297    /usr/lib/i386-linux-gnu/libXtst.so.6.1.0
b662b000-b662c000 rw-p 00005000 08:05 6428297    /usr/lib/i386-linux-gnu/libXtst.so.6.1.0
b662c000-b6631000 r-xp 00000000 08:05 6428689    /usr/lib/jvm/java-9-openjdk-i386/lib/i386/libjimage.so
b6631000-b6632000 r--p 00004000 08:05 6428689    /usr/lib/jvm/java-9-openjdk-i386/lib/i386/libjimage.so
b6632000-b6633000 rw-p 00005000 08:05 6428689    /usr/lib/jvm/java-9-openjdk-i386/lib/i386/libjimage.so
b6633000-b663a000 r-xp 00000000 08:05 6428508    /usr/lib/jvm/java-9-openjdk-i386/lib/i386/libzip.so
b663a000-b663b000 r--p 00006000 08:05 6428508    /usr/lib/jvm/java-9-openjdk-i386/lib/i386/libzip.so
b663b000-b663c000 rw-p 00007000 08:05 6428508    /usr/lib/jvm/java-9-openjdk-i386/lib/i386/libzip.so
b663c000-b6662000 r-xp 00000000 08:05 6427328    /usr/lib/jvm/java-9-openjdk-i386/lib/i386/libjava.so
b6662000-b6663000 r--p 00025000 08:05 6427328    /usr/lib/jvm/java-9-openjdk-i386/lib/i386/libjava.so
b6663000-b6664000 rw-p 00026000 08:05 6427328    /usr/lib/jvm/java-9-openjdk-i386/lib/i386/libjava.so
b6664000-b666b000 r-xp 00000000 08:05 2753865    /lib/i386-linux-gnu/librt-2.23.so
b666b000-b666c000 r--p 00006000 08:05 2753865    /lib/i386-linux-gnu/librt-2.23.so
b666c000-b666d000 rw-p 00007000 08:05 2753865    /lib/i386-linux-gnu/librt-2.23.so
b666d000-b6671000 ---p 00000000 00:00 0 
b6671000-b66be000 rw-p 00000000 00:00 0 
b66be000-b66da000 r-xp 00000000 08:05 2753886    /lib/i386-linux-gnu/libgcc_s.so.1
b66da000-b66db000 rw-p 0001b000 08:05 2753886    /lib/i386-linux-gnu/libgcc_s.so.1
b66db000-b672e000 r-xp 00000000 08:05 2752517    /lib/i386-linux-gnu/libm-2.23.so
b672e000-b672f000 r--p 00052000 08:05 2752517    /lib/i386-linux-gnu/libm-2.23.so
b672f000-b6730000 rw-p 00053000 08:05 2752517    /lib/i386-linux-gnu/libm-2.23.so
b6730000-b689d000 r-xp 00000000 08:05 6424568    /usr/lib/i386-linux-gnu/libstdc++.so.6.0.21
b689d000-b689e000 ---p 0016d000 08:05 6424568    /usr/lib/i386-linux-gnu/libstdc++.so.6.0.21
b689e000-b68a3000 r--p 0016d000 08:05 6424568    /usr/lib/i386-linux-gnu/libstdc++.so.6.0.21
b68a3000-b68a4000 rw-p 00172000 08:05 6424568    /usr/lib/i386-linux-gnu/libstdc++.so.6.0.21
b68a4000-b68a7000 rw-p 00000000 00:00 0 
b68a7000-b74d3000 r-xp 00000000 08:05 6428404    /usr/lib/jvm/java-9-openjdk-i386/lib/i386/server/libjvm.so
b74d3000-b7528000 r--p 00c2b000 08:05 6428404    /usr/lib/jvm/java-9-openjdk-i386/lib/i386/server/libjvm.so
b7528000-b7546000 rw-p 00c80000 08:05 6428404    /usr/lib/jvm/java-9-openjdk-i386/lib/i386/server/libjvm.so
b7546000-b756e000 rw-p 00000000 00:00 0 
b756e000-b7587000 r-xp 00000000 08:05 2752537    /lib/i386-linux-gnu/libpthread-2.23.so
b7587000-b7588000 r--p 00018000 08:05 2752537    /lib/i386-linux-gnu/libpthread-2.23.so
b7588000-b7589000 rw-p 00019000 08:05 2752537    /lib/i386-linux-gnu/libpthread-2.23.so
b7589000-b758c000 rw-p 00000000 00:00 0 
b758c000-b758f000 r-xp 00000000 08:05 2752598    /lib/i386-linux-gnu/libdl-2.23.so
b758f000-b7590000 r--p 00002000 08:05 2752598    /lib/i386-linux-gnu/libdl-2.23.so
b7590000-b7591000 rw-p 00003000 08:05 2752598    /lib/i386-linux-gnu/libdl-2.23.so
b7591000-b75aa000 r-xp 00000000 08:05 2753910    /lib/i386-linux-gnu/libz.so.1.2.8
b75aa000-b75ab000 r--p 00018000 08:05 2753910    /lib/i386-linux-gnu/libz.so.1.2.8
b75ab000-b75ac000 rw-p 00019000 08:05 2753910    /lib/i386-linux-gnu/libz.so.1.2.8
b75ac000-b775c000 r-xp 00000000 08:05 2752596    /lib/i386-linux-gnu/libc-2.23.so
b775c000-b775e000 r--p 001af000 08:05 2752596    /lib/i386-linux-gnu/libc-2.23.so
b775e000-b775f000 rw-p 001b1000 08:05 2752596    /lib/i386-linux-gnu/libc-2.23.so
b775f000-b7762000 rw-p 00000000 00:00 0 
b7762000-b7763000 r--p 002cf000 08:05 6423597    /usr/lib/locale/locale-archive
b7763000-b776b000 rw-s 00000000 08:05 7212297    /tmp/hsperfdata_lab2-pc13/15530
b776b000-b776c000 rw-p 00000000 00:00 0 
b776c000-b776d000 r--p 00000000 00:00 0 
b776d000-b7778000 r-xp 00000000 08:05 6427330    /usr/lib/jvm/java-9-openjdk-i386/lib/i386/libverify.so
b7778000-b7779000 ---p 0000b000 08:05 6427330    /usr/lib/jvm/java-9-openjdk-i386/lib/i386/libverify.so
b7779000-b777a000 r--p 0000b000 08:05 6427330    /usr/lib/jvm/java-9-openjdk-i386/lib/i386/libverify.so
b777a000-b777b000 rw-p 0000c000 08:05 6427330    /usr/lib/jvm/java-9-openjdk-i386/lib/i386/libverify.so
b777b000-b7789000 r-xp 00000000 08:05 6428908    /usr/lib/jvm/java-9-openjdk-i386/lib/i386/jli/libjli.so
b7789000-b778a000 r--p 0000d000 08:05 6428908    /usr/lib/jvm/java-9-openjdk-i386/lib/i386/jli/libjli.so
b778a000-b778b000 rw-p 0000e000 08:05 6428908    /usr/lib/jvm/java-9-openjdk-i386/lib/i386/jli/libjli.so
b778b000-b778c000 rw-p 00000000 00:00 0 
b778c000-b778f000 r--p 00000000 00:00 0          [vvar]
b778f000-b7790000 r-xp 00000000 00:00 0          [vdso]
b7790000-b77b3000 r-xp 00000000 08:05 2752530    /lib/i386-linux-gnu/ld-2.23.so
b77b3000-b77b4000 r--p 00022000 08:05 2752530    /lib/i386-linux-gnu/ld-2.23.so
b77b4000-b77b5000 rw-p 00023000 08:05 2752530    /lib/i386-linux-gnu/ld-2.23.so
bf8f9000-bf91a000 rw-p 00000000 00:00 0          [stack]

VM Arguments:
java_command: FirstSwingExample
java_class_path (initial): .
Launcher Type: SUN_STANDARD

Environment Variables:
PATH=/home/lab2-pc13/bin:/home/lab2-pc13/.local/bin:/usr/local/sbin:/usr/local/bin:/usr/sbin:/usr/bin:/sbin:/bin:/usr/games:/usr/local/games:/snap/bin
SHELL=/bin/bash
DISPLAY=:0

Signal Handlers:
SIGSEGV: [libjvm.so+0x9e08a0], sa_mask[0]=11111111011111111101111111111110, sa_flags=SA_RESTART|SA_SIGINFO
SIGBUS: [libjvm.so+0x9e08a0], sa_mask[0]=11111111011111111101111111111110, sa_flags=SA_RESTART|SA_SIGINFO
SIGFPE: [libjvm.so+0x9e08a0], sa_mask[0]=11111111011111111101111111111110, sa_flags=SA_RESTART|SA_SIGINFO
SIGPIPE: [libjvm.so+0x832630], sa_mask[0]=11111111011111111101111111111110, sa_flags=SA_RESTART|SA_SIGINFO
SIGXFSZ: [libjvm.so+0x832630], sa_mask[0]=11111111011111111101111111111110, sa_flags=SA_RESTART|SA_SIGINFO
SIGILL: [libjvm.so+0x9e08a0], sa_mask[0]=11111111011111111101111111111110, sa_flags=SA_RESTART|SA_SIGINFO
SIGUSR2: [libjvm.so+0x832460], sa_mask[0]=00000000000000000000000000000000, sa_flags=SA_RESTART|SA_SIGINFO
SIGHUP: [libjvm.so+0x8328a0], sa_mask[0]=11111111011111111101111111111110, sa_flags=SA_RESTART|SA_SIGINFO
SIGINT: [libjvm.so+0x8328a0], sa_mask[0]=11111111011111111101111111111110, sa_flags=SA_RESTART|SA_SIGINFO
SIGTERM: [libjvm.so+0x8328a0], sa_mask[0]=11111111011111111101111111111110, sa_flags=SA_RESTART|SA_SIGINFO
SIGQUIT: [libjvm.so+0x8328a0], sa_mask[0]=11111111011111111101111111111110, sa_flags=SA_RESTART|SA_SIGINFO


---------------  S Y S T E M  ---------------

OS:DISTRIB_ID=Ubuntu
DISTRIB_RELEASE=16.04
DISTRIB_CODENAME=xenial
DISTRIB_DESCRIPTION="Ubuntu 16.04.5 LTS"
uname:Linux 4.4.0-134-generic #160-Ubuntu SMP Wed Aug 15 14:57:38 UTC 2018 i686
libc:glibc 2.23 NPTL 2.23 
rlimit: STACK 8192k, CORE 0k, NPROC 15713, NOFILE 1048576, AS infinity
load average:4.06 1.60 1.01

/proc/meminfo:
MemTotal:        2050844 kB
MemFree:          140060 kB
MemAvailable:     636696 kB
Buffers:           31744 kB
Cached:           916440 kB
SwapCached:         3384 kB
Active:           977744 kB
Inactive:         814112 kB
Active(anon):     563560 kB
Inactive(anon):   560348 kB
Active(file):     414184 kB
Inactive(file):   253764 kB
Unevictable:          48 kB
Mlocked:              48 kB
HighTotal:       1172848 kB
HighFree:          25972 kB
LowTotal:         877996 kB
LowFree:          114088 kB
SwapTotal:       2083836 kB
SwapFree:        2075000 kB
Dirty:               272 kB
Writeback:             0 kB
AnonPages:        840412 kB
Mapped:           245696 kB
Shmem:            280244 kB
Slab:              82652 kB
SReclaimable:      64960 kB
SUnreclaim:        17692 kB
KernelStack:        4288 kB
PageTables:        12356 kB
NFS_Unstable:          0 kB
Bounce:                0 kB
WritebackTmp:          0 kB
CommitLimit:     3109256 kB
Committed_AS:    5233212 kB
VmallocTotal:     122880 kB
VmallocUsed:           0 kB
VmallocChunk:          0 kB
AnonHugePages:         0 kB
CmaTotal:              0 kB
CmaFree:               0 kB
HugePages_Total:       0
HugePages_Free:        0
HugePages_Rsvd:        0
HugePages_Surp:        0
Hugepagesize:       2048 kB
DirectMap4k:       43000 kB
DirectMap2M:      870400 kB


CPU:total 2 (2 cores per cpu, 1 threads per core) family 6 model 23 stepping 10, cmov, cx8, fxsr, mmx, sse, sse2, sse3, ssse3, sse4.1, tsc

CPU Model and flags from /proc/cpuinfo:
model name	: Intel(R) Core(TM)2 Duo CPU     E7500  @ 2.93GHz
flags		: fpu vme de pse tsc msr pae mce cx8 apic sep mtrr pge mca cmov pat pse36 clflush dts acpi mmx fxsr sse sse2 ss ht tm pbe nx lm constant_tsc arch_perfmon pebs bts aperfmperf pni dtes64 monitor ds_cpl vmx est tm2 ssse3 cx16 xtpr pdcm sse4_1 xsave lahf_lm tpr_shadow vnmi flexpriority dtherm

Memory: 4k page, physical 2050844k(140060k free), swap 2083836k(2075000k free)

vm_info: OpenJDK Server VM (9-internal+0-2016-04-14-195526.buildd.src) for linux-x86 JRE (9-internal+0-2016-04-14-195526.buildd.src), built on Apr 14 2016 20:15:09 by "buildd" with gcc 5.3.1 20160413

END.
